INFO:root:Resolution: 320*240
INFO:root:sl:-0.0592592592593 sr:0.0592592592593 heading:334 velocity:[0.0, 0.0, 0.0] position:LocationGlobalRelative:lat=0.0,lon=0.0,alt=-2.46
INFO:root:Angle_optical:72.9935004776 Distance_optical:0.0264415954914 Angle_gps:0.0 Distance_gps:0.0                  elapsed_time:0.060506105423
INFO:root:sl:-0.0124837707953 sr:0.0131587502366 heading:334 velocity:[0.0, 0.0, 0.0] position:LocationGlobalRelative:lat=0.0,lon=0.0,alt=-2.46
INFO:root:Angle_optical:72.7326387018 Distance_optical:0.0311449491727 Angle_gps:0.0 Distance_gps:0.0                  elapsed_time:0.146255016327
INFO:root:sl:-0.0162285831468 sr:0.0128795384515 heading:334 velocity:[0.0, 0.0, 0.0] position:LocationGlobalRelative:lat=0.0,lon=0.0,alt=-2.46
INFO:root:Angle_optical:72.9533277023 Distance_optical:0.0418586453007 Angle_gps:0.0 Distance_gps:0.0                  elapsed_time:0.133244991302
INFO:root:sl:-0.0204770612703 sr:0.0176227141683 heading:334 velocity:[0.0, 0.0, 0.0] position:LocationGlobalRelative:lat=0.0,lon=0.0,alt=-2.46
INFO:root:Angle_optical:72.6916545453 Distance_optical:0.0550511804487 Angle_gps:0.0 Distance_gps:0.0                  elapsed_time:0.141083955765
INFO:root:sl:-0.0132220560429 sr:0.0098386848861 heading:334 velocity:[0.0, 0.0, 0.0] position:LocationGlobalRelative:lat=0.0,lon=0.0,alt=-2.46
INFO:root:Angle_optical:72.9660614575 Distance_optical:0.0664797316089 Angle_gps:0.0 Distance_gps:0.0                  elapsed_time:0.130395889282
INFO:root:sl:-0.0136510898293 sr:0.00974514507474 heading:334 velocity:[0.0, 0.0, 0.0] position:LocationGlobalRelative:lat=0.0,lon=0.0,alt=-2.46
INFO:root:Angle_optical:72.8649270321 Distance_optical:0.0775262882337 Angle_gps:0.0 Distance_gps:0.0                  elapsed_time:0.131767034531
INFO:root:sl:-0.0101103182873 sr:0.0084187745268 heading:334 velocity:[0.0, 0.0, 0.0] position:LocationGlobalRelative:lat=0.0,lon=0.0,alt=-2.46
INFO:root:Angle_optical:72.9518658539 Distance_optical:0.0888669897048 Angle_gps:0.0 Distance_gps:0.0                  elapsed_time:0.134932994843
INFO:root:sl:-0.0042219090212 sr:0.00275391800716 heading:334 velocity:[0.0, 0.0, 0.0] position:LocationGlobalRelative:lat=0.0,lon=0.0,alt=-2.45
INFO:root:Angle_optical:72.915395845 Distance_optical:0.0925107968541 Angle_gps:0.0 Distance_gps:0.0                  elapsed_time:0.147001028061
INFO:root:sl:-0.00735658425448 sr:0.00784787423002 heading:334 velocity:[0.0, 0.0, 0.0] position:LocationGlobalRelative:lat=0.0,lon=0.0,alt=-2.45
INFO:root:Angle_optical:72.8593285196 Distance_optical:0.103404994736 Angle_gps:0.0 Distance_gps:0.0                  elapsed_time:0.132216930389
INFO:root:sl:-0.0031802865432 sr:0.00582740926135 heading:334 velocity:[0.0, 0.0, 0.0] position:LocationGlobalRelative:lat=0.0,lon=0.0,alt=-2.45
INFO:root:Angle_optical:72.7820670045 Distance_optical:0.111397235121 Angle_gps:0.0 Distance_gps:0.0                  elapsed_time:0.130867004395
INFO:root:sl:-0.00182357579346 sr:-0.00110608330141 heading:334 velocity:[0.0, 0.0, 0.0] position:LocationGlobalRelative:lat=0.0,lon=0.0,alt=-2.45
INFO:root:Angle_optical:72.7820670045 Distance_optical:0.111397235121 Angle_gps:0.0 Distance_gps:0.0                  elapsed_time:0.13524389267
INFO:root:sl:-0.00115854732416 sr:0.000216099383837 heading:334 velocity:[0.0, 0.0, 0.0] position:LocationGlobalRelative:lat=0.0,lon=0.0,alt=-2.45
INFO:root:Angle_optical:72.7792528222 Distance_optical:0.11169581915 Angle_gps:0.0 Distance_gps:0.0                  elapsed_time:0.129642009735
INFO:root:sl:-0.00218869803087 sr:-0.000237585897022 heading:334 velocity:[0.0, 0.0, 0.0] position:LocationGlobalRelative:lat=0.0,lon=0.0,alt=-2.45
INFO:root:Angle_optical:72.7792528222 Distance_optical:0.11169581915 Angle_gps:0.0 Distance_gps:0.0                  elapsed_time:0.13637304306
INFO:root:sl:3.35038326227e-05 sr:-0.00237982739049 heading:334 velocity:[0.0, 0.0, 0.0] position:LocationGlobalRelative:lat=0.0,lon=0.0,alt=-2.45
INFO:root:Angle_optical:72.755464248 Distance_optical:0.111694978663 Angle_gps:0.0 Distance_gps:0.0                  elapsed_time:0.129797935486
INFO:root:sl:-0.00036669485077 sr:-0.00326371881125 heading:334 velocity:[0.0, 0.0, 0.0] position:LocationGlobalRelative:lat=0.0,lon=0.0,alt=-2.45
INFO:root:Angle_optical:72.755464248 Distance_optical:0.111694978663 Angle_gps:0.0 Distance_gps:0.0                  elapsed_time:0.0983998775482
INFO:root:sl:0.00129946838086 sr:-0.00682720108116 heading:334 velocity:[0.0, 0.0, 0.0] position:LocationGlobalRelative:lat=0.0,lon=0.0,alt=-2.45
INFO:root:Angle_optical:71.8321555302 Distance_optical:0.111677369207 Angle_gps:0.0 Distance_gps:0.0                  elapsed_time:0.102550029755
INFO:root:sl:0.00125224848111 sr:-0.00747740695954 heading:334 velocity:[0.0, 0.0, 0.0] position:LocationGlobalRelative:lat=0.0,lon=0.0,alt=-2.45
INFO:root:Angle_optical:70.942042135 Distance_optical:0.111688062825 Angle_gps:0.0 Distance_gps:0.0                  elapsed_time:0.107824087143
INFO:root:sl:-0.000138925869403 sr:-0.000749792447381 heading:334 velocity:[0.0, 0.0, 0.0] position:LocationGlobalRelative:lat=0.0,lon=0.0,alt=-2.45
INFO:root:Angle_optical:70.942042135 Distance_optical:0.111688062825 Angle_gps:0.0 Distance_gps:0.0                  elapsed_time:0.130975008011
INFO:root:sl:0.00153767439217 sr:-0.00709403881442 heading:334 velocity:[0.0, 0.0, 0.0] position:LocationGlobalRelative:lat=0.0,lon=0.0,alt=-2.45
INFO:root:Angle_optical:69.8497027717 Distance_optical:0.111737956892 Angle_gps:0.0 Distance_gps:0.0                  elapsed_time:0.131230831146
INFO:root:sl:0.00250388157902 sr:-0.000832137795274 heading:334 velocity:[0.0, 0.0, 0.0] position:LocationGlobalRelative:lat=0.0,lon=0.0,alt=-2.45
INFO:root:Angle_optical:68.0743774088 Distance_optical:0.111905872691 Angle_gps:0.0 Distance_gps:0.0                  elapsed_time:0.130911111832
INFO:root:sl:0.00387608587527 sr:-0.00607265043497 heading:334 velocity:[0.0, 0.0, 0.0] position:LocationGlobalRelative:lat=0.0,lon=0.0,alt=-2.45
INFO:root:Angle_optical:65.3410500587 Distance_optical:0.112376774539 Angle_gps:0.0 Distance_gps:0.0                  elapsed_time:0.131287097931
INFO:root:sl:0.0025723037705 sr:-0.0063714484062 heading:334 velocity:[0.0, 0.0, 0.0] position:LocationGlobalRelative:lat=0.0,lon=0.0,alt=-2.45
INFO:root:Angle_optical:63.5423867159 Distance_optical:0.112829327113 Angle_gps:0.0 Distance_gps:0.0                  elapsed_time:0.135112047195
INFO:root:sl:0.00272882617181 sr:-0.00974698452202 heading:334 velocity:[0.0, 0.0, 0.0] position:LocationGlobalRelative:lat=0.0,lon=0.0,alt=-2.44
INFO:root:Angle_optical:61.6519398744 Distance_optical:0.113429913978 Angle_gps:0.0 Distance_gps:0.0                  elapsed_time:0.139348983765
INFO:root:sl:0.00369461680019 sr:-0.00961703866049 heading:334 velocity:[0.0, 0.0, 0.0] position:LocationGlobalRelative:lat=0.0,lon=0.0,alt=-2.44
INFO:root:Angle_optical:59.1280411873 Distance_optical:0.114437197707 Angle_gps:0.0 Distance_gps:0.0                  elapsed_time:0.166137933731
INFO:root:sl:0.00665815064665 sr:-0.012161326757 heading:334 velocity:[0.0, 0.0, 0.0] position:LocationGlobalRelative:lat=0.0,lon=0.0,alt=-2.44
INFO:root:Angle_optical:54.7078651074 Distance_optical:0.116798155887 Angle_gps:0.0 Distance_gps:0.0                  elapsed_time:0.133479118347
INFO:root:sl:0.00441356578458 sr:-0.0123827845017 heading:334 velocity:[0.0, 0.0, 0.0] position:LocationGlobalRelative:lat=0.0,lon=0.0,alt=-2.44
INFO:root:Angle_optical:51.8854821577 Distance_optical:0.118732836239 Angle_gps:0.0 Distance_gps:0.0                  elapsed_time:0.130661010742
INFO:root:sl:0.0053756996677 sr:-0.00588486178639 heading:334 velocity:[0.0, 0.0, 0.0] position:LocationGlobalRelative:lat=0.0,lon=0.0,alt=-2.44
INFO:root:Angle_optical:48.5793853292 Distance_optical:0.121463990953 Angle_gps:0.0 Distance_gps:0.0                  elapsed_time:0.130994081497
INFO:root:sl:0.00592588674579 sr:-0.0129091345061 heading:334 velocity:[0.0, 0.0, 0.0] position:LocationGlobalRelative:lat=0.0,lon=0.0,alt=-2.44
INFO:root:Angle_optical:45.1152605108 Distance_optical:0.124920752467 Angle_gps:0.0 Distance_gps:0.0                  elapsed_time:0.133950948715
INFO:root:sl:0.016288803448 sr:-0.012752336656 heading:334 velocity:[0.0, 0.0, 0.0] position:LocationGlobalRelative:lat=0.0,lon=0.0,alt=-2.44
INFO:root:Angle_optical:36.6181076376 Distance_optical:0.136531267091 Angle_gps:0.0 Distance_gps:0.0                  elapsed_time:0.130530118942
INFO:root:sl:0.00547257540181 sr:-0.00617856778538 heading:334 velocity:[0.0, 0.0, 0.0] position:LocationGlobalRelative:lat=0.0,lon=0.0,alt=-2.44
INFO:root:Angle_optical:34.0978294814 Distance_optical:0.141029177456 Angle_gps:0.0 Distance_gps:0.0                  elapsed_time:0.13570189476
INFO:root:sl:0.00687597034812 sr:-0.00560179835431 heading:334 velocity:[0.0, 0.0, 0.0] position:LocationGlobalRelative:lat=0.0,lon=0.0,alt=-2.43
INFO:root:Angle_optical:31.1572173665 Distance_optical:0.147040085443 Angle_gps:0.0 Distance_gps:0.0                  elapsed_time:0.13251709938
INFO:root:sl:0.0107680326421 sr:-0.0180506883615 heading:334 velocity:[0.0, 0.0, 0.0] position:LocationGlobalRelative:lat=0.0,lon=0.0,alt=-2.43
INFO:root:Angle_optical:27.0228203415 Distance_optical:0.157153173702 Angle_gps:0.0 Distance_gps:0.0                  elapsed_time:0.130780935287
INFO:root:sl:0.00490718065747 sr:-0.00434150060404 heading:334 velocity:[0.0, 0.0, 0.0] position:LocationGlobalRelative:lat=0.0,lon=0.0,alt=-2.43
INFO:root:Angle_optical:25.3140104283 Distance_optical:0.162008310357 Angle_gps:0.0 Distance_gps:0.0                  elapsed_time:0.134937047958
INFO:root:sl:0.0089612410006 sr:-0.0112596262659 heading:334 velocity:[0.0, 0.0, 0.0] position:LocationGlobalRelative:lat=0.0,lon=0.0,alt=-2.43
INFO:root:Angle_optical:22.4490085447 Distance_optical:0.171216144371 Angle_gps:0.0 Distance_gps:0.0                  elapsed_time:0.134150981903
INFO:root:sl:0.00353625189647 sr:-0.00236155146937 heading:334 velocity:[0.0, 0.0, 0.0] position:LocationGlobalRelative:lat=0.0,lon=0.0,alt=-2.43
INFO:root:Angle_optical:21.4024956062 Distance_optical:0.174958798567 Angle_gps:0.0 Distance_gps:0.0                  elapsed_time:0.141030788422
INFO:root:sl:0.00423252850823 sr:-0.00828698504145 heading:334 velocity:[0.0, 0.0, 0.0] position:LocationGlobalRelative:lat=0.0,lon=0.0,alt=-2.43
INFO:root:Angle_optical:20.2077900709 Distance_optical:0.179511574943 Angle_gps:0.0 Distance_gps:0.0                  elapsed_time:0.0978870391846
INFO:root:sl:0.00571762660686 sr:-0.00748774128037 heading:334 velocity:[0.0, 0.0, 0.0] position:LocationGlobalRelative:lat=0.0,lon=0.0,alt=-2.43
INFO:root:Angle_optical:18.6878151315 Distance_optical:0.185778564101 Angle_gps:0.0 Distance_gps:0.0                  elapsed_time:0.099839925766
INFO:root:sl:0.00579353093505 sr:-0.0108538517077 heading:334 velocity:[0.0, 0.0, 0.0] position:LocationGlobalRelative:lat=0.0,lon=0.0,alt=-2.43
INFO:root:Angle_optical:17.2497542772 Distance_optical:0.192253304606 Angle_gps:0.0 Distance_gps:0.0                  elapsed_time:0.102670907974
INFO:root:sl:0.0049343485929 sr:-0.00996499428703 heading:334 velocity:[0.0, 0.0, 0.01] position:LocationGlobalRelative:lat=0.0,lon=0.0,alt=-2.43
INFO:root:Angle_optical:16.0997741213 Distance_optical:0.197857526001 Angle_gps:0.0 Distance_gps:0.0                  elapsed_time:0.14208984375
INFO:root:sl:0.00258687580169 sr:-0.00183495847176 heading:334 velocity:[0.0, 0.0, 0.01] position:LocationGlobalRelative:lat=0.0,lon=0.0,alt=-2.43
INFO:root:Angle_optical:15.5226516455 Distance_optical:0.200826076904 Angle_gps:0.0 Distance_gps:0.0                  elapsed_time:0.131533145905
INFO:root:sl:0.00537445112157 sr:-0.0103520336822 heading:334 velocity:[0.0, 0.0, 0.01] position:LocationGlobalRelative:lat=0.0,lon=0.0,alt=-2.43
INFO:root:Angle_optical:14.3768395103 Distance_optical:0.207055745243 Angle_gps:0.0 Distance_gps:0.0                  elapsed_time:0.132687807083
INFO:root:sl:0.00329920865902 sr:-0.00294994721267 heading:334 velocity:[0.0, 0.0, 0.01] position:LocationGlobalRelative:lat=0.0,lon=0.0,alt=-2.43
INFO:root:Angle_optical:13.7071485842 Distance_optical:0.210919003424 Angle_gps:0.0 Distance_gps:0.0                  elapsed_time:0.135020017624
INFO:root:sl:0.000893641347908 sr:0.000760054200548 heading:334 velocity:[0.0, 0.0, 0.01] position:LocationGlobalRelative:lat=0.0,lon=0.0,alt=-2.43
INFO:root:Angle_optical:13.7712417249 Distance_optical:0.212526914726 Angle_gps:0.0 Distance_gps:0.0                  elapsed_time:0.135658979416
INFO:root:sl:0.00211311125606 sr:-0.00644945835168 heading:334 velocity:[0.0, 0.0, 0.01] position:LocationGlobalRelative:lat=0.0,lon=0.0,alt=-2.43
INFO:root:Angle_optical:13.3574532684 Distance_optical:0.215014224716 Angle_gps:0.0 Distance_gps:0.0                  elapsed_time:0.103542089462
INFO:root:sl:0.00220753203305 sr:-0.0029375701591 heading:334 velocity:[0.0, 0.0, 0.01] position:LocationGlobalRelative:lat=0.0,lon=0.0,alt=-2.43
INFO:root:Angle_optical:12.9353005608 Distance_optical:0.217624372932 Angle_gps:0.0 Distance_gps:0.0                  elapsed_time:0.139384031296
INFO:root:sl:-0.00851852781695 sr:0.0110952822173 heading:334 velocity:[0.0, 0.0, 0.01] position:LocationGlobalRelative:lat=0.0,lon=0.0,alt=-2.42
INFO:root:Angle_optical:16.2709818843 Distance_optical:0.225969571977 Angle_gps:0.0 Distance_gps:0.0                  elapsed_time:0.130759954453
INFO:root:sl:-0.000146355779854 sr:-0.00260344763388 heading:334 velocity:[0.0, 0.0, 0.01] position:LocationGlobalRelative:lat=0.0,lon=0.0,alt=-2.42
INFO:root:Angle_optical:16.2709818843 Distance_optical:0.225969571977 Angle_gps:0.0 Distance_gps:0.0                  elapsed_time:0.18866610527
INFO:root:sl:0.00218151653728 sr:-0.0070912715959 heading:334 velocity:[0.0, 0.0, 0.01] position:LocationGlobalRelative:lat=0.0,lon=0.0,alt=-2.42
INFO:root:Angle_optical:15.841308332 Distance_optical:0.228465680117 Angle_gps:0.0 Distance_gps:0.0                  elapsed_time:0.13118314743
INFO:root:sl:-0.000618775049705 sr:-0.00383874912199 heading:334 velocity:[0.0, 0.0, 0.01] position:LocationGlobalRelative:lat=0.0,lon=0.0,alt=-2.42
INFO:root:Angle_optical:15.841308332 Distance_optical:0.228465680117 Angle_gps:0.0 Distance_gps:0.0                  elapsed_time:0.132822990417
INFO:root:sl:0.0011456751613 sr:-0.00299717585592 heading:334 velocity:[0.0, 0.0, 0.01] position:LocationGlobalRelative:lat=0.0,lon=0.0,alt=-2.42
INFO:root:Angle_optical:15.6194001684 Distance_optical:0.22978163089 Angle_gps:0.0 Distance_gps:0.0                  elapsed_time:0.131567955017
INFO:root:sl:0.00558768550432 sr:-0.00480249929046 heading:334 velocity:[0.0, 0.0, 0.01] position:LocationGlobalRelative:lat=0.0,lon=0.0,alt=-2.42
INFO:root:Angle_optical:14.572704471 Distance_optical:0.23624756197 Angle_gps:0.0 Distance_gps:0.0                  elapsed_time:0.131187915802
INFO:root:sl:-0.00541943905104 sr:0.0108110570144 heading:334 velocity:[0.0, 0.0, 0.01] position:LocationGlobalRelative:lat=0.0,lon=0.0,alt=-2.42
INFO:root:Angle_optical:17.5207098199 Distance_optical:0.24469267714 Angle_gps:0.0 Distance_gps:0.0                  elapsed_time:0.103716135025
INFO:root:sl:0.000906778142468 sr:6.85326834181e-06 heading:334 velocity:[0.0, 0.0, 0.01] position:LocationGlobalRelative:lat=0.0,lon=0.0,alt=-2.42
INFO:root:Angle_optical:17.351223851 Distance_optical:0.245718397698 Angle_gps:0.0 Distance_gps:0.0                  elapsed_time:0.184454202652
INFO:root:sl:0.00153333542558 sr:-0.00321599810963 heading:334 velocity:[0.0, 0.0, 0.01] position:LocationGlobalRelative:lat=0.0,lon=0.0,alt=-2.42
INFO:root:Angle_optical:17.0647968475 Distance_optical:0.247448414427 Angle_gps:0.0 Distance_gps:0.0                  elapsed_time:0.13301897049
INFO:root:sl:-0.00728544402221 sr:0.00233381875343 heading:334 velocity:[0.0, 0.0, 0.01] position:LocationGlobalRelative:lat=0.0,lon=0.0,alt=-2.42
INFO:root:Angle_optical:17.6709789109 Distance_optical:0.249332005103 Angle_gps:0.0 Distance_gps:0.0                  elapsed_time:0.131716966629
INFO:root:sl:0.00098389999617 sr:-0.00289906692683 heading:334 velocity:[0.0, 0.0, 0.01] position:LocationGlobalRelative:lat=0.0,lon=0.0,alt=-2.42
INFO:root:Angle_optical:17.4879681239 Distance_optical:0.250436956671 Angle_gps:0.0 Distance_gps:0.0                  elapsed_time:0.133778095245
INFO:root:sl:0.00217515874837 sr:0.000273916997759 heading:334 velocity:[0.0, 0.0, 0.01] position:LocationGlobalRelative:lat=0.0,lon=0.0,alt=-2.42
INFO:root:Angle_optical:17.1591272522 Distance_optical:0.253108428187 Angle_gps:0.0 Distance_gps:0.0                  elapsed_time:0.131926059723
INFO:root:sl:-0.00126390014078 sr:-0.00366329432539 heading:334 velocity:[0.0, 0.0, 0.01] position:LocationGlobalRelative:lat=0.0,lon=0.0,alt=-2.42
INFO:root:Angle_optical:17.1591272522 Distance_optical:0.253108428187 Angle_gps:0.0 Distance_gps:0.0                  elapsed_time:0.135931968689
INFO:root:sl:0.00216672134517 sr:-0.00649190791966 heading:334 velocity:[0.0, 0.0, 0.01] position:LocationGlobalRelative:lat=0.0,lon=0.0,alt=-2.42
INFO:root:Angle_optical:16.7690663448 Distance_optical:0.255560475154 Angle_gps:0.0 Distance_gps:0.0                  elapsed_time:0.123199939728
INFO:root:sl:0.00109936611973 sr:-0.000109387204692 heading:334 velocity:[0.0, 0.0, 0.01] position:LocationGlobalRelative:lat=0.0,lon=0.0,alt=-2.42
INFO:root:Angle_optical:16.5740075956 Distance_optical:0.256809075984 Angle_gps:0.0 Distance_gps:0.0                  elapsed_time:0.0975999832153
INFO:root:sl:0.000664192669072 sr:-0.00556339958562 heading:334 velocity:[0.0, 0.0, 0.01] position:LocationGlobalRelative:lat=0.0,lon=0.0,alt=-2.4
INFO:root:Angle_optical:16.4570782015 Distance_optical:0.257564861355 Angle_gps:0.0 Distance_gps:0.0                  elapsed_time:0.129926919937
INFO:root:sl:0.00311189147015 sr:-0.00143524756121 heading:334 velocity:[0.0, 0.0, 0.01] position:LocationGlobalRelative:lat=0.0,lon=0.0,alt=-2.4
INFO:root:Angle_optical:15.9182745898 Distance_optical:0.261119936505 Angle_gps:0.0 Distance_gps:0.0                  elapsed_time:0.164069890976
INFO:root:sl:0.000578770955914 sr:0.000783316474902 heading:334 velocity:[0.0, 0.0, 0.01] position:LocationGlobalRelative:lat=0.0,lon=0.0,alt=-2.4
INFO:root:Angle_optical:16.0159388175 Distance_optical:0.262393311692 Angle_gps:0.0 Distance_gps:0.0                  elapsed_time:0.131403923035
INFO:root:sl:0.00386659888176 sr:-0.00645608843178 heading:334 velocity:[0.0, 0.0, 0.01] position:LocationGlobalRelative:lat=0.0,lon=0.0,alt=-2.4
INFO:root:Angle_optical:15.3680996237 Distance_optical:0.266836647919 Angle_gps:0.0 Distance_gps:0.0                  elapsed_time:0.13467001915
INFO:root:sl:0.00391022438212 sr:-0.00734644410661 heading:334 velocity:[0.0, 0.0, 0.01] position:LocationGlobalRelative:lat=0.0,lon=0.0,alt=-2.4
INFO:root:Angle_optical:14.734608648 Distance_optical:0.271363665269 Angle_gps:0.0 Distance_gps:0.0                  elapsed_time:0.138339996338
INFO:root:sl:0.000506413589029 sr:0.000382995697345 heading:334 velocity:[0.0, 0.0, 0.01] position:LocationGlobalRelative:lat=0.0,lon=0.0,alt=-2.4
INFO:root:Angle_optical:14.7478514223 Distance_optical:0.272241045283 Angle_gps:0.0 Distance_gps:0.0                  elapsed_time:0.0991768836975
INFO:root:sl:0.00295752939985 sr:-0.0077955676407 heading:334 velocity:[0.0, 0.0, 0.01] position:LocationGlobalRelative:lat=0.0,lon=0.0,alt=-2.4
INFO:root:Angle_optical:14.2839250023 Distance_optical:0.275685948306 Angle_gps:0.0 Distance_gps:0.0                  elapsed_time:0.131664037704
INFO:root:sl:0.00642562294246 sr:-0.00497615967774 heading:334 velocity:[0.0, 0.0, 0.01] position:LocationGlobalRelative:lat=0.0,lon=0.0,alt=-2.4
INFO:root:Angle_optical:13.3150560163 Distance_optical:0.283230337296 Angle_gps:0.0 Distance_gps:0.0                  elapsed_time:0.101925849915
INFO:root:sl:0.00627264941711 sr:-0.0123001735733 heading:334 velocity:[0.0, 0.0, 0.01] position:LocationGlobalRelative:lat=0.0,lon=0.0,alt=-2.39
INFO:root:Angle_optical:12.4180126115 Distance_optical:0.290669218764 Angle_gps:0.0 Distance_gps:0.0                  elapsed_time:0.0996661186218
INFO:root:sl:0.0154966330797 sr:-0.010495590392 heading:334 velocity:[0.0, 0.0, 0.01] position:LocationGlobalRelative:lat=0.0,lon=0.0,alt=-2.39
INFO:root:Angle_optical:10.3884846623 Distance_optical:0.309326832298 Angle_gps:0.0 Distance_gps:0.0                  elapsed_time:0.103708028793
