INFO:root:sl:0.203813374108 sr:0.353662683818 heading:143 velocity:[None, None, None] position:LocationGlobalRelative:lat=None,lon=None,alt=None
INFO:root:Angle_optical:-124.695240037 Distance_optical:0.19653808195 Angle_gps:0.0 Distance_gps:0.0                  elapsed_time:0.0293259620667
INFO:root:sl:0.0301544692536 sr:0.0730954532779 heading:143 velocity:[None, None, None] position:LocationGlobalRelative:lat=None,lon=None,alt=None
INFO:root:Angle_optical:-124.004192798 Distance_optical:0.226399324508 Angle_gps:0.0 Distance_gps:0.0                  elapsed_time:0.0465619564056
INFO:root:sl:0.0638723826299 sr:0.137649776871 heading:143 velocity:[None, None, None] position:LocationGlobalRelative:lat=None,lon=None,alt=None
INFO:root:Angle_optical:-122.063424871 Distance_optical:0.366588259426 Angle_gps:0.0 Distance_gps:0.0                  elapsed_time:0.107581138611
INFO:root:sl:0.0664706371931 sr:0.124584005844 heading:143 velocity:[None, None, None] position:LocationGlobalRelative:lat=None,lon=None,alt=None
INFO:root:Angle_optical:-122.586545874 Distance_optical:0.48426445957 Angle_gps:0.0 Distance_gps:0.0                  elapsed_time:0.102715969086
INFO:root:sl:-0.00063080943866 sr:0.101460128595 heading:143 velocity:[None, None, None] position:LocationGlobalRelative:lat=None,lon=None,alt=None
INFO:root:Angle_optical:-116.593148433 Distance_optical:0.600137182852 Angle_gps:0.0 Distance_gps:0.0                  elapsed_time:0.0687730312347
INFO:root:sl:0.0327171166999 sr:0.0780312652654 heading:143 velocity:[None, None, None] position:LocationGlobalRelative:lat=None,lon=None,alt=None
INFO:root:Angle_optical:-116.83447482 Distance_optical:0.700827819075 Angle_gps:0.0 Distance_gps:0.0                  elapsed_time:0.0698900222778
INFO:root:sl:0.0226858128086 sr:0.124736147185 heading:143 velocity:[None, None, None] position:LocationGlobalRelative:lat=None,lon=None,alt=None
INFO:root:Angle_optical:-114.450039591 Distance_optical:0.870632136789 Angle_gps:0.0 Distance_gps:0.0                  elapsed_time:0.0777008533478
INFO:root:sl:-0.0176769042916 sr:0.016394232931 heading:143 velocity:[None, None, None] position:LocationGlobalRelative:lat=None,lon=None,alt=None
INFO:root:Angle_optical:-114.007775895 Distance_optical:0.890912171016 Angle_gps:0.0 Distance_gps:0.0                  elapsed_time:0.0542740821838
INFO:root:sl:0.0368814051151 sr:0.0918305374798 heading:143 velocity:[None, None, None] position:LocationGlobalRelative:lat=None,lon=None,alt=None
INFO:root:Angle_optical:-114.42623881 Distance_optical:1.0254319903 Angle_gps:0.0 Distance_gps:0.0                  elapsed_time:0.0880680084229
INFO:root:sl:-0.014022564567 sr:0.0335464354023 heading:143 velocity:[None, None, None] position:LocationGlobalRelative:lat=None,lon=None,alt=None
INFO:root:Angle_optical:-113.661592269 Distance_optical:1.06794483287 Angle_gps:0.0 Distance_gps:0.0                  elapsed_time:0.0445418357849
INFO:root:sl:-2.65566463448e-06 sr:0.025730036536 heading:143 velocity:[None, None, None] position:LocationGlobalRelative:lat=None,lon=None,alt=None
INFO:root:Angle_optical:-113.102346098 Distance_optical:1.10113060212 Angle_gps:0.0 Distance_gps:0.0                  elapsed_time:0.0559267997742
INFO:root:sl:0.0195015738074 sr:0.054067682522 heading:143 velocity:[None, None, None] position:LocationGlobalRelative:lat=None,lon=None,alt=None
INFO:root:Angle_optical:-113.274034496 Distance_optical:1.17823108621 Angle_gps:0.0 Distance_gps:0.0                  elapsed_time:0.0875160694122
INFO:root:sl:0.0423319202506 sr:0.0071590926703 heading:143 velocity:[None, None, None] position:LocationGlobalRelative:lat=None,lon=None,alt=None
INFO:root:Angle_optical:-115.727749782 Distance_optical:1.20569989387 Angle_gps:0.0 Distance_gps:0.0                  elapsed_time:0.0456011295319
INFO:root:sl:-0.0109684164386 sr:0.0648471397281 heading:143 velocity:[None, None, None] position:LocationGlobalRelative:lat=None,lon=None,alt=None
INFO:root:Angle_optical:-114.410382941 Distance_optical:1.28812787983 Angle_gps:0.0 Distance_gps:0.0                  elapsed_time:0.0847008228302
INFO:root:sl:0.0157386309788 sr:0.0280745136851 heading:143 velocity:[None, None, None] position:LocationGlobalRelative:lat=None,lon=None,alt=None
INFO:root:Angle_optical:-114.758085422 Distance_optical:1.33079498694 Angle_gps:0.0 Distance_gps:0.0                  elapsed_time:0.0694618225098
INFO:root:sl:0.0130564336519 sr:-0.00514598359539 heading:143 velocity:[None, None, None] position:LocationGlobalRelative:lat=None,lon=None,alt=None
INFO:root:Angle_optical:-115.471379717 Distance_optical:1.33658667977 Angle_gps:0.0 Distance_gps:0.0                  elapsed_time:0.0484199523926
INFO:root:sl:0.00921358114321 sr:0.0050963783295 heading:143 velocity:[None, None, None] position:LocationGlobalRelative:lat=None,lon=None,alt=None
INFO:root:Angle_optical:-115.870928212 Distance_optical:1.34725618369 Angle_gps:0.0 Distance_gps:0.0                  elapsed_time:0.0830130577087
INFO:root:sl:0.015661558182 sr:0.0325132579903 heading:143 velocity:[None, None, None] position:LocationGlobalRelative:lat=None,lon=None,alt=None
INFO:root:Angle_optical:-116.070247323 Distance_optical:1.39564069944 Angle_gps:0.0 Distance_gps:0.0                  elapsed_time:0.0571899414062
INFO:root:sl:0.0265755939649 sr:-0.0282943597964 heading:143 velocity:[None, None, None] position:LocationGlobalRelative:lat=None,lon=None,alt=None
INFO:root:Angle_optical:-117.437767527 Distance_optical:1.40840429469 Angle_gps:0.0 Distance_gps:0.0                  elapsed_time:0.051244020462
INFO:root:sl:0.0334044809747 sr:-0.0542380922311 heading:143 velocity:[None, None, None] position:LocationGlobalRelative:lat=None,lon=None,alt=None
INFO:root:Angle_optical:-119.120434122 Distance_optical:1.42555647752 Angle_gps:0.0 Distance_gps:0.0                  elapsed_time:0.0830998420715
INFO:root:sl:-0.0362355255411 sr:0.0285913501635 heading:143 velocity:[None, None, None] position:LocationGlobalRelative:lat=None,lon=None,alt=None
INFO:root:Angle_optical:-118.524208501 Distance_optical:1.46103610203 Angle_gps:0.0 Distance_gps:0.0                  elapsed_time:0.0457899570465
INFO:root:sl:0.0131103698493 sr:0.0110907007111 heading:144 velocity:[None, None, None] position:LocationGlobalRelative:lat=None,lon=None,alt=None
INFO:root:Angle_optical:-118.939222646 Distance_optical:1.48158673755 Angle_gps:0.0 Distance_gps:0.0                  elapsed_time:0.0513770580292
INFO:root:sl:-0.00624583437391 sr:-0.015013912595 heading:144 velocity:[None, None, None] position:LocationGlobalRelative:lat=None,lon=None,alt=None
INFO:root:Angle_optical:-118.939222646 Distance_optical:1.48158673755 Angle_gps:0.0 Distance_gps:0.0                  elapsed_time:0.0938260555267
INFO:root:sl:0.0350525290712 sr:-0.0571385574069 heading:144 velocity:[None, None, None] position:LocationGlobalRelative:lat=None,lon=None,alt=None
INFO:root:Angle_optical:-120.611450593 Distance_optical:1.50012262099 Angle_gps:0.0 Distance_gps:0.0                  elapsed_time:0.0475599765778
INFO:root:sl:0.0423597492319 sr:-0.0466023036834 heading:144 velocity:[None, None, None] position:LocationGlobalRelative:lat=None,lon=None,alt=None
INFO:root:Angle_optical:-122.57726283 Distance_optical:1.52414632138 Angle_gps:0.0 Distance_gps:0.0                  elapsed_time:0.0841569900513
INFO:root:sl:0.00704105288696 sr:-0.087914622306 heading:144 velocity:[None, None, None] position:LocationGlobalRelative:lat=None,lon=None,alt=None
INFO:root:Angle_optical:-122.897975745 Distance_optical:1.52830575312 Angle_gps:0.0 Distance_gps:0.0                  elapsed_time:0.0489790439606
INFO:root:sl:-0.0232009592298 sr:-0.0313104007273 heading:144 velocity:[None, None, None] position:LocationGlobalRelative:lat=None,lon=None,alt=None
INFO:root:Angle_optical:-122.897975745 Distance_optical:1.52830575312 Angle_gps:0.0 Distance_gps:0.0                  elapsed_time:0.048211812973
INFO:root:sl:0.0340994851185 sr:-0.0571105276414 heading:144 velocity:[None, None, None] position:LocationGlobalRelative:lat=None,lon=None,alt=None
INFO:root:Angle_optical:-124.426625104 Distance_optical:1.54910593949 Angle_gps:0.0 Distance_gps:0.0                  elapsed_time:0.0818281173706
INFO:root:sl:0.00518160671777 sr:-0.0563424587797 heading:144 velocity:[None, None, None] position:LocationGlobalRelative:lat=None,lon=None,alt=None
INFO:root:Angle_optical:-124.655298036 Distance_optical:1.55236156136 Angle_gps:0.0 Distance_gps:0.0                  elapsed_time:0.05806183815
INFO:root:sl:-0.0160067136362 sr:-0.012972821143 heading:144 velocity:[None, None, None] position:LocationGlobalRelative:lat=None,lon=None,alt=None
INFO:root:Angle_optical:-124.655298036 Distance_optical:1.55236156136 Angle_gps:0.0 Distance_gps:0.0                  elapsed_time:0.0508120059967
INFO:root:sl:0.00177786113223 sr:-0.0211048384801 heading:144 velocity:[None, None, None] position:LocationGlobalRelative:lat=None,lon=None,alt=None
INFO:root:Angle_optical:-124.733537757 Distance_optical:1.55348420026 Angle_gps:0.0 Distance_gps:0.0                  elapsed_time:0.0889317989349
INFO:root:sl:-0.0141453779695 sr:-0.0861884329833 heading:144 velocity:[None, None, None] position:LocationGlobalRelative:lat=None,lon=None,alt=None
INFO:root:Angle_optical:-124.733537757 Distance_optical:1.55348420026 Angle_gps:0.0 Distance_gps:0.0                  elapsed_time:0.0509889125824
INFO:root:sl:0.0107682092203 sr:-0.0108134572015 heading:144 velocity:[None, None, None] position:LocationGlobalRelative:lat=None,lon=None,alt=None
INFO:root:Angle_optical:-125.205004194 Distance_optical:1.56034530777 Angle_gps:0.0 Distance_gps:0.0                  elapsed_time:0.0824921131134
INFO:root:sl:0.0532489976879 sr:-0.0674887216872 heading:144 velocity:[None, None, None] position:LocationGlobalRelative:lat=None,lon=None,alt=None
INFO:root:Angle_optical:-127.475176832 Distance_optical:1.59578590112 Angle_gps:0.0 Distance_gps:0.0                  elapsed_time:0.0534558296204
INFO:root:sl:0.0148154353253 sr:-0.05826372105 heading:144 velocity:[None, None, None] position:LocationGlobalRelative:lat=None,lon=None,alt=None
INFO:root:Angle_optical:-128.088671591 Distance_optical:1.60607932903 Angle_gps:0.0 Distance_gps:0.0                  elapsed_time:0.0578401088715
INFO:root:sl:0.0157808428392 sr:-0.0379663102288 heading:144 velocity:[None, None, None] position:LocationGlobalRelative:lat=None,lon=None,alt=None
INFO:root:Angle_optical:-128.733473641 Distance_optical:1.6172433257 Angle_gps:0.0 Distance_gps:0.0                  elapsed_time:0.100625038147
INFO:root:sl:0.0387413712337 sr:-0.030708468188 heading:144 velocity:[None, None, None] position:LocationGlobalRelative:lat=None,lon=None,alt=None
INFO:root:Angle_optical:-130.278672225 Distance_optical:1.64549857339 Angle_gps:0.0 Distance_gps:0.0                  elapsed_time:0.0442750453949
INFO:root:sl:0.00914081621244 sr:-0.0308045397033 heading:144 velocity:[None, None, None] position:LocationGlobalRelative:lat=None,lon=None,alt=None
INFO:root:Angle_optical:-130.635469247 Distance_optical:1.65233603319 Angle_gps:0.0 Distance_gps:0.0                  elapsed_time:0.102369070053
INFO:root:sl:0.022743114294 sr:-0.0875233415485 heading:144 velocity:[None, None, None] position:LocationGlobalRelative:lat=None,lon=None,alt=None
INFO:root:Angle_optical:-131.510411825 Distance_optical:1.6696222578 Angle_gps:0.0 Distance_gps:0.0                  elapsed_time:0.0436420440674
INFO:root:sl:0.0306180911025 sr:-0.0415193066071 heading:144 velocity:[None, None, None] position:LocationGlobalRelative:lat=None,lon=None,alt=None
INFO:root:Angle_optical:-132.659714744 Distance_optical:1.69349400835 Angle_gps:0.0 Distance_gps:0.0                  elapsed_time:0.0529701709747
INFO:root:sl:0.00745927529433 sr:-0.0708451119144 heading:144 velocity:[None, None, None] position:LocationGlobalRelative:lat=None,lon=None,alt=None
INFO:root:Angle_optical:-132.934786046 Distance_optical:1.6994111336 Angle_gps:0.0 Distance_gps:0.0                  elapsed_time:0.0726010799408
INFO:root:sl:0.00258607562766 sr:-0.00622050999346 heading:144 velocity:[None, None, None] position:LocationGlobalRelative:lat=None,lon=None,alt=None
INFO:root:Angle_optical:-133.029703767 Distance_optical:1.70147165782 Angle_gps:0.0 Distance_gps:0.0                  elapsed_time:0.0436191558838
INFO:root:sl:0.0146832406939 sr:-0.022920211678 heading:144 velocity:[None, None, None] position:LocationGlobalRelative:lat=None,lon=None,alt=None
INFO:root:Angle_optical:-133.564279912 Distance_optical:1.71325872818 Angle_gps:0.0 Distance_gps:0.0                  elapsed_time:0.0516879558563
INFO:root:sl:-0.00532457201676 sr:-0.0647877047722 heading:144 velocity:[None, None, None] position:LocationGlobalRelative:lat=None,lon=None,alt=None
INFO:root:Angle_optical:-133.564279912 Distance_optical:1.71325872818 Angle_gps:0.0 Distance_gps:0.0                  elapsed_time:0.0641098022461
INFO:root:sl:0.00808916669141 sr:0.00270488264913 heading:144 velocity:[None, None, None] position:LocationGlobalRelative:lat=None,lon=None,alt=None
INFO:root:Angle_optical:-133.782475951 Distance_optical:1.72273000841 Angle_gps:0.0 Distance_gps:0.0                  elapsed_time:0.0432109832764
INFO:root:sl:0.0182398280036 sr:-0.00982994367887 heading:144 velocity:[None, None, None] position:LocationGlobalRelative:lat=None,lon=None,alt=None
INFO:root:Angle_optical:-134.430860841 Distance_optical:1.73765039652 Angle_gps:0.0 Distance_gps:0.0                  elapsed_time:0.0704610347748
INFO:root:sl:-0.0142460705494 sr:-0.0347365409621 heading:144 velocity:[None, None, None] position:LocationGlobalRelative:lat=None,lon=None,alt=None
INFO:root:Angle_optical:-134.430860841 Distance_optical:1.73765039652 Angle_gps:0.0 Distance_gps:0.0                  elapsed_time:0.0602998733521
INFO:root:sl:-0.0131731334442 sr:-0.0365152436227 heading:144 velocity:[None, None, None] position:LocationGlobalRelative:lat=None,lon=None,alt=None
INFO:root:Angle_optical:-134.430860841 Distance_optical:1.73765039652 Angle_gps:0.0 Distance_gps:0.0                  elapsed_time:0.0446979999542
INFO:root:sl:0.0216508988994 sr:-0.0411355364907 heading:144 velocity:[None, None, None] position:LocationGlobalRelative:lat=None,lon=None,alt=None
INFO:root:Angle_optical:-135.186078112 Distance_optical:1.75564452106 Angle_gps:0.0 Distance_gps:0.0                  elapsed_time:0.0600941181183
INFO:root:sl:-0.0141213428521 sr:-0.0701356514442 heading:144 velocity:[None, None, None] position:LocationGlobalRelative:lat=None,lon=None,alt=None
INFO:root:Angle_optical:-135.186078112 Distance_optical:1.75564452106 Angle_gps:0.0 Distance_gps:0.0                  elapsed_time:0.0579419136047
INFO:root:sl:-0.00318380529825 sr:0.00175790564056 heading:144 velocity:[None, None, None] position:LocationGlobalRelative:lat=None,lon=None,alt=None
INFO:root:Angle_optical:-135.138049128 Distance_optical:1.75750472993 Angle_gps:0.0 Distance_gps:0.0                  elapsed_time:0.043035030365
INFO:root:sl:0.000236329960551 sr:-0.0360384100936 heading:144 velocity:[None, None, None] position:LocationGlobalRelative:lat=None,lon=None,alt=None
INFO:root:Angle_optical:-135.146203815 Distance_optical:1.75770260024 Angle_gps:0.0 Distance_gps:0.0                  elapsed_time:0.0670120716095
INFO:root:sl:0.0138331833111 sr:0.00694600823247 heading:144 velocity:[None, None, None] position:LocationGlobalRelative:lat=None,lon=None,alt=None
INFO:root:Angle_optical:-135.430814154 Distance_optical:1.77665941952 Angle_gps:0.0 Distance_gps:0.0                  elapsed_time:0.0444190502167
INFO:root:sl:-0.00859523935236 sr:-0.052517774225 heading:144 velocity:[None, None, None] position:LocationGlobalRelative:lat=None,lon=None,alt=None
INFO:root:Angle_optical:-135.430814154 Distance_optical:1.77665941952 Angle_gps:0.0 Distance_gps:0.0                  elapsed_time:0.0527410507202
INFO:root:sl:0.0220475675904 sr:-0.0532976031907 heading:144 velocity:[None, None, None] position:LocationGlobalRelative:lat=None,lon=None,alt=None
INFO:root:Angle_optical:-136.172609763 Distance_optical:1.79538684248 Angle_gps:0.0 Distance_gps:0.0                  elapsed_time:0.0710158348083
INFO:root:sl:0.00993273170839 sr:-0.0154187327753 heading:144 velocity:[None, None, None] position:LocationGlobalRelative:lat=None,lon=None,alt=None
INFO:root:Angle_optical:-136.501741074 Distance_optical:1.80392064574 Angle_gps:0.0 Distance_gps:0.0                  elapsed_time:0.0491900444031
INFO:root:sl:0.0493977135035 sr:-0.161460163579 heading:144 velocity:[None, None, None] position:LocationGlobalRelative:lat=None,lon=None,alt=None
INFO:root:Angle_optical:-138.092849787 Distance_optical:1.84722069526 Angle_gps:0.0 Distance_gps:0.0                  elapsed_time:0.0520069599152
INFO:root:sl:0.0263621218507 sr:-0.060264628805 heading:144 velocity:[None, None, None] position:LocationGlobalRelative:lat=None,lon=None,alt=None
INFO:root:Angle_optical:-138.911505103 Distance_optical:1.87089081185 Angle_gps:0.0 Distance_gps:0.0                  elapsed_time:0.06232380867
INFO:root:sl:-0.0189522330579 sr:-0.1095750498 heading:144 velocity:[None, None, None] position:LocationGlobalRelative:lat=None,lon=None,alt=None
INFO:root:Angle_optical:-138.911505103 Distance_optical:1.87089081185 Angle_gps:0.0 Distance_gps:0.0                  elapsed_time:0.0494821071625
INFO:root:sl:0.0118453033579 sr:-0.00914602606685 heading:144 velocity:[None, None, None] position:LocationGlobalRelative:lat=None,lon=None,alt=None
INFO:root:Angle_optical:-139.272611476 Distance_optical:1.88164860654 Angle_gps:0.0 Distance_gps:0.0                  elapsed_time:0.0461900234222
INFO:root:sl:0.0169762435352 sr:-0.117427824217 heading:144 velocity:[None, None, None] position:LocationGlobalRelative:lat=None,lon=None,alt=None
INFO:root:Angle_optical:-139.782963521 Distance_optical:1.89719478384 Angle_gps:0.0 Distance_gps:0.0                  elapsed_time:0.0746212005615
INFO:root:sl:0.0060540157276 sr:-0.111032557062 heading:144 velocity:[None, None, None] position:LocationGlobalRelative:lat=None,lon=None,alt=None
INFO:root:Angle_optical:-139.962940862 Distance_optical:1.90277481981 Angle_gps:0.0 Distance_gps:0.0                  elapsed_time:0.0467309951782
INFO:root:sl:0.0169481697751 sr:-0.0241342008201 heading:144 velocity:[None, None, None] position:LocationGlobalRelative:lat=None,lon=None,alt=None
INFO:root:Angle_optical:-140.461197472 Distance_optical:1.91849482896 Angle_gps:0.0 Distance_gps:0.0                  elapsed_time:0.051481962204
INFO:root:sl:-0.00148183370964 sr:-0.0863313676005 heading:144 velocity:[None, None, None] position:LocationGlobalRelative:lat=None,lon=None,alt=None
INFO:root:Angle_optical:-140.461197472 Distance_optical:1.91849482896 Angle_gps:0.0 Distance_gps:0.0                  elapsed_time:0.0754880905151
INFO:root:sl:0.0170792356926 sr:-0.0209696092069 heading:144 velocity:[None, None, None] position:LocationGlobalRelative:lat=None,lon=None,alt=None
INFO:root:Angle_optical:-140.955077501 Distance_optical:1.93448077271 Angle_gps:0.0 Distance_gps:0.0                  elapsed_time:0.0483927726746
INFO:root:sl:0.00360987168316 sr:-0.102166244329 heading:144 velocity:[None, None, None] position:LocationGlobalRelative:lat=None,lon=None,alt=None
INFO:root:Angle_optical:-141.058418781 Distance_optical:1.93787778174 Angle_gps:0.0 Distance_gps:0.0                  elapsed_time:0.0518519878387
INFO:root:sl:0.0213638643208 sr:-0.0562037650429 heading:144 velocity:[None, None, None] position:LocationGlobalRelative:lat=None,lon=None,alt=None
INFO:root:Angle_optical:-141.662641543 Distance_optical:1.95810938559 Angle_gps:0.0 Distance_gps:0.0                  elapsed_time:0.0681531429291
INFO:root:sl:0.0193227037399 sr:-0.0526849962354 heading:144 velocity:[None, None, None] position:LocationGlobalRelative:lat=None,lon=None,alt=None
INFO:root:Angle_optical:-142.198429174 Distance_optical:1.97659188431 Angle_gps:0.0 Distance_gps:0.0                  elapsed_time:0.0528910160065
INFO:root:sl:0.00638708726453 sr:-0.0653708729723 heading:144 velocity:[None, None, None] position:LocationGlobalRelative:lat=None,lon=None,alt=None
INFO:root:Angle_optical:-142.373330597 Distance_optical:1.98273877934 Angle_gps:0.0 Distance_gps:0.0                  elapsed_time:0.0445499420166
INFO:root:sl:0.0159529722495 sr:-0.0664684004492 heading:144 velocity:[None, None, None] position:LocationGlobalRelative:lat=None,lon=None,alt=None
INFO:root:Angle_optical:-142.805465834 Distance_optical:1.99817165687 Angle_gps:0.0 Distance_gps:0.0                  elapsed_time:0.0743229389191
INFO:root:sl:0.0145366081739 sr:-0.090319436533 heading:144 velocity:[None, None, None] position:LocationGlobalRelative:lat=None,lon=None,alt=None
INFO:root:Angle_optical:-143.193442982 Distance_optical:2.01233186446 Angle_gps:0.0 Distance_gps:0.0                  elapsed_time:0.0549960136414
INFO:root:sl:0.00938854128051 sr:-0.0509231540817 heading:144 velocity:[None, None, None] position:LocationGlobalRelative:lat=None,lon=None,alt=None
INFO:root:Angle_optical:-143.441123953 Distance_optical:2.02152577886 Angle_gps:0.0 Distance_gps:0.0                  elapsed_time:0.0439710617065
INFO:root:sl:-0.00502929250479 sr:-0.0777297132073 heading:144 velocity:[None, None, None] position:LocationGlobalRelative:lat=None,lon=None,alt=None
INFO:root:Angle_optical:-143.441123953 Distance_optical:2.02152577886 Angle_gps:0.0 Distance_gps:0.0                  elapsed_time:0.069895029068
INFO:root:sl:0.0288312078327 sr:-0.0659211348855 heading:144 velocity:[None, None, None] position:LocationGlobalRelative:lat=None,lon=None,alt=None
INFO:root:Angle_optical:-144.187771748 Distance_optical:2.04999109942 Angle_gps:0.0 Distance_gps:0.0                  elapsed_time:0.0634300708771
INFO:root:sl:-0.00556740535837 sr:-0.0818148836638 heading:144 velocity:[None, None, None] position:LocationGlobalRelative:lat=None,lon=None,alt=None
INFO:root:Angle_optical:-144.187771748 Distance_optical:2.04999109942 Angle_gps:0.0 Distance_gps:0.0                  elapsed_time:0.0444219112396
INFO:root:sl:0.0122976287292 sr:-0.0391247145644 heading:144 velocity:[None, None, None] position:LocationGlobalRelative:lat=None,lon=None,alt=None
INFO:root:Angle_optical:-144.499951587 Distance_optical:2.06223648199 Angle_gps:0.0 Distance_gps:0.0                  elapsed_time:0.0666069984436
INFO:root:sl:0.00692729008344 sr:-0.0404044189036 heading:144 velocity:[None, None, None] position:LocationGlobalRelative:lat=None,lon=None,alt=None
INFO:root:Angle_optical:-144.674173581 Distance_optical:2.06916104695 Angle_gps:0.0 Distance_gps:0.0                  elapsed_time:0.0685501098633
INFO:root:sl:-0.0112106190322 sr:-0.045879099623 heading:144 velocity:[None, None, None] position:LocationGlobalRelative:lat=None,lon=None,alt=None
INFO:root:Angle_optical:-144.674173581 Distance_optical:2.06916104695 Angle_gps:0.0 Distance_gps:0.0                  elapsed_time:0.0707340240479
INFO:root:sl:0.0165588199542 sr:-0.0334593173776 heading:144 velocity:[None, None, None] position:LocationGlobalRelative:lat=None,lon=None,alt=None
INFO:root:Angle_optical:-145.085929503 Distance_optical:2.08578999955 Angle_gps:0.0 Distance_gps:0.0                  elapsed_time:0.0457549095154
INFO:root:sl:-0.0118290295874 sr:-0.0554118713603 heading:144 velocity:[None, None, None] position:LocationGlobalRelative:lat=None,lon=None,alt=None
INFO:root:Angle_optical:-145.085929503 Distance_optical:2.08578999955 Angle_gps:0.0 Distance_gps:0.0                  elapsed_time:0.062518119812
INFO:root:sl:-0.00786889605045 sr:-0.00815620775415 heading:144 velocity:[None, None, None] position:LocationGlobalRelative:lat=None,lon=None,alt=None
INFO:root:Angle_optical:-145.085929503 Distance_optical:2.08578999955 Angle_gps:0.0 Distance_gps:0.0                  elapsed_time:0.0700831413269
INFO:root:sl:-0.0045838422175 sr:-0.0146832069864 heading:144 velocity:[None, None, None] position:LocationGlobalRelative:lat=None,lon=None,alt=None
INFO:root:Angle_optical:-145.085929503 Distance_optical:2.08578999955 Angle_gps:0.0 Distance_gps:0.0                  elapsed_time:0.0456809997559
INFO:root:sl:-0.00603181331118 sr:-0.0196572293684 heading:144 velocity:[None, None, None] position:LocationGlobalRelative:lat=None,lon=None,alt=None
INFO:root:Angle_optical:-145.085929503 Distance_optical:2.08578999955 Angle_gps:0.0 Distance_gps:0.0                  elapsed_time:1.94377994537
INFO:root:sl:0.00340545105612 sr:0.0127830288154 heading:144 velocity:[None, None, None] position:LocationGlobalRelative:lat=None,lon=None,alt=None
INFO:root:Angle_optical:-144.81808538 Distance_optical:2.10072305421 Angle_gps:0.0 Distance_gps:0.0                  elapsed_time:0.0485019683838
INFO:root:sl:-0.0100962473697 sr:-0.0168319992694 heading:144 velocity:[None, None, None] position:LocationGlobalRelative:lat=None,lon=None,alt=None
INFO:root:Angle_optical:-144.81808538 Distance_optical:2.10072305421 Angle_gps:0.0 Distance_gps:0.0                  elapsed_time:0.0532557964325
INFO:root:sl:0.00371552370895 sr:-0.00200846267078 heading:144 velocity:[None, None, None] position:LocationGlobalRelative:lat=None,lon=None,alt=None
INFO:root:Angle_optical:-144.909401794 Distance_optical:2.104453337 Angle_gps:0.0 Distance_gps:0.0                  elapsed_time:0.0417759418488
INFO:root:sl:0.000116974037194 sr:0.00259663618008 heading:144 velocity:[None, None, None] position:LocationGlobalRelative:lat=None,lon=None,alt=None
INFO:root:Angle_optical:-144.841323365 Distance_optical:2.10691219077 Angle_gps:0.0 Distance_gps:0.0                  elapsed_time:0.0747148990631
INFO:root:sl:-0.0391653289394 sr:-0.0396596149621 heading:144 velocity:[None, None, None] position:LocationGlobalRelative:lat=None,lon=None,alt=None
INFO:root:Angle_optical:-144.841323365 Distance_optical:2.10691219077 Angle_gps:0.0 Distance_gps:0.0                  elapsed_time:0.0490438938141
INFO:root:sl:0.0480910230494 sr:-0.106571432012 heading:144 velocity:[None, None, None] position:LocationGlobalRelative:lat=None,lon=None,alt=None
INFO:root:Angle_optical:-145.994761325 Distance_optical:2.15561401588 Angle_gps:0.0 Distance_gps:0.0                  elapsed_time:0.0437269210815
INFO:root:sl:0.0441129919333 sr:-0.0720976830355 heading:144 velocity:[None, None, None] position:LocationGlobalRelative:lat=None,lon=None,alt=None
INFO:root:Angle_optical:-147.007533054 Distance_optical:2.2010226919 Angle_gps:0.0 Distance_gps:0.0                  elapsed_time:0.0597259998322
INFO:root:sl:0.0115385942452 sr:-0.0383781520356 heading:144 velocity:[None, None, None] position:LocationGlobalRelative:lat=None,lon=None,alt=None
INFO:root:Angle_optical:-147.265559407 Distance_optical:2.21301071428 Angle_gps:0.0 Distance_gps:0.0                  elapsed_time:0.0425541400909
INFO:root:sl:0.0409114813333 sr:-0.0433550170271 heading:144 velocity:[None, None, None] position:LocationGlobalRelative:lat=None,lon=None,alt=None
INFO:root:Angle_optical:-148.158213034 Distance_optical:2.25586858535 Angle_gps:0.0 Distance_gps:0.0                  elapsed_time:0.0620448589325
INFO:root:sl:-0.0192376348427 sr:-0.0788217526462 heading:144 velocity:[None, None, None] position:LocationGlobalRelative:lat=None,lon=None,alt=None
INFO:root:Angle_optical:-148.158213034 Distance_optical:2.25586858535 Angle_gps:0.0 Distance_gps:0.0                  elapsed_time:0.0478320121765
INFO:root:sl:0.0304407521749 sr:-0.0419664860965 heading:144 velocity:[None, None, None] position:LocationGlobalRelative:lat=None,lon=None,alt=None
INFO:root:Angle_optical:-148.800593999 Distance_optical:2.28810119535 Angle_gps:0.0 Distance_gps:0.0                  elapsed_time:0.0474898815155
INFO:root:sl:0.0266729528591 sr:-0.0513848162825 heading:144 velocity:[None, None, None] position:LocationGlobalRelative:lat=None,lon=None,alt=None
INFO:root:Angle_optical:-149.348710902 Distance_optical:2.31657443585 Angle_gps:0.0 Distance_gps:0.0                  elapsed_time:0.0735309123993
INFO:root:sl:0.0243163001105 sr:-0.0300095643286 heading:144 velocity:[None, None, None] position:LocationGlobalRelative:lat=None,lon=None,alt=None
INFO:root:Angle_optical:-149.836749587 Distance_optical:2.34271238183 Angle_gps:0.0 Distance_gps:0.0                  elapsed_time:0.0554690361023
INFO:root:sl:0.0257205275283 sr:-0.0763189379823 heading:144 velocity:[None, None, None] position:LocationGlobalRelative:lat=None,lon=None,alt=None
INFO:root:Angle_optical:-150.341219928 Distance_optical:2.37054051207 Angle_gps:0.0 Distance_gps:0.0                  elapsed_time:0.0413908958435
INFO:root:sl:0.0195102661253 sr:-0.0195866385662 heading:144 velocity:[None, None, None] position:LocationGlobalRelative:lat=None,lon=None,alt=None
INFO:root:Angle_optical:-150.716033994 Distance_optical:2.39176954322 Angle_gps:0.0 Distance_gps:0.0                  elapsed_time:0.0706481933594
INFO:root:sl:0.0526027973586 sr:-0.0717026657094 heading:144 velocity:[None, None, None] position:LocationGlobalRelative:lat=None,lon=None,alt=None
INFO:root:Angle_optical:-151.694057125 Distance_optical:2.4494999671 Angle_gps:0.0 Distance_gps:0.0                  elapsed_time:0.043643951416
INFO:root:sl:0.0231552542381 sr:-0.0599593147429 heading:144 velocity:[None, None, None] position:LocationGlobalRelative:lat=None,lon=None,alt=None
INFO:root:Angle_optical:-152.110057148 Distance_optical:2.47513095116 Angle_gps:0.0 Distance_gps:0.0                  elapsed_time:0.0618460178375
