INFO:root:Resolution: 324*243
INFO:root:sl:0.0129156988145 sr:0.0160683021582 heading:148 velocity:[0.01, -0.02, 0.0] position:LocationGlobalRelative:lat=55.9409205,lon=-3.193056,alt=0.05
INFO:root:Angle_optical:-137.982837059 Distance_optical:0.00959613983801 Angle_gps:0.0 Distance_gps:0.0                  elapsed_time:0.0736041069031
INFO:root:sl:0.00363792403366 sr:0.00388481557124 heading:148 velocity:[0.01, -0.03, 0.0] position:LocationGlobalRelative:lat=55.9409205,lon=-3.1930562,alt=0.047
INFO:root:Angle_optical:-139.226424152 Distance_optical:0.0115475726912 Angle_gps:0.0 Distance_gps:0.0                  elapsed_time:0.090056180954
INFO:root:sl:0.00406104954973 sr:0.0055846849547 heading:148 velocity:[0.0, -0.03, 0.0] position:LocationGlobalRelative:lat=55.9409205,lon=-3.1930562,alt=0.045
INFO:root:Angle_optical:-137.507989695 Distance_optical:0.0176383798979 Angle_gps:0.0 Distance_gps:0.0                  elapsed_time:0.108825206757
INFO:root:sl:0.00551127376804 sr:0.00656908100536 heading:147 velocity:[0.0, -0.03, 0.01] position:LocationGlobalRelative:lat=55.9409205,lon=-3.1930563,alt=0.04
INFO:root:Angle_optical:-138.361066109 Distance_optical:0.0244482024861 Angle_gps:0.0 Distance_gps:0.0                  elapsed_time:0.0803928375244
INFO:root:sl:0.00358991268654 sr:0.00415434255752 heading:147 velocity:[0.0, -0.03, 0.01] position:LocationGlobalRelative:lat=55.9409206,lon=-3.1930563,alt=0.037
INFO:root:Angle_optical:-138.134405668 Distance_optical:0.0312173840256 Angle_gps:0.0 Distance_gps:0.0                  elapsed_time:0.125396966934
INFO:root:sl:0.00467288987863 sr:0.00436804556911 heading:147 velocity:[0.0, -0.03, 0.01] position:LocationGlobalRelative:lat=55.9409206,lon=-3.1930564,alt=0.031
INFO:root:Angle_optical:-139.70639286 Distance_optical:0.0386348216146 Angle_gps:0.0 Distance_gps:0.0                  elapsed_time:0.0868029594421
INFO:root:sl:0.0034435190833 sr:0.003772867283 heading:147 velocity:[0.0, -0.03, 0.01] position:LocationGlobalRelative:lat=55.9409206,lon=-3.1930565,alt=0.031
INFO:root:Angle_optical:-139.752642769 Distance_optical:0.0455855630299 Angle_gps:0.0 Distance_gps:0.0                  elapsed_time:0.117240905762
INFO:root:sl:0.00351690780786 sr:0.00305910383516 heading:147 velocity:[0.0, -0.03, 0.01] position:LocationGlobalRelative:lat=55.9409207,lon=-3.1930566,alt=0.031
INFO:root:Angle_optical:-140.786742668 Distance_optical:0.0516206500032 Angle_gps:0.0 Distance_gps:0.0                  elapsed_time:0.0925540924072
INFO:root:sl:0.00290832919245 sr:0.00280000417182 heading:147 velocity:[0.0, -0.03, 0.01] position:LocationGlobalRelative:lat=55.9409207,lon=-3.1930567,alt=0.033
INFO:root:Angle_optical:-141.202435209 Distance_optical:0.0571347074782 Angle_gps:0.0 Distance_gps:0.0                  elapsed_time:0.123196125031
INFO:root:sl:0.00291342284924 sr:0.00218691984314 heading:147 velocity:[0.0, -0.03, 0.0] position:LocationGlobalRelative:lat=55.9409207,lon=-3.1930568,alt=0.036
INFO:root:Angle_optical:-142.123295053 Distance_optical:0.061935805255 Angle_gps:0.0 Distance_gps:0.0                  elapsed_time:0.0862319469452
INFO:root:sl:0.00268164648519 sr:0.00194978548532 heading:147 velocity:[0.0, -0.04, 0.0] position:LocationGlobalRelative:lat=55.9409208,lon=-3.1930569,alt=0.038
INFO:root:Angle_optical:-142.898543776 Distance_optical:0.0663740103715 Angle_gps:0.0 Distance_gps:0.0                  elapsed_time:0.105983018875
INFO:root:sl:0.00170171503352 sr:0.00165580058136 heading:147 velocity:[0.0, -0.04, 0.0] position:LocationGlobalRelative:lat=55.9409208,lon=-3.1930571,alt=0.041
INFO:root:Angle_optical:-143.026818841 Distance_optical:0.0695843853569 Angle_gps:0.0 Distance_gps:0.0                  elapsed_time:0.0766348838806
INFO:root:sl:0.00252552600225 sr:0.00167198642348 heading:147 velocity:[0.0, -0.04, 0.0] position:LocationGlobalRelative:lat=55.9409208,lon=-3.1930571,alt=0.044
INFO:root:Angle_optical:-143.76275922 Distance_optical:0.0736016570546 Angle_gps:0.0 Distance_gps:0.0                  elapsed_time:0.0952281951904
INFO:root:sl:0.00172722188024 sr:0.00131939312254 heading:147 velocity:[0.0, -0.04, 0.0] position:LocationGlobalRelative:lat=55.9409209,lon=-3.1930572,alt=0.049
INFO:root:Angle_optical:-144.098909233 Distance_optical:0.0765173853837 Angle_gps:0.0 Distance_gps:0.0                  elapsed_time:0.0783679485321
INFO:root:sl:0.001488615729 sr:0.00116179503185 heading:147 velocity:[0.0, -0.04, 0.0] position:LocationGlobalRelative:lat=55.9409209,lon=-3.1930573,alt=0.052
INFO:root:Angle_optical:-144.350850058 Distance_optical:0.0790610981798 Angle_gps:0.0 Distance_gps:0.0                  elapsed_time:0.117444992065
INFO:root:sl:0.00179985525518 sr:0.000784352389593 heading:147 velocity:[0.0, -0.04, 0.0] position:LocationGlobalRelative:lat=55.9409209,lon=-3.1930573,alt=0.055
INFO:root:Angle_optical:-145.052274485 Distance_optical:0.0815389637481 Angle_gps:0.0 Distance_gps:0.0                  elapsed_time:0.0827178955078
INFO:root:sl:0.00147000234954 sr:0.000818645027821 heading:147 velocity:[0.0, -0.04, 0.0] position:LocationGlobalRelative:lat=55.940921,lon=-3.1930574,alt=0.057
INFO:root:Angle_optical:-145.475693027 Distance_optical:0.0837419272161 Angle_gps:0.0 Distance_gps:0.0                  elapsed_time:0.117321968079
INFO:root:sl:0.000943923269635 sr:0.000704655311109 heading:147 velocity:[0.0, -0.04, 0.0] position:LocationGlobalRelative:lat=55.940921,lon=-3.1930575,alt=0.059
INFO:root:Angle_optical:-145.619001434 Distance_optical:0.0853276560194 Angle_gps:0.0 Distance_gps:0.0                  elapsed_time:0.0819420814514
INFO:root:sl:0.00159696286753 sr:0.000426242074503 heading:147 velocity:[0.0, -0.04, 0.0] position:LocationGlobalRelative:lat=55.940921,lon=-3.1930576,alt=0.063
INFO:root:Angle_optical:-146.340578042 Distance_optical:0.0872923690734 Angle_gps:0.0 Distance_gps:0.0                  elapsed_time:0.109495162964
INFO:root:sl:0.00100272212168 sr:0.000487385603358 heading:147 velocity:[0.0, -0.04, 0.0] position:LocationGlobalRelative:lat=55.940921,lon=-3.1930576,alt=0.063
INFO:root:Angle_optical:-146.636533188 Distance_optical:0.088736814986 Angle_gps:0.0 Distance_gps:0.0                  elapsed_time:0.11129784584
INFO:root:sl:0.00144095941325 sr:0.00035715827188 heading:147 velocity:[0.0, -0.04, 0.0] position:LocationGlobalRelative:lat=55.9409211,lon=-3.1930576,alt=0.064
INFO:root:Angle_optical:-147.261773307 Distance_optical:0.0905004041714 Angle_gps:0.0 Distance_gps:0.0                  elapsed_time:0.101106882095
INFO:root:sl:0.00101016110061 sr:0.000317696487435 heading:147 velocity:[0.0, -0.04, 0.0] position:LocationGlobalRelative:lat=55.9409211,lon=-3.1930576,alt=0.068
INFO:root:Angle_optical:-147.643442221 Distance_optical:0.0918043093772 Angle_gps:0.0 Distance_gps:0.0                  elapsed_time:0.0896000862122
INFO:root:sl:0.00114008695028 sr:0.000115843200515 heading:147 velocity:[0.0, -0.03, 0.0] position:LocationGlobalRelative:lat=55.9409213,lon=-3.1930575,alt=0.078
INFO:root:Angle_optical:-148.212634681 Distance_optical:0.0930612217314 Angle_gps:0.0 Distance_gps:0.0                  elapsed_time:0.112133979797
INFO:root:sl:0.00147336291757 sr:0.000146426307634 heading:147 velocity:[0.0, -0.03, 0.0] position:LocationGlobalRelative:lat=55.9409213,lon=-3.1930574,alt=0.085
INFO:root:Angle_optical:-148.927772377 Distance_optical:0.0946957855637 Angle_gps:0.0 Distance_gps:0.0                  elapsed_time:0.117558002472
INFO:root:sl:0.00119747067355 sr:0.000257020788644 heading:147 velocity:[0.0, -0.03, 0.0] position:LocationGlobalRelative:lat=55.9409214,lon=-3.1930574,alt=0.097
INFO:root:Angle_optical:-149.405918175 Distance_optical:0.0961564056589 Angle_gps:0.0 Distance_gps:0.0                  elapsed_time:0.110699892044
INFO:root:sl:0.000575730228284 sr:0.000243622455934 heading:147 velocity:[0.0, -0.03, 0.0] position:LocationGlobalRelative:lat=55.9409214,lon=-3.1930574,alt=0.099
INFO:root:Angle_optical:-149.557125405 Distance_optical:0.0969664201288 Angle_gps:0.0 Distance_gps:0.0                  elapsed_time:0.116908073425
INFO:root:sl:0.00112028208815 sr:0.000175176290638 heading:147 velocity:[0.0, -0.02, 0.0] position:LocationGlobalRelative:lat=55.9409214,lon=-3.1930573,alt=0.1
INFO:root:Angle_optical:-150.02541931 Distance_optical:0.0982838212337 Angle_gps:0.0 Distance_gps:0.0                  elapsed_time:0.109050035477
INFO:root:sl:0.00096555517138 sr:-3.11420376651e-05 heading:147 velocity:[0.0, -0.02, 0.0] position:LocationGlobalRelative:lat=55.9409214,lon=-3.1930573,alt=0.099
INFO:root:Angle_optical:-150.510417913 Distance_optical:0.09929418847 Angle_gps:0.0 Distance_gps:0.0                  elapsed_time:0.0974059104919
INFO:root:sl:0.000665391871953 sr:9.69141772268e-05 heading:147 velocity:[0.0, -0.02, 0.0] position:LocationGlobalRelative:lat=55.9409213,lon=-3.1930574,alt=0.097
INFO:root:Angle_optical:-150.780389104 Distance_optical:0.100077504258 Angle_gps:0.0 Distance_gps:0.0                  elapsed_time:0.0841779708862
INFO:root:sl:0.000975085323401 sr:-0.000251552846098 heading:147 velocity:[0.0, -0.03, 0.0] position:LocationGlobalRelative:lat=55.9409213,lon=-3.1930574,alt=0.095
INFO:root:Angle_optical:-151.253750744 Distance_optical:0.101108798712 Angle_gps:0.0 Distance_gps:0.0                  elapsed_time:0.107648849487
INFO:root:sl:0.000312485450418 sr:-6.7487147232e-05 heading:147 velocity:[-0.01, -0.02, 0.0] position:LocationGlobalRelative:lat=55.9409213,lon=-3.1930575,alt=0.092
INFO:root:Angle_optical:-151.403408752 Distance_optical:0.101440738351 Angle_gps:-97.3779261852 Distance_gps:0.00309996755029                  elapsed_time:0.10586810112
INFO:root:sl:0.00100860821735 sr:0.000553880097299 heading:147 velocity:[-0.01, -0.02, 0.0] position:LocationGlobalRelative:lat=55.9409213,lon=-3.1930575,alt=0.089
INFO:root:Angle_optical:-151.549987377 Distance_optical:0.102981702605 Angle_gps:-98.6677440843 Distance_gps:0.00588519210488                  elapsed_time:0.0899767875671
INFO:root:sl:-0.000134170983183 sr:-0.000381456910033 heading:147 velocity:[-0.01, -0.02, 0.0] position:LocationGlobalRelative:lat=55.9409213,lon=-3.1930575,alt=0.09
INFO:root:Angle_optical:-151.549987377 Distance_optical:0.102981702605 Angle_gps:-97.7022091495 Distance_gps:0.0101902013628                  elapsed_time:0.109428167343
INFO:root:sl:0.000835191205975 sr:-5.52217139378e-05 heading:147 velocity:[-0.01, -0.02, 0.0] position:LocationGlobalRelative:lat=55.9409213,lon=-3.1930576,alt=0.091
INFO:root:Angle_optical:-151.938083567 Distance_optical:0.103873997073 Angle_gps:-98.1567510078 Distance_gps:0.0142722809965                  elapsed_time:0.109032154083
INFO:root:sl:0.000150007510697 sr:0.000240468624556 heading:147 velocity:[-0.01, -0.02, 0.0] position:LocationGlobalRelative:lat=55.9409212,lon=-3.1930576,alt=0.093
INFO:root:Angle_optical:-151.865358919 Distance_optical:0.104235607179 Angle_gps:-98.0231838686 Distance_gps:0.0190155885523                  elapsed_time:0.0864019393921
INFO:root:sl:0.000805604906909 sr:0.00010641235812 heading:147 velocity:[-0.02, -0.02, 0.0] position:LocationGlobalRelative:lat=55.9409212,lon=-3.1930577,alt=0.091
INFO:root:Angle_optical:-152.170421268 Distance_optical:0.105188227155 Angle_gps:-98.4663051489 Distance_gps:0.0267760890911                  elapsed_time:0.112623929977
INFO:root:sl:2.32248404358e-06 sr:-0.000192858551411 heading:147 velocity:[-0.02, -0.02, 0.0] position:LocationGlobalRelative:lat=55.9409212,lon=-3.1930577,alt=0.091
INFO:root:Angle_optical:-152.171472304 Distance_optical:0.105190722863 Angle_gps:-98.5917550827 Distance_gps:0.0348959534017                  elapsed_time:0.137440919876
INFO:root:sl:0.00064663137363 sr:-2.92300807331e-05 heading:147 velocity:[-0.02, -0.02, 0.0] position:LocationGlobalRelative:lat=55.9409212,lon=-3.1930577,alt=0.094
INFO:root:Angle_optical:-152.462174222 Distance_optical:0.105886951537 Angle_gps:-98.8214259041 Distance_gps:0.0428646542173                  elapsed_time:0.0924301147461
INFO:root:sl:0.000541404685974 sr:-0.000352067104995 heading:147 velocity:[-0.02, -0.02, 0.0] position:LocationGlobalRelative:lat=55.9409212,lon=-3.1930577,alt=0.095
INFO:root:Angle_optical:-152.702640824 Distance_optical:0.106471953852 Angle_gps:-98.9451004762 Distance_gps:0.0509522695186                  elapsed_time:0.112956047058
INFO:root:sl:0.000297589635912 sr:-0.000143538934285 heading:147 velocity:[-0.02, -0.02, 0.0] position:LocationGlobalRelative:lat=55.9409212,lon=-3.1930578,alt=0.098
INFO:root:Angle_optical:-152.833692938 Distance_optical:0.106794299399 Angle_gps:-99.074132916 Distance_gps:0.0589790357935                  elapsed_time:0.11355805397
INFO:root:sl:0.000102443636115 sr:-2.64573974756e-05 heading:147 velocity:[-0.02, -0.02, 0.0] position:LocationGlobalRelative:lat=55.9409211,lon=-3.1930578,alt=0.097
INFO:root:Angle_optical:-152.87862398 Distance_optical:0.106905393874 Angle_gps:-99.1608881326 Distance_gps:0.0670472338913                  elapsed_time:0.114196062088
INFO:root:sl:0.000599661680545 sr:-0.000456336389778 heading:147 velocity:[-0.03, -0.02, 0.0] position:LocationGlobalRelative:lat=55.9409211,lon=-3.1930578,alt=0.096
INFO:root:Angle_optical:-153.139767129 Distance_optical:0.107557003286 Angle_gps:-99.2672523969 Distance_gps:0.0784098373626                  elapsed_time:0.0983810424805
INFO:root:sl:0.000249923738143 sr:-0.000156583180385 heading:147 velocity:[-0.03, -0.02, 0.0] position:LocationGlobalRelative:lat=55.9409211,lon=-3.1930579,alt=0.097
INFO:root:Angle_optical:-153.247672164 Distance_optical:0.107829231531 Angle_gps:-99.3416647864 Distance_gps:0.0897934462099                  elapsed_time:0.0885629653931
INFO:root:sl:-0.000127614043584 sr:-0.000263042298083 heading:147 velocity:[-0.03, -0.02, 0.0] position:LocationGlobalRelative:lat=55.940921,lon=-3.1930579,alt=0.098
INFO:root:Angle_optical:-153.247672164 Distance_optical:0.107829231531 Angle_gps:-99.4031242637 Distance_gps:0.101165013019                  elapsed_time:0.107102870941
INFO:root:sl:0.000483007845122 sr:-0.000476544491308 heading:147 velocity:[-0.03, -0.02, 0.0] position:LocationGlobalRelative:lat=55.940921,lon=-3.1930579,alt=0.099
INFO:root:Angle_optical:-153.454673484 Distance_optical:0.108356421337 Angle_gps:-99.4505635475 Distance_gps:0.11254420463                  elapsed_time:0.104295969009
INFO:root:sl:0.000746875180724 sr:-0.000140975520123 heading:147 velocity:[-0.03, -0.02, 0.0] position:LocationGlobalRelative:lat=55.940921,lon=-3.1930579,alt=0.1
INFO:root:Angle_optical:-153.770816833 Distance_optical:0.109174365205 Angle_gps:-99.4903721491 Distance_gps:0.123918979525                  elapsed_time:0.126030921936
INFO:root:sl:0.000732963774338 sr:-0.00016162637139 heading:147 velocity:[-0.04, -0.02, 0.0] position:LocationGlobalRelative:lat=55.9409209,lon=-3.1930579,alt=0.101
INFO:root:Angle_optical:-154.076490698 Distance_optical:0.109980257832 Angle_gps:-99.531482883 Distance_gps:0.138618361508                  elapsed_time:0.10876083374
INFO:root:sl:2.09562121567e-05 sr:-0.000374767353131 heading:147 velocity:[-0.04, -0.02, 0.0] position:LocationGlobalRelative:lat=55.9409209,lon=-3.1930579,alt=0.101
INFO:root:Angle_optical:-154.085164337 Distance_optical:0.110003344839 Angle_gps:-99.565111658 Distance_gps:0.153315676535                  elapsed_time:0.112095117569
INFO:root:sl:0.00108045667904 sr:-0.000242796591756 heading:147 velocity:[-0.04, -0.02, 0.0] position:LocationGlobalRelative:lat=55.9409208,lon=-3.193058,alt=0.101
INFO:root:Angle_optical:-154.52746919 Distance_optical:0.111197038933 Angle_gps:-99.5926551329 Distance_gps:0.168014328089                  elapsed_time:0.0922830104828
INFO:root:sl:0.000765981114514 sr:-0.000483619234454 heading:147 velocity:[-0.04, -0.02, 0.0] position:LocationGlobalRelative:lat=55.9409208,lon=-3.193058,alt=0.098
INFO:root:Angle_optical:-154.835316181 Distance_optical:0.112047239834 Angle_gps:-99.6158879281 Distance_gps:0.182712233275                  elapsed_time:0.121062040329
INFO:root:sl:3.56954834897e-05 sr:-0.000318941417707 heading:147 velocity:[-0.04, -0.02, 0.0] position:LocationGlobalRelative:lat=55.9409208,lon=-3.1930581,alt=0.096
INFO:root:Angle_optical:-154.849548191 Distance_optical:0.112086938298 Angle_gps:-99.6355971219 Distance_gps:0.197410636357                  elapsed_time:0.0911769866943
INFO:root:sl:0.000781443717182 sr:-0.000456091035471 heading:147 velocity:[-0.04, -0.02, 0.0] position:LocationGlobalRelative:lat=55.9409207,lon=-3.1930581,alt=0.097
INFO:root:Angle_optical:-155.158604759 Distance_optical:0.112957734031 Angle_gps:-99.6526124538 Distance_gps:0.212108774004                  elapsed_time:0.119793891907
INFO:root:sl:-0.000103596659675 sr:-0.000352719917925 heading:147 velocity:[-0.05, -0.02, 0.0] position:LocationGlobalRelative:lat=55.9409207,lon=-3.1930582,alt=0.099
INFO:root:Angle_optical:-155.158604759 Distance_optical:0.112957734031 Angle_gps:-99.6704822377 Distance_gps:0.230128673056                  elapsed_time:0.0891358852386
INFO:root:sl:-0.000111148790496 sr:-0.000249226319782 heading:147 velocity:[-0.05, -0.02, 0.0] position:LocationGlobalRelative:lat=55.9409207,lon=-3.1930582,alt=0.099
INFO:root:Angle_optical:-155.158604759 Distance_optical:0.112957734031 Angle_gps:-99.6857710818 Distance_gps:0.248148462592                  elapsed_time:0.103883981705
INFO:root:sl:0.000519217457934 sr:-0.000381880649785 heading:147 velocity:[-0.05, -0.02, 0.0] position:LocationGlobalRelative:lat=55.9409207,lon=-3.1930582,alt=0.097
INFO:root:Angle_optical:-155.361327137 Distance_optical:0.113538114084 Angle_gps:-99.6989818502 Distance_gps:0.266168344256                  elapsed_time:0.0972390174866
INFO:root:sl:7.61180019407e-05 sr:-0.000245956721873 heading:147 velocity:[-0.04, -0.02, 0.0] position:LocationGlobalRelative:lat=55.9409207,lon=-3.1930582,alt=0.096
INFO:root:Angle_optical:-155.390872369 Distance_optical:0.113623317367 Angle_gps:-99.7085060302 Distance_gps:0.280866628502                  elapsed_time:0.108675956726
INFO:root:sl:0.000537123717946 sr:-0.000384808948595 heading:147 velocity:[-0.04, -0.02, 0.0] position:LocationGlobalRelative:lat=55.9409207,lon=-3.1930582,alt=0.097
INFO:root:Angle_optical:-155.598103144 Distance_optical:0.114225404667 Angle_gps:-99.717080805 Distance_gps:0.295564942365                  elapsed_time:0.0971410274506
INFO:root:sl:0.000621836795269 sr:0.000374908571753 heading:147 velocity:[-0.04, -0.02, 0.0] position:LocationGlobalRelative:lat=55.9409207,lon=-3.1930582,alt=0.098
INFO:root:Angle_optical:-155.625456495 Distance_optical:0.115210170636 Angle_gps:-99.7248443979 Distance_gps:0.310263247689                  elapsed_time:0.0923418998718
INFO:root:sl:0.000308769628789 sr:-6.39642746787e-05 heading:147 velocity:[-0.04, -0.02, 0.0] position:LocationGlobalRelative:lat=55.9409207,lon=-3.1930582,alt=0.1
INFO:root:Angle_optical:-155.742508947 Distance_optical:0.11555706619 Angle_gps:-99.7319049722 Distance_gps:0.324961566098                  elapsed_time:0.120797157288
INFO:root:sl:0.000819521826891 sr:-9.77067964597e-06 heading:147 velocity:[-0.04, -0.02, 0.0] position:LocationGlobalRelative:lat=55.9409207,lon=-3.1930582,alt=0.101
INFO:root:Angle_optical:-156.049798188 Distance_optical:0.116480093388 Angle_gps:-99.7383548971 Distance_gps:0.339659883299                  elapsed_time:0.103479862213
INFO:root:sl:0.000762986982553 sr:-0.000231036189983 heading:147 velocity:[-0.04, -0.02, 0.0] position:LocationGlobalRelative:lat=55.9409207,lon=-3.1930582,alt=0.109
INFO:root:Angle_optical:-156.331535993 Distance_optical:0.117342411325 Angle_gps:-99.7442695189 Distance_gps:0.354358206928                  elapsed_time:0.106033086777
INFO:root:sl:-2.09759459383e-05 sr:-0.000326332594137 heading:147 velocity:[-0.04, -0.02, 0.0] position:LocationGlobalRelative:lat=55.9409207,lon=-3.1930582,alt=0.111
INFO:root:Angle_optical:-156.331535993 Distance_optical:0.117342411325 Angle_gps:-99.7497131678 Distance_gps:0.369056531511                  elapsed_time:0.0938827991486
INFO:root:sl:0.000850573354768 sr:-0.000227276626978 heading:147 velocity:[-0.04, -0.02, 0.0] position:LocationGlobalRelative:lat=55.9409207,lon=-3.1930582,alt=0.116
INFO:root:Angle_optical:-156.640765805 Distance_optical:0.118307011141 Angle_gps:-99.7547397442 Distance_gps:0.383754859632                  elapsed_time:0.084951877594
INFO:root:sl:0.000398146097846 sr:-0.000196161352775 heading:147 velocity:[-0.04, -0.01, 0.0] position:LocationGlobalRelative:lat=55.9409206,lon=-3.1930582,alt=0.119
INFO:root:Angle_optical:-156.783785648 Distance_optical:0.118759702001 Angle_gps:-99.7593955298 Distance_gps:0.398453189104                  elapsed_time:0.0710690021515
INFO:root:sl:0.000604499302115 sr:-0.00049445254316 heading:147 velocity:[-0.04, -0.01, 0.0] position:LocationGlobalRelative:lat=55.9409206,lon=-3.1930582,alt=0.12
INFO:root:Angle_optical:-156.998855874 Distance_optical:0.119448416931 Angle_gps:-99.7635193486 Distance_gps:0.41244549876                  elapsed_time:0.089448928833
INFO:root:sl:0.000463304688682 sr:-0.000229472630728 heading:147 velocity:[-0.04, -0.01, 0.0] position:LocationGlobalRelative:lat=55.9409206,lon=-3.1930582,alt=0.124
INFO:root:Angle_optical:-157.1620184 Distance_optical:0.119977394491 Angle_gps:-99.7673725673 Distance_gps:0.426437809493                  elapsed_time:0.0718989372253
INFO:root:sl:-0.000157148830992 sr:-0.000194581850682 heading:147 velocity:[-0.04, -0.01, 0.0] position:LocationGlobalRelative:lat=55.9409206,lon=-3.1930582,alt=0.127
INFO:root:Angle_optical:-157.1620184 Distance_optical:0.119977394491 Angle_gps:-99.7709809526 Distance_gps:0.440430121472                  elapsed_time:0.0722291469574
INFO:root:sl:0.000829497077646 sr:-0.000292460398761 heading:147 velocity:[-0.04, -0.01, 0.0] position:LocationGlobalRelative:lat=55.9409205,lon=-3.1930582,alt=0.128
INFO:root:Angle_optical:-157.450572609 Distance_optical:0.120926872472 Angle_gps:-99.7743671351 Distance_gps:0.454422434276                  elapsed_time:0.0932240486145
INFO:root:sl:0.00126362266933 sr:-0.000318688797268 heading:147 velocity:[-0.05, -0.01, 0.0] position:LocationGlobalRelative:lat=55.9409205,lon=-3.1930582,alt=0.128
INFO:root:Angle_optical:-157.881520316 Distance_optical:0.122379048689 Angle_gps:-99.8036075363 Distance_gps:0.471735993247                  elapsed_time:0.0788390636444
INFO:root:sl:0.00131098171258 sr:-9.77543918212e-05 heading:147 velocity:[-0.05, -0.01, 0.0] position:LocationGlobalRelative:lat=55.9409204,lon=-3.1930582,alt=0.127
INFO:root:Angle_optical:-158.317916233 Distance_optical:0.123892793045 Angle_gps:-99.8307775789 Distance_gps:0.489049665148                  elapsed_time:0.0714359283447
INFO:root:sl:0.00085102536489 sr:-0.000177225896962 heading:147 velocity:[-0.05, -0.01, 0.0] position:LocationGlobalRelative:lat=55.9409204,lon=-3.1930582,alt=0.126
INFO:root:Angle_optical:-158.595529983 Distance_optical:0.124879212185 Angle_gps:-99.8560896185 Distance_gps:0.506363438291                  elapsed_time:0.0925400257111
INFO:root:sl:0.00122710658716 sr:-0.00016071308107 heading:147 velocity:[-0.05, -0.01, 0.0] position:LocationGlobalRelative:lat=55.9409203,lon=-3.1930582,alt=0.122
INFO:root:Angle_optical:-158.988177112 Distance_optical:0.126306607991 Angle_gps:-99.8797279357 Distance_gps:0.523677302429                  elapsed_time:0.0954940319061
INFO:root:sl:0.000930685084189 sr:0.000629036333162 heading:147 velocity:[-0.05, -0.01, 0.0] position:LocationGlobalRelative:lat=55.9409203,lon=-3.1930582,alt=0.119
INFO:root:Angle_optical:-158.950460427 Distance_optical:0.127830144167 Angle_gps:-99.9018532193 Distance_gps:0.540991248683                  elapsed_time:0.073548078537
INFO:root:sl:0.00114163650554 sr:-0.000136592467903 heading:147 velocity:[-0.05, -0.01, 0.0] position:LocationGlobalRelative:lat=55.9409202,lon=-3.1930582,alt=0.12
INFO:root:Angle_optical:-159.304032182 Distance_optical:0.129162782446 Angle_gps:-99.9226062291 Distance_gps:0.558305269231                  elapsed_time:0.0779888629913
INFO:root:sl:0.00040652836391 sr:5.07018927744e-06 heading:147 velocity:[-0.05, -0.01, 0.0] position:LocationGlobalRelative:lat=55.9409202,lon=-3.1930582,alt=0.119
INFO:root:Angle_optical:-159.425555718 Distance_optical:0.129641986786 Angle_gps:-99.9421107895 Distance_gps:0.575619357212                  elapsed_time:0.0938010215759
INFO:root:sl:0.00148651758885 sr:0.000176769311787 heading:147 velocity:[-0.05, -0.01, 0.0] position:LocationGlobalRelative:lat=55.9409202,lon=-3.1930582,alt=0.118
INFO:root:Angle_optical:-159.781281808 Distance_optical:0.131506788103 Angle_gps:-99.9604762638 Distance_gps:0.592933506545                  elapsed_time:0.072411775589
INFO:root:sl:0.000398233867438 sr:0.00019851021856 heading:147 velocity:[-0.06, -0.01, 0.0] position:LocationGlobalRelative:lat=55.9409201,lon=-3.1930582,alt=0.118
INFO:root:Angle_optical:-159.79776157 Distance_optical:0.132110004617 Angle_gps:-100.043204383 Distance_gps:0.613570876485                  elapsed_time:0.0731451511383
INFO:root:sl:0.000786939578834 sr:-0.000173584109151 heading:147 velocity:[-0.06, -0.01, 0.0] position:LocationGlobalRelative:lat=55.9409201,lon=-3.1930582,alt=0.119
INFO:root:Angle_optical:-160.028519576 Distance_optical:0.133036011391 Angle_gps:-100.120548361 Distance_gps:0.634209440134                  elapsed_time:0.0968680381775
INFO:root:sl:0.00128386670805 sr:7.12727507494e-05 heading:147 velocity:[-0.06, -0.01, 0.0] position:LocationGlobalRelative:lat=55.9409201,lon=-3.1930582,alt=0.119
INFO:root:Angle_optical:-160.362291023 Distance_optical:0.134598982966 Angle_gps:-100.193016998 Distance_gps:0.654849084346                  elapsed_time:0.0925788879395
INFO:root:sl:0.000997139078203 sr:-0.000381049566885 heading:147 velocity:[-0.06, 0.0, 0.0] position:LocationGlobalRelative:lat=55.94092,lon=-3.1930582,alt=0.117
INFO:root:Angle_optical:-160.643893139 Distance_optical:0.135779240567 Angle_gps:-100.543471914 Distance_gps:0.674813935956                  elapsed_time:0.0736138820648
