INFO:root:sl:0.0426019016312 sr:0.0486074042802 heading:89 velocity:[0.35, 1.94, 0.3] position:LocationGlobalRelative:lat=55.9415637,lon=-3.1973683,alt=4.623
INFO:root:Angle_optical:-85.7078978511 Distance_optical:0.0317960630564 Angle_gps:-89.4749903737 Distance_gps:0.695701489048                  elapsed_time:0.0858430862427
INFO:root:sl:0.00974457786707 sr:0.0119542446781 heading:87 velocity:[0.41, 1.99, 0.3] position:LocationGlobalRelative:lat=55.9415641,lon=-3.1973651,alt=4.606
INFO:root:Angle_optical:-85.1477521839 Distance_optical:0.0377378264427 Angle_gps:-88.8127004773 Distance_gps:1.24132146745                  elapsed_time:0.0740449428558
INFO:root:sl:0.0125808175652 sr:0.0148531218616 heading:85 velocity:[0.45, 2.04, 0.32] position:LocationGlobalRelative:lat=55.9415644,lon=-3.1973621,alt=4.601
INFO:root:Angle_optical:-84.5198029027 Distance_optical:0.0561628645143 Angle_gps:-88.3748378066 Distance_gps:2.58038655942                  elapsed_time:0.0871880054474
INFO:root:sl:0.0161514689642 sr:0.0189549720894 heading:82 velocity:[0.49, 2.11, 0.49] position:LocationGlobalRelative:lat=55.9415649,lon=-3.1973587,alt=4.583
INFO:root:Angle_optical:-83.411519141 Distance_optical:0.0774160995712 Angle_gps:-87.3150187572 Distance_gps:3.78809316338                  elapsed_time:0.0917618274689
INFO:root:sl:0.0089111125468 sr:0.0108874866719 heading:79 velocity:[0.56, 2.14, 0.34] position:LocationGlobalRelative:lat=55.9415653,lon=-3.1973554,alt=4.569
INFO:root:Angle_optical:-82.7013591922 Distance_optical:0.0952907020035 Angle_gps:-86.6757957355 Distance_gps:5.58717190166                  elapsed_time:0.097188949585
INFO:root:sl:-0.0208788104264 sr:0.0859378806388 heading:77 velocity:[0.59, 2.18, 0.25] position:LocationGlobalRelative:lat=55.9415657,lon=-3.1973526,alt=4.565
INFO:root:Angle_optical:-58.397600775 Distance_optical:0.182687947732 Angle_gps:-85.3834511863 Distance_gps:7.2850724279                  elapsed_time:0.10372209549
INFO:root:sl:0.179121189574 sr:0.242595661583 heading:74 velocity:[0.6, 2.2, 0.16] position:LocationGlobalRelative:lat=55.9415661,lon=-3.1973498,alt=4.575
INFO:root:Angle_optical:-66.9314660352 Distance_optical:0.591525920064 Angle_gps:-84.1028528237 Distance_gps:9.20709528455                  elapsed_time:0.0860109329224
INFO:root:sl:0.198391043084 sr:0.244255941333 heading:72 velocity:[0.62, 2.24, 0.29] position:LocationGlobalRelative:lat=55.9415666,lon=-3.1973462,alt=4.586
INFO:root:Angle_optical:-67.939413796 Distance_optical:1.01196196571 Angle_gps:-82.6017601938 Distance_gps:11.0785951796                  elapsed_time:0.0847418308258
INFO:root:sl:0.297371947493 sr:0.233628893268 heading:69 velocity:[0.61, 2.27, 0.15] position:LocationGlobalRelative:lat=55.9415671,lon=-3.1973425,alt=4.592
INFO:root:Angle_optical:-71.5964685076 Distance_optical:1.53093253551 Angle_gps:-80.9833161243 Distance_gps:13.0118543076                  elapsed_time:0.0902991294861
INFO:root:sl:0.497371947493 sr:0.433628893268 heading:69 velocity:[0.63, 2.27, 0.14] position:LocationGlobalRelative:lat=55.9415677,lon=-3.1973388,alt=4.609
INFO:root:Angle_optical:-72.5559495873 Distance_optical:2.44107477518 Angle_gps:-79.5887411981 Distance_gps:14.9332335369                  elapsed_time:0.098338842392
INFO:root:sl:0.697371947493 sr:0.633628893268 heading:67 velocity:[0.61, 2.3, 0.1] position:LocationGlobalRelative:lat=55.9415682,lon=-3.1973351,alt=4.619
INFO:root:Angle_optical:-71.9927139098 Distance_optical:3.7527815228 Angle_gps:-78.2680751959 Distance_gps:16.8672483305                  elapsed_time:0.0933079719543
INFO:root:sl:0.795488844255 sr:0.792958274535 heading:65 velocity:[0.61, 2.28, 0.07] position:LocationGlobalRelative:lat=55.9415686,lon=-3.1973321,alt=4.635
INFO:root:Angle_optical:-70.2644573375 Distance_optical:5.30544519753 Angle_gps:-76.997354836 Distance_gps:18.7882284907                  elapsed_time:0.101728916168
INFO:root:sl:0.995488844255 sr:0.78631155496 heading:62 velocity:[0.57, 2.29, 0.03] position:LocationGlobalRelative:lat=55.9415691,lon=-3.1973284,alt=4.662
INFO:root:Angle_optical:-70.0980579051 Distance_optical:7.06199230205 Angle_gps:-75.6765752998 Distance_gps:20.6916991092                  elapsed_time:0.0914950370789
INFO:root:sl:1.01018820012 sr:0.890870689419 heading:60 velocity:[0.55, 2.28, 0.03] position:LocationGlobalRelative:lat=55.9415696,lon=-3.1973246,alt=4.696
INFO:root:Angle_optical:-68.7657778921 Distance_optical:8.89466102921 Angle_gps:-74.3715743139 Distance_gps:22.5718109161                  elapsed_time:0.0959069728851
INFO:root:sl:1.21018820012 sr:1.09087068942 heading:57 velocity:[0.51, 2.29, 0.02] position:LocationGlobalRelative:lat=55.94157,lon=-3.1973209,alt=4.736
INFO:root:Angle_optical:-66.7248876248 Distance_optical:10.7958561866 Angle_gps:-73.0008942184 Distance_gps:24.3946206684                  elapsed_time:0.0914678573608
INFO:root:sl:1.35720960993 sr:1.0799525446 heading:55 velocity:[0.49, 2.29, -0.01] position:LocationGlobalRelative:lat=55.9415704,lon=-3.1973178,alt=4.773
INFO:root:Angle_optical:-64.9456497559 Distance_optical:12.6804336173 Angle_gps:-71.5289789702 Distance_gps:26.0806680187                  elapsed_time:0.0993421077728
INFO:root:sl:1.51655614514 sr:1.12830001004 heading:54 velocity:[0.45, 2.29, -0.02] position:LocationGlobalRelative:lat=55.9415708,lon=-3.197314,alt=4.818
INFO:root:Angle_optical:-63.4177994152 Distance_optical:14.5591212661 Angle_gps:-70.0377154705 Distance_gps:27.6664672832                  elapsed_time:0.0922310352325
INFO:root:sl:1.64410926342 sr:1.17634035363 heading:54 velocity:[0.41, 2.29, -0.02] position:LocationGlobalRelative:lat=55.9415711,lon=-3.1973104,alt=4.864
INFO:root:Angle_optical:-62.1559839241 Distance_optical:16.4377858915 Angle_gps:-68.6202080888 Distance_gps:29.2102902154                  elapsed_time:0.0969789028168
INFO:root:sl:1.67296512293 sr:1.08571823601 heading:54 velocity:[0.35, 2.28, -0.02] position:LocationGlobalRelative:lat=55.9415714,lon=-3.1973066,alt=4.902
INFO:root:Angle_optical:-61.1155609427 Distance_optical:18.3202566928 Angle_gps:-67.2513954287 Distance_gps:30.6941802794                  elapsed_time:0.0941870212555
INFO:root:sl:1.49745240391 sr:0.921500711233 heading:56 velocity:[0.33, 2.26, -0.04] position:LocationGlobalRelative:lat=55.9415717,lon=-3.1973036,alt=4.931
INFO:root:Angle_optical:-60.5936504355 Distance_optical:20.1484698517 Angle_gps:-66.1191251461 Distance_gps:32.2659133148                  elapsed_time:0.100151062012
INFO:root:sl:1.69745240391 sr:0.892816276854 heading:58 velocity:[0.29, 2.22, -0.14] position:LocationGlobalRelative:lat=55.941572,lon=-3.1972997,alt=4.969
INFO:root:Angle_optical:-60.3705360519 Distance_optical:21.9642783951 Angle_gps:-65.1998696813 Distance_gps:33.9008762915                  elapsed_time:0.0955228805542
INFO:root:sl:1.70515851076 sr:0.934579890775 heading:60 velocity:[0.29, 2.18, -0.18] position:LocationGlobalRelative:lat=55.9415723,lon=-3.1972961,alt=5.011
INFO:root:Angle_optical:-60.2379034767 Distance_optical:23.8276946632 Angle_gps:-64.5419998323 Distance_gps:35.6355759776                  elapsed_time:0.0946450233459
INFO:root:sl:1.72008387477 sr:0.94466350951 heading:62 velocity:[0.25, 2.16, -0.21] position:LocationGlobalRelative:lat=55.9415726,lon=-3.1972925,alt=5.055
INFO:root:Angle_optical:-60.2722344647 Distance_optical:25.7121509223 Angle_gps:-64.087423349 Distance_gps:37.4259293871                  elapsed_time:0.0940351486206
INFO:root:sl:1.81571902179 sr:0.908280060508 heading:65 velocity:[0.25, 2.06, -0.27] position:LocationGlobalRelative:lat=55.9415728,lon=-3.1972889,alt=5.109
INFO:root:Angle_optical:-60.5944666286 Distance_optical:27.5688985637 Angle_gps:-63.9157098917 Distance_gps:39.3114684319                  elapsed_time:0.0916700363159
INFO:root:sl:1.61571902179 sr:0.775836426631 heading:68 velocity:[0.26, 1.98, -0.27] position:LocationGlobalRelative:lat=55.941573,lon=-3.1972855,alt=5.17
INFO:root:Angle_optical:-61.3320413564 Distance_optical:29.284395657 Angle_gps:-64.0059234516 Distance_gps:41.2671664253                  elapsed_time:0.0965549945831
INFO:root:sl:1.52919587314 sr:0.732572301132 heading:70 velocity:[0.24, 1.94, -0.26] position:LocationGlobalRelative:lat=55.9415731,lon=-3.1972828,alt=5.221
INFO:root:Angle_optical:-62.2145150631 Distance_optical:30.9396389255 Angle_gps:-64.2166888359 Distance_gps:43.218619564                  elapsed_time:0.117848873138
INFO:root:sl:1.72919587314 sr:0.801953179333 heading:73 velocity:[0.25, 1.85, -0.32] position:LocationGlobalRelative:lat=55.9415733,lon=-3.1972797,alt=5.286
INFO:root:Angle_optical:-63.0698836402 Distance_optical:32.6453642011 Angle_gps:-64.5491214826 Distance_gps:45.151336997                  elapsed_time:0.088907957077
INFO:root:sl:1.63859721736 sr:0.823491275078 heading:76 velocity:[0.26, 1.79, -0.25] position:LocationGlobalRelative:lat=55.9415735,lon=-3.1972767,alt=5.36
INFO:root:Angle_optical:-63.9726808929 Distance_optical:34.3414522842 Angle_gps:-64.9887684746 Distance_gps:47.0539628089                  elapsed_time:0.0895838737488
INFO:root:sl:1.46000579767 sr:0.728545763088 heading:79 velocity:[0.26, 1.73, -0.33] position:LocationGlobalRelative:lat=55.9415736,lon=-3.1972744,alt=5.415
INFO:root:Angle_optical:-65.0427794221 Distance_optical:35.8912178977 Angle_gps:-65.5160036431 Distance_gps:48.921885624                  elapsed_time:0.102395057678
INFO:root:sl:1.54133078279 sr:0.771301005729 heading:82 velocity:[0.29, 1.69, -0.15] position:LocationGlobalRelative:lat=55.9415739,lon=-3.1972716,alt=5.476
INFO:root:Angle_optical:-66.0963385014 Distance_optical:37.4578010431 Angle_gps:-66.1099279673 Distance_gps:50.7560987955                  elapsed_time:0.0863628387451
INFO:root:sl:1.34133078279 sr:0.690345300013 heading:82 velocity:[0.27, 1.66, 0.01] position:LocationGlobalRelative:lat=55.9415741,lon=-3.1972688,alt=5.523
INFO:root:Angle_optical:-67.1948100756 Distance_optical:38.919647715 Angle_gps:-66.7079529701 Distance_gps:52.5761622667                  elapsed_time:0.0947599411011
INFO:root:sl:1.15028909035 sr:0.602900331011 heading:85 velocity:[0.23, 1.63, 0.18] position:LocationGlobalRelative:lat=55.9415743,lon=-3.1972661,alt=5.549
INFO:root:Angle_optical:-68.3623640144 Distance_optical:40.2640860673 Angle_gps:-67.3305386826 Distance_gps:54.3791315806                  elapsed_time:0.0996251106262
INFO:root:sl:1.02772829221 sr:0.690030103591 heading:88 velocity:[0.25, 1.52, 0.12] position:LocationGlobalRelative:lat=55.9415745,lon=-3.197264,alt=5.56
INFO:root:Angle_optical:-69.4400584248 Distance_optical:41.6946955879 Angle_gps:-68.0099915032 Distance_gps:56.0900190272                  elapsed_time:0.0942680835724
INFO:root:sl:0.911096692288 sr:0.686771225861 heading:90 velocity:[0.19, 1.44, 0.23] position:LocationGlobalRelative:lat=55.9415747,lon=-3.1972616,alt=5.568
INFO:root:Angle_optical:-70.3618552721 Distance_optical:43.0584187536 Angle_gps:-68.7296951259 Distance_gps:57.7187312332                  elapsed_time:0.093897819519
INFO:root:sl:0.803390918196 sr:0.54616731748 heading:92 velocity:[0.14, 1.32, 0.21] position:LocationGlobalRelative:lat=55.9415748,lon=-3.1972593,alt=5.573
INFO:root:Angle_optical:-71.212295892 Distance_optical:44.1820651353 Angle_gps:-69.4955232428 Distance_gps:59.2318358649                  elapsed_time:0.0952050685883
INFO:root:sl:0.83122155792 sr:0.562052876791 heading:94 velocity:[0.09, 1.19, 0.24] position:LocationGlobalRelative:lat=55.9415749,lon=-3.1972572,alt=5.574
INFO:root:Angle_optical:-72.0868808919 Distance_optical:45.3345513384 Angle_gps:-70.2528291884 Distance_gps:60.6092499221                  elapsed_time:0.0918939113617
INFO:root:sl:0.781352988688 sr:0.655848164841 heading:96 velocity:[0.04, 1.12, 0.29] position:LocationGlobalRelative:lat=55.9415749,lon=-3.1972556,alt=5.58
INFO:root:Angle_optical:-72.8155355296 Distance_optical:46.5658809824 Angle_gps:-70.9587163443 Distance_gps:61.8971643753                  elapsed_time:0.0975399017334
INFO:root:sl:0.653261302077 sr:0.822130851141 heading:97 velocity:[0.05, 1.02, 0.3] position:LocationGlobalRelative:lat=55.941575,lon=-3.1972541,alt=5.585
INFO:root:Angle_optical:-73.2400583437 Distance_optical:47.9266553583 Angle_gps:-71.6312097227 Distance_gps:63.0446601264                  elapsed_time:0.0838689804077
INFO:root:sl:0.659393179026 sr:0.895751215126 heading:98 velocity:[0.03, 0.9, 0.23] position:LocationGlobalRelative:lat=55.9415749,lon=-3.1972526,alt=5.596
INFO:root:Angle_optical:-73.6321887345 Distance_optical:49.3785774761 Angle_gps:-72.2222169113 Distance_gps:64.0518098126                  elapsed_time:0.0862698554993
INFO:root:sl:0.637437641886 sr:0.876450701297 heading:100 velocity:[0.02, 0.81, 0.29] position:LocationGlobalRelative:lat=55.9415749,lon=-3.1972511,alt=5.603
INFO:root:Angle_optical:-74.0259231274 Distance_optical:50.7912809194 Angle_gps:-72.7808329745 Distance_gps:64.9338073741                  elapsed_time:0.0970661640167
INFO:root:sl:0.620316763302 sr:0.797712607838 heading:102 velocity:[0.05, 0.73, 0.29] position:LocationGlobalRelative:lat=55.9415748,lon=-3.1972497,alt=5.616
INFO:root:Angle_optical:-74.4681268794 Distance_optical:52.0923640165 Angle_gps:-73.3489590253 Distance_gps:65.671418488                  elapsed_time:0.10301399231
INFO:root:sl:0.540754907139 sr:0.610648701856 heading:104 velocity:[0.02, 0.67, 0.38] position:LocationGlobalRelative:lat=55.9415747,lon=-3.1972483,alt=5.617
INFO:root:Angle_optical:-74.9243918632 Distance_optical:53.1125630232 Angle_gps:-73.3489590253 Distance_gps:65.671418488                  elapsed_time:0.0984649658203
INFO:root:sl:0.528470342238 sr:0.496044605883 heading:106 velocity:[-0.01, 0.66, 0.44] position:LocationGlobalRelative:lat=55.9415746,lon=-3.1972476,alt=5.616
INFO:root:Angle_optical:-75.4433434637 Distance_optical:53.9704115796 Angle_gps:-73.3489590253 Distance_gps:65.671418488                  elapsed_time:0.0954399108887
INFO:root:sl:0.51845130184 sr:0.38153793859 heading:109 velocity:[0.0, 0.62, 0.44] position:LocationGlobalRelative:lat=55.9415745,lon=-3.1972467,alt=5.611
INFO:root:Angle_optical:-75.9979597254 Distance_optical:54.6735490175 Angle_gps:-73.3489590253 Distance_gps:65.671418488                  elapsed_time:0.0950388908386
INFO:root:sl:0.390114953846 sr:0.419355811231 heading:109 velocity:[-0.04, 0.6, 0.5] position:LocationGlobalRelative:lat=55.9415745,lon=-3.1972458,alt=5.602
INFO:root:Angle_optical:-76.3849324124 Distance_optical:55.3648546778 Angle_gps:-73.8569961951 Distance_gps:66.2389714124                  elapsed_time:0.0886940956116
INFO:root:sl:0.431257878067 sr:0.466792517237 heading:112 velocity:[-0.04, 0.57, 0.51] position:LocationGlobalRelative:lat=55.9415744,lon=-3.197245,alt=5.59
INFO:root:Angle_optical:-76.8480711598 Distance_optical:56.1167120632 Angle_gps:-74.3958265317 Distance_gps:66.7130247891                  elapsed_time:0.0722451210022
INFO:root:sl:0.231257878067 sr:0.335116103864 heading:115 velocity:[-0.07, 0.53, 0.53] position:LocationGlobalRelative:lat=55.9415742,lon=-3.1972441,alt=5.57
INFO:root:Angle_optical:-77.0981431874 Distance_optical:56.6224323301 Angle_gps:-74.9169490798 Distance_gps:67.1261979973                  elapsed_time:0.0713331699371
INFO:root:sl:0.0388611397937 sr:0.229875103413 heading:118 velocity:[-0.08, 0.49, 0.46] position:LocationGlobalRelative:lat=55.9415741,lon=-3.1972432,alt=5.56
INFO:root:Angle_optical:-77.1226364621 Distance_optical:56.9426573259 Angle_gps:-75.421334227 Distance_gps:67.4635721678                  elapsed_time:0.0887689590454
INFO:root:sl:0.134905755571 sr:0.222923939386 heading:122 velocity:[-0.15, 0.45, 0.44] position:LocationGlobalRelative:lat=55.9415739,lon=-3.1972423,alt=5.549
INFO:root:Angle_optical:-77.3005554146 Distance_optical:57.2510985977 Angle_gps:-75.8894017871 Distance_gps:67.7976843229                  elapsed_time:0.0930728912354
INFO:root:sl:0.174231162718 sr:0.241796295481 heading:126 velocity:[-0.15, 0.41, 0.33] position:LocationGlobalRelative:lat=55.9415736,lon=-3.1972416,alt=5.554
INFO:root:Angle_optical:-77.5495202008 Distance_optical:57.5676596465 Angle_gps:-76.3385040801 Distance_gps:68.0490325106                  elapsed_time:0.0975880622864
INFO:root:sl:0.139519757221 sr:0.268118623175 heading:129 velocity:[-0.17, 0.38, 0.42] position:LocationGlobalRelative:lat=55.9415734,lon=-3.1972409,alt=5.559
INFO:root:Angle_optical:-77.7681864011 Distance_optical:57.9086981164 Angle_gps:-76.7680567322 Distance_gps:68.2719155008                  elapsed_time:0.0909450054169
INFO:root:sl:0.112264784285 sr:0.246265523861 heading:133 velocity:[-0.14, 0.31, 0.47] position:LocationGlobalRelative:lat=55.9415731,lon=-3.1972402,alt=5.562
INFO:root:Angle_optical:-77.96099479 Distance_optical:58.2135698118 Angle_gps:-77.1314598471 Distance_gps:68.4059159107                  elapsed_time:0.10183596611
INFO:root:sl:0.0920387338295 sr:0.303143677317 heading:136 velocity:[-0.05, 0.23, 0.46] position:LocationGlobalRelative:lat=55.9415729,lon=-3.1972397,alt=5.576
INFO:root:Angle_optical:-78.1511552347 Distance_optical:58.5893858119 Angle_gps:-77.3937414085 Distance_gps:68.4059469685                  elapsed_time:0.0971238613129
INFO:root:sl:-0.0310922926123 sr:0.221743786458 heading:139 velocity:[-0.01, 0.15, 0.5] position:LocationGlobalRelative:lat=55.9415728,lon=-3.1972393,alt=5.589
INFO:root:Angle_optical:-78.2137089 Distance_optical:58.8783376054 Angle_gps:-77.556846932 Distance_gps:68.3599728644                  elapsed_time:0.0980100631714
INFO:root:sl:-0.0352518393344 sr:0.172297799779 heading:142 velocity:[0.03, 0.07, 0.54] position:LocationGlobalRelative:lat=55.9415727,lon=-3.197239,alt=5.613
INFO:root:Angle_optical:-78.2706195271 Distance_optical:59.1009641782 Angle_gps:-77.6276794927 Distance_gps:68.3366009607                  elapsed_time:0.0903038978577
INFO:root:sl:0.159274715334 sr:0.294532975581 heading:145 velocity:[0.11, 0.03, 0.29] position:LocationGlobalRelative:lat=55.9415726,lon=-3.1972388,alt=5.661
INFO:root:Angle_optical:-78.5801759444 Distance_optical:59.4153425821 Angle_gps:-77.6388073071 Distance_gps:68.3322919086                  elapsed_time:0.120028018951
INFO:root:sl:0.329793009377 sr:0.403736612829 heading:147 velocity:[0.12, 0.05, 0.35] position:LocationGlobalRelative:lat=55.9415726,lon=-3.1972387,alt=5.701
INFO:root:Angle_optical:-79.1539962889 Distance_optical:59.7842106575 Angle_gps:-77.6640953969 Distance_gps:68.3211189256                  elapsed_time:0.0751969814301
INFO:root:sl:0.430443478011 sr:0.376279358525 heading:150 velocity:[0.12, 0.06, 0.33] position:LocationGlobalRelative:lat=55.9415725,lon=-3.1972385,alt=5.737
INFO:root:Angle_optical:-79.8511072145 Distance_optical:60.0447041204 Angle_gps:-77.6920623402 Distance_gps:68.3067001935                  elapsed_time:0.0831050872803
INFO:root:sl:0.284350265583 sr:0.266426572348 heading:150 velocity:[0.12, 0.07, 0.2] position:LocationGlobalRelative:lat=55.9415724,lon=-3.1972383,alt=5.771
INFO:root:Angle_optical:-80.3231885924 Distance_optical:60.233875061 Angle_gps:-77.7299033773 Distance_gps:68.2859771504                  elapsed_time:0.0974998474121
INFO:root:sl:0.135275829536 sr:0.0664265723477 heading:152 velocity:[0.19, 0.11, 0.24] position:LocationGlobalRelative:lat=55.9415723,lon=-3.1972381,alt=5.793
INFO:root:Angle_optical:-80.5187550092 Distance_optical:60.2416740451 Angle_gps:-77.7806099717 Distance_gps:68.2555925198                  elapsed_time:0.094831943512
INFO:root:sl:0.00858184606141 sr:-0.0928839680109 heading:154 velocity:[0.27, 0.14, 0.44] position:LocationGlobalRelative:lat=55.9415723,lon=-3.1972378,alt=5.796
INFO:root:Angle_optical:-80.5288180213 Distance_optical:60.2364694295 Angle_gps:-77.8254089719 Distance_gps:68.2260785145                  elapsed_time:0.0909070968628
INFO:root:sl:-0.0111826057371 sr:-0.177775965636 heading:155 velocity:[0.59, 0.27, 0.85] position:LocationGlobalRelative:lat=55.9415725,lon=-3.1972373,alt=5.762
INFO:root:Angle_optical:-80.5288180213 Distance_optical:60.2364694295 Angle_gps:-77.877067364 Distance_gps:68.189723365                  elapsed_time:0.0903880596161
INFO:root:sl:-0.105033067023 sr:-0.29603978514 heading:153 velocity:[0.83, 0.32, 1.16] position:LocationGlobalRelative:lat=55.9415729,lon=-3.1972369,alt=5.706
INFO:root:Angle_optical:-80.5288180213 Distance_optical:60.2364694295 Angle_gps:-77.9250747313 Distance_gps:68.1570584983                  elapsed_time:0.107928037643
INFO:root:sl:-0.139805195702 sr:-0.141903419002 heading:148 velocity:[1.23, 0.51, 1.62] position:LocationGlobalRelative:lat=55.9415735,lon=-3.1972362,alt=5.6
INFO:root:Angle_optical:-80.5288180213 Distance_optical:60.2364694295 Angle_gps:-78.1521974124 Distance_gps:68.0257179458                  elapsed_time:0.103838920593
INFO:root:sl:-0.0712885090378 sr:0.0580965809982 heading:145 velocity:[1.62, 0.64, 2.03] position:LocationGlobalRelative:lat=55.9415746,lon=-3.1972353,alt=5.451
INFO:root:Angle_optical:-80.5545794691 Distance_optical:60.3103227563 Angle_gps:-78.5196007937 Distance_gps:67.8461161374                  elapsed_time:0.0911090373993
INFO:root:sl:0.128711490962 sr:0.0945830382921 heading:149 velocity:[1.74, 0.74, 2.57] position:LocationGlobalRelative:lat=55.9415758,lon=-3.1972341,alt=5.248
INFO:root:Angle_optical:-80.7526794581 Distance_optical:60.3675825782 Angle_gps:-78.831937494 Distance_gps:67.6892151504                  elapsed_time:0.0918478965759
INFO:root:sl:-0.0334444254329 sr:-0.00810809559809 heading:157 velocity:[1.79, 0.86, 2.92] position:LocationGlobalRelative:lat=55.9415769,lon=-3.1972331,alt=5.033
INFO:root:Angle_optical:-80.7526794581 Distance_optical:60.3675825782 Angle_gps:-78.960494594 Distance_gps:67.6051325781                  elapsed_time:0.0979979038239
INFO:root:sl:0.0850838740302 sr:0.0914660604466 heading:158 velocity:[1.67, 1.01, 3.11] position:LocationGlobalRelative:lat=55.9415782,lon=-3.1972316,alt=4.751
INFO:root:Angle_optical:-80.9096045963 Distance_optical:60.4176845987 Angle_gps:-79.2357835219 Distance_gps:67.402328915                  elapsed_time:0.0941340923309
INFO:root:sl:-0.0290912174089 sr:-0.0259207512209 heading:155 velocity:[1.41, 0.98, 3.27] position:LocationGlobalRelative:lat=55.941579,lon=-3.1972303,alt=4.512
INFO:root:Angle_optical:-80.9096045963 Distance_optical:60.4176845987 Angle_gps:-79.6785634568 Distance_gps:67.0928588908                  elapsed_time:0.104340076447
INFO:root:sl:0.170908782591 sr:0.00593692175866 heading:157 velocity:[1.14, 0.88, 3.26] position:LocationGlobalRelative:lat=55.9415799,lon=-3.1972288,alt=4.209
INFO:root:Angle_optical:-81.1074562708 Distance_optical:60.3056613401 Angle_gps:-80.0705413484 Distance_gps:66.8127679654                  elapsed_time:0.0826590061188
INFO:root:sl:-0.020513464277 sr:-0.0442920404314 heading:161 velocity:[1.11, 0.79, 3.73] position:LocationGlobalRelative:lat=55.9415806,lon=-3.1972274,alt=3.889
INFO:root:Angle_optical:-81.1074562708 Distance_optical:60.3056613401 Angle_gps:-80.2887380821 Distance_gps:66.6384503197                  elapsed_time:0.0971221923828
INFO:root:sl:-0.171532312728 sr:-0.204757901913 heading:163 velocity:[1.3, 0.7, 3.89] position:LocationGlobalRelative:lat=55.9415814,lon=-3.1972262,alt=3.535
INFO:root:Angle_optical:-81.1074562708 Distance_optical:60.3056613401 Angle_gps:-80.2960457146 Distance_gps:66.6320300336                  elapsed_time:0.0911140441895
INFO:root:sl:-0.0124476299726 sr:-0.0555186606272 heading:162 velocity:[1.46, 0.7, 4.23] position:LocationGlobalRelative:lat=55.9415824,lon=-3.1972252,alt=3.147
INFO:root:Angle_optical:-81.1074562708 Distance_optical:60.3056613401 Angle_gps:-80.2960457146 Distance_gps:66.6320300336                  elapsed_time:0.0971229076385
INFO:root:sl:-0.187973546788 sr:-0.255518660627 heading:161 velocity:[1.62, 0.81, 4.48] position:LocationGlobalRelative:lat=55.9415833,lon=-3.1972242,alt=2.807
INFO:root:Angle_optical:-81.1074562708 Distance_optical:60.3056613401 Angle_gps:-80.3129363169 Distance_gps:66.617273898                  elapsed_time:0.096647977829
INFO:root:sl:-0.0775780069435 sr:-0.0555186606272 heading:162 velocity:[1.73, 1.01, 4.74] position:LocationGlobalRelative:lat=55.9415845,lon=-3.1972229,alt=2.37
INFO:root:Angle_optical:-81.1074562708 Distance_optical:60.3056613401 Angle_gps:-80.4206102493 Distance_gps:66.521766916                  elapsed_time:0.0902910232544
INFO:root:sl:-0.0797194374345 sr:-0.0392168267805 heading:160 velocity:[1.65, 1.18, 4.97] position:LocationGlobalRelative:lat=55.9415858,lon=-3.1972212,alt=1.901
INFO:root:Angle_optical:-81.1074562708 Distance_optical:60.3056613401 Angle_gps:-80.778820627 Distance_gps:66.2216368187                  elapsed_time:0.0995490550995
INFO:root:sl:-0.0654632708284 sr:-0.0946230478703 heading:155 velocity:[1.5, 1.36, 5.03] position:LocationGlobalRelative:lat=55.9415866,lon=-3.1972196,alt=1.528
INFO:root:Angle_optical:-81.1074562708 Distance_optical:60.3056613401 Angle_gps:-81.5625287226 Distance_gps:65.6752694051                  elapsed_time:0.0934629440308
INFO:root:sl:0.0665323969449 sr:-0.0493881450796 heading:155 velocity:[1.21, 1.33, 5.02] position:LocationGlobalRelative:lat=55.9415876,lon=-3.1972174,alt=1.045
INFO:root:Angle_optical:-81.1835482042 Distance_optical:60.2603619637 Angle_gps:-82.447973503 Distance_gps:65.1207468323                  elapsed_time:0.0880870819092
INFO:root:sl:-0.127148060083 sr:-0.197050821469 heading:161 velocity:[1.46, 0.91, 1.56] position:LocationGlobalRelative:lat=55.9415886,lon=-3.1972156,alt=0.834
INFO:root:Angle_optical:-81.1835482042 Distance_optical:60.2603619637 Angle_gps:-82.6312640045 Distance_gps:64.9912657132                  elapsed_time:0.0944559574127
INFO:root:sl:-0.0787536611874 sr:-0.132501825584 heading:161 velocity:[1.33, 1.31, 1.58] position:LocationGlobalRelative:lat=55.9415894,lon=-3.1972141,alt=0.753
INFO:root:Angle_optical:-81.1835482042 Distance_optical:60.2603619637 Angle_gps:-83.2388905835 Distance_gps:64.5456552665                  elapsed_time:0.101938962936
INFO:root:sl:-0.00142712165206 sr:-0.1311859492 heading:172 velocity:[1.27, 1.73, 2.29] position:LocationGlobalRelative:lat=55.9415904,lon=-3.1972115,alt=0.563
INFO:root:Angle_optical:-81.1835482042 Distance_optical:60.2603619637 Angle_gps:-83.8130422259 Distance_gps:64.0100924561                  elapsed_time:0.0865240097046
INFO:root:sl:-0.11511582262 sr:-0.0666414945472 heading:-178 velocity:[1.25, 1.99, 3.14] position:LocationGlobalRelative:lat=55.9415914,lon=-3.1972087,alt=0.283
INFO:root:Angle_optical:-81.1835482042 Distance_optical:60.2603619637 Angle_gps:-84.1820888181 Distance_gps:63.5852915246                  elapsed_time:0.0922160148621
INFO:root:sl:-0.158666117181 sr:-0.230095872157 heading:-175 velocity:[1.25, 2.19, 4.09] position:LocationGlobalRelative:lat=55.9415922,lon=-3.1972055,alt=-0.079
INFO:root:Angle_optical:-81.1835482042 Distance_optical:60.2603619637 Angle_gps:-84.5311079843 Distance_gps:63.1260347918                  elapsed_time:0.101381063461
INFO:root:sl:-0.0144561543434 sr:-0.101176892209 heading:-176 velocity:[1.23, 2.27, 4.84] position:LocationGlobalRelative:lat=55.9415927,lon=-3.1972028,alt=-0.417
INFO:root:Angle_optical:-81.1835482042 Distance_optical:60.2603619637 Angle_gps:-84.9572601611 Distance_gps:62.5421220043                  elapsed_time:0.0949840545654
INFO:root:sl:0.185543845657 sr:-0.0312987754831 heading:179 velocity:[1.22, 2.35, 5.75] position:LocationGlobalRelative:lat=55.9415934,lon=-3.1971994,alt=-0.897
INFO:root:Angle_optical:-81.3227086551 Distance_optical:60.060254996 Angle_gps:-85.6246056405 Distance_gps:61.682022217                  elapsed_time:0.0948841571808
INFO:root:sl:-0.0144561543434 sr:-0.103257058219 heading:175 velocity:[1.21, 2.4, 6.66] position:LocationGlobalRelative:lat=55.9415939,lon=-3.1971959,alt=-1.441
INFO:root:Angle_optical:-81.3227086551 Distance_optical:60.060254996 Angle_gps:-86.4698555114 Distance_gps:60.7018554466                  elapsed_time:0.0927550792694
INFO:root:sl:-0.0370854115045 sr:0.0967429417811 heading:169 velocity:[1.19, 2.42, 7.53] position:LocationGlobalRelative:lat=55.9415944,lon=-3.1971924,alt=-2.049
INFO:root:Angle_optical:-81.414772788 Distance_optical:60.1467069571 Angle_gps:-87.4029588856 Distance_gps:59.7946911812                  elapsed_time:0.0963361263275
INFO:root:sl:-0.188408125197 sr:-0.103257058219 heading:155 velocity:[0.69, 1.49, 5.13] position:LocationGlobalRelative:lat=55.9415944,lon=-3.19719,alt=-2.495
INFO:root:Angle_optical:-81.414772788 Distance_optical:60.1467069571 Angle_gps:-88.5343804255 Distance_gps:59.1206180653                  elapsed_time:0.0991961956024
INFO:root:sl:0.0115918748034 sr:-0.0917799784677 heading:141 velocity:[0.67, 1.38, 5.88] position:LocationGlobalRelative:lat=55.9415945,lon=-3.1971884,alt=-2.84
INFO:root:Angle_optical:-81.4285711898 Distance_optical:60.1406206116 Angle_gps:-89.7995998859 Distance_gps:58.7656306434                  elapsed_time:0.0955231189728
INFO:root:sl:0.211591874803 sr:0.108220021532 heading:127 velocity:[0.65, 1.3, 6.86] position:LocationGlobalRelative:lat=55.9415945,lon=-3.1971866,alt=-3.354
INFO:root:Angle_optical:-81.7190224492 Distance_optical:60.2195604344 Angle_gps:-91.0826937737 Distance_gps:58.6759518678                  elapsed_time:0.08988904953
INFO:root:sl:0.411591874803 sr:0.308220021532 heading:113 velocity:[1.7, 0.71, 5.95] position:LocationGlobalRelative:lat=55.9415956,lon=-3.1971855,alt=-3.814
INFO:root:Angle_optical:-82.2206842687 Distance_optical:60.659106344 Angle_gps:-92.3458201627 Distance_gps:58.9643335804                  elapsed_time:0.0982708930969
INFO:root:sl:0.592002211042 sr:0.508220021532 heading:104 velocity:[1.68, 0.64, 6.01] position:LocationGlobalRelative:lat=55.9415964,lon=-3.1971849,alt=-4.143
INFO:root:Angle_optical:-82.7596011887 Distance_optical:61.5511384313 Angle_gps:-93.508268848 Distance_gps:59.5771892138                  elapsed_time:0.0943200588226
INFO:root:sl:0.392002211042 sr:0.308220021532 heading:114 velocity:[1.79, 0.59, 6.23] position:LocationGlobalRelative:lat=55.9415977,lon=-3.1971839,alt=-4.602
INFO:root:Angle_optical:-83.1404960395 Distance_optical:62.0987339424 Angle_gps:-94.6791702291 Distance_gps:60.1756119688                  elapsed_time:0.0872061252594
INFO:root:sl:0.276500405831 sr:0.505563533764 heading:123 velocity:[1.65, 0.08, 6.03] position:LocationGlobalRelative:lat=55.941599,lon=-3.1971832,alt=-5.04
INFO:root:Angle_optical:-83.393865484 Distance_optical:62.8358845632 Angle_gps:-95.1897508785 Distance_gps:60.3681054155                  elapsed_time:0.0987119674683
INFO:root:sl:0.440578617316 sr:0.305563533764 heading:124 velocity:[1.62, 0.05, 6.42] position:LocationGlobalRelative:lat=55.9416001,lon=-3.197183,alt=-5.451
INFO:root:Angle_optical:-83.8977102316 Distance_optical:63.3013169201 Angle_gps:-95.6247876445 Distance_gps:60.5076902425                  elapsed_time:0.10014295578
INFO:root:sl:0.640578617316 sr:0.505563533764 heading:124 velocity:[1.42, 0.19, 6.23] position:LocationGlobalRelative:lat=55.9416011,lon=-3.1971829,alt=-5.827
INFO:root:Angle_optical:-84.6288541958 Distance_optical:64.0460198776 Angle_gps:-96.1823855663 Distance_gps:60.6739425793                  elapsed_time:0.0945920944214
INFO:root:sl:0.742462170942 sr:0.619325778751 heading:125 velocity:[1.35, 0.12, 6.0] position:LocationGlobalRelative:lat=55.9416018,lon=-3.1971826,alt=-6.14
INFO:root:Angle_optical:-85.4653169976 Distance_optical:64.9431171255 Angle_gps:-96.6109229146 Distance_gps:60.7956754196                  elapsed_time:0.0973818302155
INFO:root:sl:0.942462170942 sr:0.419325778751 heading:125 velocity:[1.32, 0.1, 5.98] position:LocationGlobalRelative:lat=55.9416026,lon=-3.1971825,alt=-6.502
INFO:root:Angle_optical:-86.5385401018 Distance_optical:65.5960868254 Angle_gps:-97.0084888139 Distance_gps:60.9072982786                  elapsed_time:0.085734128952
INFO:root:sl:1.03233144045 sr:0.350490566354 heading:124 velocity:[1.3, 0.05, 6.05] position:LocationGlobalRelative:lat=55.9416033,lon=-3.1971825,alt=-6.829
INFO:root:Angle_optical:-87.661685994 Distance_optical:66.1933946196 Angle_gps:-97.3671080035 Distance_gps:61.0129630261                  elapsed_time:0.101991176605
INFO:root:sl:0.832331440451 sr:0.248648739127 heading:124 velocity:[1.27, 0.01, 5.99] position:LocationGlobalRelative:lat=55.9416039,lon=-3.1971825,alt=-7.074
INFO:root:Angle_optical:-88.5869572089 Distance_optical:66.6543236134 Angle_gps:-97.6705860084 Distance_gps:61.1051632494                  elapsed_time:0.0944108963013
INFO:root:sl:0.632331440451 sr:0.11974872148 heading:124 velocity:[1.24, -0.04, 5.92] position:LocationGlobalRelative:lat=55.9416045,lon=-3.1971828,alt=-7.347
INFO:root:Angle_optical:-89.2912971848 Distance_optical:66.9244854877 Angle_gps:-97.9072509659 Distance_gps:61.1787816441                  elapsed_time:0.0933310985565
INFO:root:sl:0.832331440451 sr:0.31974872148 heading:124 velocity:[1.19, -0.09, 5.85] position:LocationGlobalRelative:lat=55.941605,lon=-3.1971831,alt=-7.627
INFO:root:Angle_optical:-90.1811989387 Distance_optical:67.51130005 Angle_gps:-98.0732938678 Distance_gps:61.2312233922                  elapsed_time:0.0922038555145
INFO:root:sl:0.632331440451 sr:0.11974872148 heading:124 velocity:[1.13, -0.14, 5.78] position:LocationGlobalRelative:lat=55.9416054,lon=-3.1971835,alt=-7.848
INFO:root:Angle_optical:-90.8694575602 Distance_optical:67.8043246963 Angle_gps:-98.1667273976 Distance_gps:61.2610299589                  elapsed_time:0.0936031341553
INFO:root:sl:0.51075826467 sr:0.192919347238 heading:123 velocity:[1.08, -0.19, 5.71] position:LocationGlobalRelative:lat=55.9416058,lon=-3.197184,alt=-8.053
INFO:root:Angle_optical:-91.399114325 Distance_optical:68.1823986795 Angle_gps:-98.2128302484 Distance_gps:61.276376845                  elapsed_time:0.0964660644531
INFO:root:sl:0.509944399258 sr:0.170158909784 heading:123 velocity:[1.04, -0.23, 5.64] position:LocationGlobalRelative:lat=55.941606,lon=-3.1971844,alt=-8.222
INFO:root:Angle_optical:-91.9261303688 Distance_optical:68.5390476937 Angle_gps:-98.2128302484 Distance_gps:61.276376845                  elapsed_time:0.0973219871521
INFO:root:sl:0.402143564499 sr:0.113235398605 heading:123 velocity:[0.98, -0.27, 5.56] position:LocationGlobalRelative:lat=55.9416063,lon=-3.1971849,alt=-8.364
INFO:root:Angle_optical:-92.3420375206 Distance_optical:68.797763671 Angle_gps:-98.2128302484 Distance_gps:61.276376845                  elapsed_time:0.0876181125641
INFO:root:sl:0.357018298994 sr:0.120136752652 heading:123 velocity:[0.92, -0.32, 5.48] position:LocationGlobalRelative:lat=55.9416064,lon=-3.1971855,alt=-8.513
INFO:root:Angle_optical:-92.703833559 Distance_optical:69.0567136307 Angle_gps:-98.2128302484 Distance_gps:61.276376845                  elapsed_time:0.0977721214294
INFO:root:sl:0.315104679578 sr:0.0977624300878 heading:121 velocity:[-0.01, -0.68, 3.93] position:LocationGlobalRelative:lat=55.9416026,lon=-3.1971923,alt=-8.713
INFO:root:Angle_optical:-93.0227500656 Distance_optical:69.2767925799 Angle_gps:-98.2128302484 Distance_gps:61.276376845                  elapsed_time:0.0988531112671
INFO:root:sl:0.268534251412 sr:0.082693046598 heading:121 velocity:[-0.07, -0.69, 3.8] position:LocationGlobalRelative:lat=55.9416022,lon=-3.1971928,alt=-8.589
INFO:root:Angle_optical:-93.2900004715 Distance_optical:69.4729971772 Angle_gps:-98.2128302484 Distance_gps:61.276376845                  elapsed_time:1.52526211739
INFO:root:sl:0.233366362185 sr:0.0752943534821 heading:121 velocity:[-0.12, -0.7, 3.68] position:LocationGlobalRelative:lat=55.9416018,lon=-3.1971934,alt=-8.503
INFO:root:Angle_optical:-93.5192968373 Distance_optical:69.6522703237 Angle_gps:-98.2128302484 Distance_gps:61.276376845                  elapsed_time:0.0783841609955
INFO:root:sl:0.203706812836 sr:0.0633480358514 heading:120 velocity:[-0.17, -0.71, 3.56] position:LocationGlobalRelative:lat=55.9416015,lon=-3.1971939,alt=-8.401
INFO:root:Angle_optical:-93.7171995454 Distance_optical:69.8107849578 Angle_gps:-98.2128302484 Distance_gps:61.276376845                  elapsed_time:0.0794608592987
INFO:root:sl:0.175083582212 sr:0.0536034834111 heading:120 velocity:[-0.22, -0.72, 3.42] position:LocationGlobalRelative:lat=55.9416011,lon=-3.1971945,alt=-8.252
INFO:root:Angle_optical:-93.886435888 Distance_optical:69.9482211619 Angle_gps:-98.2008906511 Distance_gps:61.3095498895                  elapsed_time:0.0966520309448
INFO:root:sl:0.151950193798 sr:0.0468900401203 heading:120 velocity:[-0.25, -0.73, 3.31] position:LocationGlobalRelative:lat=55.9416007,lon=-3.1971949,alt=-8.144
INFO:root:Angle_optical:-94.0322682448 Distance_optical:70.0690584008 Angle_gps:-98.1767325615 Distance_gps:61.3760999079                  elapsed_time:0.0930168628693
INFO:root:sl:0.0737755420451 sr:0.0123990533284 heading:120 velocity:[-0.3, -0.74, 3.17] position:LocationGlobalRelative:lat=55.9416003,lon=-3.1971955,alt=-7.991
INFO:root:Angle_optical:-94.1062769517 Distance_optical:70.1145589546 Angle_gps:-98.1315395956 Distance_gps:61.500578186                  elapsed_time:0.0954539775848
INFO:root:sl:0.0984940958035 sr:0.0269159998511 heading:120 velocity:[-0.34, -0.74, 3.06] position:LocationGlobalRelative:lat=55.9415999,lon=-3.1971959,alt=-7.851
INFO:root:Angle_optical:-94.2014476447 Distance_optical:70.1890084488 Angle_gps:-98.0687770336 Distance_gps:61.6739922887                  elapsed_time:0.0920400619507
INFO:root:sl:0.0801175198201 sr:0.0202486012326 heading:120 velocity:[-0.39, -0.75, 2.91] position:LocationGlobalRelative:lat=55.9415994,lon=-3.1971964,alt=-7.651
INFO:root:Angle_optical:-94.2792586255 Distance_optical:70.2476012026 Angle_gps:-97.9855611294 Distance_gps:61.9054331488                  elapsed_time:0.0841748714447
INFO:root:sl:0.0618732652973 sr:0.0143728795607 heading:120 velocity:[-0.44, -0.75, 2.74] position:LocationGlobalRelative:lat=55.9415988,lon=-3.1971969,alt=-7.435
INFO:root:Angle_optical:-94.3396719283 Distance_optical:70.2913071877 Angle_gps:-97.8812056402 Distance_gps:62.1982222481                  elapsed_time:0.09099817276
INFO:root:sl:0.0598843524391 sr:0.0149907810544 heading:119 velocity:[-0.48, -0.75, 2.62] position:LocationGlobalRelative:lat=55.9415984,lon=-3.1971972,alt=-7.294
INFO:root:Angle_optical:-94.39734083 Distance_optical:70.3360180032 Angle_gps:-97.7634706234 Distance_gps:62.5202766951                  elapsed_time:0.107075929642
INFO:root:sl:0.0491610830861 sr:0.0116946755146 heading:119 velocity:[-0.51, -0.74, 2.48] position:LocationGlobalRelative:lat=55.941598,lon=-3.1971975,alt=-7.094
INFO:root:Angle_optical:-94.4447578265 Distance_optical:70.3723179127 Angle_gps:-97.6308148958 Distance_gps:62.8823400623                  elapsed_time:0.0970079898834
INFO:root:sl:0.0406337973525 sr:0.00772081992853 heading:119 velocity:[-0.54, -0.74, 2.36] position:LocationGlobalRelative:lat=55.9415977,lon=-3.1971977,alt=-6.921
INFO:root:Angle_optical:-94.4845469533 Distance_optical:70.3999626239 Angle_gps:-97.4857226634 Distance_gps:63.2808344273                  elapsed_time:0.0974409580231
INFO:root:sl:0.0371389877256 sr:0.00873648456831 heading:119 velocity:[-0.58, -0.73, 2.2] position:LocationGlobalRelative:lat=55.9415973,lon=-3.1971979,alt=-6.674
INFO:root:Angle_optical:-94.5202761615 Distance_optical:70.4274729627 Angle_gps:-97.3234905503 Distance_gps:63.7318569624                  elapsed_time:0.0906319618225
INFO:root:sl:0.0296690300892 sr:0.00506732215505 heading:119 velocity:[-0.6, -0.72, 2.04] position:LocationGlobalRelative:lat=55.941597,lon=-3.1971979,alt=-6.415
INFO:root:Angle_optical:-94.5494759466 Distance_optical:70.4470189841 Angle_gps:-97.1536100096 Distance_gps:64.2110821329                  elapsed_time:0.0948209762573
INFO:root:sl:0.0268947687176 sr:0.00527845597667 heading:119 velocity:[-0.64, -0.71, 1.88] position:LocationGlobalRelative:lat=55.9415967,lon=-3.1971981,alt=-6.179
INFO:root:Angle_optical:-94.5756842667 Distance_optical:70.4656424356 Angle_gps:-96.9681534446 Distance_gps:64.7431032596                  elapsed_time:0.0984358787537
INFO:root:sl:0.022892366075 sr:0.00446746930887 heading:119 velocity:[-0.67, -0.7, 1.74] position:LocationGlobalRelative:lat=55.9415962,lon=-3.1971984,alt=-5.969
INFO:root:Angle_optical:-94.5979884518 Distance_optical:70.481475207 Angle_gps:-96.7721422536 Distance_gps:65.3158171448                  elapsed_time:0.101408958435
INFO:root:sl:0.0184402038142 sr:0.00239765810106 heading:119 velocity:[-0.7, -0.7, 1.59] position:LocationGlobalRelative:lat=55.9415958,lon=-3.1971985,alt=-5.728
INFO:root:Angle_optical:-94.6163811611 Distance_optical:70.4926889131 Angle_gps:-96.5674194521 Distance_gps:65.9258819195                  elapsed_time:0.099044084549
INFO:root:sl:0.0150680358469 sr:0.000849665010398 heading:118 velocity:[-0.72, -0.69, 1.45] position:LocationGlobalRelative:lat=55.9415955,lon=-3.1971987,alt=-5.502
INFO:root:Angle_optical:-94.6317460887 Distance_optical:70.5006759382 Angle_gps:-96.3567581543 Distance_gps:66.5432248039                  elapsed_time:0.0916550159454
INFO:root:sl:0.0146362656593 sr:0.00273234742139 heading:118 velocity:[-0.75, -0.68, 1.33] position:LocationGlobalRelative:lat=55.9415951,lon=-3.1971989,alt=-5.314
INFO:root:Angle_optical:-94.6459284715 Distance_optical:70.5109887524 Angle_gps:-96.133737436 Distance_gps:67.2010678237                  elapsed_time:0.0953571796417
INFO:root:sl:0.0104572917777 sr:0.00103598054949 heading:118 velocity:[-0.77, -0.67, 1.19] position:LocationGlobalRelative:lat=55.9415948,lon=-3.1971991,alt=-5.066
INFO:root:Angle_optical:-94.6563956773 Distance_optical:70.5172135123 Angle_gps:-95.9045909212 Distance_gps:67.8871739745                  elapsed_time:0.0939610004425
INFO:root:sl:0.00895636978372 sr:-0.000583734657853 heading:118 velocity:[-0.79, -0.67, 1.07] position:LocationGlobalRelative:lat=55.9415945,lon=-3.1971994,alt=-4.874
INFO:root:Angle_optical:-94.6656990141 Distance_optical:70.521419283 Angle_gps:-95.6717258834 Distance_gps:68.5985007766                  elapsed_time:0.0959191322327
INFO:root:sl:0.00788246462279 sr:0.00180713551145 heading:118 velocity:[-0.8, -0.66, 0.94] position:LocationGlobalRelative:lat=55.9415943,lon=-3.1971997,alt=-4.639
INFO:root:Angle_optical:-94.6731882375 Distance_optical:70.5274444639 Angle_gps:-95.4384846607 Distance_gps:69.3265240454                  elapsed_time:0.0895869731903
INFO:root:sl:0.00573173007702 sr:-0.0012087252865 heading:118 velocity:[-0.83, -0.66, 0.79] position:LocationGlobalRelative:lat=55.9415939,lon=-3.1972002,alt=-4.382
INFO:root:Angle_optical:-94.6791394384 Distance_optical:70.5301422931 Angle_gps:-95.198806506 Distance_gps:70.0921074346                  elapsed_time:0.0956501960754
INFO:root:sl:0.00476987441421 sr:-0.000433915690466 heading:118 velocity:[-0.84, -0.65, 0.66] position:LocationGlobalRelative:lat=55.9415937,lon=-3.1972004,alt=-4.142
INFO:root:Angle_optical:-94.6840913091 Distance_optical:70.5323884501 Angle_gps:-94.959593949 Distance_gps:70.8746022241                  elapsed_time:0.0999991893768
INFO:root:sl:0.00404279485785 sr:-0.001293934957 heading:118 velocity:[-0.86, -0.64, 0.52] position:LocationGlobalRelative:lat=55.9415934,lon=-3.1972008,alt=-3.877
INFO:root:Angle_optical:-94.6882881644 Distance_optical:70.5342927758 Angle_gps:-94.7174345159 Distance_gps:71.6863066046                  elapsed_time:0.0929431915283
INFO:root:sl:0.00231333350369 sr:-0.000938734540742 heading:118 velocity:[-0.87, -0.63, 0.39] position:LocationGlobalRelative:lat=55.9415932,lon=-3.1972011,alt=-3.631
INFO:root:Angle_optical:-94.6906895082 Distance_optical:70.5353826645 Angle_gps:-94.4762595363 Distance_gps:72.5150127511                  elapsed_time:0.0990958213806
INFO:root:sl:0.00235360751053 sr:-0.0017804121913 heading:117 velocity:[-0.88, -0.63, 0.28] position:LocationGlobalRelative:lat=55.9415929,lon=-3.1972014,alt=-3.415
INFO:root:Angle_optical:-94.6931239514 Distance_optical:70.5365313198 Angle_gps:-94.234258455 Distance_gps:73.3348292794                  elapsed_time:0.096225976944
INFO:root:sl:0.000946533948734 sr:-0.00171225083256 heading:117 velocity:[-0.89, -0.61, 0.14] position:LocationGlobalRelative:lat=55.9415929,lon=-3.1972014,alt=-3.125
INFO:root:Angle_optical:-94.6941021718 Distance_optical:70.5369998507 Angle_gps:-93.9885551275 Distance_gps:74.1751272893                  elapsed_time:0.0938181877136
INFO:root:sl:0.000650649037767 sr:-0.00236010216305 heading:117 velocity:[-0.9, -0.6, 0.01] position:LocationGlobalRelative:lat=55.9415926,lon=-3.1972016,alt=-2.851
INFO:root:Angle_optical:-94.6947739938 Distance_optical:70.5373238278 Angle_gps:-93.7424957853 Distance_gps:75.0318973397                  elapsed_time:0.0973680019379
INFO:root:sl:0.000677009138218 sr:-0.00189903431476 heading:117 velocity:[-0.91, -0.58, -0.11] position:LocationGlobalRelative:lat=55.9415925,lon=-3.1972016,alt=-2.568
INFO:root:Angle_optical:-94.695472965 Distance_optical:70.5376617442 Angle_gps:-93.4960054282 Distance_gps:75.9097729552                  elapsed_time:0.0940630435944
INFO:root:sl:-0.000196443228204 sr:-0.000959568372182 heading:117 velocity:[-0.92, -0.57, -0.21] position:LocationGlobalRelative:lat=55.9415923,lon=-3.1972018,alt=-2.353
INFO:root:Angle_optical:-94.695472965 Distance_optical:70.5376617442 Angle_gps:-93.2507090103 Distance_gps:76.8047040348                  elapsed_time:0.0947449207306
INFO:root:sl:-0.000366928170609 sr:-0.00188755582542 heading:117 velocity:[-0.92, -0.57, -0.33] position:LocationGlobalRelative:lat=55.9415921,lon=-3.1972022,alt=-2.102
INFO:root:Angle_optical:-94.695472965 Distance_optical:70.5376617442 Angle_gps:-93.0111546002 Distance_gps:77.7007109132                  elapsed_time:0.0875279903412
INFO:root:sl:-0.000832585375121 sr:-0.00194465378681 heading:117 velocity:[-0.93, -0.56, -0.44] position:LocationGlobalRelative:lat=55.9415919,lon=-3.1972026,alt=-1.838
INFO:root:Angle_optical:-94.695472965 Distance_optical:70.5376617442 Angle_gps:-92.7730418193 Distance_gps:78.6138650269                  elapsed_time:0.0928649902344
INFO:root:sl:-0.00125773143016 sr:-0.0031952261777 heading:117 velocity:[-0.93, -0.56, -0.53] position:LocationGlobalRelative:lat=55.9415917,lon=-3.197203,alt=-1.634
INFO:root:Angle_optical:-94.695472965 Distance_optical:70.5376617442 Angle_gps:-92.5405781995 Distance_gps:79.5280163049                  elapsed_time:0.09539103508
INFO:root:sl:-0.00156513728243 sr:-0.00171615859055 heading:117 velocity:[-0.93, -0.56, -0.63] position:LocationGlobalRelative:lat=55.9415916,lon=-3.1972036,alt=-1.388
INFO:root:Angle_optical:-94.695472965 Distance_optical:70.5376617442 Angle_gps:-92.3135858757 Distance_gps:80.4430878813                  elapsed_time:0.0920970439911
INFO:root:sl:-0.00183731753815 sr:-0.0033806293452 heading:117 velocity:[-0.94, -0.56, -0.73] position:LocationGlobalRelative:lat=55.9415914,lon=-3.1972042,alt=-1.131
INFO:root:Angle_optical:-94.695472965 Distance_optical:70.5376617442 Angle_gps:-92.0889624187 Distance_gps:81.3712930079                  elapsed_time:0.0964319705963
INFO:root:sl:-0.00152208672165 sr:-0.00212394709753 heading:117 velocity:[-0.94, -0.56, -0.82] position:LocationGlobalRelative:lat=55.9415913,lon=-3.1972047,alt=-0.899
INFO:root:Angle_optical:-94.695472965 Distance_optical:70.5376617442 Angle_gps:-91.8696011719 Distance_gps:82.300344077                  elapsed_time:0.10005903244
INFO:root:sl:-0.00194286613865 sr:-0.00258143027135 heading:116 velocity:[-0.94, -0.56, -0.89] position:LocationGlobalRelative:lat=55.9415911,lon=-3.1972052,alt=-0.712
INFO:root:Angle_optical:-94.695472965 Distance_optical:70.5376617442 Angle_gps:-91.6513369181 Distance_gps:83.208550541                  elapsed_time:0.0959658622742
INFO:root:sl:-0.00211985503444 sr:-0.00224129740821 heading:116 velocity:[-0.94, -0.56, -0.97] position:LocationGlobalRelative:lat=55.941591,lon=-3.1972056,alt=-0.482
INFO:root:Angle_optical:-94.695472965 Distance_optical:70.5376617442 Angle_gps:-91.4346581059 Distance_gps:84.1168358997                  elapsed_time:0.123764038086
INFO:root:sl:-0.00323093210825 sr:-0.00571133144674 heading:116 velocity:[-0.94, -0.55, -1.04] position:LocationGlobalRelative:lat=55.9415909,lon=-3.197206,alt=-0.272
INFO:root:Angle_optical:-94.695472965 Distance_optical:70.5376617442 Angle_gps:-91.2204759291 Distance_gps:85.0294120914                  elapsed_time:0.0729329586029
INFO:root:sl:-0.00224870961757 sr:-0.00225758952585 heading:116 velocity:[-0.92, -0.54, -1.11] position:LocationGlobalRelative:lat=55.941591,lon=-3.197206,alt=-0.07
INFO:root:Angle_optical:-94.695472965 Distance_optical:70.5376617442 Angle_gps:-91.0150711585 Distance_gps:85.9225255636                  elapsed_time:0.0889310836792
INFO:root:sl:-0.00373870507309 sr:-0.00364352543633 heading:116 velocity:[-0.92, -0.53, -1.16] position:LocationGlobalRelative:lat=55.9415909,lon=-3.1972062,alt=0.084
INFO:root:Angle_optical:-94.695472965 Distance_optical:70.5376617442 Angle_gps:-90.8129201466 Distance_gps:86.8203831549                  elapsed_time:0.0928249359131
INFO:root:sl:-0.00277648004622 sr:-0.00360466720592 heading:116 velocity:[-0.92, -0.52, -1.22] position:LocationGlobalRelative:lat=55.9415908,lon=-3.1972064,alt=0.268
INFO:root:Angle_optical:-94.695472965 Distance_optical:70.5376617442 Angle_gps:-90.6140863993 Distance_gps:87.7231067478                  elapsed_time:0.09579205513
INFO:root:sl:-0.00319303612225 sr:-0.0029585643618 heading:116 velocity:[-0.92, -0.52, -1.28] position:LocationGlobalRelative:lat=55.9415906,lon=-3.1972068,alt=0.451
INFO:root:Angle_optical:-94.695472965 Distance_optical:70.5376617442 Angle_gps:-90.4194461539 Distance_gps:88.626424864                  elapsed_time:0.0939860343933
INFO:root:sl:-0.00267989132851 sr:-0.00288642389972 heading:116 velocity:[-0.91, -0.51, -1.33] position:LocationGlobalRelative:lat=55.9415906,lon=-3.197207,alt=0.617
INFO:root:Angle_optical:-94.695472965 Distance_optical:70.5376617442 Angle_gps:-90.2305658673 Distance_gps:89.5223379258                  elapsed_time:0.0987050533295
INFO:root:sl:-0.00341984996345 sr:-0.00373045485754 heading:116 velocity:[-0.91, -0.51, -1.37] position:LocationGlobalRelative:lat=55.9415905,lon=-3.1972075,alt=0.783
INFO:root:Angle_optical:-94.695472965 Distance_optical:70.5376617442 Angle_gps:-90.0455954379 Distance_gps:90.4187829815                  elapsed_time:0.0981822013855
INFO:root:sl:-0.00336614223927 sr:-0.003462466289 heading:116 velocity:[-0.9, -0.5, -1.41] position:LocationGlobalRelative:lat=55.9415906,lon=-3.1972077,alt=0.931
INFO:root:Angle_optical:-94.695472965 Distance_optical:70.5376617442 Angle_gps:-89.8660267418 Distance_gps:91.3077250341                  elapsed_time:0.0981678962708
INFO:root:sl:-0.00317186309809 sr:-0.00297627751078 heading:116 velocity:[-0.89, -0.5, -1.44] position:LocationGlobalRelative:lat=55.9415905,lon=-3.197208,alt=1.048
INFO:root:Angle_optical:-94.695472965 Distance_optical:70.5376617442 Angle_gps:-89.6924794497 Distance_gps:92.1849022867                  elapsed_time:0.0942010879517
INFO:root:sl:-0.00319252557434 sr:-0.00398545572018 heading:116 velocity:[-0.88, -0.49, -1.48] position:LocationGlobalRelative:lat=55.9415907,lon=-3.1972082,alt=1.19
INFO:root:Angle_optical:-94.695472965 Distance_optical:70.5376617442 Angle_gps:-89.5239025013 Distance_gps:93.0544784808                  elapsed_time:0.0909008979797
INFO:root:sl:-0.00373214340234 sr:-0.00388936854408 heading:116 velocity:[-0.87, -0.49, -1.51] position:LocationGlobalRelative:lat=55.9415906,lon=-3.1972085,alt=1.321
INFO:root:Angle_optical:-94.695472965 Distance_optical:70.5376617442 Angle_gps:-89.3609045738 Distance_gps:93.9121982149                  elapsed_time:0.0990350246429
INFO:root:sl:-0.00341145331762 sr:-0.00219090282202 heading:116 velocity:[-0.86, -0.48, -1.53] position:LocationGlobalRelative:lat=55.9415908,lon=-3.1972085,alt=1.409
INFO:root:Angle_optical:-94.695472965 Distance_optical:70.5376617442 Angle_gps:-89.2024882451 Distance_gps:94.7622329586                  elapsed_time:0.0991261005402
INFO:root:sl:-0.00368043797496 sr:-0.00440789246286 heading:116 velocity:[-0.85, -0.47, -1.55] position:LocationGlobalRelative:lat=55.9415908,lon=-3.1972087,alt=1.522
INFO:root:Angle_optical:-94.695472965 Distance_optical:70.5376617442 Angle_gps:-89.0484883954 Distance_gps:95.6045463425                  elapsed_time:0.0850429534912
INFO:root:sl:-0.00379571017826 sr:-0.00248737785957 heading:116 velocity:[-0.83, -0.46, -1.57] position:LocationGlobalRelative:lat=55.9415909,lon=-3.1972089,alt=1.624
INFO:root:Angle_optical:-94.695472965 Distance_optical:70.5376617442 Angle_gps:-88.9009248979 Distance_gps:96.4268594383                  elapsed_time:0.0941848754883
INFO:root:sl:-0.00287750339099 sr:-0.00261994868339 heading:116 velocity:[-0.82, -0.46, -1.58] position:LocationGlobalRelative:lat=55.941591,lon=-3.1972091,alt=1.703
INFO:root:Angle_optical:-94.695472965 Distance_optical:70.5376617442 Angle_gps:-88.7581301915 Distance_gps:97.2371620769                  elapsed_time:0.0957691669464
INFO:root:sl:-0.00837054412512 sr:0.00587961007869 heading:116 velocity:[-0.81, -0.45, -1.59] position:LocationGlobalRelative:lat=55.9415911,lon=-3.1972094,alt=1.799
INFO:root:Angle_optical:-94.6929320622 Distance_optical:70.5451117723 Angle_gps:-88.6192033288 Distance_gps:98.0396418017                  elapsed_time:0.0967798233032
INFO:root:sl:-0.0676060435928 sr:0.00763359845722 heading:116 velocity:[-0.8, -0.45, -1.6] position:LocationGlobalRelative:lat=55.9415912,lon=-3.1972096,alt=1.881
INFO:root:Angle_optical:-94.689633983 Distance_optical:70.554784453 Angle_gps:-88.4847247499 Distance_gps:98.8300529177                  elapsed_time:0.0954439640045
INFO:root:sl:-0.115635657473 sr:0.0444292351476 heading:116 velocity:[-0.78, -0.44, -1.61] position:LocationGlobalRelative:lat=55.9415913,lon=-3.1972098,alt=1.962
INFO:root:Angle_optical:-94.6704567661 Distance_optical:70.6110856711 Angle_gps:-88.3558669672 Distance_gps:99.6003321681                  elapsed_time:0.0997409820557
INFO:root:sl:-0.159936750827 sr:0.0287456042968 heading:116 velocity:[-0.77, -0.44, -1.61] position:LocationGlobalRelative:lat=55.9415915,lon=-3.19721,alt=2.014
INFO:root:Angle_optical:-94.6580658048 Distance_optical:70.6475161139 Angle_gps:-88.2311015743 Distance_gps:100.358489085                  elapsed_time:0.0971200466156
INFO:root:sl:-0.359936750827 sr:-0.0729502992136 heading:116 velocity:[-0.76, -0.43, -1.62] position:LocationGlobalRelative:lat=55.9415915,lon=-3.1972103,alt=2.084
INFO:root:Angle_optical:-94.6580658048 Distance_optical:70.6475161139 Angle_gps:-88.1096078401 Distance_gps:101.108723659                  elapsed_time:0.0864219665527
INFO:root:sl:-0.516613289337 sr:-0.136951033785 heading:116 velocity:[-0.74, -0.43, -1.62] position:LocationGlobalRelative:lat=55.9415918,lon=-3.1972106,alt=2.138
INFO:root:Angle_optical:-94.6580658048 Distance_optical:70.6475161139 Angle_gps:-87.993889253 Distance_gps:101.834533066                  elapsed_time:0.0959579944611
INFO:root:sl:-0.549178326069 sr:-0.0529817038046 heading:115 velocity:[-0.72, -0.42, -1.61] position:LocationGlobalRelative:lat=55.9415919,lon=-3.1972108,alt=2.194
INFO:root:Angle_optical:-94.6580658048 Distance_optical:70.6475161139 Angle_gps:-87.8802512877 Distance_gps:102.523722618                  elapsed_time:0.0956711769104
INFO:root:sl:-0.459916400812 sr:0.147018296195 heading:115 velocity:[-0.69, -0.42, -1.61] position:LocationGlobalRelative:lat=55.9415922,lon=-3.1972106,alt=2.223
INFO:root:Angle_optical:-94.5921081975 Distance_optical:70.8327741061 Angle_gps:-87.7721899967 Distance_gps:103.176027537                  elapsed_time:0.095682144165
INFO:root:sl:-0.288407776995 sr:0.347018296195 heading:115 velocity:[-0.7, -0.4, -1.61] position:LocationGlobalRelative:lat=55.9415924,lon=-3.1972107,alt=2.27
INFO:root:Angle_optical:-94.4370685904 Distance_optical:71.269976291 Angle_gps:-87.6613705873 Distance_gps:103.84897455                  elapsed_time:0.0912039279938
INFO:root:sl:-0.119234809628 sr:0.547018296195 heading:115 velocity:[-0.66, -0.4, -1.6] position:LocationGlobalRelative:lat=55.9415927,lon=-3.1972107,alt=2.303
INFO:root:Angle_optical:-94.1961079566 Distance_optical:71.9599361695 Angle_gps:-87.5596079838 Distance_gps:104.473387611                  elapsed_time:0.095113992691
INFO:root:sl:-0.0754724807881 sr:0.573165654131 heading:115 velocity:[-0.66, -0.39, -1.59] position:LocationGlobalRelative:lat=55.9415928,lon=-3.1972109,alt=2.347
INFO:root:Angle_optical:-93.94845901 Distance_optical:72.6839207349 Angle_gps:-87.4583045033 Distance_gps:105.102204909                  elapsed_time:0.09707903862
INFO:root:sl:0.01837385219 sr:0.7349567633 heading:115 velocity:[-0.66, -0.41, -1.69] position:LocationGlobalRelative:lat=55.9415932,lon=-3.1972111,alt=2.382
INFO:root:Angle_optical:-93.6561663509 Distance_optical:73.6237371731 Angle_gps:-87.3596316498 Distance_gps:105.722247343                  elapsed_time:0.0941300392151
INFO:root:sl:-0.0871447764575 sr:0.663111140137 heading:115 velocity:[-0.59, -0.43, -1.73] position:LocationGlobalRelative:lat=55.9415933,lon=-3.1972115,alt=2.429
INFO:root:Angle_optical:-93.3827639565 Distance_optical:74.4642596342 Angle_gps:-87.2768328326 Distance_gps:106.248504311                  elapsed_time:0.106512784958
INFO:root:sl:-0.152218320977 sr:0.592537969788 heading:109 velocity:[-0.41, -0.52, -2.03] position:LocationGlobalRelative:lat=55.9415937,lon=-3.1972118,alt=2.473
INFO:root:Angle_optical:-93.1010943473 Distance_optical:75.1900297519 Angle_gps:-87.2410864774 Distance_gps:106.425200263                  elapsed_time:0.0943500995636
INFO:root:sl:-0.169619373264 sr:0.612189823219 heading:99 velocity:[-0.32, -0.54, -2.52] position:LocationGlobalRelative:lat=55.9415938,lon=-3.1972123,alt=2.557
INFO:root:Angle_optical:-92.7438905397 Distance_optical:75.8710068091 Angle_gps:-87.2410864774 Distance_gps:106.425200263                  elapsed_time:0.0967409610748
INFO:root:sl:-0.107286029935 sr:0.6867191839 heading:87 velocity:[-0.22, -0.43, -2.72] position:LocationGlobalRelative:lat=55.9415942,lon=-3.1972126,alt=2.674
INFO:root:Angle_optical:-92.2848734401 Distance_optical:76.5472689535 Angle_gps:-87.2410864774 Distance_gps:106.425200263                  elapsed_time:0.0914280414581
INFO:root:sl:-0.0428048341706 sr:0.860113308967 heading:67 velocity:[-0.32, -0.38, -2.58] position:LocationGlobalRelative:lat=55.9415943,lon=-3.1972128,alt=2.765
INFO:root:Angle_optical:-91.5634443835 Distance_optical:77.1473172916 Angle_gps:-87.2410864774 Distance_gps:106.425200263                  elapsed_time:0.0949108600616
INFO:root:sl:0.157195165829 sr:1.06011330897 heading:44 velocity:[-0.53, -0.22, -1.98] position:LocationGlobalRelative:lat=55.9415946,lon=-3.1972125,alt=2.853
INFO:root:Angle_optical:-90.6367687297 Distance_optical:77.6454052075 Angle_gps:-87.2410864774 Distance_gps:106.425200263                  elapsed_time:0.0860891342163
INFO:root:sl:0.357195165829 sr:1.26011330897 heading:44 velocity:[-0.6, -0.07, -1.36] position:LocationGlobalRelative:lat=55.9415949,lon=-3.197212,alt=2.862
INFO:root:Angle_optical:-89.7088745822 Distance_optical:78.2555513506 Angle_gps:-87.2410864774 Distance_gps:106.425200263                  elapsed_time:0.0971298217773
INFO:root:sl:0.220433938283 sr:1.36169312519 heading:32 velocity:[-0.6, -0.04, -0.74] position:LocationGlobalRelative:lat=55.9415955,lon=-3.197211,alt=2.803
INFO:root:Angle_optical:-88.7319220366 Distance_optical:78.4983660868 Angle_gps:-87.2410864774 Distance_gps:106.425200263                  elapsed_time:0.0877389907837
INFO:root:sl:0.0204339382833 sr:1.56169312519 heading:36 velocity:[-0.53, -0.03, -0.49] position:LocationGlobalRelative:lat=55.9415962,lon=-3.1972097,alt=2.7
INFO:root:Angle_optical:-87.7573678515 Distance_optical:78.4487358719 Angle_gps:-87.2410864774 Distance_gps:106.425200263                  elapsed_time:0.0984010696411
INFO:root:sl:-0.107451710493 sr:1.5507466134 heading:49 velocity:[-0.39, -0.03, -0.71] position:LocationGlobalRelative:lat=55.9415969,lon=-3.1972087,alt=2.6
INFO:root:Angle_optical:-86.7888801715 Distance_optical:78.4828825194 Angle_gps:-87.2410864774 Distance_gps:106.425200263                  elapsed_time:0.1001060009
INFO:root:sl:-0.307451710493 sr:1.3507466134 heading:62 velocity:[-0.28, -0.03, -0.99] position:LocationGlobalRelative:lat=55.9415975,lon=-3.1972079,alt=2.549
INFO:root:Angle_optical:-85.8412376835 Distance_optical:78.7533376359 Angle_gps:-87.2042090031 Distance_gps:106.437795788                  elapsed_time:0.103982925415
INFO:root:sl:-0.219901209959 sr:1.1507466134 heading:67 velocity:[-0.34, -0.05, -0.83] position:LocationGlobalRelative:lat=55.9415983,lon=-3.1972073,alt=2.498
INFO:root:Angle_optical:-84.9216708525 Distance_optical:79.2353595102 Angle_gps:-87.1489837406 Distance_gps:106.472296621                  elapsed_time:0.105361938477
INFO:root:sl:-0.388907234582 sr:1.01075069572 heading:73 velocity:[-0.21, -0.13, -0.91] position:LocationGlobalRelative:lat=55.941599,lon=-3.1972069,alt=2.458
INFO:root:Angle_optical:-84.0681523707 Distance_optical:79.9007671285 Angle_gps:-87.1489837406 Distance_gps:106.472296621                  elapsed_time:0.100916147232
INFO:root:sl:-0.323407251825 sr:0.810750695725 heading:76 velocity:[-0.07, -0.21, -0.84] position:LocationGlobalRelative:lat=55.9415999,lon=-3.1972065,alt=2.402
INFO:root:Angle_optical:-83.4277983251 Distance_optical:80.5329208765 Angle_gps:-87.1489837406 Distance_gps:106.472296621                  elapsed_time:0.0945479869843
INFO:root:sl:-0.123407251825 sr:0.991370916245 heading:77 velocity:[-0.12, -0.12, -0.8] position:LocationGlobalRelative:lat=55.9416008,lon=-3.1972061,alt=2.347
INFO:root:Angle_optical:-82.6908584992 Distance_optical:81.3635255118 Angle_gps:-87.1489837406 Distance_gps:106.472296621                  elapsed_time:0.0947058200836
INFO:root:sl:0.0765927481752 sr:0.791370916245 heading:77 velocity:[-0.05, -0.11, -0.73] position:LocationGlobalRelative:lat=55.9416014,lon=-3.1972056,alt=2.296
INFO:root:Angle_optical:-82.1720420734 Distance_optical:82.1300075539 Angle_gps:-87.1489837406 Distance_gps:106.472296621                  elapsed_time:0.0996470451355
INFO:root:sl:0.0365204698392 sr:0.811780246878 heading:77 velocity:[-0.03, -0.09, -0.68] position:LocationGlobalRelative:lat=55.9416018,lon=-3.1972052,alt=2.248
INFO:root:Angle_optical:-81.6301026428 Distance_optical:82.8862980677 Angle_gps:-87.1489837406 Distance_gps:106.472296621                  elapsed_time:0.0948259830475
INFO:root:sl:-0.0607407157289 sr:0.611780246878 heading:77 velocity:[0.02, -0.05, -0.62] position:LocationGlobalRelative:lat=55.9416022,lon=-3.1972047,alt=2.18
INFO:root:Angle_optical:-81.2131760225 Distance_optical:83.43583475 Angle_gps:-87.1489837406 Distance_gps:106.472296621                  elapsed_time:0.0961019992828
INFO:root:sl:0.139259284271 sr:0.811780246878 heading:77 velocity:[0.02, -0.05, -0.56] position:LocationGlobalRelative:lat=55.9416025,lon=-3.1972042,alt=2.124
INFO:root:Angle_optical:-80.7566306601 Distance_optical:84.3092944142 Angle_gps:-87.1489837406 Distance_gps:106.472296621                  elapsed_time:0.0870950222015
INFO:root:sl:-0.0607407157289 sr:1.01178024688 heading:77 velocity:[0.06, -0.05, -0.5] position:LocationGlobalRelative:lat=55.9416026,lon=-3.1972037,alt=2.058
INFO:root:Angle_optical:-80.1014433488 Distance_optical:85.2256828635 Angle_gps:-87.1594245788 Distance_gps:106.498590033                  elapsed_time:0.0948619842529
INFO:root:sl:-0.0270736100067 sr:0.811780246878 heading:77 velocity:[0.08, -0.02, -0.44] position:LocationGlobalRelative:lat=55.9416028,lon=-3.1972032,alt=1.999
INFO:root:Angle_optical:-79.5804810647 Distance_optical:85.977250645 Angle_gps:-87.1839225029 Distance_gps:106.560299838                  elapsed_time:0.102480888367
INFO:root:sl:-0.0469220701799 sr:0.61755380115 heading:77 velocity:[0.09, -0.03, -0.4] position:LocationGlobalRelative:lat=55.9416029,lon=-3.197203,alt=1.947
INFO:root:Angle_optical:-79.1905257835 Distance_optical:86.5534342301 Angle_gps:-87.2097566487 Distance_gps:106.62544858                  elapsed_time:0.0967400074005
INFO:root:sl:-0.0391989858586 sr:0.528151332348 heading:77 velocity:[0.12, -0.01, -0.34] position:LocationGlobalRelative:lat=55.9416029,lon=-3.1972024,alt=1.876
INFO:root:Angle_optical:-78.8613044905 Distance_optical:87.0491134168 Angle_gps:-87.2509335968 Distance_gps:106.729485258                  elapsed_time:0.0978620052338
INFO:root:sl:-0.0261233596801 sr:0.515078885106 heading:77 velocity:[0.13, -0.01, -0.29] position:LocationGlobalRelative:lat=55.9416029,lon=-3.197202,alt=1.818
INFO:root:Angle_optical:-78.5439687907 Distance_optical:87.5350519453 Angle_gps:-87.2956379045 Distance_gps:106.842721029                  elapsed_time:0.090616941452
INFO:root:sl:-0.0248489071726 sr:0.386847378826 heading:77 velocity:[0.15, -0.01, -0.24] position:LocationGlobalRelative:lat=55.9416029,lon=-3.1972017,alt=1.757
INFO:root:Angle_optical:-78.3080329427 Distance_optical:87.9016120421 Angle_gps:-87.3474432586 Distance_gps:106.97432819                  elapsed_time:0.0932919979095
INFO:root:sl:-0.0297767150407 sr:0.379732487917 heading:77 velocity:[0.17, 0.0, -0.2] position:LocationGlobalRelative:lat=55.941603,lon=-3.1972014,alt=1.699
INFO:root:Angle_optical:-78.0784144394 Distance_optical:88.2627437466 Angle_gps:-87.4085370381 Distance_gps:107.130066959                  elapsed_time:0.120496988297
INFO:root:sl:-0.0187544943611 sr:0.320104450307 heading:77 velocity:[0.18, 0.0, -0.15] position:LocationGlobalRelative:lat=55.9416029,lon=-3.197201,alt=1.635
INFO:root:Angle_optical:-77.8863612599 Distance_optical:88.5681612707 Angle_gps:-87.4730221014 Distance_gps:107.295084949                  elapsed_time:0.0728039741516
INFO:root:sl:-0.0195506737149 sr:0.265278204626 heading:77 velocity:[0.19, 0.0, -0.1] position:LocationGlobalRelative:lat=55.9416029,lon=-3.1972007,alt=1.571
INFO:root:Angle_optical:-77.7282400504 Distance_optical:88.8219484553 Angle_gps:-87.5408648067 Distance_gps:107.469402288                  elapsed_time:0.0886099338531
INFO:root:sl:-0.0174722418582 sr:0.247634860184 heading:77 velocity:[0.21, 0.01, -0.06] position:LocationGlobalRelative:lat=55.9416028,lon=-3.1972003,alt=1.502
INFO:root:Angle_optical:-77.5814786722 Distance_optical:89.0594061498 Angle_gps:-87.6177998493 Distance_gps:107.667965154                  elapsed_time:0.0943989753723
INFO:root:sl:-0.0131151063724 sr:0.208691689166 heading:77 velocity:[0.22, 0.01, -0.01] position:LocationGlobalRelative:lat=55.9416028,lon=-3.1972,alt=1.439
INFO:root:Angle_optical:-77.4584257107 Distance_optical:89.2599295285 Angle_gps:-87.6979748394 Distance_gps:107.875895309                  elapsed_time:0.096225976944
INFO:root:sl:-0.0125793181948 sr:0.17712589162 heading:77 velocity:[0.23, 0.01, 0.02] position:LocationGlobalRelative:lat=55.9416027,lon=-3.1971996,alt=1.368
INFO:root:Angle_optical:-77.3544340967 Distance_optical:89.4304130253 Angle_gps:-87.7813482375 Distance_gps:108.093216257                  elapsed_time:0.0999879837036
INFO:root:sl:-0.0105266266591 sr:0.160219992064 heading:77 velocity:[0.24, 0.02, 0.06] position:LocationGlobalRelative:lat=55.9416026,lon=-3.1971993,alt=1.311
INFO:root:Angle_optical:-77.2607215142 Distance_optical:89.5848527088 Angle_gps:-87.8700679714 Distance_gps:108.325708747                  elapsed_time:0.107662916183
INFO:root:sl:-0.00929028561994 sr:0.134561877107 heading:77 velocity:[0.25, 0.02, 0.11] position:LocationGlobalRelative:lat=55.9416025,lon=-3.197199,alt=1.222
INFO:root:Angle_optical:-77.1822748029 Distance_optical:89.71472625 Angle_gps:-87.9618786808 Distance_gps:108.56765294                  elapsed_time:0.0858690738678
INFO:root:sl:-0.00817013275245 sr:0.118431378013 heading:77 velocity:[0.27, 0.02, 0.16] position:LocationGlobalRelative:lat=55.9416025,lon=-3.1971988,alt=1.15
INFO:root:Angle_optical:-77.1134264104 Distance_optical:89.8291562439 Angle_gps:-88.0602058909 Distance_gps:108.828306555                  elapsed_time:0.10678601265
INFO:root:sl:-0.00730001216835 sr:0.104439307752 heading:77 velocity:[0.28, 0.03, 0.2] position:LocationGlobalRelative:lat=55.9416023,lon=-3.1971985,alt=1.072
INFO:root:Angle_optical:-77.0528628427 Distance_optical:89.9301634948 Angle_gps:-88.1636520346 Distance_gps:109.10426008                  elapsed_time:0.105453968048
INFO:root:sl:-0.00582143375929 sr:0.0886215987076 heading:77 velocity:[0.28, 0.03, 0.23] position:LocationGlobalRelative:lat=55.9416022,lon=-3.1971983,alt=1.012
INFO:root:Angle_optical:-77.0015823667 Distance_optical:90.0159435378 Angle_gps:-88.2665499806 Distance_gps:109.380526687                  elapsed_time:0.0946829319
INFO:root:sl:-0.00531818971714 sr:0.0775298789592 heading:77 velocity:[0.29, 0.03, 0.27] position:LocationGlobalRelative:lat=55.9416021,lon=-3.1971981,alt=0.94
INFO:root:Angle_optical:-76.9568030958 Distance_optical:90.0910405414 Angle_gps:-88.3723199288 Distance_gps:109.66636642                  elapsed_time:0.0894289016724
INFO:root:sl:-0.00405096841148 sr:0.0688947728508 heading:77 velocity:[0.3, 0.03, 0.3] position:LocationGlobalRelative:lat=55.9416019,lon=-3.1971979,alt=0.883
INFO:root:Angle_optical:-76.9170761434 Distance_optical:90.1578148117 Angle_gps:-88.4809093746 Distance_gps:109.961807779                  elapsed_time:0.0918710231781
INFO:root:sl:-0.00422164716516 sr:0.0575122614074 heading:77 velocity:[0.3, 0.03, 0.34] position:LocationGlobalRelative:lat=55.9416017,lon=-3.1971976,alt=0.811
INFO:root:Angle_optical:-76.8839594114 Distance_optical:90.2135866671 Angle_gps:-88.5888870073 Distance_gps:110.257594387                  elapsed_time:0.0933480262756
INFO:root:sl:-0.00315877020851 sr:0.0511262410984 heading:77 velocity:[0.31, 0.04, 0.38] position:LocationGlobalRelative:lat=55.9416016,lon=-3.1971974,alt=0.741
INFO:root:Angle_optical:-76.8545555057 Distance_optical:90.2631884324 Angle_gps:-88.7017141787 Distance_gps:110.568827246                  elapsed_time:0.0933229923248
INFO:root:sl:-0.00272006963033 sr:0.0449444527281 heading:77 velocity:[0.31, 0.04, 0.41] position:LocationGlobalRelative:lat=55.9416013,lon=-3.1971972,alt=0.668
INFO:root:Angle_optical:-76.8287345533 Distance_optical:90.3068103316 Angle_gps:-88.8138749652 Distance_gps:110.880432941                  elapsed_time:0.0941967964172
INFO:root:sl:-0.00277598258715 sr:0.0382599893987 heading:77 velocity:[0.32, 0.04, 0.45] position:LocationGlobalRelative:lat=55.9416011,lon=-3.197197,alt=0.599
INFO:root:Angle_optical:-76.8067742508 Distance_optical:90.3439574155 Angle_gps:-88.928692397 Distance_gps:111.201725598                  elapsed_time:0.100079059601
INFO:root:sl:-0.00221393766038 sr:0.0336716816181 heading:77 velocity:[0.32, 0.04, 0.47] position:LocationGlobalRelative:lat=55.941601,lon=-3.1971969,alt=0.541
INFO:root:Angle_optical:-76.7874630103 Distance_optical:90.3766594924 Angle_gps:-89.042813287 Distance_gps:111.523404461                  elapsed_time:0.099151134491
INFO:root:sl:-0.0016578045786 sr:0.0297651663322 heading:77 velocity:[0.32, 0.04, 0.5] position:LocationGlobalRelative:lat=55.9416006,lon=-3.1971968,alt=0.473
INFO:root:Angle_optical:-76.77040428 Distance_optical:90.4055752031 Angle_gps:-89.1562427662 Distance_gps:111.845464918                  elapsed_time:0.0981290340424
INFO:root:sl:-0.00159535414252 sr:0.0251954804534 heading:77 velocity:[0.32, 0.04, 0.53] position:LocationGlobalRelative:lat=55.9416005,lon=-3.1971966,alt=0.406
INFO:root:Angle_optical:-76.7559733246 Distance_optical:90.4300572494 Angle_gps:-89.2689859281 Distance_gps:112.167902398                  elapsed_time:0.0876941680908
INFO:root:sl:-0.00125586295455 sr:0.0223095630297 heading:77 velocity:[0.32, 0.04, 0.56] position:LocationGlobalRelative:lat=55.9416001,lon=-3.1971964,alt=0.342
INFO:root:Angle_optical:-76.7432020675 Distance_optical:90.4517393843 Angle_gps:-89.3810478294 Distance_gps:112.490712372                  elapsed_time:0.0999670028687
INFO:root:sl:-0.00133413974137 sr:0.0189791343642 heading:76 velocity:[0.32, 0.03, 0.58] position:LocationGlobalRelative:lat=55.9415999,lon=-3.1971963,alt=0.289
INFO:root:Angle_optical:-76.7321917628 Distance_optical:90.4700078965 Angle_gps:-89.4895933665 Distance_gps:112.813700141                  elapsed_time:0.0949339866638
INFO:root:sl:-0.00125784821146 sr:0.0166914170863 heading:76 velocity:[0.32, 0.03, 0.61] position:LocationGlobalRelative:lat=55.9415995,lon=-3.1971961,alt=0.224
INFO:root:Angle_optical:-76.7224504234 Distance_optical:90.4860272414 Angle_gps:-89.5968686425 Distance_gps:113.138503323                  elapsed_time:0.0850689411163
INFO:root:sl:-0.0013483558576 sr:0.0138707661119 heading:76 velocity:[0.32, 0.03, 0.64] position:LocationGlobalRelative:lat=55.9415994,lon=-3.1971959,alt=0.163
INFO:root:Angle_optical:-76.7143374534 Distance_optical:90.4993086511 Angle_gps:-89.703083671 Distance_gps:113.464148108                  elapsed_time:0.0960040092468
INFO:root:sl:-0.000796537306973 sr:0.0130196470365 heading:76 velocity:[0.32, 0.03, 0.66] position:LocationGlobalRelative:lat=55.941599,lon=-3.1971957,alt=0.106
INFO:root:Angle_optical:-76.7067146632 Distance_optical:90.5117702355 Angle_gps:-89.8085479077 Distance_gps:113.79042821                  elapsed_time:0.0972940921783
INFO:root:sl:-0.00133166843148 sr:0.0104407234341 heading:76 velocity:[0.32, 0.03, 0.68] position:LocationGlobalRelative:lat=55.9415989,lon=-3.1971956,alt=0.06
INFO:root:Angle_optical:-76.7006004248 Distance_optical:90.5217585909 Angle_gps:-89.913280612 Distance_gps:114.117118803                  elapsed_time:0.0932338237762
