INFO:root:Resolotion:324,243
INFO:root:sl:0.0050111887127 sr:0.00481248327179 heading:39 velocity:[0.08, -0.05, 0.02] position:LocationGlobalRelative:lat=55.9408398,lon=-3.1929716,alt=-0.57
INFO:root:Angle_optical:-42.7850676035 Distance_optical:0.00337732106122 Angle_gps:-86.6262920588 Distance_gps:0.0103038603078                  elapsed_time:0.096971988678
INFO:root:sl:0.00125279717817 sr:0.00120312081795 heading:39 velocity:[0.08, -0.05, 0.02] position:LocationGlobalRelative:lat=55.9408398,lon=-3.1929716,alt=-0.57
INFO:root:Angle_optical:-42.4906530275 Distance_optical:0.00404046742833 Angle_gps:-85.837202452 Distance_gps:0.0183977204341                  elapsed_time:0.140604019165
INFO:root:sl:0.00156599647272 sr:0.00150390102243 heading:39 velocity:[0.08, -0.05, 0.02] position:LocationGlobalRelative:lat=55.9408398,lon=-3.1929716,alt=-0.57
INFO:root:Angle_optical:-42.7685874963 Distance_optical:0.0060765403287 Angle_gps:-86.5248909564 Distance_gps:0.0382744728658                  elapsed_time:0.134490013123
INFO:root:sl:0.0019574955909 sr:0.00187987627804 heading:39 velocity:[0.08, -0.05, 0.02] position:LocationGlobalRelative:lat=55.9408398,lon=-3.1929716,alt=-0.57
INFO:root:Angle_optical:-42.4818917537 Distance_optical:0.00836835258266 Angle_gps:-86.218378556 Distance_gps:0.0561746590034                  elapsed_time:0.131029844284
INFO:root:sl:0.00111316000293 sr:0.000989662509658 heading:39 velocity:[0.08, -0.05, 0.02] position:LocationGlobalRelative:lat=55.9408398,lon=-3.1929716,alt=-0.57
INFO:root:Angle_optical:-43.120302939 Distance_optical:0.0102722139767 Angle_gps:-86.6560798808 Distance_gps:0.0833036200089                  elapsed_time:0.14230799675
INFO:root:sl:0.00115916301664 sr:0.00109335995253 heading:39 velocity:[0.08, -0.05, 0.02] position:LocationGlobalRelative:lat=55.9408398,lon=-3.1929716,alt=-0.57
INFO:root:Angle_optical:-43.0575207123 Distance_optical:0.0121777008405 Angle_gps:-86.5136955975 Distance_gps:0.108650929212                  elapsed_time:0.133015155792
INFO:root:sl:0.00105745465262 sr:0.000990724685059 heading:39 velocity:[0.08, -0.05, 0.03] position:LocationGlobalRelative:lat=55.9408401,lon=-3.192971,alt=-0.58
INFO:root:Angle_optical:-43.1488225933 Distance_optical:0.0141539141027 Angle_gps:-86.5834009193 Distance_gps:0.13756067734                  elapsed_time:0.141941070557
INFO:root:sl:0.000832444418045 sr:0.000768436786813 heading:39 velocity:[0.08, -0.05, 0.03] position:LocationGlobalRelative:lat=55.9408401,lon=-3.192971,alt=-0.58
INFO:root:Angle_optical:-43.1550821943 Distance_optical:0.0156305427296 Angle_gps:-86.4733593481 Distance_gps:0.165187566515                  elapsed_time:0.173580884933
INFO:root:sl:0.000762265521824 sr:0.000713130356101 heading:39 velocity:[0.08, -0.05, 0.03] position:LocationGlobalRelative:lat=55.9408401,lon=-3.192971,alt=-0.58
INFO:root:Angle_optical:-43.1519857392 Distance_optical:0.0170486950126 Angle_gps:-86.4343275973 Distance_gps:0.193985413639                  elapsed_time:0.1344871521
INFO:root:sl:0.000663041148121 sr:0.000618072956993 heading:39 velocity:[0.08, -0.05, 0.03] position:LocationGlobalRelative:lat=55.9408401,lon=-3.192971,alt=-0.58
INFO:root:Angle_optical:-43.1305129314 Distance_optical:0.0182551484758 Angle_gps:-86.3559159509 Distance_gps:0.222197167983                  elapsed_time:0.131120920181
INFO:root:sl:0.000564437771997 sr:0.000524910024977 heading:39 velocity:[0.08, -0.05, 0.03] position:LocationGlobalRelative:lat=55.9408401,lon=-3.192971,alt=-0.58
INFO:root:Angle_optical:-43.1244618849 Distance_optical:0.0192962584518 Angle_gps:-86.3084703858 Distance_gps:0.250827420537                  elapsed_time:0.136431932449
INFO:root:sl:0.000497436110486 sr:0.000464028334518 heading:39 velocity:[0.08, -0.05, 0.03] position:LocationGlobalRelative:lat=55.9408401,lon=-3.192971,alt=-0.58
INFO:root:Angle_optical:-43.1090658242 Distance_optical:0.0202074633178 Angle_gps:-86.2560526552 Distance_gps:0.279219847879                  elapsed_time:0.135650157928
INFO:root:sl:0.000985762259636 sr:-0.000284847974755 heading:39 velocity:[0.08, -0.05, 0.03] position:LocationGlobalRelative:lat=55.9408401,lon=-3.192971,alt=-0.58
INFO:root:Angle_optical:-45.5447462815 Distance_optical:0.0212017421044 Angle_gps:-86.2181478048 Distance_gps:0.307768426908                  elapsed_time:0.135817050934
INFO:root:sl:0.00051190903553 sr:0.000176022596185 heading:39 velocity:[0.07, -0.05, 0.03] position:LocationGlobalRelative:lat=55.9408406,lon=-3.1929705,alt=-0.59
INFO:root:Angle_optical:-46.2351901039 Distance_optical:0.0218805196625 Angle_gps:-86.1861527382 Distance_gps:0.332886130001                  elapsed_time:0.132749080658
INFO:root:sl:0.000498776851413 sr:8.8800738987e-05 heading:39 velocity:[0.07, -0.05, 0.03] position:LocationGlobalRelative:lat=55.9408406,lon=-3.1929705,alt=-0.59
INFO:root:Angle_optical:-47.0903838019 Distance_optical:0.022476271109 Angle_gps:-86.160222238 Distance_gps:0.358056175248                  elapsed_time:0.175678014755
INFO:root:sl:0.000499112036644 sr:-5.00615989576e-06 heading:39 velocity:[0.07, -0.05, 0.03] position:LocationGlobalRelative:lat=55.9408406,lon=-3.1929705,alt=-0.59
INFO:root:Angle_optical:-48.1349226831 Distance_optical:0.0230033784957 Angle_gps:-86.1364539111 Distance_gps:0.383194378102                  elapsed_time:0.13334107399
INFO:root:sl:0.000377449480897 sr:6.4954293819e-05 heading:39 velocity:[0.07, -0.05, 0.03] position:LocationGlobalRelative:lat=55.9408406,lon=-3.1929705,alt=-0.59
INFO:root:Angle_optical:-48.7236295429 Distance_optical:0.0234597057328 Angle_gps:-86.1161830997 Distance_gps:0.40835261334                  elapsed_time:0.142902135849
INFO:root:sl:0.000343834592238 sr:3.71872182276e-05 heading:39 velocity:[0.07, -0.05, 0.03] position:LocationGlobalRelative:lat=55.9408406,lon=-3.1929705,alt=-0.59
INFO:root:Angle_optical:-49.29688504 Distance_optical:0.023859705861 Angle_gps:-86.097859429 Distance_gps:0.433498591606                  elapsed_time:0.133635997772
INFO:root:sl:0.000305099027445 sr:2.42838380377e-05 heading:39 velocity:[0.07, -0.05, 0.03] position:LocationGlobalRelative:lat=55.9408406,lon=-3.1929705,alt=-0.59
INFO:root:Angle_optical:-49.8122881935 Distance_optical:0.0242097894334 Angle_gps:-86.0817497 Distance_gps:0.458652266407                  elapsed_time:0.135453939438
INFO:root:sl:0.000256595775145 sr:3.16063375211e-05 heading:39 velocity:[0.07, -0.05, 0.03] position:LocationGlobalRelative:lat=55.9408406,lon=-3.1929705,alt=-0.59
INFO:root:Angle_optical:-50.2056388447 Distance_optical:0.0245143936221 Angle_gps:-86.0671792264 Distance_gps:0.483801238093                  elapsed_time:0.137568950653
INFO:root:sl:0.000226382348707 sr:2.32693484466e-05 heading:39 velocity:[0.07, -0.05, 0.03] position:LocationGlobalRelative:lat=55.9408411,lon=-3.19297,alt=-0.59
INFO:root:Angle_optical:-50.5564010052 Distance_optical:0.0247805153615 Angle_gps:-86.0541216938 Distance_gps:0.5089531757                  elapsed_time:0.136565208435
INFO:root:sl:0.000197019287824 sr:1.97898810013e-05 heading:39 velocity:[0.07, -0.05, 0.03] position:LocationGlobalRelative:lat=55.9408411,lon=-3.19297,alt=-0.59
INFO:root:Angle_optical:-50.856716865 Distance_optical:0.025012490688 Angle_gps:-86.0422474861 Distance_gps:0.534103314522                  elapsed_time:0.179584980011
INFO:root:sl:0.000169999352919 sr:1.86663917423e-05 heading:39 velocity:[0.07, -0.05, 0.03] position:LocationGlobalRelative:lat=55.9408411,lon=-3.19297,alt=-0.59
INFO:root:Angle_optical:-51.1074203611 Distance_optical:0.0252144197173 Angle_gps:-86.0314672597 Distance_gps:0.559254600661                  elapsed_time:0.138288021088
INFO:root:sl:0.000148350247363 sr:1.54314052975e-05 heading:39 velocity:[0.07, -0.05, 0.03] position:LocationGlobalRelative:lat=55.9408411,lon=-3.19297,alt=-0.59
INFO:root:Angle_optical:-51.3250719224 Distance_optical:0.0253903649726 Angle_gps:-86.0215987831 Distance_gps:0.584405202251                  elapsed_time:0.139055967331
INFO:root:sl:0.000128842222026 sr:1.34719195103e-05 heading:39 velocity:[0.07, -0.05, 0.03] position:LocationGlobalRelative:lat=55.9408411,lon=-3.19297,alt=-0.59
INFO:root:Angle_optical:-51.511498006 Distance_optical:0.0255435220547 Angle_gps:-86.0125539299 Distance_gps:0.609556250415                  elapsed_time:0.140790939331
INFO:root:sl:0.000111797955577 sr:1.18924291375e-05 heading:39 velocity:[0.07, -0.05, 0.03] position:LocationGlobalRelative:lat=55.9408411,lon=-3.19297,alt=-0.59
INFO:root:Angle_optical:-51.6709529027 Distance_optical:0.0256767866211 Angle_gps:-86.0042202177 Distance_gps:0.634707040334                  elapsed_time:0.0735778808594
INFO:root:sl:9.72476062415e-05 sr:1.01989384863e-05 heading:39 velocity:[0.07, -0.05, 0.03] position:LocationGlobalRelative:lat=55.9408411,lon=-3.19297,alt=-0.59
INFO:root:Angle_optical:-51.8086760874 Distance_optical:0.025792758324 Angle_gps:-85.9965251008 Distance_gps:0.659858005865                  elapsed_time:0.163648843765
INFO:root:sl:1.46018972457e-05 sr:-0.000129680451819 heading:39 velocity:[0.07, -0.05, 0.03] position:LocationGlobalRelative:lat=55.9408411,lon=-3.19297,alt=-0.59
INFO:root:Angle_optical:-51.8330382184 Distance_optical:0.025809034178 Angle_gps:-85.989393033 Distance_gps:0.685008875448                  elapsed_time:0.141582965851
INFO:root:sl:3.6287832377e-05 sr:0.000280365185106 heading:39 velocity:[0.06, -0.06, 0.03] position:LocationGlobalRelative:lat=55.9408414,lon=-3.1929697,alt=-0.59
INFO:root:Angle_optical:-51.2058084545 Distance_optical:0.0260616244844 Angle_gps:-85.9835305282 Distance_gps:0.707168996193                  elapsed_time:0.157510995865
INFO:root:sl:3.70343339661e-05 sr:4.02209179433e-05 heading:39 velocity:[0.06, -0.06, 0.03] position:LocationGlobalRelative:lat=55.9408414,lon=-3.1929697,alt=-0.59
INFO:root:Angle_optical:-51.1702050269 Distance_optical:0.0261333062938 Angle_gps:-85.9780236332 Distance_gps:0.729329085868                  elapsed_time:0.136197090149
INFO:root:sl:2.19810158972e-05 sr:4.77264128075e-05 heading:39 velocity:[0.06, -0.06, 0.03] position:LocationGlobalRelative:lat=55.9408414,lon=-3.1929697,alt=-0.59
INFO:root:Angle_optical:-51.0914700987 Distance_optical:0.0261941019938 Angle_gps:-85.9728418909 Distance_gps:0.751489200441                  elapsed_time:0.13768196106
INFO:root:sl:2.38257955601e-05 sr:9.20781289642e-05 heading:39 velocity:[0.06, -0.06, 0.03] position:LocationGlobalRelative:lat=55.9408414,lon=-3.1929697,alt=-0.59
INFO:root:Angle_optical:-50.9094818878 Distance_optical:0.0262910418917 Angle_gps:-85.9679567584 Distance_gps:0.773649304137                  elapsed_time:0.145425081253
INFO:root:sl:2.07102863558e-05 sr:4.50063649287e-05 heading:39 velocity:[0.06, -0.06, 0.03] position:LocationGlobalRelative:lat=55.9408414,lon=-3.1929697,alt=-0.59
INFO:root:Angle_optical:-50.8362071386 Distance_optical:0.0263485049496 Angle_gps:-85.9633438209 Distance_gps:0.795809418156                  elapsed_time:0.137677192688
INFO:root:sl:1.66292744533e-05 sr:4.62027266751e-05 heading:39 velocity:[0.06, -0.06, 0.03] position:LocationGlobalRelative:lat=55.9408414,lon=-3.1929697,alt=-0.59
INFO:root:Angle_optical:-50.753559272 Distance_optical:0.0264024430797 Angle_gps:-85.9589807365 Distance_gps:0.81796952847                  elapsed_time:0.151330947876
INFO:root:sl:1.52913390923e-05 sr:4.5821805142e-05 heading:39 velocity:[0.06, -0.06, 0.03] position:LocationGlobalRelative:lat=55.9408414,lon=-3.1929697,alt=-0.59
INFO:root:Angle_optical:-50.6699140833 Distance_optical:0.0264546704375 Angle_gps:-85.9548478664 Distance_gps:0.840129642968                  elapsed_time:0.139935016632
INFO:root:sl:0.000237188077763 sr:-2.42439898531e-05 heading:39 velocity:[0.05, -0.06, 0.03] position:LocationGlobalRelative:lat=55.9408416,lon=-3.1929695,alt=-0.59
INFO:root:Angle_optical:-51.0634039777 Distance_optical:0.0267160472789 Angle_gps:-85.9515056976 Distance_gps:0.858947671103                  elapsed_time:0.154196977615
INFO:root:sl:-8.18759165484e-05 sr:-7.58930522104e-05 heading:39 velocity:[0.05, -0.06, 0.03] position:LocationGlobalRelative:lat=55.9408416,lon=-3.1929695,alt=-0.59
INFO:root:Angle_optical:-51.0634039777 Distance_optical:0.0267160472789 Angle_gps:-85.9483068422 Distance_gps:0.877765700421                  elapsed_time:0.139472961426
INFO:root:sl:4.26508750767e-05 sr:-1.35788092304e-05 heading:39 velocity:[0.05, -0.06, 0.03] position:LocationGlobalRelative:lat=55.9408416,lon=-3.1929695,alt=-0.59
INFO:root:Angle_optical:-51.1333446857 Distance_optical:0.0267631798722 Angle_gps:-85.9452422513 Distance_gps:0.896583728995                  elapsed_time:0.136470794678
INFO:root:sl:4.94907590728e-05 sr:-2.84289628234e-05 heading:39 velocity:[0.05, -0.06, 0.03] position:LocationGlobalRelative:lat=55.9408416,lon=-3.1929695,alt=-0.59
INFO:root:Angle_optical:-51.2141934409 Distance_optical:0.0268179208758 Angle_gps:-85.9423036597 Distance_gps:0.915401757653                  elapsed_time:0.148626089096
INFO:root:sl:2.56642940029e-06 sr:-2.9475206066e-05 heading:39 velocity:[0.05, -0.06, 0.03] position:LocationGlobalRelative:lat=55.9408416,lon=-3.1929695,alt=-0.59
INFO:root:Angle_optical:-51.2183769913 Distance_optical:0.026820761019 Angle_gps:-85.939483444 Distance_gps:0.934219785538                  elapsed_time:0.134823799133
INFO:root:sl:0.0002653255477 sr:-0.000205314240236 heading:39 velocity:[0.05, -0.06, 0.03] position:LocationGlobalRelative:lat=55.9408416,lon=-3.1929695,alt=-0.59
INFO:root:Angle_optical:-51.6461485816 Distance_optical:0.0271151470619 Angle_gps:-85.9367745976 Distance_gps:0.95303781286                  elapsed_time:0.149375915527
INFO:root:sl:-2.48660491501e-05 sr:-0.000186401191408 heading:39 velocity:[0.05, -0.06, 0.03] position:LocationGlobalRelative:lat=55.9408416,lon=-3.1929695,alt=-0.59
INFO:root:Angle_optical:-51.6461485816 Distance_optical:0.0271151470619 Angle_gps:-85.9341706477 Distance_gps:0.971855839182                  elapsed_time:0.142618894577
