INFO:root:Resolution: 320*240
INFO:root:sl:-0.0192873220065 sr:-0.0487444666945 heading:334 velocity:[0.0, 0.0, 0.0] position:LocationGlobalRelative:lat=0.0,lon=0.0,alt=-1.43
INFO:root:Angle_optical:0.0 Distance_optical:0.0 Angle_gps:0.0 Distance_gps:0.0                  elapsed_time:0.118079900742
INFO:root:sl:-0.00392024545496 sr:-0.0152093434487 heading:334 velocity:[0.0, 0.0, 0.0] position:LocationGlobalRelative:lat=0.0,lon=0.0,alt=-1.43
INFO:root:Angle_optical:0.0 Distance_optical:0.0 Angle_gps:0.0 Distance_gps:0.0                  elapsed_time:0.184224843979
INFO:root:sl:-0.00580189186536 sr:-0.0159884525358 heading:334 velocity:[0.0, 0.0, 0.0] position:LocationGlobalRelative:lat=0.0,lon=0.0,alt=-1.43
INFO:root:Angle_optical:0.0 Distance_optical:0.0 Angle_gps:0.0 Distance_gps:0.0                  elapsed_time:0.234007835388
INFO:root:sl:-0.0072523648317 sr:-0.0199855656698 heading:334 velocity:[0.0, 0.0, 0.0] position:LocationGlobalRelative:lat=0.0,lon=0.0,alt=-1.43
INFO:root:Angle_optical:0.0 Distance_optical:0.0 Angle_gps:0.0 Distance_gps:0.0                  elapsed_time:0.264187097549
INFO:root:sl:-0.00424362553801 sr:-0.0127958404136 heading:334 velocity:[0.0, 0.0, 0.0] position:LocationGlobalRelative:lat=0.0,lon=0.0,alt=-1.43
INFO:root:Angle_optical:0.0 Distance_optical:0.0 Angle_gps:0.0 Distance_gps:0.0                  elapsed_time:0.181684017181
INFO:root:sl:-0.00432447055877 sr:-0.0121924646548 heading:334 velocity:[0.0, 0.0, 0.0] position:LocationGlobalRelative:lat=0.0,lon=0.0,alt=-1.43
INFO:root:Angle_optical:0.0 Distance_optical:0.0 Angle_gps:0.0 Distance_gps:0.0                  elapsed_time:0.184589147568
INFO:root:sl:-0.00395511523212 sr:-0.0112434676845 heading:334 velocity:[0.0, 0.0, 0.0] position:LocationGlobalRelative:lat=0.0,lon=0.0,alt=-1.43
INFO:root:Angle_optical:0.0 Distance_optical:0.0 Angle_gps:0.0 Distance_gps:0.0                  elapsed_time:0.236043930054
INFO:root:sl:-0.00313080283222 sr:-0.00905794318822 heading:334 velocity:[0.0, 0.0, 0.0] position:LocationGlobalRelative:lat=0.0,lon=0.0,alt=-1.43
INFO:root:Angle_optical:0.0 Distance_optical:0.0 Angle_gps:0.0 Distance_gps:0.0                  elapsed_time:0.229144096375
INFO:root:sl:-0.00285259715578 sr:-0.00812346888188 heading:334 velocity:[0.0, 0.0, 0.0] position:LocationGlobalRelative:lat=0.0,lon=0.0,alt=-1.43
INFO:root:Angle_optical:0.0 Distance_optical:0.0 Angle_gps:0.0 Distance_gps:0.0                  elapsed_time:0.185653924942
INFO:root:sl:-0.00248462880503 sr:-0.00710621993866 heading:334 velocity:[0.0, 0.0, 0.0] position:LocationGlobalRelative:lat=0.0,lon=0.0,alt=-1.43
INFO:root:Angle_optical:0.0 Distance_optical:0.0 Angle_gps:0.0 Distance_gps:0.0                  elapsed_time:0.233683109283
INFO:root:sl:-0.00211700719826 sr:-0.00607190800219 heading:334 velocity:[0.0, 0.0, 0.0] position:LocationGlobalRelative:lat=0.0,lon=0.0,alt=-1.43
INFO:root:Angle_optical:0.0 Distance_optical:0.0 Angle_gps:0.0 Distance_gps:0.0                  elapsed_time:0.18470788002
INFO:root:sl:-0.00186355828977 sr:-0.00532539920568 heading:334 velocity:[0.0, 0.0, 0.0] position:LocationGlobalRelative:lat=0.0,lon=0.0,alt=-1.43
INFO:root:Angle_optical:0.0 Distance_optical:0.0 Angle_gps:0.0 Distance_gps:0.0                  elapsed_time:0.217497825623
INFO:root:sl:-0.00108922594564 sr:-0.00682370290543 heading:334 velocity:[0.0, 0.0, 0.0] position:LocationGlobalRelative:lat=0.0,lon=0.0,alt=-1.43
INFO:root:Angle_optical:0.0 Distance_optical:0.0 Angle_gps:0.0 Distance_gps:0.0                  elapsed_time:0.180131912231
INFO:root:sl:-0.00126744785842 sr:-0.00455525252833 heading:334 velocity:[0.0, 0.0, 0.0] position:LocationGlobalRelative:lat=0.0,lon=0.0,alt=-1.43
INFO:root:Angle_optical:0.0 Distance_optical:0.0 Angle_gps:0.0 Distance_gps:0.0                  elapsed_time:0.186256885529
INFO:root:sl:-0.00105505802346 sr:-0.00417608865986 heading:334 velocity:[0.0, 0.0, 0.0] position:LocationGlobalRelative:lat=0.0,lon=0.0,alt=-1.44
INFO:root:Angle_optical:0.0 Distance_optical:0.0 Angle_gps:0.0 Distance_gps:0.0                  elapsed_time:0.231817007065
INFO:root:sl:-0.000852932956879 sr:-0.0038887610234 heading:334 velocity:[0.0, 0.0, 0.0] position:LocationGlobalRelative:lat=0.0,lon=0.0,alt=-1.44
INFO:root:Angle_optical:0.0 Distance_optical:0.0 Angle_gps:0.0 Distance_gps:0.0                  elapsed_time:0.267031908035
INFO:root:sl:-0.000793859709688 sr:-0.0031550255529 heading:334 velocity:[0.0, 0.0, 0.0] position:LocationGlobalRelative:lat=0.0,lon=0.0,alt=-1.44
INFO:root:Angle_optical:0.0 Distance_optical:0.0 Angle_gps:0.0 Distance_gps:0.0                  elapsed_time:0.181277990341
INFO:root:sl:-0.000392726530343 sr:-0.00433682423255 heading:334 velocity:[0.0, 0.0, 0.0] position:LocationGlobalRelative:lat=0.0,lon=0.0,alt=-1.44
INFO:root:Angle_optical:0.0 Distance_optical:0.0 Angle_gps:0.0 Distance_gps:0.0                  elapsed_time:0.233940124512
INFO:root:sl:-0.000509879799228 sr:-0.00284515270221 heading:334 velocity:[0.0, 0.0, 0.0] position:LocationGlobalRelative:lat=0.0,lon=0.0,alt=-1.45
INFO:root:Angle_optical:0.0 Distance_optical:0.0 Angle_gps:0.0 Distance_gps:0.0                  elapsed_time:0.182997941971
INFO:root:sl:-0.000424116509815 sr:-0.00258425062192 heading:334 velocity:[0.0, 0.0, 0.0] position:LocationGlobalRelative:lat=0.0,lon=0.0,alt=-1.45
INFO:root:Angle_optical:0.0 Distance_optical:0.0 Angle_gps:0.0 Distance_gps:0.0                  elapsed_time:0.233473062515
INFO:root:sl:-0.000331680709846 sr:-0.00244155688917 heading:334 velocity:[0.0, 0.0, 0.0] position:LocationGlobalRelative:lat=0.0,lon=0.0,alt=-1.45
INFO:root:Angle_optical:0.0 Distance_optical:0.0 Angle_gps:0.0 Distance_gps:0.0                  elapsed_time:0.235839128494
INFO:root:sl:0.000160634659121 sr:-0.00404852580498 heading:334 velocity:[0.0, 0.0, 0.0] position:LocationGlobalRelative:lat=0.0,lon=0.0,alt=-1.45
INFO:root:Angle_optical:-18.2633211167 Distance_optical:0.000222539049573 Angle_gps:0.0 Distance_gps:0.0                  elapsed_time:0.180382966995
INFO:root:sl:-0.000148790640135 sr:-0.00226858332902 heading:334 velocity:[0.0, 0.0, 0.0] position:LocationGlobalRelative:lat=0.0,lon=0.0,alt=-1.45
INFO:root:Angle_optical:-18.2633211167 Distance_optical:0.000222539049573 Angle_gps:0.0 Distance_gps:0.0                  elapsed_time:0.233685970306
INFO:root:sl:-7.99591727151e-05 sr:-0.00218966650579 heading:334 velocity:[0.0, 0.0, 0.0] position:LocationGlobalRelative:lat=0.0,lon=0.0,alt=-1.46
INFO:root:Angle_optical:-18.2633211167 Distance_optical:0.000222539049573 Angle_gps:0.0 Distance_gps:0.0                  elapsed_time:0.310543060303
INFO:root:sl:-1.70287884323e-05 sr:-0.00212669390995 heading:334 velocity:[0.0, 0.0, 0.0] position:LocationGlobalRelative:lat=0.0,lon=0.0,alt=-1.46
INFO:root:Angle_optical:-18.2633211167 Distance_optical:0.000222539049573 Angle_gps:0.0 Distance_gps:0.0                  elapsed_time:0.184206008911
INFO:root:sl:-6.14446503206e-05 sr:-0.00164623593619 heading:334 velocity:[0.0, 0.0, 0.0] position:LocationGlobalRelative:lat=0.0,lon=0.0,alt=-1.46
INFO:root:Angle_optical:-18.2633211167 Distance_optical:0.000222539049573 Angle_gps:0.0 Distance_gps:0.0                  elapsed_time:0.233199834824
INFO:root:sl:-3.9608152867e-05 sr:-0.00149064908798 heading:334 velocity:[0.0, 0.0, 0.0] position:LocationGlobalRelative:lat=0.0,lon=0.0,alt=-1.46
INFO:root:Angle_optical:-18.2633211167 Distance_optical:0.000222539049573 Angle_gps:0.0 Distance_gps:0.0                  elapsed_time:0.185194969177
INFO:root:sl:0.000242903074816 sr:-0.00272157962573 heading:334 velocity:[0.0, 0.0, 0.0] position:LocationGlobalRelative:lat=0.0,lon=0.0,alt=-1.44
INFO:root:Angle_optical:-18.2632302472 Distance_optical:0.000559052915646 Angle_gps:0.0 Distance_gps:0.0                  elapsed_time:0.244332790375
INFO:root:sl:3.54625679072e-05 sr:-0.00146461616247 heading:334 velocity:[0.0, 0.0, 0.0] position:LocationGlobalRelative:lat=0.0,lon=0.0,alt=-1.44
INFO:root:Angle_optical:-18.2632247152 Distance_optical:0.000608182183279 Angle_gps:0.0 Distance_gps:0.0                  elapsed_time:0.231812953949
INFO:root:sl:5.96893724642e-05 sr:-0.00141921121905 heading:334 velocity:[0.0, 0.0, 0.0] position:LocationGlobalRelative:lat=0.0,lon=0.0,alt=-1.44
INFO:root:Angle_optical:-18.2632177506 Distance_optical:0.000690874856887 Angle_gps:0.0 Distance_gps:0.0                  elapsed_time:0.186003923416
INFO:root:sl:8.4513753797e-05 sr:-0.00140135175181 heading:334 velocity:[0.0, 0.0, 0.0] position:LocationGlobalRelative:lat=0.0,lon=0.0,alt=-1.44
INFO:root:Angle_optical:-18.2632099391 Distance_optical:0.000807958833231 Angle_gps:0.0 Distance_gps:0.0                  elapsed_time:0.184880018234
INFO:root:sl:4.49164235421e-05 sr:-0.00107129478333 heading:334 velocity:[0.0, 0.0, 0.0] position:LocationGlobalRelative:lat=0.0,lon=0.0,alt=-1.44
INFO:root:Angle_optical:-18.2632067541 Distance_optical:0.000870185309782 Angle_gps:0.0 Distance_gps:0.0                  elapsed_time:0.222362041473
INFO:root:sl:0.000410789223535 sr:-0.00278145992786 heading:334 velocity:[0.0, 0.0, 0.0] position:LocationGlobalRelative:lat=0.0,lon=0.0,alt=-1.43
INFO:root:Angle_optical:-18.2631900497 Distance_optical:0.0014392859847 Angle_gps:0.0 Distance_gps:0.0                  elapsed_time:0.180811882019
INFO:root:sl:0.000421669907816 sr:-0.00278190432004 heading:334 velocity:[0.0, 0.0, 0.0] position:LocationGlobalRelative:lat=0.0,lon=0.0,alt=-1.43
INFO:root:Angle_optical:-18.2631828175 Distance_optical:0.00202346056945 Angle_gps:0.0 Distance_gps:0.0                  elapsed_time:0.232897996902
INFO:root:sl:0.000219343888723 sr:-0.00165866475781 heading:334 velocity:[0.0, 0.0, 0.0] position:LocationGlobalRelative:lat=0.0,lon=0.0,alt=-1.43
INFO:root:Angle_optical:-18.2631804534 Distance_optical:0.00232733600441 Angle_gps:0.0 Distance_gps:0.0                  elapsed_time:0.182821989059
INFO:root:sl:0.000262950755019 sr:-0.00180550725143 heading:334 velocity:[0.0, 0.0, 0.0] position:LocationGlobalRelative:lat=0.0,lon=0.0,alt=-1.43
INFO:root:Angle_optical:-18.2631783448 Distance_optical:0.00269162367603 Angle_gps:0.0 Distance_gps:0.0                  elapsed_time:0.267381906509
INFO:root:sl:0.00022599113789 sr:-0.00156151908232 heading:334 velocity:[0.0, 0.0, 0.0] position:LocationGlobalRelative:lat=0.0,lon=0.0,alt=-1.43
INFO:root:Angle_optical:-18.2631769329 Distance_optical:0.00300470810022 Angle_gps:0.0 Distance_gps:0.0                  elapsed_time:0.181565999985
INFO:root:sl:0.000177071445408 sr:-0.00125642277289 heading:334 velocity:[0.0, 0.0, 0.0] position:LocationGlobalRelative:lat=0.0,lon=0.0,alt=-1.41
INFO:root:Angle_optical:-18.2631760206 Distance_optical:0.00325001998256 Angle_gps:0.0 Distance_gps:0.0                  elapsed_time:0.230741977692
INFO:root:sl:0.000166503334579 sr:-0.00115586227666 heading:334 velocity:[0.0, 0.0, 0.0] position:LocationGlobalRelative:lat=0.0,lon=0.0,alt=-1.41
INFO:root:Angle_optical:-18.2631752775 Distance_optical:0.00348069097728 Angle_gps:0.0 Distance_gps:0.0                  elapsed_time:0.183688879013
INFO:root:sl:0.000142391479469 sr:-0.000993451032966 heading:334 velocity:[0.0, 0.0, 0.0] position:LocationGlobalRelative:lat=0.0,lon=0.0,alt=-1.41
INFO:root:Angle_optical:-18.2631747167 Distance_optical:0.00367795780239 Angle_gps:0.0 Distance_gps:0.0                  elapsed_time:0.241677999496
INFO:root:sl:0.000375887576924 sr:-0.00220970726937 heading:334 velocity:[0.0, 0.0, 0.0] position:LocationGlobalRelative:lat=0.0,lon=0.0,alt=-1.41
INFO:root:Angle_optical:-18.2631734885 Distance_optical:0.00419870629976 Angle_gps:0.0 Distance_gps:0.0                  elapsed_time:0.234107017517
INFO:root:sl:0.000171195597743 sr:-0.00108975514475 heading:334 velocity:[0.0, 0.0, 0.0] position:LocationGlobalRelative:lat=0.0,lon=0.0,alt=-1.41
INFO:root:Angle_optical:-18.2631730253 Distance_optical:0.00443587787897 Angle_gps:0.0 Distance_gps:0.0                  elapsed_time:0.181246995926
INFO:root:sl:0.000593129988684 sr:-0.00290389519298 heading:334 velocity:[0.0, -0.01, 0.01] position:LocationGlobalRelative:lat=0.0,lon=0.0,alt=-1.4
INFO:root:Angle_optical:-18.2631717424 Distance_optical:0.00525759045791 Angle_gps:0.0 Distance_gps:0.0                  elapsed_time:0.191822052002
INFO:root:sl:0.000285053290838 sr:-0.00155083940177 heading:334 velocity:[0.0, -0.01, 0.01] position:LocationGlobalRelative:lat=0.0,lon=0.0,alt=-1.4
INFO:root:Angle_optical:-18.2631712592 Distance_optical:0.0056524986218 Angle_gps:0.0 Distance_gps:0.0                  elapsed_time:0.218498945236
INFO:root:sl:0.000675593834895 sr:-0.00327341364918 heading:334 velocity:[0.0, -0.01, 0.01] position:LocationGlobalRelative:lat=0.0,lon=0.0,alt=-1.4
INFO:root:Angle_optical:-18.2631703447 Distance_optical:0.00658845526358 Angle_gps:0.0 Distance_gps:0.0                  elapsed_time:0.182609796524
INFO:root:sl:0.000388444278604 sr:-0.00193203706098 heading:334 velocity:[0.0, -0.01, 0.01] position:LocationGlobalRelative:lat=0.0,lon=0.0,alt=-1.4
INFO:root:Angle_optical:-18.2631699278 Distance_optical:0.00712659960969 Angle_gps:0.0 Distance_gps:0.0                  elapsed_time:0.232016086578
INFO:root:sl:0.000337272851084 sr:-0.00168907252799 heading:334 velocity:[0.0, -0.01, 0.01] position:LocationGlobalRelative:lat=0.0,lon=0.0,alt=-1.4
INFO:root:Angle_optical:-18.2631696136 Distance_optical:0.00759385189762 Angle_gps:0.0 Distance_gps:0.0                  elapsed_time:0.18358206749
INFO:root:sl:0.00070172090551 sr:-0.00325803005153 heading:334 velocity:[0.0, -0.01, 0.01] position:LocationGlobalRelative:lat=0.0,lon=0.0,alt=-1.4
INFO:root:Angle_optical:-18.2631690697 Distance_optical:0.00856600455545 Angle_gps:0.0 Distance_gps:0.0                  elapsed_time:0.270370006561
INFO:root:sl:0.0003568595088 sr:-0.00171978491012 heading:334 velocity:[0.0, -0.01, 0.01] position:LocationGlobalRelative:lat=0.0,lon=0.0,alt=-1.4
INFO:root:Angle_optical:-18.2631688377 Distance_optical:0.00906039187837 Angle_gps:0.0 Distance_gps:0.0                  elapsed_time:0.18169093132
INFO:root:sl:0.000641817734882 sr:-0.003074163489 heading:334 velocity:[0.0, -0.01, 0.01] position:LocationGlobalRelative:lat=0.0,lon=0.0,alt=-1.4
INFO:root:Angle_optical:-18.263168479 Distance_optical:0.00994955566374 Angle_gps:0.0 Distance_gps:0.0                  elapsed_time:0.232875108719
INFO:root:sl:0.000425099537298 sr:-0.00201299461266 heading:334 velocity:[0.0, -0.01, 0.01] position:LocationGlobalRelative:lat=0.0,lon=0.0,alt=-1.4
INFO:root:Angle_optical:-18.2631682745 Distance_optical:0.0105384816053 Angle_gps:0.0 Distance_gps:0.0                  elapsed_time:0.183591127396
INFO:root:sl:0.000355944195245 sr:-0.00170173575295 heading:334 velocity:[0.0, -0.01, 0.0] position:LocationGlobalRelative:lat=0.0,lon=0.0,alt=-1.41
INFO:root:Angle_optical:-18.2631681203 Distance_optical:0.0110316008677 Angle_gps:0.0 Distance_gps:0.0                  elapsed_time:0.283858776093
INFO:root:sl:0.000355715366856 sr:-0.00169722346365 heading:334 velocity:[0.0, -0.01, 0.0] position:LocationGlobalRelative:lat=0.0,lon=0.0,alt=-1.41
INFO:root:Angle_optical:-18.2631679792 Distance_optical:0.011524403115 Angle_gps:0.0 Distance_gps:0.0                  elapsed_time:0.186656951904
INFO:root:sl:0.00028418977485 sr:-0.00135298845732 heading:334 velocity:[0.0, -0.01, 0.0] position:LocationGlobalRelative:lat=0.0,lon=0.0,alt=-1.41
INFO:root:Angle_optical:-18.2631678751 Distance_optical:0.0119181149777 Angle_gps:0.0 Distance_gps:0.0                  elapsed_time:0.18089389801
INFO:root:sl:0.000248962334238 sr:-0.00118798691848 heading:334 velocity:[0.0, -0.01, 0.0] position:LocationGlobalRelative:lat=0.0,lon=0.0,alt=-1.41
INFO:root:Angle_optical:-18.263167789 Distance_optical:0.0122630233209 Angle_gps:0.0 Distance_gps:0.0                  elapsed_time:0.233789920807
