INFO:root:sl:0.0542197441551 sr:0.0427588970267 heading:144 velocity:[None, None, None] position:LocationGlobalRelative:lat=None,lon=None,alt=None
INFO:root:Angle_optical:-147.23992028 Distance_optical:0.0330576081189 Angle_gps:0.0 Distance_gps:0.0                  elapsed_time:0.0989229679108
INFO:root:sl:0.0118324200831 sr:0.0131780546553 heading:144 velocity:[None, None, None] position:LocationGlobalRelative:lat=None,lon=None,alt=None
INFO:root:Angle_optical:-146.016172168 Distance_optical:0.0396948131019 Angle_gps:0.0 Distance_gps:0.0                  elapsed_time:0.153198957443
INFO:root:sl:0.015319461055 sr:0.00911768319204 heading:144 velocity:[None, None, None] position:LocationGlobalRelative:lat=None,lon=None,alt=None
INFO:root:Angle_optical:-148.337630772 Distance_optical:0.0559663817761 Angle_gps:0.0 Distance_gps:0.0                  elapsed_time:0.140501022339
INFO:root:sl:0.0213868119554 sr:0.0216033604271 heading:144 velocity:[None, None, None] position:LocationGlobalRelative:lat=None,lon=None,alt=None
INFO:root:Angle_optical:-146.29716437 Distance_optical:0.0810029196415 Angle_gps:0.0 Distance_gps:0.0                  elapsed_time:0.140137195587
INFO:root:sl:0.0148371896535 sr:0.019574854635 heading:144 velocity:[None, None, None] position:LocationGlobalRelative:lat=None,lon=None,alt=None
INFO:root:Angle_optical:-142.146065669 Distance_optical:0.111268743888 Angle_gps:0.0 Distance_gps:0.0                  elapsed_time:0.122519016266
INFO:root:sl:0.0115724509255 sr:0.0173540231327 heading:144 velocity:[None, None, None] position:LocationGlobalRelative:lat=None,lon=None,alt=None
INFO:root:Angle_optical:-139.958132595 Distance_optical:0.135581933753 Angle_gps:0.0 Distance_gps:0.0                  elapsed_time:0.129669904709
INFO:root:sl:0.0163757165741 sr:0.0145381171876 heading:144 velocity:[None, None, None] position:LocationGlobalRelative:lat=None,lon=None,alt=None
INFO:root:Angle_optical:-140.605172091 Distance_optical:0.165389738932 Angle_gps:0.0 Distance_gps:0.0                  elapsed_time:0.121659040451
INFO:root:sl:0.0111128990112 sr:0.0165087655575 heading:144 velocity:[None, None, None] position:LocationGlobalRelative:lat=None,lon=None,alt=None
INFO:root:Angle_optical:-139.241299882 Distance_optical:0.191024876637 Angle_gps:0.0 Distance_gps:0.0                  elapsed_time:0.12973690033
INFO:root:sl:0.00686654547001 sr:0.0113247471293 heading:144 velocity:[None, None, None] position:LocationGlobalRelative:lat=None,lon=None,alt=None
INFO:root:Angle_optical:-138.222962099 Distance_optical:0.208721356857 Angle_gps:0.0 Distance_gps:0.0                  elapsed_time:0.129765987396
INFO:root:sl:0.00964901227723 sr:0.0116373131314 heading:144 velocity:[None, None, None] position:LocationGlobalRelative:lat=None,lon=None,alt=None
INFO:root:Angle_optical:-138.064851415 Distance_optical:0.228907186929 Angle_gps:0.0 Distance_gps:0.0                  elapsed_time:0.135498046875
INFO:root:sl:0.00610772273859 sr:0.0107044573424 heading:144 velocity:[None, None, None] position:LocationGlobalRelative:lat=None,lon=None,alt=None
INFO:root:Angle_optical:-137.268442443 Distance_optical:0.245288593713 Angle_gps:0.0 Distance_gps:0.0                  elapsed_time:0.13192486763
INFO:root:sl:0.00589095925866 sr:0.0117042203254 heading:144 velocity:[None, None, None] position:LocationGlobalRelative:lat=None,lon=None,alt=None
INFO:root:Angle_optical:-136.354530062 Distance_optical:0.262439673556 Angle_gps:0.0 Distance_gps:0.0                  elapsed_time:0.129590988159
INFO:root:sl:0.00677629066242 sr:0.00211633501394 heading:144 velocity:[None, None, None] position:LocationGlobalRelative:lat=None,lon=None,alt=None
INFO:root:Angle_optical:-137.462704751 Distance_optical:0.270537793527 Angle_gps:0.0 Distance_gps:0.0                  elapsed_time:0.126038074493
INFO:root:sl:0.00362184169979 sr:0.00407043852228 heading:144 velocity:[None, None, None] position:LocationGlobalRelative:lat=None,lon=None,alt=None
INFO:root:Angle_optical:-137.489387479 Distance_optical:0.277880664073 Angle_gps:0.0 Distance_gps:0.0                  elapsed_time:0.134733915329
INFO:root:sl:0.000469341779614 sr:0.00847093832434 heading:144 velocity:[None, None, None] position:LocationGlobalRelative:lat=None,lon=None,alt=None
INFO:root:Angle_optical:-136.095617362 Distance_optical:0.287050942771 Angle_gps:0.0 Distance_gps:0.0                  elapsed_time:0.132088899612
INFO:root:sl:0.00148483508708 sr:0.00913245033312 heading:144 velocity:[None, None, None] position:LocationGlobalRelative:lat=None,lon=None,alt=None
INFO:root:Angle_optical:-134.893305626 Distance_optical:0.297919398824 Angle_gps:0.0 Distance_gps:0.0                  elapsed_time:0.130480051041
INFO:root:sl:0.00102469364543 sr:0.00515301878211 heading:144 velocity:[None, None, None] position:LocationGlobalRelative:lat=None,lon=None,alt=None
INFO:root:Angle_optical:-134.289931376 Distance_optical:0.304263982912 Angle_gps:0.0 Distance_gps:0.0                  elapsed_time:0.127182006836
INFO:root:sl:0.00227510528514 sr:0.00398287666626 heading:144 velocity:[None, None, None] position:LocationGlobalRelative:lat=None,lon=None,alt=None
INFO:root:Angle_optical:-134.135809138 Distance_optical:0.31039789624 Angle_gps:0.0 Distance_gps:0.0                  elapsed_time:0.131084918976
INFO:root:sl:0.000215546808839 sr:0.00236071787495 heading:144 velocity:[None, None, None] position:LocationGlobalRelative:lat=None,lon=None,alt=None
INFO:root:Angle_optical:-133.82447615 Distance_optical:0.313112303915 Angle_gps:0.0 Distance_gps:0.0                  elapsed_time:0.125663995743
INFO:root:sl:0.00167082580404 sr:0.00400262105756 heading:144 velocity:[None, None, None] position:LocationGlobalRelative:lat=None,lon=None,alt=None
INFO:root:Angle_optical:-133.563420422 Distance_optical:0.318785854982 Angle_gps:0.0 Distance_gps:0.0                  elapsed_time:0.124953985214
INFO:root:sl:0.000341071636842 sr:0.00261962464343 heading:144 velocity:[None, None, None] position:LocationGlobalRelative:lat=None,lon=None,alt=None
INFO:root:Angle_optical:-133.252381046 Distance_optical:0.321898444407 Angle_gps:0.0 Distance_gps:0.0                  elapsed_time:0.149214029312
INFO:root:sl:0.00187657825045 sr:0.00604321557214 heading:144 velocity:[None, None, None] position:LocationGlobalRelative:lat=None,lon=None,alt=None
INFO:root:Angle_optical:-132.764651617 Distance_optical:0.329975152314 Angle_gps:0.0 Distance_gps:0.0                  elapsed_time:0.123372077942
INFO:root:sl:0.00102507830014 sr:0.00503083127781 heading:144 velocity:[None, None, None] position:LocationGlobalRelative:lat=None,lon=None,alt=None
INFO:root:Angle_optical:-132.27601549 Distance_optical:0.33629523793 Angle_gps:0.0 Distance_gps:0.0                  elapsed_time:0.137362957001
INFO:root:sl:0.00237881259499 sr:0.00144587469565 heading:144 velocity:[None, None, None] position:LocationGlobalRelative:lat=None,lon=None,alt=None
INFO:root:Angle_optical:-132.525917479 Distance_optical:0.339750808311 Angle_gps:0.0 Distance_gps:0.0                  elapsed_time:0.148841142654
INFO:root:sl:0.00341711898838 sr:0.00224967574663 heading:144 velocity:[None, None, None] position:LocationGlobalRelative:lat=None,lon=None,alt=None
INFO:root:Angle_optical:-132.853318644 Distance_optical:0.344914200434 Angle_gps:0.0 Distance_gps:0.0                  elapsed_time:0.121943950653
INFO:root:sl:9.90217183366e-05 sr:-0.00244265332507 heading:144 velocity:[None, None, None] position:LocationGlobalRelative:lat=None,lon=None,alt=None
INFO:root:Angle_optical:-132.871261928 Distance_optical:0.344992872526 Angle_gps:0.0 Distance_gps:0.0                  elapsed_time:0.141957044601
INFO:root:sl:-0.00139641837536 sr:-6.41375347533e-05 heading:144 velocity:[None, None, None] position:LocationGlobalRelative:lat=None,lon=None,alt=None
INFO:root:Angle_optical:-132.871261928 Distance_optical:0.344992872526 Angle_gps:0.0 Distance_gps:0.0                  elapsed_time:0.163698911667
INFO:root:sl:0.00425831355203 sr:-0.00124679459167 heading:144 velocity:[None, None, None] position:LocationGlobalRelative:lat=None,lon=None,alt=None
INFO:root:Angle_optical:-133.635178471 Distance_optical:0.348407779558 Angle_gps:0.0 Distance_gps:0.0                  elapsed_time:0.142131090164
INFO:root:sl:-0.000650683265804 sr:-0.00141110808009 heading:144 velocity:[None, None, None] position:LocationGlobalRelative:lat=None,lon=None,alt=None
INFO:root:Angle_optical:-133.635178471 Distance_optical:0.348407779558 Angle_gps:0.0 Distance_gps:0.0                  elapsed_time:0.138355016708
INFO:root:sl:0.00107515962086 sr:-0.00166027506111 heading:144 velocity:[None, None, None] position:LocationGlobalRelative:lat=None,lon=None,alt=None
INFO:root:Angle_optical:-133.825683412 Distance_optical:0.349279665618 Angle_gps:0.0 Distance_gps:0.0                  elapsed_time:0.123967170715
INFO:root:sl:0.00460618618418 sr:0.00167267735513 heading:144 velocity:[None, None, None] position:LocationGlobalRelative:lat=None,lon=None,alt=None
INFO:root:Angle_optical:-134.407543982 Distance_optical:0.354843772099 Angle_gps:0.0 Distance_gps:0.0                  elapsed_time:0.142885923386
INFO:root:sl:-9.82962094602e-05 sr:-0.00387617641759 heading:144 velocity:[None, None, None] position:LocationGlobalRelative:lat=None,lon=None,alt=None
INFO:root:Angle_optical:-134.407543982 Distance_optical:0.354843772099 Angle_gps:0.0 Distance_gps:0.0                  elapsed_time:0.144565105438
INFO:root:sl:0.00214369300191 sr:0.000253440835188 heading:144 velocity:[None, None, None] position:LocationGlobalRelative:lat=None,lon=None,alt=None
INFO:root:Angle_optical:-134.741985714 Distance_optical:0.356886422447 Angle_gps:0.0 Distance_gps:0.0                  elapsed_time:0.124857902527
INFO:root:sl:0.00074734514643 sr:0.00623691165567 heading:144 velocity:[None, None, None] position:LocationGlobalRelative:lat=None,lon=None,alt=None
INFO:root:Angle_optical:-134.052804737 Distance_optical:0.364171005124 Angle_gps:0.0 Distance_gps:0.0                  elapsed_time:0.143539905548
INFO:root:sl:-0.00287239864369 sr:-0.00204759930352 heading:144 velocity:[None, None, None] position:LocationGlobalRelative:lat=None,lon=None,alt=None
INFO:root:Angle_optical:-134.052804737 Distance_optical:0.364171005124 Angle_gps:0.0 Distance_gps:0.0                  elapsed_time:0.134845018387
INFO:root:sl:0.00182301821708 sr:0.00526426755817 heading:144 velocity:[None, None, None] position:LocationGlobalRelative:lat=None,lon=None,alt=None
INFO:root:Angle_optical:-133.691343783 Distance_optical:0.371322776701 Angle_gps:0.0 Distance_gps:0.0                  elapsed_time:0.13258600235
INFO:root:sl:-0.000666479180179 sr:-0.00230039076305 heading:144 velocity:[None, None, None] position:LocationGlobalRelative:lat=None,lon=None,alt=None
INFO:root:Angle_optical:-133.691343783 Distance_optical:0.371322776701 Angle_gps:0.0 Distance_gps:0.0                  elapsed_time:0.13115811348
INFO:root:sl:-0.00012793893161 sr:-6.21819209745e-05 heading:144 velocity:[None, None, None] position:LocationGlobalRelative:lat=None,lon=None,alt=None
INFO:root:Angle_optical:-133.691343783 Distance_optical:0.371322776701 Angle_gps:0.0 Distance_gps:0.0                  elapsed_time:0.139801979065
INFO:root:sl:0.000653546190331 sr:0.00242593978677 heading:144 velocity:[None, None, None] position:LocationGlobalRelative:lat=None,lon=None,alt=None
INFO:root:Angle_optical:-133.498545218 Distance_optical:0.374472848229 Angle_gps:0.0 Distance_gps:0.0                  elapsed_time:0.151309013367
INFO:root:sl:0.00227314088277 sr:-0.00480638717026 heading:144 velocity:[None, None, None] position:LocationGlobalRelative:lat=None,lon=None,alt=None
INFO:root:Angle_optical:-133.873051013 Distance_optical:0.376314318657 Angle_gps:0.0 Distance_gps:0.0                  elapsed_time:0.124119997025
INFO:root:sl:-0.00446076809074 sr:0.00114233367977 heading:144 velocity:[None, None, None] position:LocationGlobalRelative:lat=None,lon=None,alt=None
INFO:root:Angle_optical:-133.732002799 Distance_optical:0.377545504033 Angle_gps:0.0 Distance_gps:0.0                  elapsed_time:0.136737108231
INFO:root:sl:0.00104707892938 sr:-0.000929604623553 heading:144 velocity:[None, None, None] position:LocationGlobalRelative:lat=None,lon=None,alt=None
INFO:root:Angle_optical:-133.90303912 Distance_optical:0.37839633483 Angle_gps:0.0 Distance_gps:0.0                  elapsed_time:0.15044093132
INFO:root:sl:-0.00211470563695 sr:-0.000461923876826 heading:144 velocity:[None, None, None] position:LocationGlobalRelative:lat=None,lon=None,alt=None
INFO:root:Angle_optical:-133.90303912 Distance_optical:0.37839633483 Angle_gps:0.0 Distance_gps:0.0                  elapsed_time:0.120494127274
INFO:root:sl:-0.00270828975139 sr:-0.00103190144064 heading:144 velocity:[None, None, None] position:LocationGlobalRelative:lat=None,lon=None,alt=None
INFO:root:Angle_optical:-133.90303912 Distance_optical:0.37839633483 Angle_gps:0.0 Distance_gps:0.0                  elapsed_time:0.145198106766
INFO:root:sl:0.000433348815871 sr:0.000850133423287 heading:144 velocity:[None, None, None] position:LocationGlobalRelative:lat=None,lon=None,alt=None
INFO:root:Angle_optical:-133.868974304 Distance_optical:0.379664270803 Angle_gps:0.0 Distance_gps:0.0                  elapsed_time:0.136536836624
INFO:root:sl:-0.00285869444176 sr:-0.0012232565711 heading:144 velocity:[None, None, None] position:LocationGlobalRelative:lat=None,lon=None,alt=None
INFO:root:Angle_optical:-133.868974304 Distance_optical:0.379664270803 Angle_gps:0.0 Distance_gps:0.0                  elapsed_time:0.123860120773
INFO:root:sl:-0.00312634940031 sr:-0.00044654972761 heading:144 velocity:[None, None, None] position:LocationGlobalRelative:lat=None,lon=None,alt=None
INFO:root:Angle_optical:-133.868974304 Distance_optical:0.379664270803 Angle_gps:0.0 Distance_gps:0.0                  elapsed_time:0.128744125366
INFO:root:sl:-0.00114438500405 sr:0.00152608998943 heading:144 velocity:[None, None, None] position:LocationGlobalRelative:lat=None,lon=None,alt=None
INFO:root:Angle_optical:-133.682419819 Distance_optical:0.381309642603 Angle_gps:0.0 Distance_gps:0.0                  elapsed_time:0.143550872803
INFO:root:sl:-0.00397208538406 sr:-0.00258809140711 heading:144 velocity:[None, None, None] position:LocationGlobalRelative:lat=None,lon=None,alt=None
INFO:root:Angle_optical:-133.682419819 Distance_optical:0.381309642603 Angle_gps:0.0 Distance_gps:0.0                  elapsed_time:0.143269062042
INFO:root:sl:-0.00350479116028 sr:0.00136152516201 heading:144 velocity:[None, None, None] position:LocationGlobalRelative:lat=None,lon=None,alt=None
INFO:root:Angle_optical:-133.517337546 Distance_optical:0.382780971205 Angle_gps:0.0 Distance_gps:0.0                  elapsed_time:0.121208906174
INFO:root:sl:-0.00375521030978 sr:0.000118350990371 heading:144 velocity:[None, None, None] position:LocationGlobalRelative:lat=None,lon=None,alt=None
INFO:root:Angle_optical:-133.503047676 Distance_optical:0.38290901638 Angle_gps:0.0 Distance_gps:0.0                  elapsed_time:0.14048910141
INFO:root:sl:-0.00141337694954 sr:-0.000273005949072 heading:144 velocity:[None, None, None] position:LocationGlobalRelative:lat=None,lon=None,alt=None
INFO:root:Angle_optical:-133.503047676 Distance_optical:0.38290901638 Angle_gps:0.0 Distance_gps:0.0                  elapsed_time:0.150409936905
INFO:root:sl:-0.00315622917779 sr:-0.0040122514061 heading:144 velocity:[None, None, None] position:LocationGlobalRelative:lat=None,lon=None,alt=None
INFO:root:Angle_optical:-133.503047676 Distance_optical:0.38290901638 Angle_gps:0.0 Distance_gps:0.0                  elapsed_time:0.121188163757
INFO:root:sl:-0.00231661652414 sr:0.00239950935589 heading:144 velocity:[None, None, None] position:LocationGlobalRelative:lat=None,lon=None,alt=None
INFO:root:Angle_optical:-133.215377306 Distance_optical:0.385510171049 Angle_gps:0.0 Distance_gps:0.0                  elapsed_time:0.138657808304
INFO:root:sl:-0.00294334337809 sr:0.00107009804874 heading:144 velocity:[None, None, None] position:LocationGlobalRelative:lat=None,lon=None,alt=None
INFO:root:Angle_optical:-133.088335636 Distance_optical:0.386673298775 Angle_gps:0.0 Distance_gps:0.0                  elapsed_time:0.144770145416
INFO:root:sl:-0.00359011565288 sr:-0.00331203779287 heading:144 velocity:[None, None, None] position:LocationGlobalRelative:lat=None,lon=None,alt=None
INFO:root:Angle_optical:-133.088335636 Distance_optical:0.386673298775 Angle_gps:0.0 Distance_gps:0.0                  elapsed_time:0.121182918549
INFO:root:sl:-0.00340646792324 sr:0.00207805295496 heading:144 velocity:[None, None, None] position:LocationGlobalRelative:lat=None,lon=None,alt=None
INFO:root:Angle_optical:-132.843803277 Distance_optical:0.388937391132 Angle_gps:0.0 Distance_gps:0.0                  elapsed_time:0.134783983231
INFO:root:sl:-0.00398352977956 sr:0.000778051659921 heading:144 velocity:[None, None, None] position:LocationGlobalRelative:lat=None,lon=None,alt=None
INFO:root:Angle_optical:-132.75297858 Distance_optical:0.389786906775 Angle_gps:0.0 Distance_gps:0.0                  elapsed_time:0.144996166229
INFO:root:sl:-0.00038292241509 sr:-0.00186878797053 heading:144 velocity:[None, None, None] position:LocationGlobalRelative:lat=None,lon=None,alt=None
INFO:root:Angle_optical:-132.75297858 Distance_optical:0.389786906775 Angle_gps:0.0 Distance_gps:0.0                  elapsed_time:0.148897886276
INFO:root:sl:-0.00412741086369 sr:-0.000290991219321 heading:144 velocity:[None, None, None] position:LocationGlobalRelative:lat=None,lon=None,alt=None
INFO:root:Angle_optical:-132.75297858 Distance_optical:0.389786906775 Angle_gps:0.0 Distance_gps:0.0                  elapsed_time:0.121037006378
INFO:root:sl:-0.00144070174379 sr:-0.00145263314383 heading:144 velocity:[None, None, None] position:LocationGlobalRelative:lat=None,lon=None,alt=None
INFO:root:Angle_optical:-132.75297858 Distance_optical:0.389786906775 Angle_gps:0.0 Distance_gps:0.0                  elapsed_time:0.134563922882
INFO:root:sl:-0.00251740052249 sr:0.00148089756069 heading:144 velocity:[None, None, None] position:LocationGlobalRelative:lat=None,lon=None,alt=None
INFO:root:Angle_optical:-132.581198557 Distance_optical:0.39140651388 Angle_gps:0.0 Distance_gps:0.0                  elapsed_time:0.140485048294
INFO:root:sl:-0.00280948984945 sr:-0.000983851320691 heading:144 velocity:[None, None, None] position:LocationGlobalRelative:lat=None,lon=None,alt=None
INFO:root:Angle_optical:-132.581198557 Distance_optical:0.39140651388 Angle_gps:0.0 Distance_gps:0.0                  elapsed_time:0.120631933212
INFO:root:sl:-0.00173489772718 sr:-1.23998830262e-05 heading:144 velocity:[None, None, None] position:LocationGlobalRelative:lat=None,lon=None,alt=None
INFO:root:Angle_optical:-132.581198557 Distance_optical:0.39140651388 Angle_gps:0.0 Distance_gps:0.0                  elapsed_time:2.33319497108
INFO:root:sl:-0.000269104469806 sr:-0.00324928809356 heading:144 velocity:[None, None, None] position:LocationGlobalRelative:lat=None,lon=None,alt=None
INFO:root:Angle_optical:-132.581198557 Distance_optical:0.39140651388 Angle_gps:0.0 Distance_gps:0.0                  elapsed_time:0.133279085159
INFO:root:sl:-0.00164757561357 sr:0.000328952066894 heading:144 velocity:[None, None, None] position:LocationGlobalRelative:lat=None,lon=None,alt=None
INFO:root:Angle_optical:-132.543233915 Distance_optical:0.391766752666 Angle_gps:0.0 Distance_gps:0.0                  elapsed_time:0.148339986801
INFO:root:sl:9.20202810984e-05 sr:0.0040270209256 heading:144 velocity:[None, None, None] position:LocationGlobalRelative:lat=None,lon=None,alt=None
INFO:root:Angle_optical:-132.098736931 Distance_optical:0.396262310754 Angle_gps:0.0 Distance_gps:0.0                  elapsed_time:0.116579771042
INFO:root:sl:0.00039451147553 sr:-0.000264381617175 heading:144 velocity:[None, None, None] position:LocationGlobalRelative:lat=None,lon=None,alt=None
INFO:root:Angle_optical:-132.16151805 Distance_optical:0.396570223829 Angle_gps:0.0 Distance_gps:0.0                  elapsed_time:0.14342713356
INFO:root:sl:0.0248801537854 sr:0.0482400505156 heading:144 velocity:[None, None, None] position:LocationGlobalRelative:lat=None,lon=None,alt=None
INFO:root:Angle_optical:-130.904043339 Distance_optical:0.46920996435 Angle_gps:0.0 Distance_gps:0.0                  elapsed_time:0.13708782196
INFO:root:sl:0.00146689859492 sr:0.0105100157961 heading:144 velocity:[None, None, None] position:LocationGlobalRelative:lat=None,lon=None,alt=None
INFO:root:Angle_optical:-130.153604254 Distance_optical:0.482106084642 Angle_gps:0.0 Distance_gps:0.0                  elapsed_time:0.118633985519
INFO:root:sl:0.00510068911617 sr:0.0121873130537 heading:144 velocity:[None, None, None] position:LocationGlobalRelative:lat=None,lon=None,alt=None
INFO:root:Angle_optical:-129.775903794 Distance_optical:0.499640573828 Angle_gps:0.0 Distance_gps:0.0                  elapsed_time:0.136168956757
INFO:root:sl:0.00597683551961 sr:0.022355578972 heading:144 velocity:[None, None, None] position:LocationGlobalRelative:lat=None,lon=None,alt=None
INFO:root:Angle_optical:-128.730877825 Distance_optical:0.529429304983 Angle_gps:0.0 Distance_gps:0.0                  elapsed_time:0.118588924408
INFO:root:sl:0.00378618461808 sr:0.00928621934463 heading:144 velocity:[None, None, None] position:LocationGlobalRelative:lat=None,lon=None,alt=None
INFO:root:Angle_optical:-128.488904436 Distance_optical:0.542772992732 Angle_gps:0.0 Distance_gps:0.0                  elapsed_time:0.133340120316
INFO:root:sl:0.00195857180998 sr:0.0113443121476 heading:144 velocity:[None, None, None] position:LocationGlobalRelative:lat=None,lon=None,alt=None
INFO:root:Angle_optical:-127.893144433 Distance_optical:0.557219217957 Angle_gps:0.0 Distance_gps:0.0                  elapsed_time:0.133428096771
INFO:root:sl:0.00250048638505 sr:0.013323662233 heading:144 velocity:[None, None, None] position:LocationGlobalRelative:lat=None,lon=None,alt=None
INFO:root:Angle_optical:-127.255033843 Distance_optical:0.574395626617 Angle_gps:0.0 Distance_gps:0.0                  elapsed_time:0.127452850342
INFO:root:sl:0.00254686230072 sr:0.00670975473214 heading:144 velocity:[None, None, None] position:LocationGlobalRelative:lat=None,lon=None,alt=None
INFO:root:Angle_optical:-127.095377626 Distance_optical:0.583946144747 Angle_gps:0.0 Distance_gps:0.0                  elapsed_time:0.143167972565
INFO:root:sl:0.0014210367165 sr:0.00501887553126 heading:144 velocity:[None, None, None] position:LocationGlobalRelative:lat=None,lon=None,alt=None
INFO:root:Angle_optical:-126.924563894 Distance_optical:0.590764656422 Angle_gps:0.0 Distance_gps:0.0                  elapsed_time:0.118206977844
INFO:root:sl:0.00228691302026 sr:0.0102965109936 heading:144 velocity:[None, None, None] position:LocationGlobalRelative:lat=None,lon=None,alt=None
INFO:root:Angle_optical:-126.51641114 Distance_optical:0.604348200448 Angle_gps:0.0 Distance_gps:0.0                  elapsed_time:0.13753080368
INFO:root:sl:0.00408433325012 sr:0.00812527198695 heading:144 velocity:[None, None, None] position:LocationGlobalRelative:lat=None,lon=None,alt=None
INFO:root:Angle_optical:-126.456110944 Distance_optical:0.616604731692 Angle_gps:0.0 Distance_gps:0.0                  elapsed_time:0.12842297554
INFO:root:sl:0.00023288190743 sr:0.00836917290868 heading:144 velocity:[None, None, None] position:LocationGlobalRelative:lat=None,lon=None,alt=None
INFO:root:Angle_optical:-125.970022607 Distance_optical:0.626598152318 Angle_gps:0.0 Distance_gps:0.0                  elapsed_time:0.121844053268
INFO:root:sl:0.00252160488898 sr:0.00661467133866 heading:144 velocity:[None, None, None] position:LocationGlobalRelative:lat=None,lon=None,alt=None
INFO:root:Angle_optical:-125.845724818 Distance_optical:0.636053324177 Angle_gps:0.0 Distance_gps:0.0                  elapsed_time:0.14536690712
INFO:root:sl:-0.00102410451653 sr:0.00514889833501 heading:144 velocity:[None, None, None] position:LocationGlobalRelative:lat=None,lon=None,alt=None
INFO:root:Angle_optical:-125.544675901 Distance_optical:0.642137093305 Angle_gps:0.0 Distance_gps:0.0                  elapsed_time:0.117979049683
INFO:root:sl:0.0025046513854 sr:0.00670976334225 heading:144 velocity:[None, None, None] position:LocationGlobalRelative:lat=None,lon=None,alt=None
INFO:root:Angle_optical:-125.422346493 Distance_optical:0.651703751965 Angle_gps:0.0 Distance_gps:0.0                  elapsed_time:0.138921022415
INFO:root:sl:0.00420626583751 sr:0.00554928908955 heading:144 velocity:[None, None, None] position:LocationGlobalRelative:lat=None,lon=None,alt=None
INFO:root:Angle_optical:-125.543277318 Distance_optical:0.660998750995 Angle_gps:0.0 Distance_gps:0.0                  elapsed_time:0.141716003418
INFO:root:sl:0.00171684554175 sr:0.00257666989052 heading:144 velocity:[None, None, None] position:LocationGlobalRelative:lat=None,lon=None,alt=None
INFO:root:Angle_optical:-125.574214659 Distance_optical:0.665162095432 Angle_gps:0.0 Distance_gps:0.0                  elapsed_time:0.116194009781
INFO:root:sl:0.00204280837663 sr:0.00364272978075 heading:144 velocity:[None, None, None] position:LocationGlobalRelative:lat=None,lon=None,alt=None
INFO:root:Angle_optical:-125.578477523 Distance_optical:0.67079839193 Angle_gps:0.0 Distance_gps:0.0                  elapsed_time:3.70653700829
INFO:root:sl:-0.00113639912199 sr:-0.00162650310618 heading:144 velocity:[None, None, None] position:LocationGlobalRelative:lat=None,lon=None,alt=None
INFO:root:Angle_optical:-125.578477523 Distance_optical:0.67079839193 Angle_gps:0.0 Distance_gps:0.0                  elapsed_time:0.137560844421
INFO:root:sl:0.00361648060732 sr:-0.00112267404452 heading:144 velocity:[None, None, None] position:LocationGlobalRelative:lat=None,lon=None,alt=None
INFO:root:Angle_optical:-125.942590904 Distance_optical:0.673161861002 Angle_gps:0.0 Distance_gps:0.0                  elapsed_time:0.145173072815
INFO:root:sl:0.0033057196429 sr:0.00391904131454 heading:144 velocity:[None, None, None] position:LocationGlobalRelative:lat=None,lon=None,alt=None
INFO:root:Angle_optical:-126.053878295 Distance_optical:0.679955418062 Angle_gps:0.0 Distance_gps:0.0                  elapsed_time:0.164922952652
INFO:root:sl:0.00288874103672 sr:-0.000519981360104 heading:144 velocity:[None, None, None] position:LocationGlobalRelative:lat=None,lon=None,alt=None
INFO:root:Angle_optical:-126.33968833 Distance_optical:0.681869202725 Angle_gps:0.0 Distance_gps:0.0                  elapsed_time:0.137152910233
INFO:root:sl:0.0258076404659 sr:0.0626069974173 heading:144 velocity:[None, None, None] position:LocationGlobalRelative:lat=None,lon=None,alt=None
INFO:root:Angle_optical:-125.497379338 Distance_optical:0.772635911331 Angle_gps:0.0 Distance_gps:0.0                  elapsed_time:0.117577075958
INFO:root:sl:0.00756998894804 sr:0.0147866663554 heading:144 velocity:[None, None, None] position:LocationGlobalRelative:lat=None,lon=None,alt=None
INFO:root:Angle_optical:-125.452575037 Distance_optical:0.795046774997 Angle_gps:0.0 Distance_gps:0.0                  elapsed_time:0.136975049973
INFO:root:sl:0.00779551663299 sr:0.0232296167548 heading:144 velocity:[None, None, None] position:LocationGlobalRelative:lat=None,lon=None,alt=None
INFO:root:Angle_optical:-125.050966566 Distance_optical:0.827623255208 Angle_gps:0.0 Distance_gps:0.0                  elapsed_time:0.132195949554
INFO:root:sl:0.0106616392601 sr:0.0283786900985 heading:144 velocity:[None, None, None] position:LocationGlobalRelative:lat=None,lon=None,alt=None
INFO:root:Angle_optical:-124.690969078 Distance_optical:0.868188743076 Angle_gps:0.0 Distance_gps:0.0                  elapsed_time:0.124528169632
INFO:root:sl:0.0111648093698 sr:0.0249640293775 heading:144 velocity:[None, None, None] position:LocationGlobalRelative:lat=None,lon=None,alt=None
INFO:root:Angle_optical:-124.536245359 Distance_optical:0.905018502267 Angle_gps:0.0 Distance_gps:0.0                  elapsed_time:0.14847111702
INFO:root:sl:0.0103319079694 sr:0.0312845899172 heading:144 velocity:[None, None, None] position:LocationGlobalRelative:lat=None,lon=None,alt=None
INFO:root:Angle_optical:-124.094880214 Distance_optical:0.948906366919 Angle_gps:0.0 Distance_gps:0.0                  elapsed_time:0.124886035919
INFO:root:sl:0.0125958852468 sr:0.0288962392238 heading:144 velocity:[None, None, None] position:LocationGlobalRelative:lat=None,lon=None,alt=None
INFO:root:Angle_optical:-123.934319553 Distance_optical:0.991361815196 Angle_gps:0.0 Distance_gps:0.0                  elapsed_time:0.173874855042
INFO:root:sl:0.0132679447773 sr:0.0242049410322 heading:144 velocity:[None, None, None] position:LocationGlobalRelative:lat=None,lon=None,alt=None
INFO:root:Angle_optical:-123.992017712 Distance_optical:1.02860074458 Angle_gps:0.0 Distance_gps:0.0                  elapsed_time:0.127434968948
INFO:root:sl:0.00667090477701 sr:0.0148157414403 heading:144 velocity:[None, None, None] position:LocationGlobalRelative:lat=None,lon=None,alt=None
INFO:root:Angle_optical:-123.930387954 Distance_optical:1.05050091461 Angle_gps:0.0 Distance_gps:0.0                  elapsed_time:0.13410115242
INFO:root:sl:0.00555392428205 sr:0.0189081064598 heading:144 velocity:[None, None, None] position:LocationGlobalRelative:lat=None,lon=None,alt=None
INFO:root:Angle_optical:-123.666070491 Distance_optical:1.0766409318 Angle_gps:0.0 Distance_gps:0.0                  elapsed_time:0.194575071335
