INFO:root:sl:0.130272141337 sr:0.15960083284 heading:147 velocity:[None, None, None] position:LocationGlobalRelative:lat=None,lon=None,alt=None
INFO:root:Angle_optical:-137.381618008 Distance_optical:0.0966302201502 Angle_gps:0.0 Distance_gps:0.0                  elapsed_time:0.0550019741058
INFO:root:sl:0.027721545245 sr:0.035436632293 heading:147 velocity:[None, None, None] position:LocationGlobalRelative:lat=None,lon=None,alt=None
INFO:root:Angle_optical:-137.6432717 Distance_optical:0.113329771957 Angle_gps:0.0 Distance_gps:0.0                  elapsed_time:0.139158010483
INFO:root:sl:0.0407560425397 sr:0.0515515395595 heading:147 velocity:[None, None, None] position:LocationGlobalRelative:lat=None,lon=None,alt=None
INFO:root:Angle_optical:-136.930923224 Distance_optical:0.172032949919 Angle_gps:0.0 Distance_gps:0.0                  elapsed_time:0.131603002548
INFO:root:sl:0.0466110148435 sr:0.0577339091372 heading:147 velocity:[None, None, None] position:LocationGlobalRelative:lat=None,lon=None,alt=None
INFO:root:Angle_optical:-137.446225922 Distance_optical:0.231697964088 Angle_gps:0.0 Distance_gps:0.0                  elapsed_time:0.0673341751099
INFO:root:sl:0.0194459771786 sr:0.0295417234944 heading:147 velocity:[None, None, None] position:LocationGlobalRelative:lat=None,lon=None,alt=None
INFO:root:Angle_optical:-136.22031069 Distance_optical:0.275166222915 Angle_gps:0.0 Distance_gps:0.0                  elapsed_time:0.112191915512
INFO:root:sl:0.0257491102415 sr:0.0330176329691 heading:147 velocity:[None, None, None] position:LocationGlobalRelative:lat=None,lon=None,alt=None
INFO:root:Angle_optical:-136.373196657 Distance_optical:0.324325474321 Angle_gps:0.0 Distance_gps:0.0                  elapsed_time:0.117003917694
INFO:root:sl:0.0175277199586 sr:0.0272210732941 heading:147 velocity:[None, None, None] position:LocationGlobalRelative:lat=None,lon=None,alt=None
INFO:root:Angle_optical:-135.661019541 Distance_optical:0.368196066125 Angle_gps:0.0 Distance_gps:0.0                  elapsed_time:0.113676786423
INFO:root:sl:0.0228966463221 sr:0.0272049453018 heading:147 velocity:[None, None, None] position:LocationGlobalRelative:lat=None,lon=None,alt=None
INFO:root:Angle_optical:-136.107473668 Distance_optical:0.414663633334 Angle_gps:0.0 Distance_gps:0.0                  elapsed_time:0.0705428123474
INFO:root:sl:0.0165467916184 sr:0.0224150461429 heading:147 velocity:[None, None, None] position:LocationGlobalRelative:lat=None,lon=None,alt=None
INFO:root:Angle_optical:-136.052031663 Distance_optical:0.452808844299 Angle_gps:0.0 Distance_gps:0.0                  elapsed_time:0.105938196182
INFO:root:sl:0.00964944055512 sr:0.0158914971247 heading:147 velocity:[None, None, None] position:LocationGlobalRelative:lat=None,lon=None,alt=None
INFO:root:Angle_optical:-135.79302171 Distance_optical:0.477710383206 Angle_gps:0.0 Distance_gps:0.0                  elapsed_time:0.115403175354
INFO:root:sl:0.0139212184758 sr:0.0182345704021 heading:147 velocity:[None, None, None] position:LocationGlobalRelative:lat=None,lon=None,alt=None
INFO:root:Angle_optical:-135.864987371 Distance_optical:0.508992323584 Angle_gps:0.0 Distance_gps:0.0                  elapsed_time:0.0824840068817
INFO:root:sl:0.00975651801948 sr:0.0132093485073 heading:147 velocity:[None, None, None] position:LocationGlobalRelative:lat=None,lon=None,alt=None
INFO:root:Angle_optical:-135.884994932 Distance_optical:0.531222311744 Angle_gps:0.0 Distance_gps:0.0                  elapsed_time:0.102185964584
INFO:root:sl:0.00812540869753 sr:0.0114493377084 heading:147 velocity:[None, None, None] position:LocationGlobalRelative:lat=None,lon=None,alt=None
INFO:root:Angle_optical:-135.85978837 Distance_optical:0.550322742256 Angle_gps:0.0 Distance_gps:0.0                  elapsed_time:0.113739013672
INFO:root:sl:0.00953241817539 sr:0.0126308338365 heading:147 velocity:[None, None, None] position:LocationGlobalRelative:lat=None,lon=None,alt=None
INFO:root:Angle_optical:-135.900210792 Distance_optical:0.571788287252 Angle_gps:0.0 Distance_gps:0.0                  elapsed_time:0.103969097137
INFO:root:sl:0.0034337154452 sr:0.00695147846222 heading:147 velocity:[None, None, None] position:LocationGlobalRelative:lat=None,lon=None,alt=None
INFO:root:Angle_optical:-135.724423986 Distance_optical:0.582176674263 Angle_gps:0.0 Distance_gps:0.0                  elapsed_time:0.0704929828644
INFO:root:sl:0.00687755664948 sr:0.00802640493459 heading:147 velocity:[None, None, None] position:LocationGlobalRelative:lat=None,lon=None,alt=None
INFO:root:Angle_optical:-135.838724981 Distance_optical:0.596479813406 Angle_gps:0.0 Distance_gps:0.0                  elapsed_time:0.123950004578
INFO:root:sl:0.00175541259356 sr:0.0023423629184 heading:147 velocity:[None, None, None] position:LocationGlobalRelative:lat=None,lon=None,alt=None
INFO:root:Angle_optical:-135.844568356 Distance_optical:0.600456266024 Angle_gps:0.0 Distance_gps:0.0                  elapsed_time:0.111294984818
INFO:root:sl:0.00717643944915 sr:0.00856595514116 heading:147 velocity:[None, None, None] position:LocationGlobalRelative:lat=None,lon=None,alt=None
INFO:root:Angle_optical:-135.942990997 Distance_optical:0.615596946539 Angle_gps:0.0 Distance_gps:0.0                  elapsed_time:0.0686120986938
INFO:root:sl:0.0016938505609 sr:0.00422437213743 heading:147 velocity:[None, None, None] position:LocationGlobalRelative:lat=None,lon=None,alt=None
INFO:root:Angle_optical:-135.803042332 Distance_optical:0.621592136108 Angle_gps:0.0 Distance_gps:0.0                  elapsed_time:0.102126836777
INFO:root:sl:0.000731892982717 sr:0.00122696376596 heading:147 velocity:[None, None, None] position:LocationGlobalRelative:lat=None,lon=None,alt=None
INFO:root:Angle_optical:-135.787177933 Distance_optical:0.623524945596 Angle_gps:0.0 Distance_gps:0.0                  elapsed_time:0.118350982666
INFO:root:sl:-0.00104463297128 sr:0.00195439011168 heading:147 velocity:[None, None, None] position:LocationGlobalRelative:lat=None,lon=None,alt=None
INFO:root:Angle_optical:-135.644601658 Distance_optical:0.625677153324 Angle_gps:0.0 Distance_gps:0.0                  elapsed_time:0.0861051082611
INFO:root:sl:0.00215947127969 sr:0.000621065562452 heading:147 velocity:[None, None, None] position:LocationGlobalRelative:lat=None,lon=None,alt=None
INFO:root:Angle_optical:-135.816748661 Distance_optical:0.628078763618 Angle_gps:0.0 Distance_gps:0.0                  elapsed_time:0.074756860733
INFO:root:sl:-9.20291286505e-05 sr:0.0026474958549 heading:147 velocity:[None, None, None] position:LocationGlobalRelative:lat=None,lon=None,alt=None
INFO:root:Angle_optical:-135.625106758 Distance_optical:0.630994011518 Angle_gps:0.0 Distance_gps:0.0                  elapsed_time:0.130411148071
INFO:root:sl:-0.00155134095502 sr:-0.000893155759433 heading:147 velocity:[None, None, None] position:LocationGlobalRelative:lat=None,lon=None,alt=None
INFO:root:Angle_optical:-135.625106758 Distance_optical:0.630994011518 Angle_gps:0.0 Distance_gps:0.0                  elapsed_time:0.108304977417
INFO:root:sl:0.00723616786971 sr:0.00525020230813 heading:147 velocity:[None, None, None] position:LocationGlobalRelative:lat=None,lon=None,alt=None
INFO:root:Angle_optical:-135.964993527 Distance_optical:0.642535246352 Angle_gps:0.0 Distance_gps:0.0                  elapsed_time:0.0676791667938
INFO:root:sl:-0.000630300541686 sr:0.0005111685778 heading:147 velocity:[None, None, None] position:LocationGlobalRelative:lat=None,lon=None,alt=None
INFO:root:Angle_optical:-135.928559855 Distance_optical:0.643096498623 Angle_gps:0.0 Distance_gps:0.0                  elapsed_time:0.104631900787
INFO:root:sl:-0.00104146465939 sr:0.00105702196334 heading:147 velocity:[None, None, None] position:LocationGlobalRelative:lat=None,lon=None,alt=None
INFO:root:Angle_optical:-135.853421244 Distance_optical:0.644257912181 Angle_gps:0.0 Distance_gps:0.0                  elapsed_time:0.0846419334412
INFO:root:sl:0.00497038973305 sr:0.00415359663227 heading:147 velocity:[None, None, None] position:LocationGlobalRelative:lat=None,lon=None,alt=None
INFO:root:Angle_optical:-136.042113535 Distance_optical:0.6527931372 Angle_gps:0.0 Distance_gps:0.0                  elapsed_time:0.0824790000916
INFO:root:sl:-0.00143621993362 sr:0.000451314003758 heading:147 velocity:[None, None, None] position:LocationGlobalRelative:lat=None,lon=None,alt=None
INFO:root:Angle_optical:-136.010389222 Distance_optical:0.653288170368 Angle_gps:0.0 Distance_gps:0.0                  elapsed_time:0.0831899642944
INFO:root:sl:-0.00246041910948 sr:-0.00092020732406 heading:147 velocity:[None, None, None] position:LocationGlobalRelative:lat=None,lon=None,alt=None
INFO:root:Angle_optical:-136.010389222 Distance_optical:0.653288170368 Angle_gps:0.0 Distance_gps:0.0                  elapsed_time:0.0849471092224
INFO:root:sl:0.00292005342533 sr:0.00402722293748 heading:147 velocity:[None, None, None] position:LocationGlobalRelative:lat=None,lon=None,alt=None
INFO:root:Angle_optical:-136.008501858 Distance_optical:0.660045012007 Angle_gps:0.0 Distance_gps:0.0                  elapsed_time:0.0853388309479
INFO:root:sl:-0.00384186218053 sr:-0.000182680773874 heading:147 velocity:[None, None, None] position:LocationGlobalRelative:lat=None,lon=None,alt=None
INFO:root:Angle_optical:-136.008501858 Distance_optical:0.660045012007 Angle_gps:0.0 Distance_gps:0.0                  elapsed_time:0.0798740386963
INFO:root:sl:-0.00358684718895 sr:-0.00144408270938 heading:147 velocity:[None, None, None] position:LocationGlobalRelative:lat=None,lon=None,alt=None
INFO:root:Angle_optical:-136.008501858 Distance_optical:0.660045012007 Angle_gps:0.0 Distance_gps:0.0                  elapsed_time:0.0771949291229
INFO:root:sl:-0.00237632334334 sr:-0.00254922608285 heading:147 velocity:[None, None, None] position:LocationGlobalRelative:lat=None,lon=None,alt=None
INFO:root:Angle_optical:-136.008501858 Distance_optical:0.660045012007 Angle_gps:0.0 Distance_gps:0.0                  elapsed_time:0.0851571559906
INFO:root:sl:-0.00212569708093 sr:0.00011393724317 heading:147 velocity:[None, None, None] position:LocationGlobalRelative:lat=None,lon=None,alt=None
INFO:root:Angle_optical:-136.000582703 Distance_optical:0.660170020971 Angle_gps:0.0 Distance_gps:0.0                  elapsed_time:0.0768301486969
INFO:root:sl:0.00221375424922 sr:0.00206111037505 heading:147 velocity:[None, None, None] position:LocationGlobalRelative:lat=None,lon=None,alt=None
INFO:root:Angle_optical:-136.067754087 Distance_optical:0.664204518127 Angle_gps:0.0 Distance_gps:0.0                  elapsed_time:0.0832099914551
INFO:root:sl:-0.00445810181437 sr:-0.00187857630484 heading:147 velocity:[None, None, None] position:LocationGlobalRelative:lat=None,lon=None,alt=None
INFO:root:Angle_optical:-136.067754087 Distance_optical:0.664204518127 Angle_gps:0.0 Distance_gps:0.0                  elapsed_time:0.0822048187256
INFO:root:sl:0.00231590856148 sr:0.00136910053258 heading:147 velocity:[None, None, None] position:LocationGlobalRelative:lat=None,lon=None,alt=None
INFO:root:Angle_optical:-136.191425908 Distance_optical:0.66756430607 Angle_gps:0.0 Distance_gps:0.0                  elapsed_time:0.0768330097198
INFO:root:sl:-0.00186624869649 sr:0.000149859433982 heading:147 velocity:[None, None, None] position:LocationGlobalRelative:lat=None,lon=None,alt=None
INFO:root:Angle_optical:-136.181082912 Distance_optical:0.667728346508 Angle_gps:0.0 Distance_gps:0.0                  elapsed_time:0.0781209468842
INFO:root:sl:0.00016771412041 sr:0.00012498095585 heading:147 velocity:[None, None, None] position:LocationGlobalRelative:lat=None,lon=None,alt=None
INFO:root:Angle_optical:-136.188210105 Distance_optical:0.668000034522 Angle_gps:0.0 Distance_gps:0.0                  elapsed_time:0.0815300941467
INFO:root:sl:0.00165887108773 sr:0.000295177807512 heading:147 velocity:[None, None, None] position:LocationGlobalRelative:lat=None,lon=None,alt=None
INFO:root:Angle_optical:-136.323257365 Distance_optical:0.669659191129 Angle_gps:0.0 Distance_gps:0.0                  elapsed_time:0.0808811187744
INFO:root:sl:-0.00333850252907 sr:-8.17481580445e-05 heading:147 velocity:[None, None, None] position:LocationGlobalRelative:lat=None,lon=None,alt=None
INFO:root:Angle_optical:-136.323257365 Distance_optical:0.669659191129 Angle_gps:0.0 Distance_gps:0.0                  elapsed_time:0.0834379196167
INFO:root:sl:-0.00162814255354 sr:-0.00233257264744 heading:147 velocity:[None, None, None] position:LocationGlobalRelative:lat=None,lon=None,alt=None
INFO:root:Angle_optical:-136.323257365 Distance_optical:0.669659191129 Angle_gps:0.0 Distance_gps:0.0                  elapsed_time:0.079164981842
INFO:root:sl:-0.000210346068368 sr:0.000416337280687 heading:147 velocity:[None, None, None] position:LocationGlobalRelative:lat=None,lon=None,alt=None
INFO:root:Angle_optical:-136.294535336 Distance_optical:0.670114208115 Angle_gps:0.0 Distance_gps:0.0                  elapsed_time:0.0794970989227
INFO:root:sl:-0.00188649808855 sr:0.000478011443181 heading:147 velocity:[None, None, None] position:LocationGlobalRelative:lat=None,lon=None,alt=None
INFO:root:Angle_optical:-136.26160664 Distance_optical:0.670636836444 Angle_gps:0.0 Distance_gps:0.0                  elapsed_time:0.0815470218658
INFO:root:sl:3.92295037982e-05 sr:-0.00127755009973 heading:147 velocity:[None, None, None] position:LocationGlobalRelative:lat=None,lon=None,alt=None
INFO:root:Angle_optical:-136.265271643 Distance_optical:0.670668444246 Angle_gps:0.0 Distance_gps:0.0                  elapsed_time:0.0830760002136
INFO:root:sl:-0.000253438965111 sr:0.00043481646679 heading:147 velocity:[None, None, None] position:LocationGlobalRelative:lat=None,lon=None,alt=None
INFO:root:Angle_optical:-136.235361876 Distance_optical:0.671144015546 Angle_gps:0.0 Distance_gps:0.0                  elapsed_time:0.0858860015869
INFO:root:sl:0.00261874742663 sr:0.00157368774798 heading:147 velocity:[None, None, None] position:LocationGlobalRelative:lat=None,lon=None,alt=None
INFO:root:Angle_optical:-136.370979698 Distance_optical:0.674975985366 Angle_gps:0.0 Distance_gps:0.0                  elapsed_time:0.0795421600342
INFO:root:sl:-0.00163818713203 sr:-0.00329474457924 heading:147 velocity:[None, None, None] position:LocationGlobalRelative:lat=None,lon=None,alt=None
INFO:root:Angle_optical:-136.370979698 Distance_optical:0.674975985366 Angle_gps:0.0 Distance_gps:0.0                  elapsed_time:0.0756530761719
INFO:root:sl:0.00140063376654 sr:0.00153585145064 heading:147 velocity:[None, None, None] position:LocationGlobalRelative:lat=None,lon=None,alt=None
INFO:root:Angle_optical:-136.395403805 Distance_optical:0.677784627444 Angle_gps:0.0 Distance_gps:0.0                  elapsed_time:0.0826120376587
INFO:root:sl:0.00381603255 sr:0.0043767348065 heading:147 velocity:[None, None, None] position:LocationGlobalRelative:lat=None,lon=None,alt=None
INFO:root:Angle_optical:-136.44792382 Distance_optical:0.685647171902 Angle_gps:0.0 Distance_gps:0.0                  elapsed_time:0.0803179740906
INFO:root:sl:0.000745732078735 sr:-0.000459444408627 heading:147 velocity:[None, None, None] position:LocationGlobalRelative:lat=None,lon=None,alt=None
INFO:root:Angle_optical:-136.515848137 Distance_optical:0.68625112434 Angle_gps:0.0 Distance_gps:0.0                  elapsed_time:0.0842618942261
INFO:root:sl:0.00462861343979 sr:0.00335819444311 heading:147 velocity:[None, None, None] position:LocationGlobalRelative:lat=None,lon=None,alt=None
INFO:root:Angle_optical:-136.70774272 Distance_optical:0.693666998839 Angle_gps:0.0 Distance_gps:0.0                  elapsed_time:0.0725309848785
INFO:root:sl:0.00152870861135 sr:0.00266673571494 heading:147 velocity:[None, None, None] position:LocationGlobalRelative:lat=None,lon=None,alt=None
INFO:root:Angle_optical:-136.665944316 Distance_optical:0.697811258417 Angle_gps:0.0 Distance_gps:0.0                  elapsed_time:0.0833117961884
INFO:root:sl:0.000600407204726 sr:0.00161212044967 heading:147 velocity:[None, None, None] position:LocationGlobalRelative:lat=None,lon=None,alt=None
INFO:root:Angle_optical:-136.612081904 Distance_optical:0.700053681943 Angle_gps:0.0 Distance_gps:0.0                  elapsed_time:0.0815200805664
INFO:root:sl:0.00108840851117 sr:0.00222689584233 heading:147 velocity:[None, None, None] position:LocationGlobalRelative:lat=None,lon=None,alt=None
INFO:root:Angle_optical:-136.561237761 Distance_optical:0.703362378188 Angle_gps:0.0 Distance_gps:0.0                  elapsed_time:0.0820291042328
INFO:root:sl:-0.00687145735205 sr:-0.00428162892823 heading:147 velocity:[None, None, None] position:LocationGlobalRelative:lat=None,lon=None,alt=None
INFO:root:Angle_optical:-136.561237761 Distance_optical:0.703362378188 Angle_gps:0.0 Distance_gps:0.0                  elapsed_time:0.0794079303741
INFO:root:sl:2.92757661708e-05 sr:-0.000253909182675 heading:147 velocity:[None, None, None] position:LocationGlobalRelative:lat=None,lon=None,alt=None
INFO:root:Angle_optical:-136.563835535 Distance_optical:0.703386132912 Angle_gps:0.0 Distance_gps:0.0                  elapsed_time:0.10185790062
INFO:root:sl:0.00439423880613 sr:0.00318993029256 heading:147 velocity:[None, None, None] position:LocationGlobalRelative:lat=None,lon=None,alt=None
INFO:root:Angle_optical:-136.741122748 Distance_optical:0.710429989466 Angle_gps:0.0 Distance_gps:0.0                  elapsed_time:0.0678720474243
INFO:root:sl:-0.00622818708926 sr:0.00162906889833 heading:147 velocity:[None, None, None] position:LocationGlobalRelative:lat=None,lon=None,alt=None
INFO:root:Angle_optical:-136.634337264 Distance_optical:0.712201680319 Angle_gps:0.0 Distance_gps:0.0                  elapsed_time:0.0771119594574
INFO:root:sl:-0.001936654532 sr:-0.00247957756108 heading:147 velocity:[None, None, None] position:LocationGlobalRelative:lat=None,lon=None,alt=None
INFO:root:Angle_optical:-136.634337264 Distance_optical:0.712201680319 Angle_gps:0.0 Distance_gps:0.0                  elapsed_time:0.0744860172272
INFO:root:sl:0.00256190309172 sr:0.00184622245386 heading:147 velocity:[None, None, None] position:LocationGlobalRelative:lat=None,lon=None,alt=None
INFO:root:Angle_optical:-136.737328837 Distance_optical:0.716294347572 Angle_gps:0.0 Distance_gps:0.0                  elapsed_time:0.0834112167358
INFO:root:sl:-0.00147160412392 sr:0.00131513356708 heading:147 velocity:[None, None, None] position:LocationGlobalRelative:lat=None,lon=None,alt=None
INFO:root:Angle_optical:-136.651792745 Distance_optical:0.717724490783 Angle_gps:0.0 Distance_gps:0.0                  elapsed_time:0.0718989372253
INFO:root:sl:0.00134287956421 sr:0.000256401367576 heading:147 velocity:[None, None, None] position:LocationGlobalRelative:lat=None,lon=None,alt=None
INFO:root:Angle_optical:-136.751600721 Distance_optical:0.71909646815 Angle_gps:0.0 Distance_gps:0.0                  elapsed_time:0.0822539329529
INFO:root:sl:0.00219026211157 sr:0.00338280823541 heading:147 velocity:[None, None, None] position:LocationGlobalRelative:lat=None,lon=None,alt=None
INFO:root:Angle_optical:-136.721791181 Distance_optical:0.724557529608 Angle_gps:0.0 Distance_gps:0.0                  elapsed_time:0.0798909664154
INFO:root:sl:-0.0049563762178 sr:-0.0026782665406 heading:147 velocity:[None, None, None] position:LocationGlobalRelative:lat=None,lon=None,alt=None
INFO:root:Angle_optical:-136.721791181 Distance_optical:0.724557529608 Angle_gps:0.0 Distance_gps:0.0                  elapsed_time:0.0843560695648
INFO:root:sl:0.00413183877324 sr:0.00632272001952 heading:147 velocity:[None, None, None] position:LocationGlobalRelative:lat=None,lon=None,alt=None
INFO:root:Angle_optical:-136.670492853 Distance_optical:0.734796146104 Angle_gps:0.0 Distance_gps:0.0                  elapsed_time:0.0875639915466
INFO:root:sl:-0.000712502307444 sr:-0.00312399188759 heading:147 velocity:[None, None, None] position:LocationGlobalRelative:lat=None,lon=None,alt=None
INFO:root:Angle_optical:-136.670492853 Distance_optical:0.734796146104 Angle_gps:0.0 Distance_gps:0.0                  elapsed_time:0.0790960788727
INFO:root:sl:-0.000141610373548 sr:-0.00192079709461 heading:147 velocity:[None, None, None] position:LocationGlobalRelative:lat=None,lon=None,alt=None
INFO:root:Angle_optical:-136.670492853 Distance_optical:0.734796146104 Angle_gps:0.0 Distance_gps:0.0                  elapsed_time:0.0731499195099
INFO:root:sl:0.000315675189487 sr:0.00295200735127 heading:147 velocity:[None, None, None] position:LocationGlobalRelative:lat=None,lon=None,alt=None
INFO:root:Angle_optical:-136.510777515 Distance_optical:0.738266975694 Angle_gps:0.0 Distance_gps:0.0                  elapsed_time:0.087296962738
INFO:root:sl:-0.00183149571623 sr:-0.0013365141086 heading:147 velocity:[None, None, None] position:LocationGlobalRelative:lat=None,lon=None,alt=None
INFO:root:Angle_optical:-136.510777515 Distance_optical:0.738266975694 Angle_gps:0.0 Distance_gps:0.0                  elapsed_time:0.0782589912415
INFO:root:sl:0.00423551886139 sr:0.00252886973226 heading:147 velocity:[None, None, None] position:LocationGlobalRelative:lat=None,lon=None,alt=None
INFO:root:Angle_optical:-136.708379014 Distance_optical:0.744460595365 Angle_gps:0.0 Distance_gps:0.0                  elapsed_time:0.0832870006561
INFO:root:sl:-0.00660677950647 sr:-0.00420884055347 heading:147 velocity:[None, None, None] position:LocationGlobalRelative:lat=None,lon=None,alt=None
INFO:root:Angle_optical:-136.708379014 Distance_optical:0.744460595365 Angle_gps:0.0 Distance_gps:0.0                  elapsed_time:0.0807328224182
INFO:root:sl:-0.0098445038156 sr:-0.00665556996314 heading:147 velocity:[None, None, None] position:LocationGlobalRelative:lat=None,lon=None,alt=None
INFO:root:Angle_optical:-136.708379014 Distance_optical:0.744460595365 Angle_gps:0.0 Distance_gps:0.0                  elapsed_time:0.0716669559479
INFO:root:sl:-0.00519050272241 sr:-0.00185684951093 heading:147 velocity:[None, None, None] position:LocationGlobalRelative:lat=None,lon=None,alt=None
INFO:root:Angle_optical:-136.708379014 Distance_optical:0.744460595365 Angle_gps:0.0 Distance_gps:0.0                  elapsed_time:0.08536195755
INFO:root:sl:-0.00158061107335 sr:0.000427219595627 heading:147 velocity:[None, None, None] position:LocationGlobalRelative:lat=None,lon=None,alt=None
INFO:root:Angle_optical:-136.681625382 Distance_optical:0.744925172865 Angle_gps:0.0 Distance_gps:0.0                  elapsed_time:0.0792570114136
INFO:root:sl:-0.00193866384164 sr:-0.00177769596377 heading:147 velocity:[None, None, None] position:LocationGlobalRelative:lat=None,lon=None,alt=None
INFO:root:Angle_optical:-136.681625382 Distance_optical:0.744925172865 Angle_gps:0.0 Distance_gps:0.0                  elapsed_time:0.0770781040192
INFO:root:sl:-0.0019500930287 sr:0.00128881047209 heading:147 velocity:[None, None, None] position:LocationGlobalRelative:lat=None,lon=None,alt=None
INFO:root:Angle_optical:-136.601118513 Distance_optical:0.746327663999 Angle_gps:0.0 Distance_gps:0.0                  elapsed_time:0.083105802536
INFO:root:sl:-0.00153694201454 sr:-0.000674853148421 heading:147 velocity:[None, None, None] position:LocationGlobalRelative:lat=None,lon=None,alt=None
INFO:root:Angle_optical:-136.601118513 Distance_optical:0.746327663999 Angle_gps:0.0 Distance_gps:0.0                  elapsed_time:0.0750679969788
INFO:root:sl:-0.00647958859503 sr:-0.000548241551769 heading:147 velocity:[None, None, None] position:LocationGlobalRelative:lat=None,lon=None,alt=None
INFO:root:Angle_optical:-136.601118513 Distance_optical:0.746327663999 Angle_gps:0.0 Distance_gps:0.0                  elapsed_time:0.0826830863953
INFO:root:sl:-0.00177586521938 sr:0.00310631740924 heading:147 velocity:[None, None, None] position:LocationGlobalRelative:lat=None,lon=None,alt=None
INFO:root:Angle_optical:-136.408318341 Distance_optical:0.749713993793 Angle_gps:0.0 Distance_gps:0.0                  elapsed_time:0.087513923645
INFO:root:sl:-0.00498647275276 sr:-0.00398631897272 heading:147 velocity:[None, None, None] position:LocationGlobalRelative:lat=None,lon=None,alt=None
INFO:root:Angle_optical:-136.408318341 Distance_optical:0.749713993793 Angle_gps:0.0 Distance_gps:0.0                  elapsed_time:0.0770010948181
INFO:root:sl:-0.00432305508447 sr:-0.000406535309978 heading:147 velocity:[None, None, None] position:LocationGlobalRelative:lat=None,lon=None,alt=None
INFO:root:Angle_optical:-136.408318341 Distance_optical:0.749713993793 Angle_gps:0.0 Distance_gps:0.0                  elapsed_time:0.0858950614929
INFO:root:sl:-0.00245653884617 sr:0.00415254819203 heading:147 velocity:[None, None, None] position:LocationGlobalRelative:lat=None,lon=None,alt=None
INFO:root:Angle_optical:-136.153289794 Distance_optical:0.754253984768 Angle_gps:0.0 Distance_gps:0.0                  elapsed_time:0.0753109455109
INFO:root:sl:-0.00364725360648 sr:0.000346398507415 heading:147 velocity:[None, None, None] position:LocationGlobalRelative:lat=None,lon=None,alt=None
INFO:root:Angle_optical:-136.1321545 Distance_optical:0.754633373955 Angle_gps:0.0 Distance_gps:0.0                  elapsed_time:0.0785059928894
INFO:root:sl:-0.00187682626995 sr:0.0011559956175 heading:147 velocity:[None, None, None] position:LocationGlobalRelative:lat=None,lon=None,alt=None
INFO:root:Angle_optical:-136.061775721 Distance_optical:0.755900207053 Angle_gps:0.0 Distance_gps:0.0                  elapsed_time:0.0801918506622
INFO:root:sl:-0.00547803865114 sr:-0.000358059342622 heading:147 velocity:[None, None, None] position:LocationGlobalRelative:lat=None,lon=None,alt=None
INFO:root:Angle_optical:-136.061775721 Distance_optical:0.755900207053 Angle_gps:0.0 Distance_gps:0.0                  elapsed_time:0.0785980224609
INFO:root:sl:-0.00440834977548 sr:-0.00178602618771 heading:147 velocity:[None, None, None] position:LocationGlobalRelative:lat=None,lon=None,alt=None
INFO:root:Angle_optical:-136.061775721 Distance_optical:0.755900207053 Angle_gps:0.0 Distance_gps:0.0                  elapsed_time:0.0886981487274
INFO:root:sl:-0.0030972666701 sr:-0.000530891856819 heading:147 velocity:[None, None, None] position:LocationGlobalRelative:lat=None,lon=None,alt=None
INFO:root:Angle_optical:-136.061775721 Distance_optical:0.755900207053 Angle_gps:0.0 Distance_gps:0.0                  elapsed_time:0.083859205246
INFO:root:sl:-0.00107582956475 sr:0.000414995694107 heading:147 velocity:[None, None, None] position:LocationGlobalRelative:lat=None,lon=None,alt=None
INFO:root:Angle_optical:-136.036567674 Distance_optical:0.756355270335 Angle_gps:0.0 Distance_gps:0.0                  elapsed_time:0.0682878494263
INFO:root:sl:-0.0032160400911 sr:-0.00345642527799 heading:147 velocity:[None, None, None] position:LocationGlobalRelative:lat=None,lon=None,alt=None
INFO:root:Angle_optical:-136.036567674 Distance_optical:0.756355270335 Angle_gps:0.0 Distance_gps:0.0                  elapsed_time:0.0823609828949
INFO:root:sl:-0.00313704987341 sr:0.000495413004814 heading:147 velocity:[None, None, None] position:LocationGlobalRelative:lat=None,lon=None,alt=None
INFO:root:Angle_optical:-136.006514543 Distance_optical:0.756898706627 Angle_gps:0.0 Distance_gps:0.0                  elapsed_time:0.0811491012573
INFO:root:sl:-0.00205257100895 sr:0.00110824412471 heading:147 velocity:[None, None, None] position:LocationGlobalRelative:lat=None,lon=None,alt=None
INFO:root:Angle_optical:-135.939441423 Distance_optical:0.758115131565 Angle_gps:0.0 Distance_gps:0.0                  elapsed_time:0.084615945816
INFO:root:sl:-0.000804677961763 sr:-0.00142173173811 heading:147 velocity:[None, None, None] position:LocationGlobalRelative:lat=None,lon=None,alt=None
INFO:root:Angle_optical:-135.939441423 Distance_optical:0.758115131565 Angle_gps:0.0 Distance_gps:0.0                  elapsed_time:0.0727050304413
INFO:root:sl:-0.00450730005082 sr:-0.00295741547818 heading:147 velocity:[None, None, None] position:LocationGlobalRelative:lat=None,lon=None,alt=None
INFO:root:Angle_optical:-135.939441423 Distance_optical:0.758115131565 Angle_gps:0.0 Distance_gps:0.0                  elapsed_time:0.0844838619232
INFO:root:sl:-0.000465983046732 sr:0.002395851523 heading:147 velocity:[None, None, None] position:LocationGlobalRelative:lat=None,lon=None,alt=None
INFO:root:Angle_optical:-135.795173412 Distance_optical:0.760748385964 Angle_gps:0.0 Distance_gps:0.0                  elapsed_time:0.0849149227142
INFO:root:sl:-0.000483670514854 sr:0.00245185138161 heading:147 velocity:[None, None, None] position:LocationGlobalRelative:lat=None,lon=None,alt=None
INFO:root:Angle_optical:-135.648564654 Distance_optical:0.763448147915 Angle_gps:0.0 Distance_gps:0.0                  elapsed_time:0.0770978927612
INFO:root:sl:0.00191983656461 sr:0.00330040907094 heading:147 velocity:[None, None, None] position:LocationGlobalRelative:lat=None,lon=None,alt=None
INFO:root:Angle_optical:-135.610964552 Distance_optical:0.768610006574 Angle_gps:0.0 Distance_gps:0.0                  elapsed_time:0.0833871364594
INFO:root:sl:-0.000226313039743 sr:0.00256751861352 heading:147 velocity:[None, None, None] position:LocationGlobalRelative:lat=None,lon=None,alt=None
INFO:root:Angle_optical:-135.459705895 Distance_optical:0.771443764279 Angle_gps:0.0 Distance_gps:0.0                  elapsed_time:0.0723361968994
INFO:root:sl:0.00111132759967 sr:0.0041327805237 heading:147 velocity:[None, None, None] position:LocationGlobalRelative:lat=None,lon=None,alt=None
INFO:root:Angle_optical:-135.309374086 Distance_optical:0.776890357045 Angle_gps:0.0 Distance_gps:0.0                  elapsed_time:0.0784509181976
