INFO:root:Resolution: 320*240
INFO:root:sl:-0.00371727408013 sr:0.0140475356979 heading:334 velocity:[0.0, 0.0, 0.0] position:LocationGlobalRelative:lat=0.0,lon=0.0,alt=-2.29
INFO:root:Angle_optical:72.9935005057 Distance_optical:0.00626803754779 Angle_gps:0.0 Distance_gps:0.0                  elapsed_time:0.463031053543
INFO:root:sl:-0.000810511428631 sr:0.00291589428897 heading:334 velocity:[0.0, 0.0, 0.0] position:LocationGlobalRelative:lat=0.0,lon=0.0,alt=-2.29
INFO:root:Angle_optical:72.7472246317 Distance_optical:0.00731026640382 Angle_gps:0.0 Distance_gps:0.0                  elapsed_time:0.562418937683
INFO:root:sl:-0.000810165553167 sr:0.00321388397715 heading:334 velocity:[0.0, 0.0, 0.0] position:LocationGlobalRelative:lat=0.0,lon=0.0,alt=-2.29
INFO:root:Angle_optical:72.9742082527 Distance_optical:0.00998370996108 Angle_gps:0.0 Distance_gps:0.0                  elapsed_time:0.541342973709
INFO:root:sl:-0.00125311228719 sr:0.00458707569727 heading:334 velocity:[0.0, 0.0, 0.0] position:LocationGlobalRelative:lat=0.0,lon=0.0,alt=-2.29
INFO:root:Angle_optical:72.6894086408 Distance_optical:0.0134176316686 Angle_gps:0.0 Distance_gps:0.0                  elapsed_time:0.595407962799
INFO:root:sl:-0.000718447317247 sr:0.00267921349085 heading:334 velocity:[0.0, 0.0, 0.0] position:LocationGlobalRelative:lat=0.0,lon=0.0,alt=-2.29
INFO:root:Angle_optical:72.9903609996 Distance_optical:0.0165298053945 Angle_gps:0.0 Distance_gps:0.0                  elapsed_time:0.540786027908
INFO:root:sl:-0.000494774377706 sr:0.00186493048132 heading:334 velocity:[0.0, 0.0, 0.0] position:LocationGlobalRelative:lat=0.0,lon=0.0,alt=-2.29
INFO:root:Angle_optical:72.9071256562 Distance_optical:0.0186437725892 Angle_gps:0.0 Distance_gps:0.0                  elapsed_time:0.562196969986
INFO:root:sl:-0.000616583495535 sr:0.00228280491736 heading:334 velocity:[0.0, 0.0, 0.0] position:LocationGlobalRelative:lat=0.0,lon=0.0,alt=-2.29
INFO:root:Angle_optical:72.9976084716 Distance_optical:0.021718902361 Angle_gps:0.0 Distance_gps:0.0                  elapsed_time:0.541699171066
INFO:root:sl:-0.000329933621592 sr:0.00108404292244 heading:334 velocity:[0.0, 0.0, 0.0] position:LocationGlobalRelative:lat=0.0,lon=0.0,alt=-2.3
INFO:root:Angle_optical:72.937414335 Distance_optical:0.0231532247099 Angle_gps:0.0 Distance_gps:0.0                  elapsed_time:0.562227010727
INFO:root:sl:-0.000264102862681 sr:0.000748220733159 heading:334 velocity:[0.0, 0.0, 0.0] position:LocationGlobalRelative:lat=0.0,lon=0.0,alt=-2.3
INFO:root:Angle_optical:72.9136203972 Distance_optical:0.0241918772779 Angle_gps:0.0 Distance_gps:0.0                  elapsed_time:0.541851997375
INFO:root:sl:-0.000302654994952 sr:0.00102876714324 heading:334 velocity:[0.0, 0.0, 0.0] position:LocationGlobalRelative:lat=0.0,lon=0.0,alt=-2.3
INFO:root:Angle_optical:72.8512824357 Distance_optical:0.0256027939202 Angle_gps:0.0 Distance_gps:0.0                  elapsed_time:0.562222957611
INFO:root:sl:-7.1061427717e-05 sr:4.60508492806e-05 heading:334 velocity:[0.0, 0.0, 0.0] position:LocationGlobalRelative:lat=0.0,lon=0.0,alt=-2.27
INFO:root:Angle_optical:72.8489425483 Distance_optical:0.0256667455741 Angle_gps:0.0 Distance_gps:0.0                  elapsed_time:0.541682004929
INFO:root:sl:-0.000159454821338 sr:0.00045575968142 heading:334 velocity:[0.0, 0.0, 0.0] position:LocationGlobalRelative:lat=0.0,lon=0.0,alt=-2.27
INFO:root:Angle_optical:72.8221310078 Distance_optical:0.0262964563891 Angle_gps:0.0 Distance_gps:0.0                  elapsed_time:0.595408916473
INFO:root:sl:9.60823159015e-05 sr:-0.000448205327021 heading:334 velocity:[0.0, 0.0, 0.0] position:LocationGlobalRelative:lat=0.0,lon=0.0,alt=-2.26
INFO:root:Angle_optical:72.5318227666 Distance_optical:0.0262943751601 Angle_gps:0.0 Distance_gps:0.0                  elapsed_time:0.540730953217
INFO:root:sl:0.00139474003274 sr:0.00078538368792 heading:334 velocity:[0.0, 0.0, 0.0] position:LocationGlobalRelative:lat=0.0,lon=0.0,alt=-2.26
INFO:root:Angle_optical:68.4628504612 Distance_optical:0.0274236171809 Angle_gps:0.0 Distance_gps:0.0                  elapsed_time:0.562381982803
INFO:root:sl:-0.00134466235202 sr:-0.000449027816519 heading:334 velocity:[0.0, 0.0, 0.0] position:LocationGlobalRelative:lat=0.0,lon=0.0,alt=-2.26
INFO:root:Angle_optical:68.4628504612 Distance_optical:0.0274236171809 Angle_gps:0.0 Distance_gps:0.0                  elapsed_time:0.541929960251
INFO:root:sl:0.000229226550549 sr:-0.000749993541853 heading:334 velocity:[0.0, 0.0, 0.0] position:LocationGlobalRelative:lat=0.0,lon=0.0,alt=-2.26
INFO:root:Angle_optical:67.8010562239 Distance_optical:0.0274435604607 Angle_gps:0.0 Distance_gps:0.0                  elapsed_time:0.564901828766
INFO:root:sl:6.98260578166e-05 sr:-0.000103409417613 heading:334 velocity:[0.0, 0.0, 0.0] position:LocationGlobalRelative:lat=0.0,lon=0.0,alt=-2.25
INFO:root:Angle_optical:67.5995968061 Distance_optical:0.0274503764304 Angle_gps:0.0 Distance_gps:0.0                  elapsed_time:0.539510965347
INFO:root:sl:-0.0001040190626 sr:-0.000975375508774 heading:334 velocity:[0.0, 0.0, 0.0] position:LocationGlobalRelative:lat=0.0,lon=0.0,alt=-2.25
INFO:root:Angle_optical:67.5995968061 Distance_optical:0.0274503764304 Angle_gps:0.0 Distance_gps:0.0                  elapsed_time:0.562137126923
INFO:root:sl:4.87583864414e-05 sr:-0.00045719461706 heading:334 velocity:[0.0, 0.0, 0.0] position:LocationGlobalRelative:lat=0.0,lon=0.0,alt=-2.25
INFO:root:Angle_optical:67.4589924453 Distance_optical:0.0274553338396 Angle_gps:0.0 Distance_gps:0.0                  elapsed_time:0.540854930878
INFO:root:sl:3.64134541451e-06 sr:-0.000383994885862 heading:334 velocity:[-0.01, 0.0, 0.0] position:LocationGlobalRelative:lat=0.0,lon=0.0,alt=-2.26
INFO:root:Angle_optical:67.4484945823 Distance_optical:0.0274557105477 Angle_gps:0.0 Distance_gps:0.0                  elapsed_time:0.595756053925
INFO:root:sl:0.000147166140202 sr:-0.00110665165244 heading:334 velocity:[-0.01, 0.0, 0.0] position:LocationGlobalRelative:lat=0.0,lon=0.0,alt=-2.26
INFO:root:Angle_optical:67.0244548683 Distance_optical:0.0274717095814 Angle_gps:0.0 Distance_gps:0.0                  elapsed_time:0.544764995575
INFO:root:sl:4.98914680144e-05 sr:-0.00048696028884 heading:334 velocity:[-0.01, 0.0, 0.0] position:LocationGlobalRelative:lat=0.0,lon=0.0,alt=-2.26
INFO:root:Angle_optical:66.8808169563 Distance_optical:0.0274774740766 Angle_gps:0.0 Distance_gps:0.0                  elapsed_time:0.559020996094
INFO:root:sl:5.01747384076e-05 sr:-0.000494401706785 heading:334 velocity:[-0.01, 0.0, 0.0] position:LocationGlobalRelative:lat=0.0,lon=0.0,alt=-2.26
INFO:root:Angle_optical:66.7364236429 Distance_optical:0.027483445763 Angle_gps:0.0 Distance_gps:0.0                  elapsed_time:0.540006875992
INFO:root:sl:0.000229380401274 sr:-0.00119237251239 heading:334 velocity:[-0.01, 0.0, 0.0] position:LocationGlobalRelative:lat=0.0,lon=0.0,alt=-2.25
INFO:root:Angle_optical:66.0771523327 Distance_optical:0.0275129653483 Angle_gps:0.0 Distance_gps:0.0                  elapsed_time:0.562194108963
INFO:root:sl:0.000201703347402 sr:-0.0011296251128 heading:334 velocity:[-0.01, 0.0, 0.0] position:LocationGlobalRelative:lat=0.0,lon=0.0,alt=-2.25
INFO:root:Angle_optical:65.4986606665 Distance_optical:0.0275419272437 Angle_gps:0.0 Distance_gps:0.0                  elapsed_time:0.545064210892
