INFO:root:sl:0.121636897685 sr:0.151844189259 heading:143 velocity:[None, None, None] position:LocationGlobalRelative:lat=None,lon=None,alt=None
INFO:root:Angle_optical:-133.437636978 Distance_optical:0.0936768972018 Angle_gps:0.0 Distance_gps:0.0                  elapsed_time:0.0564980506897
INFO:root:sl:0.0281311372893 sr:0.0353503251309 heading:143 velocity:[None, None, None] position:LocationGlobalRelative:lat=None,lon=None,alt=None
INFO:root:Angle_optical:-133.765888349 Distance_optical:0.11079005642 Angle_gps:0.0 Distance_gps:0.0                  elapsed_time:0.15593290329
INFO:root:sl:0.0393019518303 sr:0.0482231045826 heading:143 velocity:[None, None, None] position:LocationGlobalRelative:lat=None,lon=None,alt=None
INFO:root:Angle_optical:-133.580366489 Distance_optical:0.168399343386 Angle_gps:0.0 Distance_gps:0.0                  elapsed_time:0.126652956009
INFO:root:sl:0.0456362408907 sr:0.0567056752517 heading:143 velocity:[None, None, None] position:LocationGlobalRelative:lat=None,lon=None,alt=None
INFO:root:Angle_optical:-133.946007419 Distance_optical:0.22907784527 Angle_gps:0.0 Distance_gps:0.0                  elapsed_time:0.124186038971
INFO:root:sl:0.0196269613395 sr:0.0263025231136 heading:143 velocity:[None, None, None] position:LocationGlobalRelative:lat=None,lon=None,alt=None
INFO:root:Angle_optical:-133.372520246 Distance_optical:0.270682782612 Angle_gps:0.0 Distance_gps:0.0                  elapsed_time:0.141577005386
INFO:root:sl:0.0279696680856 sr:0.0331634492008 heading:143 velocity:[None, None, None] position:LocationGlobalRelative:lat=None,lon=None,alt=None
INFO:root:Angle_optical:-133.740406566 Distance_optical:0.322294071667 Angle_gps:0.0 Distance_gps:0.0                  elapsed_time:0.103926897049
INFO:root:sl:0.0224866802131 sr:0.0264935652582 heading:143 velocity:[None, None, None] position:LocationGlobalRelative:lat=None,lon=None,alt=None
INFO:root:Angle_optical:-133.870616132 Distance_optical:0.369674703161 Angle_gps:0.0 Distance_gps:0.0                  elapsed_time:0.114281892776
INFO:root:sl:0.0203001374991 sr:0.0264950002331 heading:143 velocity:[None, None, None] position:LocationGlobalRelative:lat=None,lon=None,alt=None
INFO:root:Angle_optical:-133.795159677 Distance_optical:0.413218990678 Angle_gps:0.0 Distance_gps:0.0                  elapsed_time:0.136981964111
INFO:root:sl:0.0143918803228 sr:0.0212929608428 heading:143 velocity:[None, None, None] position:LocationGlobalRelative:lat=None,lon=None,alt=None
INFO:root:Angle_optical:-133.449885671 Distance_optical:0.44810546645 Angle_gps:0.0 Distance_gps:0.0                  elapsed_time:0.120659828186
INFO:root:sl:0.0136541135452 sr:0.0130794666843 heading:143 velocity:[None, None, None] position:LocationGlobalRelative:lat=None,lon=None,alt=None
INFO:root:Angle_optical:-133.908583324 Distance_optical:0.473056193658 Angle_gps:0.0 Distance_gps:0.0                  elapsed_time:0.0880119800568
INFO:root:sl:0.0150123020006 sr:0.0153605190416 heading:143 velocity:[None, None, None] position:LocationGlobalRelative:lat=None,lon=None,alt=None
INFO:root:Angle_optical:-134.262665986 Distance_optical:0.501976796782 Angle_gps:0.0 Distance_gps:0.0                  elapsed_time:0.0842399597168
INFO:root:sl:0.00506231184735 sr:0.0131485354892 heading:143 velocity:[None, None, None] position:LocationGlobalRelative:lat=None,lon=None,alt=None
INFO:root:Angle_optical:-133.642341039 Distance_optical:0.520068206747 Angle_gps:0.0 Distance_gps:0.0                  elapsed_time:0.107069015503
INFO:root:sl:0.0167776213381 sr:0.0158124109351 heading:143 velocity:[None, None, None] position:LocationGlobalRelative:lat=None,lon=None,alt=None
INFO:root:Angle_optical:-134.141662395 Distance_optical:0.550841610761 Angle_gps:0.0 Distance_gps:0.0                  elapsed_time:0.119637966156
INFO:root:sl:0.0082639454823 sr:0.0102958614793 heading:143 velocity:[None, None, None] position:LocationGlobalRelative:lat=None,lon=None,alt=None
INFO:root:Angle_optical:-134.157299755 Distance_optical:0.568607495998 Angle_gps:0.0 Distance_gps:0.0                  elapsed_time:0.130541801453
INFO:root:sl:0.0101593222254 sr:0.0118715768363 heading:143 velocity:[None, None, None] position:LocationGlobalRelative:lat=None,lon=None,alt=None
INFO:root:Angle_optical:-134.237956212 Distance_optical:0.58966186079 Angle_gps:0.0 Distance_gps:0.0                  elapsed_time:0.127889871597
INFO:root:sl:0.00562883017738 sr:0.0086739488754 heading:143 velocity:[None, None, None] position:LocationGlobalRelative:lat=None,lon=None,alt=None
INFO:root:Angle_optical:-134.114180301 Distance_optical:0.603528507826 Angle_gps:0.0 Distance_gps:0.0                  elapsed_time:0.123836040497
INFO:root:sl:0.00408497672603 sr:0.00542217169599 heading:143 velocity:[None, None, None] position:LocationGlobalRelative:lat=None,lon=None,alt=None
INFO:root:Angle_optical:-134.095544686 Distance_optical:0.612676587243 Angle_gps:0.0 Distance_gps:0.0                  elapsed_time:0.132914066315
INFO:root:sl:0.00848652176921 sr:0.00825565686167 heading:143 velocity:[None, None, None] position:LocationGlobalRelative:lat=None,lon=None,alt=None
INFO:root:Angle_optical:-134.287267533 Distance_optical:0.628491410439 Angle_gps:0.0 Distance_gps:0.0                  elapsed_time:0.109926939011
INFO:root:sl:0.00686342508222 sr:0.00257183941317 heading:143 velocity:[None, None, None] position:LocationGlobalRelative:lat=None,lon=None,alt=None
INFO:root:Angle_optical:-134.745498613 Distance_optical:0.636973999367 Angle_gps:0.0 Distance_gps:0.0                  elapsed_time:0.0747008323669
INFO:root:sl:0.00397876747407 sr:0.00322964334975 heading:143 velocity:[None, None, None] position:LocationGlobalRelative:lat=None,lon=None,alt=None
INFO:root:Angle_optical:-134.873986133 Distance_optical:0.64372770928 Angle_gps:0.0 Distance_gps:0.0                  elapsed_time:0.156274080276
INFO:root:sl:0.00899002912441 sr:0.00935358567259 heading:143 velocity:[None, None, None] position:LocationGlobalRelative:lat=None,lon=None,alt=None
INFO:root:Angle_optical:-135.002577803 Distance_optical:0.661148249639 Angle_gps:0.0 Distance_gps:0.0                  elapsed_time:0.083958864212
INFO:root:sl:0.00370400184884 sr:0.00449898495744 heading:143 velocity:[None, None, None] position:LocationGlobalRelative:lat=None,lon=None,alt=None
INFO:root:Angle_optical:-135.006588374 Distance_optical:0.669000326118 Angle_gps:0.0 Distance_gps:0.0                  elapsed_time:0.104929208755
INFO:root:sl:0.00350519575607 sr:0.00530590348865 heading:143 velocity:[None, None, None] position:LocationGlobalRelative:lat=None,lon=None,alt=None
INFO:root:Angle_optical:-134.934894892 Distance_optical:0.677527689713 Angle_gps:0.0 Distance_gps:0.0                  elapsed_time:0.0996391773224
INFO:root:sl:0.00741981793262 sr:0.00396567401028 heading:143 velocity:[None, None, None] position:LocationGlobalRelative:lat=None,lon=None,alt=None
INFO:root:Angle_optical:-135.301067734 Distance_optical:0.687990544765 Angle_gps:0.0 Distance_gps:0.0                  elapsed_time:0.0850629806519
INFO:root:sl:0.00682132824242 sr:0.00173579522383 heading:143 velocity:[None, None, None] position:LocationGlobalRelative:lat=None,lon=None,alt=None
INFO:root:Angle_optical:-135.763544239 Distance_optical:0.695656874665 Angle_gps:0.0 Distance_gps:0.0                  elapsed_time:0.0755341053009
INFO:root:sl:-0.00111812864657 sr:0.00164544974386 heading:143 velocity:[None, None, None] position:LocationGlobalRelative:lat=None,lon=None,alt=None
INFO:root:Angle_optical:-135.64673298 Distance_optical:0.697359653706 Angle_gps:0.0 Distance_gps:0.0                  elapsed_time:0.0820848941803
INFO:root:sl:0.00916820179884 sr:0.00702853501353 heading:143 velocity:[None, None, None] position:LocationGlobalRelative:lat=None,lon=None,alt=None
INFO:root:Angle_optical:-135.923147598 Distance_optical:0.712549992977 Angle_gps:0.0 Distance_gps:0.0                  elapsed_time:0.0827739238739
INFO:root:sl:-0.00306156433355 sr:-0.00428204791876 heading:143 velocity:[None, None, None] position:LocationGlobalRelative:lat=None,lon=None,alt=None
INFO:root:Angle_optical:-135.923147598 Distance_optical:0.712549992977 Angle_gps:0.0 Distance_gps:0.0                  elapsed_time:0.0832650661469
INFO:root:sl:0.00929259860411 sr:0.0101402810169 heading:143 velocity:[None, None, None] position:LocationGlobalRelative:lat=None,lon=None,alt=None
INFO:root:Angle_optical:-135.985451826 Distance_optical:0.731066628468 Angle_gps:0.0 Distance_gps:0.0                  elapsed_time:0.0815989971161
INFO:root:sl:0.00102575025703 sr:0.00180959204839 heading:143 velocity:[None, None, None] position:LocationGlobalRelative:lat=None,lon=None,alt=None
INFO:root:Angle_optical:-135.945346405 Distance_optical:0.733822183862 Angle_gps:0.0 Distance_gps:0.0                  elapsed_time:0.0852470397949
INFO:root:sl:-0.000681984905295 sr:0.00385539022559 heading:143 velocity:[None, None, None] position:LocationGlobalRelative:lat=None,lon=None,alt=None
INFO:root:Angle_optical:-135.685671081 Distance_optical:0.737805503452 Angle_gps:0.0 Distance_gps:0.0                  elapsed_time:0.0780289173126
INFO:root:sl:0.00400248088333 sr:0.00119116700785 heading:143 velocity:[None, None, None] position:LocationGlobalRelative:lat=None,lon=None,alt=None
INFO:root:Angle_optical:-135.926088592 Distance_optical:0.742497754717 Angle_gps:0.0 Distance_gps:0.0                  elapsed_time:0.0731730461121
INFO:root:sl:0.00209294566449 sr:-0.0038327007828 heading:143 velocity:[None, None, None] position:LocationGlobalRelative:lat=None,lon=None,alt=None
INFO:root:Angle_optical:-136.092275517 Distance_optical:0.744315416969 Angle_gps:0.0 Distance_gps:0.0                  elapsed_time:0.0807139873505
INFO:root:sl:-0.00158753277294 sr:0.0096576549576 heading:143 velocity:[None, None, None] position:LocationGlobalRelative:lat=None,lon=None,alt=None
INFO:root:Angle_optical:-135.454071046 Distance_optical:0.754299827169 Angle_gps:0.0 Distance_gps:0.0                  elapsed_time:0.0764691829681
INFO:root:sl:0.00391258142588 sr:-0.0028125264019 heading:143 velocity:[None, None, None] position:LocationGlobalRelative:lat=None,lon=None,alt=None
INFO:root:Angle_optical:-135.761371399 Distance_optical:0.757669470908 Angle_gps:0.0 Distance_gps:0.0                  elapsed_time:0.0827808380127
INFO:root:sl:0.00608253898165 sr:0.00262476196662 heading:143 velocity:[None, None, None] position:LocationGlobalRelative:lat=None,lon=None,alt=None
INFO:root:Angle_optical:-136.062314403 Distance_optical:0.765649372986 Angle_gps:0.0 Distance_gps:0.0                  elapsed_time:0.0788321495056
INFO:root:sl:-0.00602031044689 sr:-0.00365753949252 heading:143 velocity:[None, None, None] position:LocationGlobalRelative:lat=None,lon=None,alt=None
INFO:root:Angle_optical:-136.062314403 Distance_optical:0.765649372986 Angle_gps:0.0 Distance_gps:0.0                  elapsed_time:0.0733120441437
INFO:root:sl:0.000888251105315 sr:0.000767847299153 heading:143 velocity:[None, None, None] position:LocationGlobalRelative:lat=None,lon=None,alt=None
INFO:root:Angle_optical:-136.080746998 Distance_optical:0.767212135458 Angle_gps:0.0 Distance_gps:0.0                  elapsed_time:0.0794141292572
INFO:root:sl:0.000455155403169 sr:6.5107725207e-05 heading:143 velocity:[None, None, None] position:LocationGlobalRelative:lat=None,lon=None,alt=None
INFO:root:Angle_optical:-136.11148201 Distance_optical:0.767675126489 Angle_gps:0.0 Distance_gps:0.0                  elapsed_time:0.0729179382324
INFO:root:sl:-0.0055121727921 sr:-0.00761825921657 heading:143 velocity:[None, None, None] position:LocationGlobalRelative:lat=None,lon=None,alt=None
INFO:root:Angle_optical:-136.11148201 Distance_optical:0.767675126489 Angle_gps:0.0 Distance_gps:0.0                  elapsed_time:0.0770790576935
INFO:root:sl:-0.00354730598118 sr:-0.00598562379272 heading:143 velocity:[None, None, None] position:LocationGlobalRelative:lat=None,lon=None,alt=None
INFO:root:Angle_optical:-136.11148201 Distance_optical:0.767675126489 Angle_gps:0.0 Distance_gps:0.0                  elapsed_time:0.0857539176941
INFO:root:sl:-0.00397460769061 sr:-0.0066430219815 heading:143 velocity:[None, None, None] position:LocationGlobalRelative:lat=None,lon=None,alt=None
INFO:root:Angle_optical:-136.11148201 Distance_optical:0.767675126489 Angle_gps:0.0 Distance_gps:0.0                  elapsed_time:0.0757970809937
INFO:root:sl:-0.00512205788043 sr:-0.00475311297921 heading:143 velocity:[None, None, None] position:LocationGlobalRelative:lat=None,lon=None,alt=None
INFO:root:Angle_optical:-136.11148201 Distance_optical:0.767675126489 Angle_gps:0.0 Distance_gps:0.0                  elapsed_time:0.0853219032288
INFO:root:sl:-9.71365937422e-05 sr:0.00240579285998 heading:143 velocity:[None, None, None] position:LocationGlobalRelative:lat=None,lon=None,alt=None
INFO:root:Angle_optical:-135.955714382 Distance_optical:0.770152804319 Angle_gps:0.0 Distance_gps:0.0                  elapsed_time:0.0794270038605
INFO:root:sl:-0.00335298458967 sr:-0.00218190271825 heading:143 velocity:[None, None, None] position:LocationGlobalRelative:lat=None,lon=None,alt=None
INFO:root:Angle_optical:-135.955714382 Distance_optical:0.770152804319 Angle_gps:0.0 Distance_gps:0.0                  elapsed_time:0.0758781433105
INFO:root:sl:-0.00152450445428 sr:0.00575806803884 heading:143 velocity:[None, None, None] position:LocationGlobalRelative:lat=None,lon=None,alt=None
INFO:root:Angle_optical:-135.586945077 Distance_optical:0.776105788166 Angle_gps:0.0 Distance_gps:0.0                  elapsed_time:0.080304145813
INFO:root:sl:0.0021314183168 sr:0.00555995609188 heading:143 velocity:[None, None, None] position:LocationGlobalRelative:lat=None,lon=None,alt=None
INFO:root:Angle_optical:-135.398556237 Distance_optical:0.78370843249 Angle_gps:0.0 Distance_gps:0.0                  elapsed_time:0.0757939815521
INFO:root:sl:0.000654257402743 sr:0.0011741737356 heading:143 velocity:[None, None, None] position:LocationGlobalRelative:lat=None,lon=None,alt=None
INFO:root:Angle_optical:-135.374724508 Distance_optical:0.785489977667 Angle_gps:0.0 Distance_gps:0.0                  elapsed_time:0.0892200469971
INFO:root:sl:-0.00764295575202 sr:-0.00277588366418 heading:143 velocity:[None, None, None] position:LocationGlobalRelative:lat=None,lon=None,alt=None
INFO:root:Angle_optical:-135.374724508 Distance_optical:0.785489977667 Angle_gps:0.0 Distance_gps:0.0                  elapsed_time:0.0711050033569
INFO:root:sl:0.00435005976847 sr:0.0059827595415 heading:143 velocity:[None, None, None] position:LocationGlobalRelative:lat=None,lon=None,alt=None
INFO:root:Angle_optical:-135.331213345 Distance_optical:0.79543913334 Angle_gps:0.0 Distance_gps:0.0                  elapsed_time:0.0872011184692
INFO:root:sl:-0.00648127831716 sr:-0.000462895217299 heading:143 velocity:[None, None, None] position:LocationGlobalRelative:lat=None,lon=None,alt=None
INFO:root:Angle_optical:-135.331213345 Distance_optical:0.79543913334 Angle_gps:0.0 Distance_gps:0.0                  elapsed_time:0.0786330699921
INFO:root:sl:0.0117391539279 sr:0.0130596708277 heading:143 velocity:[None, None, None] position:LocationGlobalRelative:lat=None,lon=None,alt=None
INFO:root:Angle_optical:-135.403411633 Distance_optical:0.819079037456 Angle_gps:0.0 Distance_gps:0.0                  elapsed_time:0.0736448764801
INFO:root:sl:-0.00692428502349 sr:0.000492590419861 heading:143 velocity:[None, None, None] position:LocationGlobalRelative:lat=None,lon=None,alt=None
INFO:root:Angle_optical:-135.373881878 Distance_optical:0.819591131617 Angle_gps:0.0 Distance_gps:0.0                  elapsed_time:0.0824990272522
INFO:root:sl:0.00329194266318 sr:-0.0013518895559 heading:143 velocity:[None, None, None] position:LocationGlobalRelative:lat=None,lon=None,alt=None
INFO:root:Angle_optical:-135.612354822 Distance_optical:0.822419426802 Angle_gps:0.0 Distance_gps:0.0                  elapsed_time:0.0833940505981
INFO:root:sl:-0.00760775351336 sr:0.00122211974875 heading:143 velocity:[None, None, None] position:LocationGlobalRelative:lat=None,lon=None,alt=None
INFO:root:Angle_optical:-135.539133842 Distance_optical:0.823686507741 Angle_gps:0.0 Distance_gps:0.0                  elapsed_time:0.0724468231201
INFO:root:sl:0.00139287032151 sr:0.00124986498775 heading:143 velocity:[None, None, None] position:LocationGlobalRelative:lat=None,lon=None,alt=None
INFO:root:Angle_optical:-135.564794134 Distance_optical:0.82618097662 Angle_gps:0.0 Distance_gps:0.0                  elapsed_time:0.0769491195679
INFO:root:sl:0.0018962478204 sr:0.00476551065188 heading:143 velocity:[None, None, None] position:LocationGlobalRelative:lat=None,lon=None,alt=None
INFO:root:Angle_optical:-135.417957482 Distance_optical:0.8327569573 Angle_gps:0.0 Distance_gps:0.0                  elapsed_time:0.0772020816803
INFO:root:sl:-0.00559748086837 sr:-0.006499134688 heading:143 velocity:[None, None, None] position:LocationGlobalRelative:lat=None,lon=None,alt=None
INFO:root:Angle_optical:-135.417957482 Distance_optical:0.8327569573 Angle_gps:0.0 Distance_gps:0.0                  elapsed_time:0.0831959247589
INFO:root:sl:0.00733619276144 sr:0.00811783635188 heading:143 velocity:[None, None, None] position:LocationGlobalRelative:lat=None,lon=None,alt=None
INFO:root:Angle_optical:-135.462580161 Distance_optical:0.847485839504 Angle_gps:0.0 Distance_gps:0.0                  elapsed_time:0.0749881267548
INFO:root:sl:0.000566632864332 sr:0.00324870144545 heading:143 velocity:[None, None, None] position:LocationGlobalRelative:lat=None,lon=None,alt=None
INFO:root:Angle_optical:-135.314459605 Distance_optical:0.851348930512 Angle_gps:0.0 Distance_gps:0.0                  elapsed_time:0.0845119953156
INFO:root:sl:-0.00441569041318 sr:-0.00247556063966 heading:143 velocity:[None, None, None] position:LocationGlobalRelative:lat=None,lon=None,alt=None
INFO:root:Angle_optical:-135.314459605 Distance_optical:0.851348930512 Angle_gps:0.0 Distance_gps:0.0                  elapsed_time:0.0773849487305
