INFO:root:Resolution: 320*240
INFO:root:sl:-0.020771382835 sr:-0.049098617921 heading:334 velocity:[0.0, 0.0, 0.0] position:LocationGlobalRelative:lat=0.0,lon=0.0,alt=-1.81
INFO:root:Angle_optical:0.0 Distance_optical:0.0 Angle_gps:0.0 Distance_gps:0.0                  elapsed_time:0.117462873459
INFO:root:sl:-0.00553135364334 sr:-0.00867938806674 heading:334 velocity:[0.0, 0.0, 0.0] position:LocationGlobalRelative:lat=0.0,lon=0.0,alt=-1.81
INFO:root:Angle_optical:0.0 Distance_optical:0.0 Angle_gps:0.0 Distance_gps:0.0                  elapsed_time:0.182044029236
INFO:root:sl:-0.00657568411958 sr:-0.0144445014969 heading:334 velocity:[0.0, 0.0, 0.0] position:LocationGlobalRelative:lat=0.0,lon=0.0,alt=-1.81
INFO:root:Angle_optical:0.0 Distance_optical:0.0 Angle_gps:0.0 Distance_gps:0.0                  elapsed_time:0.231914997101
INFO:root:sl:-0.00821960514947 sr:-0.0180556268712 heading:334 velocity:[0.0, 0.0, 0.0] position:LocationGlobalRelative:lat=0.0,lon=0.0,alt=-1.82
INFO:root:Angle_optical:0.0 Distance_optical:0.0 Angle_gps:0.0 Distance_gps:0.0                  elapsed_time:0.268501996994
INFO:root:sl:-0.0050816607281 sr:-0.0102948791087 heading:334 velocity:[0.0, 0.0, 0.0] position:LocationGlobalRelative:lat=0.0,lon=0.0,alt=-1.82
INFO:root:Angle_optical:0.0 Distance_optical:0.0 Angle_gps:0.0 Distance_gps:0.0                  elapsed_time:0.183349132538
INFO:root:sl:-0.00605284014806 sr:-0.00705149442649 heading:334 velocity:[0.0, 0.0, 0.0] position:LocationGlobalRelative:lat=0.0,lon=0.0,alt=-1.82
INFO:root:Angle_optical:0.0 Distance_optical:0.0 Angle_gps:0.0 Distance_gps:0.0                  elapsed_time:0.180042982101
INFO:root:sl:-0.00483852650641 sr:-0.0088505001016 heading:334 velocity:[0.0, 0.0, 0.0] position:LocationGlobalRelative:lat=0.0,lon=0.0,alt=-1.82
INFO:root:Angle_optical:0.0 Distance_optical:0.0 Angle_gps:0.0 Distance_gps:0.0                  elapsed_time:0.235981941223
INFO:root:sl:-0.00362339053384 sr:-0.00809317887539 heading:334 velocity:[0.0, 0.0, 0.0] position:LocationGlobalRelative:lat=0.0,lon=0.0,alt=-1.82
INFO:root:Angle_optical:0.0 Distance_optical:0.0 Angle_gps:0.0 Distance_gps:0.0                  elapsed_time:0.239400148392
INFO:root:sl:-0.00336369850641 sr:-0.00755434920887 heading:334 velocity:[0.0, 0.0, 0.0] position:LocationGlobalRelative:lat=0.0,lon=0.0,alt=-1.82
INFO:root:Angle_optical:0.0 Distance_optical:0.0 Angle_gps:0.0 Distance_gps:0.0                  elapsed_time:0.18000793457
INFO:root:sl:-0.00295640388666 sr:-0.00612450704646 heading:334 velocity:[0.0, 0.0, 0.0] position:LocationGlobalRelative:lat=0.0,lon=0.0,alt=-1.82
INFO:root:Angle_optical:0.0 Distance_optical:0.0 Angle_gps:0.0 Distance_gps:0.0                  elapsed_time:0.245560884476
INFO:root:sl:-0.00248587323173 sr:-0.00544300878268 heading:334 velocity:[0.0, 0.0, 0.0] position:LocationGlobalRelative:lat=0.0,lon=0.0,alt=-1.82
INFO:root:Angle_optical:0.0 Distance_optical:0.0 Angle_gps:0.0 Distance_gps:0.0                  elapsed_time:0.182204008102
INFO:root:sl:-0.0022014939062 sr:-0.0047804662595 heading:334 velocity:[0.0, 0.0, 0.0] position:LocationGlobalRelative:lat=0.0,lon=0.0,alt=-1.82
INFO:root:Angle_optical:0.0 Distance_optical:0.0 Angle_gps:0.0 Distance_gps:0.0                  elapsed_time:0.26903295517
INFO:root:sl:-0.00204925663372 sr:-0.00333515176978 heading:334 velocity:[0.0, 0.0, 0.0] position:LocationGlobalRelative:lat=0.0,lon=0.0,alt=-1.82
INFO:root:Angle_optical:0.0 Distance_optical:0.0 Angle_gps:0.0 Distance_gps:0.0                  elapsed_time:0.179189920425
INFO:root:sl:-0.00168415594291 sr:-0.00338965670299 heading:334 velocity:[0.0, 0.0, 0.01] position:LocationGlobalRelative:lat=0.0,lon=0.0,alt=-1.8
INFO:root:Angle_optical:0.0 Distance_optical:0.0 Angle_gps:0.0 Distance_gps:0.0                  elapsed_time:0.2322909832
INFO:root:sl:-0.00148372662071 sr:-0.00287631868307 heading:334 velocity:[0.0, 0.0, 0.01] position:LocationGlobalRelative:lat=0.0,lon=0.0,alt=-1.8
INFO:root:Angle_optical:0.0 Distance_optical:0.0 Angle_gps:0.0 Distance_gps:0.0                  elapsed_time:0.18342590332
INFO:root:sl:-0.0022441442253 sr:0.000841244180972 heading:334 velocity:[0.0, 0.0, 0.01] position:LocationGlobalRelative:lat=0.0,lon=0.0,alt=-1.8
INFO:root:Angle_optical:71.7332505423 Distance_optical:0.00116518842059 Angle_gps:0.0 Distance_gps:0.0                  elapsed_time:0.244858980179
INFO:root:sl:-0.00135300669723 sr:-0.00135618280127 heading:334 velocity:[0.0, 0.0, 0.01] position:LocationGlobalRelative:lat=0.0,lon=0.0,alt=-1.8
INFO:root:Angle_optical:71.7332505423 Distance_optical:0.00116518842059 Angle_gps:0.0 Distance_gps:0.0                  elapsed_time:0.233512163162
INFO:root:sl:-0.00127021938581 sr:-0.000847814325842 heading:334 velocity:[0.0, 0.0, 0.01] position:LocationGlobalRelative:lat=0.0,lon=0.0,alt=-1.8
INFO:root:Angle_optical:71.7332505423 Distance_optical:0.00116518842059 Angle_gps:0.0 Distance_gps:0.0                  elapsed_time:0.186066150665
INFO:root:sl:-0.00121684257709 sr:-0.000340688236536 heading:334 velocity:[0.0, -0.01, 0.01] position:LocationGlobalRelative:lat=0.0,lon=0.0,alt=-1.8
INFO:root:Angle_optical:71.7332505423 Distance_optical:0.00116518842059 Angle_gps:0.0 Distance_gps:0.0                  elapsed_time:0.181374073029
INFO:root:sl:-0.000960017165032 sr:-0.000636171340912 heading:334 velocity:[0.0, -0.01, 0.01] position:LocationGlobalRelative:lat=0.0,lon=0.0,alt=-1.8
INFO:root:Angle_optical:71.7332505423 Distance_optical:0.00116518842059 Angle_gps:0.0 Distance_gps:0.0                  elapsed_time:0.222294092178
INFO:root:sl:-0.000861769781982 sr:-0.000456168475823 heading:334 velocity:[0.0, -0.01, 0.01] position:LocationGlobalRelative:lat=0.0,lon=0.0,alt=-1.8
INFO:root:Angle_optical:71.7332505423 Distance_optical:0.00116518842059 Angle_gps:0.0 Distance_gps:0.0                  elapsed_time:0.179708003998
INFO:root:sl:-0.000759657381025 sr:-0.000358257013318 heading:334 velocity:[0.0, -0.01, 0.01] position:LocationGlobalRelative:lat=0.0,lon=0.0,alt=-1.8
INFO:root:Angle_optical:71.7332505423 Distance_optical:0.00116518842059 Angle_gps:0.0 Distance_gps:0.0                  elapsed_time:0.234045028687
INFO:root:sl:-0.000280250296202 sr:-0.00227023566233 heading:334 velocity:[0.0, -0.01, 0.01] position:LocationGlobalRelative:lat=0.0,lon=0.0,alt=-1.8
INFO:root:Angle_optical:71.7332505423 Distance_optical:0.00116518842059 Angle_gps:0.0 Distance_gps:0.0                  elapsed_time:0.182938098907
INFO:root:sl:-0.000475419364802 sr:-0.000771165287868 heading:334 velocity:[0.0, -0.01, 0.01] position:LocationGlobalRelative:lat=0.0,lon=0.0,alt=-1.8
INFO:root:Angle_optical:71.7332505423 Distance_optical:0.00116518842059 Angle_gps:0.0 Distance_gps:0.0                  elapsed_time:0.275887966156
INFO:root:sl:-0.000378831760507 sr:-0.000849914490879 heading:334 velocity:[0.0, -0.01, 0.01] position:LocationGlobalRelative:lat=0.0,lon=0.0,alt=-1.8
INFO:root:Angle_optical:71.7332505423 Distance_optical:0.00116518842059 Angle_gps:0.0 Distance_gps:0.0                  elapsed_time:0.179888010025
INFO:root:sl:-0.000283625355378 sr:-0.00097282886027 heading:334 velocity:[0.0, -0.01, 0.01] position:LocationGlobalRelative:lat=0.0,lon=0.0,alt=-1.8
INFO:root:Angle_optical:71.7332505423 Distance_optical:0.00116518842059 Angle_gps:0.0 Distance_gps:0.0                  elapsed_time:0.230754137039
INFO:root:sl:-0.00119365274154 sr:0.00370055092792 heading:334 velocity:[0.0, -0.01, 0.01] position:LocationGlobalRelative:lat=0.0,lon=0.0,alt=-1.8
INFO:root:Angle_optical:71.7361791373 Distance_optical:0.00629187321743 Angle_gps:0.0 Distance_gps:0.0                  elapsed_time:0.182428121567
INFO:root:sl:-0.000464027464357 sr:0.000469451894193 heading:334 velocity:[0.0, -0.01, 0.0] position:LocationGlobalRelative:lat=0.0,lon=0.0,alt=-1.8
INFO:root:Angle_optical:71.7362400974 Distance_optical:0.00694224403707 Angle_gps:0.0 Distance_gps:0.0                  elapsed_time:0.286875009537
INFO:root:sl:-0.000485326390319 sr:0.000799293490461 heading:334 velocity:[0.0, -0.01, 0.0] position:LocationGlobalRelative:lat=0.0,lon=0.0,alt=-1.8
INFO:root:Angle_optical:71.7363223793 Distance_optical:0.0080495723029 Angle_gps:0.0 Distance_gps:0.0                  elapsed_time:0.180377960205
INFO:root:sl:-0.000535751649054 sr:0.00124232407814 heading:334 velocity:[0.0, -0.01, 0.0] position:LocationGlobalRelative:lat=0.0,lon=0.0,alt=-1.8
INFO:root:Angle_optical:71.7364124062 Distance_optical:0.0097706676196 Angle_gps:0.0 Distance_gps:0.0                  elapsed_time:0.179450035095
INFO:root:sl:-4.40275125999e-05 sr:-0.000970553362576 heading:334 velocity:[0.0, -0.01, 0.0] position:LocationGlobalRelative:lat=0.0,lon=0.0,alt=-1.8
INFO:root:Angle_optical:71.7364124062 Distance_optical:0.0097706676196 Angle_gps:0.0 Distance_gps:0.0                  elapsed_time:0.236014127731
INFO:root:sl:-0.000266276387993 sr:0.000267766051507 heading:334 velocity:[0.0, -0.01, 0.0] position:LocationGlobalRelative:lat=0.0,lon=0.0,alt=-1.8
INFO:root:Angle_optical:71.7364278502 Distance_optical:0.0101416263161 Angle_gps:0.0 Distance_gps:0.0                  elapsed_time:0.24497795105
INFO:root:sl:-0.000211513887412 sr:0.000134884191769 heading:334 velocity:[0.0, -0.01, 0.01] position:LocationGlobalRelative:lat=0.0,lon=0.0,alt=-1.77
INFO:root:Angle_optical:71.7364352254 Distance_optical:0.0103284926703 Angle_gps:0.0 Distance_gps:0.0                  elapsed_time:0.179203033447
INFO:root:sl:-0.000130454447001 sr:-0.000141975779825 heading:334 velocity:[0.0, -0.01, 0.01] position:LocationGlobalRelative:lat=0.0,lon=0.0,alt=-1.77
INFO:root:Angle_optical:71.7364352254 Distance_optical:0.0103284926703 Angle_gps:0.0 Distance_gps:0.0                  elapsed_time:0.229579925537
INFO:root:sl:-0.000152061180602 sr:6.51686158626e-05 heading:334 velocity:[0.0, -0.01, 0.01] position:LocationGlobalRelative:lat=0.0,lon=0.0,alt=-1.77
INFO:root:Angle_optical:71.736438692 Distance_optical:0.0104187762046 Angle_gps:0.0 Distance_gps:0.0                  elapsed_time:0.182193040848
INFO:root:sl:-0.000123507378754 sr:1.45192569515e-05 heading:334 velocity:[0.0, -0.01, 0.01] position:LocationGlobalRelative:lat=0.0,lon=0.0,alt=-1.77
INFO:root:Angle_optical:71.7364394559 Distance_optical:0.0104388909454 Angle_gps:0.0 Distance_gps:0.0                  elapsed_time:0.281834125519
INFO:root:sl:-0.000101505751589 sr:-1.55719767527e-05 heading:334 velocity:[0.0, -0.01, 0.01] position:LocationGlobalRelative:lat=0.0,lon=0.0,alt=-1.76
INFO:root:Angle_optical:71.7364394559 Distance_optical:0.0104388909454 Angle_gps:0.0 Distance_gps:0.0                  elapsed_time:0.179977178574
INFO:root:sl:-9.42685777361e-05 sr:1.60289740154e-05 heading:334 velocity:[0.0, -0.01, 0.01] position:LocationGlobalRelative:lat=0.0,lon=0.0,alt=-1.76
INFO:root:Angle_optical:71.7364402956 Distance_optical:0.0104610972237 Angle_gps:0.0 Distance_gps:0.0                  elapsed_time:0.230574131012
INFO:root:sl:-7.98204270197e-05 sr:3.74406355354e-06 heading:334 velocity:[0.0, -0.01, 0.01] position:LocationGlobalRelative:lat=0.0,lon=0.0,alt=-1.76
INFO:root:Angle_optical:71.736440491 Distance_optical:0.0104662841881 Angle_gps:0.0 Distance_gps:0.0                  elapsed_time:0.198666810989
INFO:root:sl:-6.88986890862e-05 sr:1.05026520404e-06 heading:334 velocity:[0.0, -0.01, 0.01] position:LocationGlobalRelative:lat=0.0,lon=0.0,alt=-1.76
INFO:root:Angle_optical:71.7364405459 Distance_optical:0.0104677392082 Angle_gps:0.0 Distance_gps:0.0                  elapsed_time:0.240185976028
INFO:root:sl:0.000295195380939 sr:-0.00163475078212 heading:334 velocity:[0.0, -0.01, 0.01] position:LocationGlobalRelative:lat=0.0,lon=0.0,alt=-1.76
INFO:root:Angle_optical:69.4991189407 Distance_optical:0.0104757276809 Angle_gps:0.0 Distance_gps:0.0                  elapsed_time:0.230039834976
INFO:root:sl:3.66190662082e-05 sr:-0.00040748911334 heading:334 velocity:[0.0, -0.01, 0.01] position:LocationGlobalRelative:lat=0.0,lon=0.0,alt=-1.76
INFO:root:Angle_optical:69.2219152915 Distance_optical:0.0104778311493 Angle_gps:0.0 Distance_gps:0.0                  elapsed_time:0.183212995529
INFO:root:sl:6.57289395151e-05 sr:-0.000510297407563 heading:334 velocity:[0.0, -0.01, 0.01] position:LocationGlobalRelative:lat=0.0,lon=0.0,alt=-1.76
INFO:root:Angle_optical:68.7246559785 Distance_optical:0.0104822215785 Angle_gps:0.0 Distance_gps:0.0                  elapsed_time:0.182693958282
INFO:root:sl:-0.000399712708064 sr:0.00203396771121 heading:334 velocity:[0.0, -0.01, 0.01] position:LocationGlobalRelative:lat=0.0,lon=0.0,alt=-1.76
INFO:root:Angle_optical:69.3627003008 Distance_optical:0.0132969784822 Angle_gps:0.0 Distance_gps:0.0                  elapsed_time:0.227190971375
INFO:root:sl:-7.43411755851e-05 sr:0.000279045297577 heading:334 velocity:[0.0, -0.01, 0.01] position:LocationGlobalRelative:lat=0.0,lon=0.0,alt=-1.76
INFO:root:Angle_optical:69.4297562007 Distance_optical:0.0136832408095 Angle_gps:0.0 Distance_gps:0.0                  elapsed_time:0.180338859558
INFO:root:sl:-0.000102081236033 sr:0.000450678900306 heading:334 velocity:[0.0, -0.01, 0.01] position:LocationGlobalRelative:lat=0.0,lon=0.0,alt=-1.76
INFO:root:Angle_optical:69.5304100479 Distance_optical:0.0143071199678 Angle_gps:0.0 Distance_gps:0.0                  elapsed_time:0.229851961136
INFO:root:sl:-0.00125957985221 sr:0.00443486374848 heading:334 velocity:[0.0, 0.0, 0.01] position:LocationGlobalRelative:lat=0.0,lon=0.0,alt=-1.75
INFO:root:Angle_optical:70.1932256404 Distance_optical:0.0204479207115 Angle_gps:0.0 Distance_gps:0.0                  elapsed_time:0.182469129562
INFO:root:sl:-0.000359000565956 sr:0.00129114698659 heading:334 velocity:[0.0, 0.0, 0.01] position:LocationGlobalRelative:lat=0.0,lon=0.0,alt=-1.75
INFO:root:Angle_optical:70.3173832093 Distance_optical:0.0222360577081 Angle_gps:0.0 Distance_gps:0.0                  elapsed_time:0.271372079849
INFO:root:sl:-0.000430165413549 sr:0.00154417240884 heading:334 velocity:[0.0, 0.0, 0.01] position:LocationGlobalRelative:lat=0.0,lon=0.0,alt=-1.75
INFO:root:Angle_optical:70.4419501047 Distance_optical:0.0243747300305 Angle_gps:0.0 Distance_gps:0.0                  elapsed_time:0.181594848633
INFO:root:sl:-0.000512186457928 sr:0.00181754578598 heading:334 velocity:[0.0, 0.0, 0.01] position:LocationGlobalRelative:lat=0.0,lon=0.0,alt=-1.75
INFO:root:Angle_optical:70.5631841334 Distance_optical:0.0268921453904 Angle_gps:0.0 Distance_gps:0.0                  elapsed_time:0.185796976089
INFO:root:sl:-0.000325338109358 sr:0.00116321629535 heading:334 velocity:[0.0, 0.0, 0.01] position:LocationGlobalRelative:lat=0.0,lon=0.0,alt=-1.75
INFO:root:Angle_optical:70.6295345542 Distance_optical:0.0285033272369 Angle_gps:0.0 Distance_gps:0.0                  elapsed_time:0.234017133713
INFO:root:sl:9.07572958386e-06 sr:-0.000403238091062 heading:334 velocity:[0.0, 0.0, 0.01] position:LocationGlobalRelative:lat=0.0,lon=0.0,alt=-1.75
INFO:root:Angle_optical:70.6042652179 Distance_optical:0.0285035729873 Angle_gps:0.0 Distance_gps:0.0                  elapsed_time:0.248214960098
INFO:root:sl:-0.000207112209425 sr:0.000644380997567 heading:334 velocity:[0.0, 0.0, 0.01] position:LocationGlobalRelative:lat=0.0,lon=0.0,alt=-1.75
INFO:root:Angle_optical:70.6386573866 Distance_optical:0.0293961187654 Angle_gps:0.0 Distance_gps:0.0                  elapsed_time:0.230040073395
INFO:root:sl:-0.00117847157157 sr:0.00419131664282 heading:334 velocity:[0.0, 0.0, 0.01] position:LocationGlobalRelative:lat=0.0,lon=0.0,alt=-1.75
INFO:root:Angle_optical:70.8197923623 Distance_optical:0.0352018095937 Angle_gps:0.0 Distance_gps:0.0                  elapsed_time:0.17916893959
INFO:root:sl:-0.000344127012853 sr:0.00110811488733 heading:334 velocity:[0.0, 0.0, 0.01] position:LocationGlobalRelative:lat=0.0,lon=0.0,alt=-1.75
INFO:root:Angle_optical:70.8581122991 Distance_optical:0.0367367854015 Angle_gps:0.0 Distance_gps:0.0                  elapsed_time:0.18421292305
INFO:root:sl:-0.00132305648475 sr:0.00479230369871 heading:334 velocity:[0.0, 0.0, 0.0] position:LocationGlobalRelative:lat=0.0,lon=0.0,alt=-1.75
INFO:root:Angle_optical:70.9926076142 Distance_optical:0.0433753031853 Angle_gps:0.0 Distance_gps:0.0                  elapsed_time:0.228214979172
INFO:root:sl:-0.000711413767293 sr:0.00252293380721 heading:334 velocity:[0.0, 0.0, 0.0] position:LocationGlobalRelative:lat=0.0,lon=0.0,alt=-1.75
INFO:root:Angle_optical:71.0481049482 Distance_optical:0.0468702614968 Angle_gps:0.0 Distance_gps:0.0                  elapsed_time:0.192229032516
INFO:root:sl:-0.000421414945512 sr:0.000721270491327 heading:334 velocity:[0.0, 0.0, 0.0] position:LocationGlobalRelative:lat=0.0,lon=0.0,alt=-1.75
INFO:root:Angle_optical:71.0624812989 Distance_optical:0.0478694271377 Angle_gps:0.0 Distance_gps:0.0                  elapsed_time:0.179831981659
INFO:root:sl:-0.000613971299389 sr:0.00200912699931 heading:334 velocity:[0.0, 0.0, 0.0] position:LocationGlobalRelative:lat=0.0,lon=0.0,alt=-1.75
INFO:root:Angle_optical:71.0995368311 Distance_optical:0.0506526565827 Angle_gps:0.0 Distance_gps:0.0                  elapsed_time:0.235264062881
INFO:root:sl:-0.000436700003048 sr:0.00131333282446 heading:334 velocity:[0.0, 0.0, 0.0] position:LocationGlobalRelative:lat=0.0,lon=0.0,alt=-1.75
INFO:root:Angle_optical:71.1216347261 Distance_optical:0.0524720177157 Angle_gps:0.0 Distance_gps:0.0                  elapsed_time:0.260818004608
INFO:root:sl:-0.000368021561987 sr:0.00101093257878 heading:334 velocity:[0.0, 0.0, 0.0] position:LocationGlobalRelative:lat=0.0,lon=0.0,alt=-1.76
INFO:root:Angle_optical:71.1376278627 Distance_optical:0.0538724685163 Angle_gps:0.0 Distance_gps:0.0                  elapsed_time:0.194631814957
INFO:root:sl:-0.000878968690065 sr:0.00505337747769 heading:334 velocity:[0.0, 0.0, 0.0] position:LocationGlobalRelative:lat=0.0,lon=0.0,alt=-1.76
INFO:root:Angle_optical:71.2065401039 Distance_optical:0.0608729960598 Angle_gps:0.0 Distance_gps:0.0                  elapsed_time:0.18404006958
INFO:root:sl:4.26142360646e-05 sr:8.97458592681e-05 heading:334 velocity:[0.0, 0.0, 0.0] position:LocationGlobalRelative:lat=0.0,lon=0.0,alt=-1.76
INFO:root:Angle_optical:71.152169404 Distance_optical:0.0609978970453 Angle_gps:0.0 Distance_gps:0.0                  elapsed_time:0.231885910034
INFO:root:sl:2.85287398882e-05 sr:2.87947234997e-05 heading:334 velocity:[0.0, 0.0, 0.0] position:LocationGlobalRelative:lat=0.0,lon=0.0,alt=-1.76
INFO:root:Angle_optical:71.1154534685 Distance_optical:0.0610382025407 Angle_gps:0.0 Distance_gps:0.0                  elapsed_time:0.228802204132
INFO:root:sl:-0.000201956428528 sr:0.00129297951511 heading:334 velocity:[0.0, 0.0, 0.0] position:LocationGlobalRelative:lat=0.0,lon=0.0,alt=-1.76
INFO:root:Angle_optical:71.133168784 Distance_optical:0.0628293728346 Angle_gps:0.0 Distance_gps:0.0                  elapsed_time:0.230199813843
INFO:root:sl:-3.27033631438e-05 sr:0.000352880024471 heading:334 velocity:[0.0, 0.0, 0.0] position:LocationGlobalRelative:lat=0.0,lon=0.0,alt=-1.76
INFO:root:Angle_optical:71.1378295505 Distance_optical:0.0633182201133 Angle_gps:0.0 Distance_gps:0.0                  elapsed_time:0.191022157669
INFO:root:sl:0.000441923824144 sr:-0.00162333774102 heading:334 velocity:[0.0, 0.0, 0.0] position:LocationGlobalRelative:lat=0.0,lon=0.0,alt=-1.76
INFO:root:Angle_optical:70.5839309866 Distance_optical:0.0633275798738 Angle_gps:0.0 Distance_gps:0.0                  elapsed_time:0.184983968735
INFO:root:sl:-0.000853087714266 sr:0.00394329432078 heading:334 velocity:[0.0, 0.0, 0.0] position:LocationGlobalRelative:lat=0.0,lon=0.0,alt=-1.76
INFO:root:Angle_optical:70.6754836379 Distance_optical:0.0687895370895 Angle_gps:0.0 Distance_gps:0.0                  elapsed_time:0.212371110916
INFO:root:sl:-0.000110966813317 sr:0.000668209151058 heading:334 velocity:[0.0, 0.0, 0.0] position:LocationGlobalRelative:lat=0.0,lon=0.0,alt=-1.76
INFO:root:Angle_optical:70.6895762003 Distance_optical:0.0697151063798 Angle_gps:0.0 Distance_gps:0.0                  elapsed_time:0.185562849045
INFO:root:sl:-0.00013053267586 sr:0.000747041432705 heading:334 velocity:[0.0, 0.0, 0.0] position:LocationGlobalRelative:lat=0.0,lon=0.0,alt=-1.76
INFO:root:Angle_optical:70.7048947957 Distance_optical:0.0707498749868 Angle_gps:0.0 Distance_gps:0.0                  elapsed_time:0.229938983917
INFO:root:sl:0.000247026882171 sr:-0.000715290186914 heading:334 velocity:[0.0, -0.01, 0.0] position:LocationGlobalRelative:lat=0.0,lon=0.0,alt=-1.78
INFO:root:Angle_optical:70.427818378 Distance_optical:0.0707568657754 Angle_gps:0.0 Distance_gps:0.0                  elapsed_time:0.183379173279
INFO:root:sl:1.38184824869e-06 sr:0.000174990099212 heading:334 velocity:[0.0, -0.01, 0.0] position:LocationGlobalRelative:lat=0.0,lon=0.0,alt=-1.78
INFO:root:Angle_optical:70.43074316 Distance_optical:0.0709992747489 Angle_gps:0.0 Distance_gps:0.0                  elapsed_time:0.264930009842
INFO:root:sl:2.946901364e-05 sr:5.16853362507e-05 heading:334 velocity:[0.0, -0.01, 0.0] position:LocationGlobalRelative:lat=0.0,lon=0.0,alt=-1.78
INFO:root:Angle_optical:70.3991549612 Distance_optical:0.0710718015346 Angle_gps:0.0 Distance_gps:0.0                  elapsed_time:0.18406701088
INFO:root:sl:6.94694360149e-05 sr:-0.000122153687863 heading:334 velocity:[0.0, -0.01, 0.0] position:LocationGlobalRelative:lat=0.0,lon=0.0,alt=-1.78
INFO:root:Angle_optical:70.3215915739 Distance_optical:0.0710741134062 Angle_gps:0.0 Distance_gps:0.0                  elapsed_time:0.231971979141
INFO:root:sl:2.50800744759e-05 sr:2.61304369e-05 heading:334 velocity:[0.0, -0.01, 0.0] position:LocationGlobalRelative:lat=0.0,lon=0.0,alt=-1.79
INFO:root:Angle_optical:70.2943252925 Distance_optical:0.0711111692446 Angle_gps:0.0 Distance_gps:0.0                  elapsed_time:0.18123793602
INFO:root:sl:3.10046310327e-05 sr:-1.1084478678e-05 heading:334 velocity:[0.0, -0.01, 0.0] position:LocationGlobalRelative:lat=0.0,lon=0.0,alt=-1.79
INFO:root:Angle_optical:70.2597283977 Distance_optical:0.0711122635105 Angle_gps:0.0 Distance_gps:0.0                  elapsed_time:0.289998054504
INFO:root:sl:3.13885353809e-05 sr:-2.67769324102e-05 heading:334 velocity:[0.0, -0.01, 0.0] position:LocationGlobalRelative:lat=0.0,lon=0.0,alt=-1.79
INFO:root:Angle_optical:70.2247042161 Distance_optical:0.0711133977368 Angle_gps:0.0 Distance_gps:0.0                  elapsed_time:0.180682897568
INFO:root:sl:2.18683102224e-05 sr:-2.93274354706e-06 heading:334 velocity:[0.0, -0.01, 0.0] position:LocationGlobalRelative:lat=0.0,lon=0.0,alt=-1.79
INFO:root:Angle_optical:70.2003036271 Distance_optical:0.0711142036546 Angle_gps:0.0 Distance_gps:0.0                  elapsed_time:0.178941011429
INFO:root:sl:2.1065369159e-05 sr:-1.01985386588e-05 heading:334 velocity:[0.0, -0.01, 0.0] position:LocationGlobalRelative:lat=0.0,lon=0.0,alt=-1.79
INFO:root:Angle_optical:70.1767994843 Distance_optical:0.0711149921772 Angle_gps:0.0 Distance_gps:0.0                  elapsed_time:0.233877897263
INFO:root:sl:1.85805536906e-05 sr:-9.97705365402e-06 heading:334 velocity:[0.0, 0.0, 0.0] position:LocationGlobalRelative:lat=0.0,lon=0.0,alt=-1.79
INFO:root:Angle_optical:70.1560682639 Distance_optical:0.0711156976209 Angle_gps:0.0 Distance_gps:0.0                  elapsed_time:0.244499921799
INFO:root:sl:1.5378558268e-05 sr:-5.77708396498e-06 heading:334 velocity:[0.0, 0.0, 0.0] position:LocationGlobalRelative:lat=0.0,lon=0.0,alt=-1.79
INFO:root:Angle_optical:70.1389099772 Distance_optical:0.071116288537 Angle_gps:0.0 Distance_gps:0.0                  elapsed_time:0.180649995804
INFO:root:sl:0.000292364533836 sr:-0.00141113862506 heading:334 velocity:[0.0, 0.0, 0.0] position:LocationGlobalRelative:lat=0.0,lon=0.0,alt=-1.79
INFO:root:Angle_optical:69.8127687421 Distance_optical:0.0711287355119 Angle_gps:0.0 Distance_gps:0.0                  elapsed_time:0.232019901276
INFO:root:sl:0.000351574090824 sr:-0.0019106944007 heading:334 velocity:[0.0, 0.0, 0.0] position:LocationGlobalRelative:lat=0.0,lon=0.0,alt=-1.79
INFO:root:Angle_optical:69.4207445022 Distance_optical:0.0711467540549 Angle_gps:0.0 Distance_gps:0.0                  elapsed_time:0.183997154236
INFO:root:sl:0.000164829295732 sr:-0.000831902527431 heading:334 velocity:[0.0, 0.0, 0.0] position:LocationGlobalRelative:lat=0.0,lon=0.0,alt=-1.79
INFO:root:Angle_optical:69.23702331 Distance_optical:0.0711563481103 Angle_gps:0.0 Distance_gps:0.0                  elapsed_time:0.278892040253
INFO:root:sl:0.000417712422748 sr:-0.00250673308771 heading:334 velocity:[0.0, 0.0, 0.0] position:LocationGlobalRelative:lat=0.0,lon=0.0,alt=-1.79
INFO:root:Angle_optical:68.7716736882 Distance_optical:0.0711839362112 Angle_gps:0.0 Distance_gps:0.0                  elapsed_time:0.180088996887
INFO:root:sl:0.000233528952326 sr:-0.00131233250396 heading:334 velocity:[0.0, 0.0, 0.0] position:LocationGlobalRelative:lat=0.0,lon=0.0,alt=-1.79
INFO:root:Angle_optical:68.51167898 Distance_optical:0.0712014049264 Angle_gps:0.0 Distance_gps:0.0                  elapsed_time:0.230499982834
INFO:root:sl:0.000204017667702 sr:-0.00116274202978 heading:334 velocity:[0.0, 0.0, 0.0] position:LocationGlobalRelative:lat=0.0,lon=0.0,alt=-1.8
INFO:root:Angle_optical:68.2846484576 Distance_optical:0.0712178654608 Angle_gps:0.0 Distance_gps:0.0                  elapsed_time:0.200607061386
INFO:root:sl:0.000213814760694 sr:-0.00124545190536 heading:334 velocity:[0.0, 0.0, 0.0] position:LocationGlobalRelative:lat=0.0,lon=0.0,alt=-1.8
INFO:root:Angle_optical:68.04683229 Distance_optical:0.0712363158784 Angle_gps:0.0 Distance_gps:0.0                  elapsed_time:0.257485151291
INFO:root:sl:-0.00058601043074 sr:0.00229964651769 heading:334 velocity:[0.0, 0.0, 0.0] position:LocationGlobalRelative:lat=0.0,lon=0.0,alt=-1.8
INFO:root:Angle_optical:68.2046996899 Distance_optical:0.0744158861412 Angle_gps:0.0 Distance_gps:0.0                  elapsed_time:0.189614057541
INFO:root:sl:-4.20445005863e-05 sr:-2.71368543621e-05 heading:334 velocity:[0.0, 0.0, 0.0] position:LocationGlobalRelative:lat=0.0,lon=0.0,alt=-1.8
INFO:root:Angle_optical:68.2046996899 Distance_optical:0.0744158861412 Angle_gps:0.0 Distance_gps:0.0                  elapsed_time:0.18067407608
INFO:root:sl:-0.000103560042658 sr:0.000256764439491 heading:334 velocity:[0.0, 0.0, 0.0] position:LocationGlobalRelative:lat=0.0,lon=0.0,alt=-1.79
INFO:root:Angle_optical:68.2214929249 Distance_optical:0.0747709308773 Angle_gps:0.0 Distance_gps:0.0                  elapsed_time:0.25021314621
INFO:root:sl:-0.000182903743496 sr:0.000632318525705 heading:334 velocity:[0.0, 0.0, 0.0] position:LocationGlobalRelative:lat=0.0,lon=0.0,alt=-1.79
INFO:root:Angle_optical:68.2621764995 Distance_optical:0.0756453053896 Angle_gps:0.0 Distance_gps:0.0                  elapsed_time:0.310580968857
INFO:root:sl:0.000390967308677 sr:-0.0019007969034 heading:334 velocity:[0.0, 0.0, 0.0] position:LocationGlobalRelative:lat=0.0,lon=0.0,alt=-1.78
INFO:root:Angle_optical:67.8528628406 Distance_optical:0.0756800637387 Angle_gps:0.0 Distance_gps:0.0                  elapsed_time:0.183339118958
INFO:root:sl:2.61258806306e-05 sr:-0.00025292848455 heading:334 velocity:[0.0, 0.0, 0.0] position:LocationGlobalRelative:lat=0.0,lon=0.0,alt=-1.78
INFO:root:Angle_optical:67.8255246715 Distance_optical:0.0756825240227 Angle_gps:0.0 Distance_gps:0.0                  elapsed_time:0.231341838837
INFO:root:sl:5.85473614528e-05 sr:-0.00038035171556 heading:334 velocity:[0.0, 0.0, 0.0] position:LocationGlobalRelative:lat=0.0,lon=0.0,alt=-1.77
INFO:root:Angle_optical:67.7642671011 Distance_optical:0.0756881000138 Angle_gps:0.0 Distance_gps:0.0                  elapsed_time:0.182601928711
INFO:root:sl:0.00011891013769 sr:-0.000633519275876 heading:334 velocity:[0.0, 0.0, 0.0] position:LocationGlobalRelative:lat=0.0,lon=0.0,alt=-1.77
INFO:root:Angle_optical:67.6398806489 Distance_optical:0.0756996911339 Angle_gps:0.0 Distance_gps:0.0                  elapsed_time:0.209614992142
INFO:root:sl:5.08958449434e-05 sr:-0.000316699868997 heading:334 velocity:[0.0, 0.0, 0.0] position:LocationGlobalRelative:lat=0.0,lon=0.0,alt=-1.77
INFO:root:Angle_optical:67.5866525866 Distance_optical:0.0757047613682 Angle_gps:0.0 Distance_gps:0.0                  elapsed_time:0.19814491272
INFO:root:sl:5.70883360216e-05 sr:-0.000332642715108 heading:334 velocity:[0.0, 0.0, 0.0] position:LocationGlobalRelative:lat=0.0,lon=0.0,alt=-1.77
INFO:root:Angle_optical:67.5269568148 Distance_optical:0.0757105262312 Angle_gps:0.0 Distance_gps:0.0                  elapsed_time:0.182318925858
INFO:root:sl:5.67235796638e-05 sr:-0.000320715464995 heading:334 velocity:[0.0, 0.0, 0.0] position:LocationGlobalRelative:lat=0.0,lon=0.0,alt=-1.77
INFO:root:Angle_optical:67.4676515262 Distance_optical:0.0757163356482 Angle_gps:0.0 Distance_gps:0.0                  elapsed_time:0.235195875168
INFO:root:sl:5.55434873771e-05 sr:0.00205019461761 heading:334 velocity:[0.0, 0.0, 0.0] position:LocationGlobalRelative:lat=0.0,lon=0.0,alt=-1.77
INFO:root:Angle_optical:67.5659010492 Distance_optical:0.0785546044645 Angle_gps:0.0 Distance_gps:0.0                  elapsed_time:0.25671005249
INFO:root:sl:0.00021364896981 sr:0.00161165107268 heading:334 velocity:[0.0, 0.0, 0.0] position:LocationGlobalRelative:lat=0.0,lon=0.0,alt=-1.76
INFO:root:Angle_optical:67.471729223 Distance_optical:0.0808030828388 Angle_gps:0.0 Distance_gps:0.0                  elapsed_time:0.187191963196
INFO:root:sl:8.14790092128e-05 sr:0.000835282556324 heading:334 velocity:[0.0, 0.0, 0.0] position:LocationGlobalRelative:lat=0.0,lon=0.0,alt=-1.76
INFO:root:Angle_optical:67.4532012797 Distance_optical:0.0819654641999 Angle_gps:0.0 Distance_gps:0.0                  elapsed_time:0.179866075516
INFO:root:sl:8.76678666001e-05 sr:0.00112428206165 heading:334 velocity:[0.0, 0.0, 0.0] position:LocationGlobalRelative:lat=0.0,lon=0.0,alt=-1.76
INFO:root:Angle_optical:67.4499265599 Distance_optical:0.0835277470726 Angle_gps:0.0 Distance_gps:0.0                  elapsed_time:0.232177972794
