INFO:root:Resolution: 324*243
INFO:root:sl:0.00441450524451 sr:0.00377856817919 heading:353 velocity:[-0.05, 0.05, 0.14] position:LocationGlobalRelative:lat=55.9410182,lon=-3.1925942,alt=0.01
INFO:root:Angle_optical:-0.404157976286 Distance_optical:0.00281213218471 Angle_gps:0.0 Distance_gps:0.0                  elapsed_time:0.101090908051
INFO:root:sl:0.001298584869 sr:-0.000284615914796 heading:353 velocity:[-0.05, 0.05, 0.14] position:LocationGlobalRelative:lat=55.9410182,lon=-3.1925942,alt=0.01
INFO:root:Angle_optical:-5.897677086 Distance_optical:0.00321365969819 Angle_gps:0.0 Distance_gps:0.0                  elapsed_time:0.0811748504639
INFO:root:sl:0.00160872709824 sr:0.00271269140227 heading:353 velocity:[-0.05, 0.05, 0.14] position:LocationGlobalRelative:lat=55.9410182,lon=-3.1925942,alt=0.01
INFO:root:Angle_optical:5.3921245487 Distance_optical:0.00602389948716 Angle_gps:0.0 Distance_gps:0.0                  elapsed_time:0.0725119113922
INFO:root:sl:0.00170367309635 sr:0.00165454136663 heading:353 velocity:[-0.05, 0.05, 0.14] position:LocationGlobalRelative:lat=55.9410182,lon=-3.1925942,alt=0.01
INFO:root:Angle_optical:5.15244319713 Distance_optical:0.00801748935841 Angle_gps:0.0 Distance_gps:0.0                  elapsed_time:0.0719649791718
INFO:root:sl:0.000815354344578 sr:0.000421263337833 heading:353 velocity:[-0.05, 0.05, 0.14] position:LocationGlobalRelative:lat=55.9410182,lon=-3.1925942,alt=0.01
INFO:root:Angle_optical:2.6516562547 Distance_optical:0.00912693542692 Angle_gps:0.0 Distance_gps:0.0                  elapsed_time:0.0742361545563
INFO:root:sl:0.00028394305099 sr:0.00060940459579 heading:353 velocity:[-0.05, 0.05, 0.14] position:LocationGlobalRelative:lat=55.9410182,lon=-3.1925942,alt=0.01
INFO:root:Angle_optical:4.40199201105 Distance_optical:0.00987499670961 Angle_gps:0.0 Distance_gps:0.0                  elapsed_time:0.0793509483337
INFO:root:sl:0.00220082734606 sr:0.000838036713607 heading:353 velocity:[-0.05, 0.05, 0.14] position:LocationGlobalRelative:lat=55.9410182,lon=-3.1925942,alt=0.01
INFO:root:Angle_optical:-1.60669280144 Distance_optical:0.0128615881601 Angle_gps:0.0 Distance_gps:0.0                  elapsed_time:0.0702950954437
INFO:root:sl:-0.000365568600801 sr:0.00136079003548 heading:353 velocity:[-0.05, 0.05, 0.14] position:LocationGlobalRelative:lat=55.9410182,lon=-3.1925942,alt=0.01
INFO:root:Angle_optical:4.06885200717 Distance_optical:0.0140357585225 Angle_gps:0.0 Distance_gps:0.0                  elapsed_time:0.0711529254913
INFO:root:sl:0.000685093168416 sr:0.000245606403076 heading:353 velocity:[-0.05, 0.05, 0.14] position:LocationGlobalRelative:lat=55.9410182,lon=-3.1925942,alt=0.01
INFO:root:Angle_optical:2.47559287277 Distance_optical:0.0149397582262 Angle_gps:0.0 Distance_gps:0.0                  elapsed_time:0.0749230384827
INFO:root:sl:0.000246464891097 sr:0.00247474623215 heading:353 velocity:[-0.05, 0.05, 0.14] position:LocationGlobalRelative:lat=55.9410182,lon=-3.1925942,alt=0.01
INFO:root:Angle_optical:9.7100380441 Distance_optical:0.0175483217913 Angle_gps:0.0 Distance_gps:0.0                  elapsed_time:0.0697560310364
INFO:root:sl:-0.00034270241101 sr:0.000639543490194 heading:353 velocity:[-0.05, 0.05, 0.14] position:LocationGlobalRelative:lat=55.9410182,lon=-3.1925942,alt=0.01
INFO:root:Angle_optical:11.4635164504 Distance_optical:0.0182179115177 Angle_gps:0.0 Distance_gps:0.0                  elapsed_time:0.0700960159302
INFO:root:sl:0.000273722347115 sr:-0.00122112211204 heading:353 velocity:[-0.05, 0.05, 0.14] position:LocationGlobalRelative:lat=55.9410182,lon=-3.1925942,alt=0.01
INFO:root:Angle_optical:10.5721199609 Distance_optical:0.0184489404606 Angle_gps:0.0 Distance_gps:0.0                  elapsed_time:0.0705170631409
INFO:root:sl:-0.000536888243999 sr:0.00209087518846 heading:353 velocity:[-0.05, 0.05, 0.14] position:LocationGlobalRelative:lat=55.9410182,lon=-3.1925942,alt=0.01
INFO:root:Angle_optical:15.5286759532 Distance_optical:0.0207051555366 Angle_gps:0.0 Distance_gps:0.0                  elapsed_time:0.0719730854034
INFO:root:sl:-0.000508191527373 sr:0.000425664051941 heading:353 velocity:[-0.05, 0.05, 0.14] position:LocationGlobalRelative:lat=55.9410182,lon=-3.1925942,alt=0.01
INFO:root:Angle_optical:16.4051551246 Distance_optical:0.0211791164497 Angle_gps:0.0 Distance_gps:0.0                  elapsed_time:0.0717470645905
INFO:root:sl:0.000260259351805 sr:0.00171468720775 heading:353 velocity:[-0.04, 0.04, 0.15] position:LocationGlobalRelative:lat=55.941018,lon=-3.1925937,alt=0.01
INFO:root:Angle_optical:18.8277248525 Distance_optical:0.0233174314972 Angle_gps:0.0 Distance_gps:0.0                  elapsed_time:0.0731410980225
INFO:root:sl:-0.000196205104892 sr:0.00105780661204 heading:353 velocity:[-0.04, 0.04, 0.15] position:LocationGlobalRelative:lat=55.941018,lon=-3.1925937,alt=0.01
INFO:root:Angle_optical:20.5479615859 Distance_optical:0.0245455933815 Angle_gps:0.0 Distance_gps:0.0                  elapsed_time:0.0797560214996
INFO:root:sl:0.000485714661498 sr:-0.000736232924152 heading:353 velocity:[-0.04, 0.04, 0.15] position:LocationGlobalRelative:lat=55.941018,lon=-3.1925937,alt=0.01
INFO:root:Angle_optical:19.2365470852 Distance_optical:0.0248736582329 Angle_gps:0.0 Distance_gps:0.0                  elapsed_time:0.0705649852753
INFO:root:sl:-0.000680766789761 sr:-0.00046048122777 heading:353 velocity:[-0.04, 0.04, 0.15] position:LocationGlobalRelative:lat=55.941018,lon=-3.1925937,alt=0.01
INFO:root:Angle_optical:19.2365470852 Distance_optical:0.0248736582329 Angle_gps:0.0 Distance_gps:0.0                  elapsed_time:0.0700101852417
INFO:root:sl:0.000164638106025 sr:0.00188453187197 heading:353 velocity:[-0.04, 0.04, 0.15] position:LocationGlobalRelative:lat=55.941018,lon=-3.1925937,alt=0.01
INFO:root:Angle_optical:21.5707477564 Distance_optical:0.0271886982133 Angle_gps:0.0 Distance_gps:0.0                  elapsed_time:0.0720279216766
INFO:root:sl:5.19984322095e-05 sr:-0.000961828752903 heading:353 velocity:[-0.04, 0.04, 0.15] position:LocationGlobalRelative:lat=55.941018,lon=-3.1925937,alt=0.01
INFO:root:Angle_optical:21.4412595787 Distance_optical:0.0272220933372 Angle_gps:0.0 Distance_gps:0.0                  elapsed_time:0.07479596138
INFO:root:sl:0.000667102752232 sr:0.000222409081512 heading:353 velocity:[-0.04, 0.04, 0.15] position:LocationGlobalRelative:lat=55.941018,lon=-3.1925937,alt=0.01
INFO:root:Angle_optical:20.1170372082 Distance_optical:0.0279217561606 Angle_gps:0.0 Distance_gps:0.0                  elapsed_time:0.0697028636932
INFO:root:sl:-0.000218168977601 sr:0.000141681470676 heading:353 velocity:[-0.04, 0.04, 0.15] position:LocationGlobalRelative:lat=55.941018,lon=-3.1925937,alt=0.01
INFO:root:Angle_optical:20.3108897228 Distance_optical:0.0280871974506 Angle_gps:0.0 Distance_gps:0.0                  elapsed_time:0.0711081027985
INFO:root:sl:0.00012523305171 sr:-0.000149434550179 heading:353 velocity:[-0.04, 0.04, 0.15] position:LocationGlobalRelative:lat=55.941018,lon=-3.1925937,alt=0.01
INFO:root:Angle_optical:20.0131668625 Distance_optical:0.0281710816517 Angle_gps:0.0 Distance_gps:0.0                  elapsed_time:0.0749111175537
INFO:root:sl:2.84786948173e-05 sr:-0.00123611553903 heading:353 velocity:[-0.04, 0.04, 0.15] position:LocationGlobalRelative:lat=55.941018,lon=-3.1925937,alt=0.01
INFO:root:Angle_optical:19.9457129677 Distance_optical:0.0281902628879 Angle_gps:0.0 Distance_gps:0.0                  elapsed_time:0.0741050243378
INFO:root:sl:0.000602665896585 sr:-0.000109616539471 heading:353 velocity:[-0.04, 0.04, 0.15] position:LocationGlobalRelative:lat=55.941018,lon=-3.1925937,alt=0.01
INFO:root:Angle_optical:18.5397497511 Distance_optical:0.0286052046323 Angle_gps:0.0 Distance_gps:0.0                  elapsed_time:0.0715091228485
INFO:root:sl:-2.8645059834e-05 sr:-0.00165042077889 heading:353 velocity:[-0.04, 0.04, 0.15] position:LocationGlobalRelative:lat=55.941018,lon=-3.1925937,alt=0.01
INFO:root:Angle_optical:18.5397497511 Distance_optical:0.0286052046323 Angle_gps:0.0 Distance_gps:0.0                  elapsed_time:0.0759088993073
INFO:root:sl:-0.000244192142213 sr:-0.00100832322645 heading:353 velocity:[-0.04, 0.04, 0.15] position:LocationGlobalRelative:lat=55.941018,lon=-3.1925937,alt=0.01
INFO:root:Angle_optical:18.5397497511 Distance_optical:0.0286052046323 Angle_gps:0.0 Distance_gps:0.0                  elapsed_time:0.071347951889
INFO:root:sl:0.000319316439283 sr:-0.000548529737773 heading:353 velocity:[-0.04, 0.04, 0.15] position:LocationGlobalRelative:lat=55.941018,lon=-3.1925937,alt=0.01
INFO:root:Angle_optical:17.8114522602 Distance_optical:0.0288318822949 Angle_gps:0.0 Distance_gps:0.0                  elapsed_time:0.0711059570312
INFO:root:sl:1.16198093089e-05 sr:-0.000801818435779 heading:353 velocity:[-0.04, 0.04, 0.15] position:LocationGlobalRelative:lat=55.941018,lon=-3.1925937,alt=0.01
INFO:root:Angle_optical:17.7851663739 Distance_optical:0.0288402181524 Angle_gps:0.0 Distance_gps:0.0                  elapsed_time:0.0721819400787
INFO:root:sl:0.000542230371296 sr:-0.00102257430768 heading:353 velocity:[-0.01, 0.05, 0.16] position:LocationGlobalRelative:lat=55.9410182,lon=-3.1925934,alt=0.06
INFO:root:Angle_optical:16.5754152817 Distance_optical:0.0292358629655 Angle_gps:50.0136613317 Distance_gps:0.00770498003147                  elapsed_time:0.0737750530243
INFO:root:sl:0.000602382947083 sr:-0.0011640895684 heading:353 velocity:[-0.01, 0.05, 0.16] position:LocationGlobalRelative:lat=55.9410182,lon=-3.1925934,alt=0.06
INFO:root:Angle_optical:15.2699198016 Distance_optical:0.029690247276 Angle_gps:50.0136538762 Distance_gps:0.0154099673205                  elapsed_time:0.0722920894623
INFO:root:sl:0.000312338681012 sr:0.000603761255829 heading:353 velocity:[-0.01, 0.05, 0.16] position:LocationGlobalRelative:lat=55.9410182,lon=-3.1925934,alt=0.06
INFO:root:Angle_optical:15.4902464188 Distance_optical:0.0305976196587 Angle_gps:50.0136544858 Distance_gps:0.0231149501088                  elapsed_time:0.0706381797791
INFO:root:sl:0.000667516132422 sr:0.000372660340069 heading:353 velocity:[-0.01, 0.05, 0.16] position:LocationGlobalRelative:lat=55.9410182,lon=-3.1925934,alt=0.06
INFO:root:Angle_optical:14.6616543354 Distance_optical:0.031523164544 Angle_gps:50.0136533621 Distance_gps:0.0308199356654                  elapsed_time:0.0711679458618
INFO:root:sl:0.000701438945791 sr:0.00032734237514 heading:353 velocity:[-0.01, 0.05, 0.16] position:LocationGlobalRelative:lat=55.9410182,lon=-3.1925934,alt=0.06
INFO:root:Angle_optical:13.7518250057 Distance_optical:0.0324326715503 Angle_gps:50.0136533989 Distance_gps:0.0385249194857                  elapsed_time:0.0736289024353
INFO:root:sl:-0.000221019496723 sr:-0.000612979119134 heading:353 velocity:[-0.01, 0.05, 0.16] position:LocationGlobalRelative:lat=55.9410182,lon=-3.1925934,alt=0.06
INFO:root:Angle_optical:13.7518250057 Distance_optical:0.0324326715503 Angle_gps:50.0136530592 Distance_gps:0.0462299043508                  elapsed_time:0.0726521015167
INFO:root:sl:0.00033698505373 sr:0.000854582093742 heading:353 velocity:[-0.01, 0.05, 0.16] position:LocationGlobalRelative:lat=55.9410182,lon=-3.1925934,alt=0.06
INFO:root:Angle_optical:14.2877347381 Distance_optical:0.0336296228411 Angle_gps:50.0136530117 Distance_gps:0.0539348885332                  elapsed_time:0.0695149898529
INFO:root:sl:0.0002043511257 sr:0.000142236337437 heading:353 velocity:[-0.01, 0.05, 0.16] position:LocationGlobalRelative:lat=55.9410182,lon=-3.1925934,alt=0.06
INFO:root:Angle_optical:14.0995714532 Distance_optical:0.0339457603029 Angle_gps:50.0136528722 Distance_gps:0.0616398730953                  elapsed_time:0.0697131156921
INFO:root:sl:-0.000182451760688 sr:-0.000447416508059 heading:353 velocity:[-0.01, 0.05, 0.16] position:LocationGlobalRelative:lat=55.9410182,lon=-3.1925934,alt=0.06
INFO:root:Angle_optical:14.0995714532 Distance_optical:0.0339457603029 Angle_gps:50.0136528223 Distance_gps:0.0693448573734                  elapsed_time:0.0778150558472
INFO:root:sl:-6.34674369123e-05 sr:0.000629400404604 heading:353 velocity:[-0.01, 0.05, 0.16] position:LocationGlobalRelative:lat=55.9410182,lon=-3.1925934,alt=0.06
INFO:root:Angle_optical:14.9214483092 Distance_optical:0.0346352809296 Angle_gps:50.0136527515 Distance_gps:0.0770498417717                  elapsed_time:0.0708539485931
INFO:root:sl:-0.000424461432809 sr:0.000662480332475 heading:353 velocity:[-0.01, 0.05, 0.16] position:LocationGlobalRelative:lat=55.9410182,lon=-3.1925934,alt=0.06
INFO:root:Angle_optical:15.7517248672 Distance_optical:0.0353684306085 Angle_gps:50.0136527127 Distance_gps:0.0847548260336                  elapsed_time:0.0705888271332
INFO:root:sl:-0.000355591391383 sr:-0.000511441231406 heading:353 velocity:[-0.01, 0.05, 0.16] position:LocationGlobalRelative:lat=55.9410182,lon=-3.1925934,alt=0.06
INFO:root:Angle_optical:15.7517248672 Distance_optical:0.0353684306085 Angle_gps:50.0136526711 Distance_gps:0.0924598103114                  elapsed_time:0.0727150440216
INFO:root:sl:0.000807345013494 sr:0.000396367344897 heading:353 velocity:[-0.01, 0.05, 0.16] position:LocationGlobalRelative:lat=55.9410182,lon=-3.1925934,alt=0.06
INFO:root:Angle_optical:14.8116624444 Distance_optical:0.0364257899473 Angle_gps:50.0136526428 Distance_gps:0.100164794504                  elapsed_time:0.0731890201569
INFO:root:sl:-0.000215833866976 sr:-0.000396407365859 heading:353 velocity:[-0.01, 0.05, 0.16] position:LocationGlobalRelative:lat=55.9410182,lon=-3.1925934,alt=0.06
INFO:root:Angle_optical:14.8116624444 Distance_optical:0.0364257899473 Angle_gps:50.0136526163 Distance_gps:0.107869778668                  elapsed_time:0.0708220005035
INFO:root:sl:0.000593202978161 sr:-0.000616327570909 heading:353 velocity:[-0.01, 0.05, 0.16] position:LocationGlobalRelative:lat=55.9410185,lon=-3.1925931,alt=0.08
INFO:root:Angle_optical:13.79857221 Distance_optical:0.0368917212319 Angle_gps:50.0136525963 Distance_gps:0.115574762763                  elapsed_time:0.0709230899811
INFO:root:sl:-0.000290689675031 sr:-0.000419885681669 heading:353 velocity:[-0.01, 0.05, 0.16] position:LocationGlobalRelative:lat=55.9410185,lon=-3.1925931,alt=0.08
INFO:root:Angle_optical:13.79857221 Distance_optical:0.0368917212319 Angle_gps:50.0136525788 Distance_gps:0.123279746806                  elapsed_time:0.0718269348145
INFO:root:sl:0.000883998960043 sr:-0.000546740444638 heading:353 velocity:[-0.01, 0.05, 0.16] position:LocationGlobalRelative:lat=55.9410185,lon=-3.1925931,alt=0.08
INFO:root:Angle_optical:12.3361803145 Distance_optical:0.0376067923622 Angle_gps:50.0136525651 Distance_gps:0.13098473078                  elapsed_time:0.0727250576019
INFO:root:sl:-0.000108688137162 sr:-0.000617616551014 heading:353 velocity:[-0.01, 0.05, 0.16] position:LocationGlobalRelative:lat=55.9410185,lon=-3.1925931,alt=0.08
INFO:root:Angle_optical:12.3361803145 Distance_optical:0.0376067923622 Angle_gps:50.0136525536 Distance_gps:0.13868971469                  elapsed_time:0.0705010890961
INFO:root:sl:0.000650128114424 sr:-0.000275381065611 heading:353 velocity:[-0.01, 0.05, 0.16] position:LocationGlobalRelative:lat=55.9410185,lon=-3.1925931,alt=0.08
INFO:root:Angle_optical:11.2961475643 Distance_optical:0.0381478057902 Angle_gps:50.0136525446 Distance_gps:0.146394698525                  elapsed_time:0.0706949234009
INFO:root:sl:-0.000206083812782 sr:-0.00065314096181 heading:353 velocity:[-0.01, 0.05, 0.16] position:LocationGlobalRelative:lat=55.9410185,lon=-3.1925931,alt=0.08
INFO:root:Angle_optical:11.2961475643 Distance_optical:0.0381478057902 Angle_gps:50.0136525375 Distance_gps:0.154099682287                  elapsed_time:0.0762319564819
INFO:root:sl:0.000518949984951 sr:-0.00196709920489 heading:353 velocity:[-0.01, 0.05, 0.16] position:LocationGlobalRelative:lat=55.9410185,lon=-3.1925931,alt=0.08
INFO:root:Angle_optical:10.4871017528 Distance_optical:0.0385884498283 Angle_gps:50.0136525323 Distance_gps:0.161804665968                  elapsed_time:0.0719039440155
INFO:root:sl:0.000556800721085 sr:0.000113269630976 heading:353 velocity:[-0.01, 0.05, 0.16] position:LocationGlobalRelative:lat=55.9410185,lon=-3.1925931,alt=0.08
INFO:root:Angle_optical:9.78389249464 Distance_optical:0.0391858341716 Angle_gps:50.0136525286 Distance_gps:0.169509649566                  elapsed_time:0.0697019100189
INFO:root:sl:0.000289805954718 sr:0.00086869561874 heading:353 velocity:[-0.01, 0.05, 0.16] position:LocationGlobalRelative:lat=55.9410185,lon=-3.1925931,alt=0.08
INFO:root:Angle_optical:10.4334705729 Distance_optical:0.0403327708158 Angle_gps:50.0136525263 Distance_gps:0.177214633076                  elapsed_time:0.0715110301971
