INFO:root:Resolution: 320*240
INFO:root:sl:-0.0120602355435 sr:-0.0298175996774 heading:333 velocity:[0.0, 0.0, 0.0] position:LocationGlobalRelative:lat=0.0,lon=0.0,alt=-3.3
INFO:root:Angle_optical:0.0 Distance_optical:0.0 Angle_gps:0.0 Distance_gps:0.0                  elapsed_time:0.184450149536
INFO:root:sl:-0.00334029138184 sr:-0.00930549055471 heading:333 velocity:[0.0, 0.0, 0.0] position:LocationGlobalRelative:lat=0.0,lon=0.0,alt=-3.3
INFO:root:Angle_optical:0.0 Distance_optical:0.0 Angle_gps:0.0 Distance_gps:0.0                  elapsed_time:0.14204287529
INFO:root:sl:-0.00276264453484 sr:-0.0139345074147 heading:333 velocity:[0.0, 0.0, 0.0] position:LocationGlobalRelative:lat=0.0,lon=0.0,alt=-3.3
INFO:root:Angle_optical:0.0 Distance_optical:0.0 Angle_gps:0.0 Distance_gps:0.0                  elapsed_time:0.13076710701
INFO:root:sl:-0.00256860604215 sr:-0.0193001328355 heading:333 velocity:[0.0, 0.0, 0.0] position:LocationGlobalRelative:lat=0.0,lon=0.0,alt=-3.3
INFO:root:Angle_optical:0.0 Distance_optical:0.0 Angle_gps:0.0 Distance_gps:0.0                  elapsed_time:0.132616996765
INFO:root:sl:-0.000548644003285 sr:-0.0161844511047 heading:333 velocity:[0.0, 0.0, 0.0] position:LocationGlobalRelative:lat=0.0,lon=0.0,alt=-3.3
INFO:root:Angle_optical:0.0 Distance_optical:0.0 Angle_gps:0.0 Distance_gps:0.0                  elapsed_time:0.13730096817
INFO:root:sl:-0.00146997364507 sr:-0.0123547728387 heading:333 velocity:[0.0, 0.0, 0.0] position:LocationGlobalRelative:lat=0.0,lon=0.0,alt=-3.3
INFO:root:Angle_optical:0.0 Distance_optical:0.0 Angle_gps:0.0 Distance_gps:0.0                  elapsed_time:0.132218122482
INFO:root:sl:-0.00114680592263 sr:-0.0119598391947 heading:333 velocity:[0.0, 0.0, 0.0] position:LocationGlobalRelative:lat=0.0,lon=0.0,alt=-3.3
INFO:root:Angle_optical:0.0 Distance_optical:0.0 Angle_gps:0.0 Distance_gps:0.0                  elapsed_time:0.142282009125
INFO:root:sl:0.00127662797968 sr:-0.0163775879623 heading:333 velocity:[0.0, 0.0, 0.0] position:LocationGlobalRelative:lat=0.0,lon=0.0,alt=-3.3
INFO:root:Angle_optical:-16.6961797011 Distance_optical:0.00168722901133 Angle_gps:0.0 Distance_gps:0.0                  elapsed_time:0.136635065079
INFO:root:sl:-0.000335037897004 sr:-0.0101730499989 heading:333 velocity:[0.0, 0.0, 0.0] position:LocationGlobalRelative:lat=0.0,lon=0.0,alt=-3.3
INFO:root:Angle_optical:-16.6961797011 Distance_optical:0.00168722901133 Angle_gps:0.0 Distance_gps:0.0                  elapsed_time:0.131042957306
INFO:root:sl:-5.13039599879e-05 sr:-0.00962761928898 heading:333 velocity:[0.0, 0.0, 0.0] position:LocationGlobalRelative:lat=0.0,lon=0.0,alt=-3.3
INFO:root:Angle_optical:-16.6961797011 Distance_optical:0.00168722901133 Angle_gps:0.0 Distance_gps:0.0                  elapsed_time:0.131723165512
INFO:root:sl:0.00197760000703 sr:-0.0144290787902 heading:333 velocity:[0.0, 0.0, 0.0] position:LocationGlobalRelative:lat=0.0,lon=0.0,alt=-3.3
INFO:root:Angle_optical:-16.7745468606 Distance_optical:0.00442775904375 Angle_gps:0.0 Distance_gps:0.0                  elapsed_time:0.133965969086
INFO:root:sl:0.00197527832548 sr:-0.0136374520928 heading:333 velocity:[0.0, 0.0, 0.0] position:LocationGlobalRelative:lat=0.0,lon=0.0,alt=-3.3
INFO:root:Angle_optical:-16.8782910685 Distance_optical:0.00715054578289 Angle_gps:0.0 Distance_gps:0.0                  elapsed_time:0.162603139877
INFO:root:sl:0.00097539359313 sr:-0.009423537543 heading:333 velocity:[0.0, 0.0, 0.0] position:LocationGlobalRelative:lat=0.0,lon=0.0,alt=-3.3
INFO:root:Angle_optical:-16.8946545091 Distance_optical:0.00850010047828 Angle_gps:0.0 Distance_gps:0.0                  elapsed_time:0.13444519043
INFO:root:sl:0.00123206798141 sr:-0.00937251710651 heading:333 velocity:[0.0, 0.0, 0.0] position:LocationGlobalRelative:lat=0.0,lon=0.0,alt=-3.3
INFO:root:Angle_optical:-16.9201963215 Distance_optical:0.0102015766383 Angle_gps:0.0 Distance_gps:0.0                  elapsed_time:0.135368108749
INFO:root:sl:0.00104568497501 sr:-0.00810837668558 heading:333 velocity:[0.0, 0.0, 0.0] position:LocationGlobalRelative:lat=0.0,lon=0.0,alt=-3.3
INFO:root:Angle_optical:-16.9329241743 Distance_optical:0.0116473449377 Angle_gps:0.0 Distance_gps:0.0                  elapsed_time:0.14626288414
INFO:root:sl:0.00216759176557 sr:-0.0112990300643 heading:333 velocity:[0.0, 0.0, 0.0] position:LocationGlobalRelative:lat=0.0,lon=0.0,alt=-3.3
INFO:root:Angle_optical:-16.9553820222 Distance_optical:0.0146423676559 Angle_gps:0.0 Distance_gps:0.0                  elapsed_time:0.131456136703
INFO:root:sl:0.00262263897677 sr:-0.012520356757 heading:333 velocity:[0.0, 0.0, 0.0] position:LocationGlobalRelative:lat=0.0,lon=0.0,alt=-3.3
INFO:root:Angle_optical:-16.9709352613 Distance_optical:0.0182674978606 Angle_gps:0.0 Distance_gps:0.0                  elapsed_time:0.13258099556
INFO:root:sl:0.0033070467384 sr:-0.0136341021728 heading:333 velocity:[0.0, 0.0, 0.0] position:LocationGlobalRelative:lat=0.0,lon=0.0,alt=-3.3
INFO:root:Angle_optical:-16.9847417564 Distance_optical:0.0228376928726 Angle_gps:0.0 Distance_gps:0.0                  elapsed_time:0.131231069565
INFO:root:sl:0.00357697630072 sr:-0.014508663976 heading:333 velocity:[0.0, 0.0, 0.0] position:LocationGlobalRelative:lat=0.0,lon=0.0,alt=-3.3
INFO:root:Angle_optical:-16.9940148457 Distance_optical:0.0277815179538 Angle_gps:0.0 Distance_gps:0.0                  elapsed_time:0.136165857315
INFO:root:sl:0.00331457953167 sr:-0.0135316813018 heading:333 velocity:[0.0, 0.0, 0.0] position:LocationGlobalRelative:lat=0.0,lon=0.0,alt=-3.3
INFO:root:Angle_optical:-17.0003538517 Distance_optical:0.0323623647776 Angle_gps:0.0 Distance_gps:0.0                  elapsed_time:0.1312520504
INFO:root:sl:0.00395677179043 sr:-0.0152091507817 heading:333 velocity:[0.0, 0.0, 0.0] position:LocationGlobalRelative:lat=0.0,lon=0.0,alt=-3.3
INFO:root:Angle_optical:-17.0057619457 Distance_optical:0.0378309558452 Angle_gps:0.0 Distance_gps:0.0                  elapsed_time:0.137265920639
INFO:root:sl:0.00381223928677 sr:-0.0146032477624 heading:333 velocity:[0.0, 0.0, 0.0] position:LocationGlobalRelative:lat=0.0,lon=0.0,alt=-3.27
INFO:root:Angle_optical:-17.0097504712 Distance_optical:0.0430996731363 Angle_gps:0.0 Distance_gps:0.0                  elapsed_time:0.136963129044
INFO:root:sl:0.0046311953251 sr:-0.0167091084345 heading:333 velocity:[0.0, 0.0, 0.0] position:LocationGlobalRelative:lat=0.0,lon=0.0,alt=-3.27
INFO:root:Angle_optical:-17.0134094338 Distance_optical:0.0495003134501 Angle_gps:0.0 Distance_gps:0.0                  elapsed_time:0.136000871658
INFO:root:sl:0.00310005160057 sr:-0.0116303767447 heading:333 velocity:[0.0, 0.0, 0.0] position:LocationGlobalRelative:lat=0.0,lon=0.0,alt=-3.27
INFO:root:Angle_optical:-17.0153881111 Distance_optical:0.0537847733432 Angle_gps:0.0 Distance_gps:0.0                  elapsed_time:0.132329940796
INFO:root:sl:0.00288587155311 sr:-0.0107356832354 heading:333 velocity:[0.0, 0.0, 0.0] position:LocationGlobalRelative:lat=0.0,lon=0.0,alt=-3.27
INFO:root:Angle_optical:-17.0169585698 Distance_optical:0.0577732400925 Angle_gps:0.0 Distance_gps:0.0                  elapsed_time:0.135675907135
INFO:root:sl:0.00454113771595 sr:-0.0155843157965 heading:333 velocity:[0.0, 0.0, 0.0] position:LocationGlobalRelative:lat=0.0,lon=0.0,alt=-3.27
INFO:root:Angle_optical:-17.0190401485 Distance_optical:0.0640493800494 Angle_gps:0.0 Distance_gps:0.0                  elapsed_time:0.130786180496
INFO:root:sl:-0.00879840670082 sr:0.00684870667532 heading:333 velocity:[0.0, 0.0, 0.0] position:LocationGlobalRelative:lat=0.0,lon=0.0,alt=-3.27
INFO:root:Angle_optical:-8.61299685061 Distance_optical:0.0647481338805 Angle_gps:0.0 Distance_gps:0.0                  elapsed_time:0.132083892822
INFO:root:sl:0.000573102855127 sr:-0.00795107032446 heading:333 velocity:[0.0, 0.0, 0.0] position:LocationGlobalRelative:lat=0.0,lon=0.0,alt=-3.26
INFO:root:Angle_optical:-8.7144633425 Distance_optical:0.0655317536431 Angle_gps:0.0 Distance_gps:0.0                  elapsed_time:0.232053995132
INFO:root:sl:0.000395781651766 sr:-0.00856268907328 heading:333 velocity:[0.0, 0.0, 0.0] position:LocationGlobalRelative:lat=0.0,lon=0.0,alt=-3.26
INFO:root:Angle_optical:-8.78313035865 Distance_optical:0.0660730349276 Angle_gps:0.0 Distance_gps:0.0                  elapsed_time:0.165665864944
INFO:root:sl:-0.00195738054848 sr:-0.0024162631806 heading:333 velocity:[0.0, 0.0, 0.0] position:LocationGlobalRelative:lat=0.0,lon=0.0,alt=-3.26
INFO:root:Angle_optical:-8.78313035865 Distance_optical:0.0660730349276 Angle_gps:0.0 Distance_gps:0.0                  elapsed_time:0.136214017868
INFO:root:sl:0.00168664572301 sr:-0.0109167515817 heading:333 velocity:[0.0, 0.0, 0.0] position:LocationGlobalRelative:lat=0.0,lon=0.0,alt=-3.26
INFO:root:Angle_optical:-9.06356781956 Distance_optical:0.0683807548767 Angle_gps:0.0 Distance_gps:0.0                  elapsed_time:0.131399154663
INFO:root:sl:3.12617065738e-05 sr:-0.0054739259589 heading:333 velocity:[0.0, 0.0, 0.0] position:LocationGlobalRelative:lat=0.0,lon=0.0,alt=-3.26
INFO:root:Angle_optical:-9.06858710489 Distance_optical:0.0684235430219 Angle_gps:0.0 Distance_gps:0.0                  elapsed_time:0.132840871811
INFO:root:sl:0.00159363133975 sr:-0.00918529867929 heading:333 velocity:[0.0, 0.0, 0.0] position:LocationGlobalRelative:lat=0.0,lon=0.0,alt=-3.26
INFO:root:Angle_optical:-9.31639443248 Distance_optical:0.0706054327115 Angle_gps:0.0 Distance_gps:0.0                  elapsed_time:0.134196996689
INFO:root:sl:-0.000236012698468 sr:-0.00646413603368 heading:333 velocity:[0.0, 0.0, 0.0] position:LocationGlobalRelative:lat=0.0,lon=0.0,alt=-3.26
INFO:root:Angle_optical:-9.31639443248 Distance_optical:0.0706054327115 Angle_gps:0.0 Distance_gps:0.0                  elapsed_time:0.168807029724
INFO:root:sl:0.000347220086965 sr:-0.00528084016797 heading:333 velocity:[0.0, 0.0, 0.0] position:LocationGlobalRelative:lat=0.0,lon=0.0,alt=-3.27
INFO:root:Angle_optical:-9.36836792796 Distance_optical:0.0710809910876 Angle_gps:0.0 Distance_gps:0.0                  elapsed_time:0.135910987854
INFO:root:sl:0.00195308825 sr:-0.0101688963005 heading:333 velocity:[0.0, 0.0, 0.0] position:LocationGlobalRelative:lat=0.0,lon=0.0,alt=-3.27
INFO:root:Angle_optical:-9.64822443401 Distance_optical:0.0737570162683 Angle_gps:0.0 Distance_gps:0.0                  elapsed_time:0.152080059052
INFO:root:sl:0.0021917988 sr:-0.0111095541194 heading:333 velocity:[0.0, 0.0, 0.0] position:LocationGlobalRelative:lat=0.0,lon=0.0,alt=-3.27
INFO:root:Angle_optical:-9.93904241853 Distance_optical:0.0767620512308 Angle_gps:0.0 Distance_gps:0.0                  elapsed_time:0.131218194962
INFO:root:sl:-0.000375725867671 sr:-0.00689980202918 heading:333 velocity:[0.0, 0.0, 0.0] position:LocationGlobalRelative:lat=0.0,lon=0.0,alt=-3.27
INFO:root:Angle_optical:-9.93904241853 Distance_optical:0.0767620512308 Angle_gps:0.0 Distance_gps:0.0                  elapsed_time:0.13362288475
INFO:root:sl:0.00195502072855 sr:-0.00923556613473 heading:333 velocity:[0.0, 0.0, 0.0] position:LocationGlobalRelative:lat=0.0,lon=0.0,alt=-3.27
INFO:root:Angle_optical:-10.1798740741 Distance_optical:0.0794440041962 Angle_gps:0.0 Distance_gps:0.0                  elapsed_time:0.229735136032
INFO:root:sl:-1.23848537857e-05 sr:-0.00781911227501 heading:333 velocity:[0.0, 0.0, 0.0] position:LocationGlobalRelative:lat=0.0,lon=0.0,alt=-3.27
INFO:root:Angle_optical:-10.1798740741 Distance_optical:0.0794440041962 Angle_gps:0.0 Distance_gps:0.0                  elapsed_time:0.133025169373
INFO:root:sl:0.00196924633091 sr:-0.0110356582877 heading:333 velocity:[0.0, 0.0, 0.0] position:LocationGlobalRelative:lat=0.0,lon=0.0,alt=-3.27
INFO:root:Angle_optical:-10.4065565954 Distance_optical:0.0821467981927 Angle_gps:0.0 Distance_gps:0.0                  elapsed_time:0.134016036987
INFO:root:sl:0.000977970551419 sr:-0.00702258417435 heading:333 velocity:[0.0, 0.0, 0.0] position:LocationGlobalRelative:lat=0.0,lon=0.0,alt=-3.28
INFO:root:Angle_optical:-10.5136769628 Distance_optical:0.0834895191585 Angle_gps:0.0 Distance_gps:0.0                  elapsed_time:0.13190984726
INFO:root:sl:0.000733708007136 sr:-0.00646933868426 heading:333 velocity:[0.0, 0.0, 0.0] position:LocationGlobalRelative:lat=0.0,lon=0.0,alt=-3.28
INFO:root:Angle_optical:-10.5918070749 Distance_optical:0.0844970620634 Angle_gps:0.0 Distance_gps:0.0                  elapsed_time:0.130635976791
INFO:root:sl:0.00250999484843 sr:-0.0112937949423 heading:333 velocity:[0.0, 0.0, 0.0] position:LocationGlobalRelative:lat=0.0,lon=0.0,alt=-3.28
INFO:root:Angle_optical:-10.8455478579 Distance_optical:0.0879449664976 Angle_gps:0.0 Distance_gps:0.0                  elapsed_time:0.135132074356
INFO:root:sl:0.00272793880234 sr:-0.0116914870545 heading:333 velocity:[0.0, 0.0, 0.0] position:LocationGlobalRelative:lat=0.0,lon=0.0,alt=-3.28
INFO:root:Angle_optical:-11.0996758447 Distance_optical:0.0916940564523 Angle_gps:0.0 Distance_gps:0.0                  elapsed_time:0.130769014359
INFO:root:sl:0.00324560102039 sr:-0.0129885477043 heading:333 velocity:[0.0, 0.0, 0.0] position:LocationGlobalRelative:lat=0.0,lon=0.0,alt=-3.28
INFO:root:Angle_optical:-11.3762073048 Distance_optical:0.0961567345914 Angle_gps:0.0 Distance_gps:0.0                  elapsed_time:0.137496948242
INFO:root:sl:0.00212088366779 sr:-0.00899345742526 heading:333 velocity:[0.0, 0.0, 0.0] position:LocationGlobalRelative:lat=0.0,lon=0.0,alt=-3.28
INFO:root:Angle_optical:-11.543449725 Distance_optical:0.0990740543594 Angle_gps:0.0 Distance_gps:0.0                  elapsed_time:0.135399103165
INFO:root:sl:0.0036551240069 sr:-0.0136817665208 heading:333 velocity:[0.0, 0.0, 0.0] position:LocationGlobalRelative:lat=0.0,lon=0.0,alt=-3.28
INFO:root:Angle_optical:-11.8096734065 Distance_optical:0.10410358348 Angle_gps:0.0 Distance_gps:0.0                  elapsed_time:0.131985902786
INFO:root:sl:0.00225540217377 sr:-0.00891594291259 heading:333 velocity:[0.0, 0.0, 0.0] position:LocationGlobalRelative:lat=0.0,lon=0.0,alt=-3.28
INFO:root:Angle_optical:-11.9614832174 Distance_optical:0.107208101539 Angle_gps:0.0 Distance_gps:0.0                  elapsed_time:0.131464004517
INFO:root:sl:0.00311744639918 sr:-0.0116716500557 heading:333 velocity:[0.0, 0.0, 0.0] position:LocationGlobalRelative:lat=0.0,lon=0.0,alt=-3.29
INFO:root:Angle_optical:-12.1573968113 Distance_optical:0.111500363921 Angle_gps:0.0 Distance_gps:0.0                  elapsed_time:0.189742088318
INFO:root:sl:0.00225699314496 sr:-0.00856733987226 heading:333 velocity:[0.0, 0.0, 0.0] position:LocationGlobalRelative:lat=0.0,lon=0.0,alt=-3.29
INFO:root:Angle_optical:-12.2900768193 Distance_optical:0.114608670527 Angle_gps:0.0 Distance_gps:0.0                  elapsed_time:0.182565927505
INFO:root:sl:0.00274959233722 sr:-0.00900011333826 heading:333 velocity:[0.0, 0.0, 0.0] position:LocationGlobalRelative:lat=0.0,lon=0.0,alt=-3.29
INFO:root:Angle_optical:-12.4423005435 Distance_optical:0.118396161478 Angle_gps:0.0 Distance_gps:0.0                  elapsed_time:0.184952020645
INFO:root:sl:0.00148764843067 sr:-0.00775807236328 heading:333 velocity:[0.0, 0.0, 0.0] position:LocationGlobalRelative:lat=0.0,lon=0.0,alt=-3.29
INFO:root:Angle_optical:-12.520668799 Distance_optical:0.120445689477 Angle_gps:0.0 Distance_gps:0.0                  elapsed_time:0.133127212524
INFO:root:sl:0.00316601758997 sr:-0.0114476355791 heading:333 velocity:[0.0, 0.0, 0.0] position:LocationGlobalRelative:lat=0.0,lon=0.0,alt=-3.29
INFO:root:Angle_optical:-12.6788839502 Distance_optical:0.124808212277 Angle_gps:0.0 Distance_gps:0.0                  elapsed_time:0.139528989792
INFO:root:sl:0.00319484063455 sr:-0.0115010708288 heading:333 velocity:[0.0, 0.0, 0.0] position:LocationGlobalRelative:lat=0.0,lon=0.0,alt=-3.29
INFO:root:Angle_optical:-12.8277084667 Distance_optical:0.129211350221 Angle_gps:0.0 Distance_gps:0.0                  elapsed_time:0.174218893051
INFO:root:sl:0.0019621266638 sr:-0.00767669469281 heading:333 velocity:[0.0, 0.0, 0.0] position:LocationGlobalRelative:lat=0.0,lon=0.0,alt=-3.27
INFO:root:Angle_optical:-12.9141849048 Distance_optical:0.131915967281 Angle_gps:0.0 Distance_gps:0.0                  elapsed_time:0.13827419281
INFO:root:sl:0.00391376408613 sr:-0.0134385732223 heading:333 velocity:[0.0, 0.0, 0.0] position:LocationGlobalRelative:lat=0.0,lon=0.0,alt=-3.27
INFO:root:Angle_optical:-13.0765001417 Distance_optical:0.137311587443 Angle_gps:0.0 Distance_gps:0.0                  elapsed_time:0.132038831711
INFO:root:sl:0.00226768284612 sr:-0.00815408468598 heading:333 velocity:[0.0, 0.0, 0.0] position:LocationGlobalRelative:lat=0.0,lon=0.0,alt=-3.27
INFO:root:Angle_optical:-13.1648403059 Distance_optical:0.140438349471 Angle_gps:0.0 Distance_gps:0.0                  elapsed_time:0.131128072739
INFO:root:sl:0.0036599060131 sr:-0.0125368207878 heading:333 velocity:[0.0, 0.0, 0.0] position:LocationGlobalRelative:lat=0.0,lon=0.0,alt=-3.27
INFO:root:Angle_optical:-13.2994058134 Distance_optical:0.145485423118 Angle_gps:0.0 Distance_gps:0.0                  elapsed_time:0.137248039246
INFO:root:sl:0.00322054539942 sr:-0.0122301470623 heading:333 velocity:[0.0, 0.0, 0.0] position:LocationGlobalRelative:lat=0.0,lon=0.0,alt=-3.27
INFO:root:Angle_optical:-13.4103228634 Distance_optical:0.149927232623 Angle_gps:0.0 Distance_gps:0.0                  elapsed_time:0.132911920547
INFO:root:sl:0.00412392102597 sr:-0.0142962162793 heading:333 velocity:[0.0, 0.0, 0.0] position:LocationGlobalRelative:lat=0.0,lon=0.0,alt=-3.27
INFO:root:Angle_optical:-13.5431067152 Distance_optical:0.15561575407 Angle_gps:0.0 Distance_gps:0.0                  elapsed_time:0.133116006851
INFO:root:sl:0.00275109310962 sr:-0.00976579603234 heading:333 velocity:[0.0, 0.0, 0.0] position:LocationGlobalRelative:lat=0.0,lon=0.0,alt=-3.27
INFO:root:Angle_optical:-13.6264176695 Distance_optical:0.15941103884 Angle_gps:0.0 Distance_gps:0.0                  elapsed_time:0.135852098465
INFO:root:sl:0.00430235010665 sr:-0.0147221751401 heading:333 velocity:[0.0, 0.0, 0.0] position:LocationGlobalRelative:lat=0.0,lon=0.0,alt=-3.27
INFO:root:Angle_optical:-13.7490372931 Distance_optical:0.165347004131 Angle_gps:0.0 Distance_gps:0.0                  elapsed_time:0.138278007507
INFO:root:sl:0.00443741936688 sr:-0.0149857716583 heading:333 velocity:[0.0, 0.0, 0.0] position:LocationGlobalRelative:lat=0.0,lon=0.0,alt=-3.27
INFO:root:Angle_optical:-13.8666122328 Distance_optical:0.171470062383 Angle_gps:0.0 Distance_gps:0.0                  elapsed_time:0.133083105087
INFO:root:sl:0.00454726825096 sr:-0.0156828968853 heading:333 velocity:[0.0, 0.0, 0.0] position:LocationGlobalRelative:lat=0.0,lon=0.0,alt=-3.27
INFO:root:Angle_optical:-13.9786934431 Distance_optical:0.177745394514 Angle_gps:0.0 Distance_gps:0.0                  elapsed_time:0.131622076035
INFO:root:sl:0.00426882119036 sr:-0.0145187013361 heading:333 velocity:[0.0, 0.0, 0.0] position:LocationGlobalRelative:lat=0.0,lon=0.0,alt=-3.27
INFO:root:Angle_optical:-14.0769401849 Distance_optical:0.183637041372 Angle_gps:0.0 Distance_gps:0.0                  elapsed_time:0.23176908493
INFO:root:sl:0.00383622957359 sr:-0.0131414009804 heading:333 velocity:[0.0, 0.0, 0.0] position:LocationGlobalRelative:lat=0.0,lon=0.0,alt=-3.27
INFO:root:Angle_optical:-14.1600031406 Distance_optical:0.188932076862 Angle_gps:0.0 Distance_gps:0.0                  elapsed_time:0.198932886124
INFO:root:sl:0.0049707536627 sr:-0.016685979737 heading:333 velocity:[0.0, 0.0, 0.0] position:LocationGlobalRelative:lat=0.0,lon=0.0,alt=-3.27
INFO:root:Angle_optical:-14.2609486178 Distance_optical:0.195793616632 Angle_gps:0.0 Distance_gps:0.0                  elapsed_time:0.131809949875
INFO:root:sl:0.00500212888645 sr:-0.0165830405504 heading:333 velocity:[0.0, 0.0, 0.0] position:LocationGlobalRelative:lat=0.0,lon=0.0,alt=-3.27
INFO:root:Angle_optical:-14.3556319401 Distance_optical:0.202699037979 Angle_gps:0.0 Distance_gps:0.0                  elapsed_time:0.134735822678
INFO:root:sl:0.00345227803068 sr:-0.0116026053169 heading:333 velocity:[0.0, 0.0, 0.0] position:LocationGlobalRelative:lat=0.0,lon=0.0,alt=-3.27
INFO:root:Angle_optical:-14.4173024489 Distance_optical:0.20746520031 Angle_gps:0.0 Distance_gps:0.0                  elapsed_time:0.141248941422
INFO:root:sl:0.00335629014496 sr:-0.0112179064011 heading:333 velocity:[0.0, 0.0, 0.0] position:LocationGlobalRelative:lat=0.0,lon=0.0,alt=-3.27
INFO:root:Angle_optical:-14.4746010729 Distance_optical:0.212099063409 Angle_gps:0.0 Distance_gps:0.0                  elapsed_time:0.229668140411
INFO:root:sl:0.00460345166012 sr:-0.015177617951 heading:333 velocity:[0.0, 0.0, 0.0] position:LocationGlobalRelative:lat=0.0,lon=0.0,alt=-3.27
INFO:root:Angle_optical:-14.5492375807 Distance_optical:0.218455148049 Angle_gps:0.0 Distance_gps:0.0                  elapsed_time:0.138944864273
INFO:root:sl:0.00464786099632 sr:-0.0153462663687 heading:333 velocity:[0.0, 0.0, 0.0] position:LocationGlobalRelative:lat=0.0,lon=0.0,alt=-3.27
INFO:root:Angle_optical:-14.6203134971 Distance_optical:0.224872904258 Angle_gps:0.0 Distance_gps:0.0                  elapsed_time:0.132081031799
INFO:root:sl:0.00315190070035 sr:-0.0104354476802 heading:333 velocity:[0.0, 0.0, 0.0] position:LocationGlobalRelative:lat=0.0,lon=0.0,alt=-3.27
INFO:root:Angle_optical:-14.6662482801 Distance_optical:0.229225229402 Angle_gps:0.0 Distance_gps:0.0                  elapsed_time:0.133089780807
INFO:root:sl:0.0044630574146 sr:-0.0150461097918 heading:333 velocity:[0.0, 0.0, 0.0] position:LocationGlobalRelative:lat=0.0,lon=0.0,alt=-3.27
INFO:root:Angle_optical:-14.7283857957 Distance_optical:0.235388315586 Angle_gps:0.0 Distance_gps:0.0                  elapsed_time:0.136955976486
INFO:root:sl:0.00493543461161 sr:-0.0162532451053 heading:333 velocity:[0.0, 0.0, 0.0] position:LocationGlobalRelative:lat=0.0,lon=0.0,alt=-3.27
INFO:root:Angle_optical:-14.7934179137 Distance_optical:0.242204017754 Angle_gps:0.0 Distance_gps:0.0                  elapsed_time:0.13170003891
INFO:root:sl:0.00313759818164 sr:-0.0104337006443 heading:333 velocity:[0.0, 0.0, 0.0] position:LocationGlobalRelative:lat=0.0,lon=0.0,alt=-3.27
INFO:root:Angle_optical:-14.8328911164 Distance_optical:0.246537111124 Angle_gps:0.0 Distance_gps:0.0                  elapsed_time:0.131760120392
INFO:root:sl:0.00484694250646 sr:-0.0160522610722 heading:333 velocity:[0.0, 0.0, 0.0] position:LocationGlobalRelative:lat=0.0,lon=0.0,alt=-3.27
INFO:root:Angle_optical:-14.8912137747 Distance_optical:0.253231067211 Angle_gps:0.0 Distance_gps:0.0                  elapsed_time:0.133228063583
INFO:root:sl:0.0048523159148 sr:-0.0158566522639 heading:333 velocity:[0.0, 0.0, 0.0] position:LocationGlobalRelative:lat=0.0,lon=0.0,alt=-3.27
INFO:root:Angle_optical:-14.9465921109 Distance_optical:0.25993269353 Angle_gps:0.0 Distance_gps:0.0                  elapsed_time:0.134777069092
INFO:root:sl:0.00485515945418 sr:-0.0163526580986 heading:333 velocity:[0.0, 0.0, 0.0] position:LocationGlobalRelative:lat=0.0,lon=0.0,alt=-3.27
INFO:root:Angle_optical:-14.9992166731 Distance_optical:0.266638477842 Angle_gps:0.0 Distance_gps:0.0                  elapsed_time:0.133400917053
INFO:root:sl:0.00524732066367 sr:-0.0172747872092 heading:333 velocity:[0.0, 0.0, 0.0] position:LocationGlobalRelative:lat=0.0,lon=0.0,alt=-3.27
INFO:root:Angle_optical:-15.0531942594 Distance_optical:0.273886142065 Angle_gps:0.0 Distance_gps:0.0                  elapsed_time:0.134673118591
INFO:root:sl:0.00373869900816 sr:-0.0123710243929 heading:333 velocity:[0.0, 0.0, 0.0] position:LocationGlobalRelative:lat=0.0,lon=0.0,alt=-3.27
INFO:root:Angle_optical:-15.0899425195 Distance_optical:0.279050221025 Angle_gps:0.0 Distance_gps:0.0                  elapsed_time:0.179440975189
INFO:root:sl:0.00429516070133 sr:-0.0126346489052 heading:333 velocity:[0.0, 0.0, 0.0] position:LocationGlobalRelative:lat=0.0,lon=0.0,alt=-3.27
INFO:root:Angle_optical:-15.1305164179 Distance_optical:0.284983048941 Angle_gps:0.0 Distance_gps:0.0                  elapsed_time:0.147775888443
INFO:root:sl:0.004978045619 sr:-0.0161562314202 heading:333 velocity:[0.0, 0.0, 0.0] position:LocationGlobalRelative:lat=0.0,lon=0.0,alt=-3.27
INFO:root:Angle_optical:-15.175477322 Distance_optical:0.291859304316 Angle_gps:0.0 Distance_gps:0.0                  elapsed_time:0.13595700264
INFO:root:sl:0.00325297633212 sr:-0.0102904761796 heading:333 velocity:[0.0, 0.0, 0.0] position:LocationGlobalRelative:lat=0.0,lon=0.0,alt=-3.27
INFO:root:Angle_optical:-15.203730484 Distance_optical:0.296352786738 Angle_gps:0.0 Distance_gps:0.0                  elapsed_time:0.185465097427
INFO:root:sl:0.00313154566311 sr:-0.00977033912627 heading:333 velocity:[0.0, 0.0, 0.0] position:LocationGlobalRelative:lat=0.0,lon=0.0,alt=-3.27
INFO:root:Angle_optical:-15.230131214 Distance_optical:0.300678597553 Angle_gps:0.0 Distance_gps:0.0                  elapsed_time:0.139173030853
INFO:root:sl:0.00418415342678 sr:-0.0133568903333 heading:333 velocity:[0.0, 0.0, 0.0] position:LocationGlobalRelative:lat=0.0,lon=0.0,alt=-3.27
INFO:root:Angle_optical:-15.264242814 Distance_optical:0.306458541258 Angle_gps:0.0 Distance_gps:0.0                  elapsed_time:0.181816101074
INFO:root:sl:0.00322603935604 sr:-0.01095755866 heading:333 velocity:[0.0, 0.0, 0.0] position:LocationGlobalRelative:lat=0.0,lon=0.0,alt=-3.27
INFO:root:Angle_optical:-15.289677416 Distance_optical:0.310915028348 Angle_gps:0.0 Distance_gps:0.0                  elapsed_time:0.141030073166
INFO:root:sl:0.00437476115778 sr:-0.0140454649218 heading:333 velocity:[0.0, 0.0, 0.0] position:LocationGlobalRelative:lat=0.0,lon=0.0,alt=-3.27
INFO:root:Angle_optical:-15.3230261247 Distance_optical:0.316958467227 Angle_gps:0.0 Distance_gps:0.0                  elapsed_time:0.134834051132
INFO:root:sl:0.00436802120545 sr:-0.0130533464616 heading:333 velocity:[0.0, 0.0, 0.0] position:LocationGlobalRelative:lat=0.0,lon=0.0,alt=-3.27
INFO:root:Angle_optical:-15.355078368 Distance_optical:0.322992698347 Angle_gps:0.0 Distance_gps:0.0                  elapsed_time:0.143851995468
INFO:root:sl:0.00299220542982 sr:-0.00951409251086 heading:333 velocity:[0.0, 0.0, 0.0] position:LocationGlobalRelative:lat=0.0,lon=0.0,alt=-3.27
INFO:root:Angle_optical:-15.3763525032 Distance_optical:0.327126356344 Angle_gps:0.0 Distance_gps:0.0                  elapsed_time:0.135987043381
INFO:root:sl:0.00487364865252 sr:-0.0144785606331 heading:333 velocity:[0.0, 0.0, 0.0] position:LocationGlobalRelative:lat=0.0,lon=0.0,alt=-3.27
INFO:root:Angle_optical:-15.4098755905 Distance_optical:0.33385927506 Angle_gps:0.0 Distance_gps:0.0                  elapsed_time:0.135948181152
INFO:root:sl:0.00305846882195 sr:-0.00926149990139 heading:333 velocity:[0.0, 0.0, 0.0] position:LocationGlobalRelative:lat=0.0,lon=0.0,alt=-3.27
INFO:root:Angle_optical:-15.4302311949 Distance_optical:0.338084589271 Angle_gps:0.0 Distance_gps:0.0                  elapsed_time:0.138120174408
INFO:root:sl:0.00273108072607 sr:-0.00831353826134 heading:333 velocity:[0.0, 0.0, 0.0] position:LocationGlobalRelative:lat=0.0,lon=0.0,alt=-3.27
INFO:root:Angle_optical:-15.4479825959 Distance_optical:0.341857647777 Angle_gps:0.0 Distance_gps:0.0                  elapsed_time:0.134172916412
INFO:root:sl:0.00440302810382 sr:-0.0135057680333 heading:333 velocity:[0.0, 0.0, 0.0] position:LocationGlobalRelative:lat=0.0,lon=0.0,alt=-3.27
INFO:root:Angle_optical:-15.4757906004 Distance_optical:0.347940611793 Angle_gps:0.0 Distance_gps:0.0                  elapsed_time:0.133991956711
INFO:root:sl:0.00400752549849 sr:-0.0128198270043 heading:333 velocity:[0.0, 0.0, 0.0] position:LocationGlobalRelative:lat=0.0,lon=0.0,alt=-3.27
INFO:root:Angle_optical:-15.5002687459 Distance_optical:0.353477241545 Angle_gps:0.0 Distance_gps:0.0                  elapsed_time:0.133214950562
INFO:root:sl:0.00426220593434 sr:-0.0135557765919 heading:333 velocity:[0.0, 0.0, 0.0] position:LocationGlobalRelative:lat=0.0,lon=0.0,alt=-3.28
INFO:root:Angle_optical:-15.5254748104 Distance_optical:0.359365795597 Angle_gps:0.0 Distance_gps:0.0                  elapsed_time:0.137665987015
INFO:root:sl:0.00316818988416 sr:-0.00997034290739 heading:333 velocity:[0.0, 0.0, 0.0] position:LocationGlobalRelative:lat=0.0,lon=0.0,alt=-3.28
INFO:root:Angle_optical:-15.5436822433 Distance_optical:0.36374292895 Angle_gps:0.0 Distance_gps:0.0                  elapsed_time:0.229312181473
INFO:root:sl:0.00453378341188 sr:-0.0146913533779 heading:333 velocity:[0.0, 0.0, 0.0] position:LocationGlobalRelative:lat=0.0,lon=0.0,alt=-3.28
INFO:root:Angle_optical:-15.5689883492 Distance_optical:0.370006811993 Angle_gps:0.0 Distance_gps:0.0                  elapsed_time:0.145569086075
INFO:root:sl:0.0029910448076 sr:-0.00955436821929 heading:333 velocity:[0.0, 0.0, 0.0] position:LocationGlobalRelative:lat=0.0,lon=0.0,alt=-3.28
INFO:root:Angle_optical:-15.585219478 Distance_optical:0.374139283054 Angle_gps:0.0 Distance_gps:0.0                  elapsed_time:0.181920051575
INFO:root:sl:0.00445031380216 sr:-0.0143414839147 heading:333 velocity:[0.0, 0.0, 0.0] position:LocationGlobalRelative:lat=0.0,lon=0.0,alt=-3.28
INFO:root:Angle_optical:-15.6087165425 Distance_optical:0.380287955383 Angle_gps:0.0 Distance_gps:0.0                  elapsed_time:0.138767957687
INFO:root:sl:0.00471710564392 sr:-0.0153728785659 heading:333 velocity:[0.0, 0.0, 0.0] position:LocationGlobalRelative:lat=0.0,lon=0.0,alt=-3.28
INFO:root:Angle_optical:-15.6328066913 Distance_optical:0.386805301854 Angle_gps:0.0 Distance_gps:0.0                  elapsed_time:0.134233951569
INFO:root:sl:0.004393322555 sr:-0.0144318989294 heading:333 velocity:[0.0, 0.0, 0.0] position:LocationGlobalRelative:lat=0.0,lon=0.0,alt=-3.26
INFO:root:Angle_optical:-15.6545244381 Distance_optical:0.392875355754 Angle_gps:0.0 Distance_gps:0.0                  elapsed_time:0.139027118683
INFO:root:sl:0.00454070362563 sr:-0.0148389691272 heading:333 velocity:[0.0, 0.0, 0.0] position:LocationGlobalRelative:lat=0.0,lon=0.0,alt=-3.26
INFO:root:Angle_optical:-15.6762765844 Distance_optical:0.399149096737 Angle_gps:0.0 Distance_gps:0.0                  elapsed_time:0.197360038757
INFO:root:sl:0.00479228152232 sr:-0.0161720550192 heading:333 velocity:[0.0, 0.0, 0.0] position:LocationGlobalRelative:lat=0.0,lon=0.0,alt=-3.26
INFO:root:Angle_optical:-15.6985043405 Distance_optical:0.405770494915 Angle_gps:0.0 Distance_gps:0.0                  elapsed_time:0.132831811905
INFO:root:sl:0.00286264409945 sr:-0.00922924472751 heading:333 velocity:[0.0, 0.0, 0.0] position:LocationGlobalRelative:lat=0.0,lon=0.0,alt=-3.26
INFO:root:Angle_optical:-15.711439224 Distance_optical:0.40972578052 Angle_gps:0.0 Distance_gps:0.0                  elapsed_time:0.130340099335
INFO:root:sl:0.00478705748751 sr:-0.0157501947926 heading:333 velocity:[0.0, 0.0, 0.0] position:LocationGlobalRelative:lat=0.0,lon=0.0,alt=-3.26
INFO:root:Angle_optical:-15.7325204616 Distance_optical:0.416340053466 Angle_gps:0.0 Distance_gps:0.0                  elapsed_time:0.133175849915
INFO:root:sl:0.00311049577732 sr:-0.0102878736348 heading:333 velocity:[0.0, 0.0, 0.0] position:LocationGlobalRelative:lat=0.0,lon=0.0,alt=-3.26
INFO:root:Angle_optical:-15.7458631095 Distance_optical:0.420637851981 Angle_gps:0.0 Distance_gps:0.0                  elapsed_time:0.133926153183
INFO:root:sl:0.00362927126057 sr:-0.0122419560365 heading:333 velocity:[0.0, 0.0, 0.0] position:LocationGlobalRelative:lat=0.0,lon=0.0,alt=-3.26
INFO:root:Angle_optical:-15.761090479 Distance_optical:0.425652475127 Angle_gps:0.0 Distance_gps:0.0                  elapsed_time:0.133270025253
INFO:root:sl:0.00457649235785 sr:-0.0148970755788 heading:333 velocity:[0.0, 0.0, 0.0] position:LocationGlobalRelative:lat=0.0,lon=0.0,alt=-3.27
INFO:root:Angle_optical:-15.7797881287 Distance_optical:0.431975930688 Angle_gps:0.0 Distance_gps:0.0                  elapsed_time:0.159058094025
INFO:root:sl:0.00282906484893 sr:-0.00935672631254 heading:333 velocity:[0.0, 0.0, 0.0] position:LocationGlobalRelative:lat=0.0,lon=0.0,alt=-3.27
INFO:root:Angle_optical:-15.7910751797 Distance_optical:0.435884943741 Angle_gps:0.0 Distance_gps:0.0                  elapsed_time:0.145331859589
INFO:root:sl:0.00275870711684 sr:-0.00912393948196 heading:333 velocity:[0.0, 0.0, 0.0] position:LocationGlobalRelative:lat=0.0,lon=0.0,alt=-3.27
INFO:root:Angle_optical:-15.8018882613 Distance_optical:0.439696757127 Angle_gps:0.0 Distance_gps:0.0                  elapsed_time:0.134521007538
INFO:root:sl:0.0045378580775 sr:-0.0144662116422 heading:333 velocity:[0.0, 0.0, 0.0] position:LocationGlobalRelative:lat=0.0,lon=0.0,alt=-3.27
INFO:root:Angle_optical:-15.8192728344 Distance_optical:0.44596692608 Angle_gps:0.0 Distance_gps:0.0                  elapsed_time:0.131245851517
INFO:root:sl:0.00395069863135 sr:-0.0129917200815 heading:333 velocity:[0.0, 0.0, 0.0] position:LocationGlobalRelative:lat=0.0,lon=0.0,alt=-3.27
INFO:root:Angle_optical:-15.8340147495 Distance_optical:0.451425822047 Angle_gps:0.0 Distance_gps:0.0                  elapsed_time:0.130104064941
INFO:root:sl:0.00427030295898 sr:-0.0142525675415 heading:333 velocity:[0.0, 0.0, 0.0] position:LocationGlobalRelative:lat=0.0,lon=0.0,alt=-3.27
INFO:root:Angle_optical:-15.8495534654 Distance_optical:0.457326365415 Angle_gps:0.0 Distance_gps:0.0                  elapsed_time:0.134269952774
INFO:root:sl:0.00318971491696 sr:-0.0104276248163 heading:333 velocity:[0.0, 0.0, 0.0] position:LocationGlobalRelative:lat=0.0,lon=0.0,alt=-3.27
INFO:root:Angle_optical:-15.8609010399 Distance_optical:0.461733814407 Angle_gps:0.0 Distance_gps:0.0                  elapsed_time:0.134181976318
INFO:root:sl:0.00468395326757 sr:-0.0152228438316 heading:333 velocity:[0.0, 0.0, 0.0] position:LocationGlobalRelative:lat=0.0,lon=0.0,alt=-3.27
INFO:root:Angle_optical:-15.8771772402 Distance_optical:0.468205987471 Angle_gps:0.0 Distance_gps:0.0                  elapsed_time:0.13165307045
INFO:root:sl:0.0046580095677 sr:-0.0154671601192 heading:333 velocity:[0.0, 0.0, 0.0] position:LocationGlobalRelative:lat=0.0,lon=0.0,alt=-3.28
INFO:root:Angle_optical:-15.8929230888 Distance_optical:0.474642348455 Angle_gps:0.0 Distance_gps:0.0                  elapsed_time:0.129863977432
INFO:root:sl:0.00313291943806 sr:-0.0102794071918 heading:333 velocity:[0.0, 0.0, 0.0] position:LocationGlobalRelative:lat=0.0,lon=0.0,alt=-3.28
INFO:root:Angle_optical:-15.9032755196 Distance_optical:0.478971384613 Angle_gps:0.0 Distance_gps:0.0                  elapsed_time:0.139290094376
INFO:root:sl:0.00444287353146 sr:-0.0145883624407 heading:333 velocity:[0.0, 0.0, 0.0] position:LocationGlobalRelative:lat=0.0,lon=0.0,alt=-3.28
INFO:root:Angle_optical:-15.9176397667 Distance_optical:0.4851105281 Angle_gps:0.0 Distance_gps:0.0                  elapsed_time:0.152248859406
INFO:root:sl:0.00305845063431 sr:-0.0100837324379 heading:333 velocity:[0.0, 0.0, 0.0] position:LocationGlobalRelative:lat=0.0,lon=0.0,alt=-3.27
INFO:root:Angle_optical:-15.9273185817 Distance_optical:0.489336699257 Angle_gps:0.0 Distance_gps:0.0                  elapsed_time:0.222257137299
INFO:root:sl:0.00449154434571 sr:-0.0145043879463 heading:333 velocity:[0.0, 0.0, 0.0] position:LocationGlobalRelative:lat=0.0,lon=0.0,alt=-3.27
INFO:root:Angle_optical:-15.9412333398 Distance_optical:0.495543145865 Angle_gps:0.0 Distance_gps:0.0                  elapsed_time:0.141097068787
INFO:root:sl:0.00299821712787 sr:-0.00979412070624 heading:333 velocity:[0.0, 0.0, 0.0] position:LocationGlobalRelative:lat=0.0,lon=0.0,alt=-3.27
INFO:root:Angle_optical:-15.9503294052 Distance_optical:0.499686118585 Angle_gps:0.0 Distance_gps:0.0                  elapsed_time:0.137093067169
INFO:root:sl:0.00263705302697 sr:-0.00859556027262 heading:333 velocity:[0.0, 0.0, 0.0] position:LocationGlobalRelative:lat=0.0,lon=0.0,alt=-3.28
INFO:root:Angle_optical:-15.9582059908 Distance_optical:0.503330040571 Angle_gps:0.0 Distance_gps:0.0                  elapsed_time:0.139111042023
INFO:root:sl:0.0043465628229 sr:-0.0140637559104 heading:333 velocity:[0.0, 0.0, 0.0] position:LocationGlobalRelative:lat=0.0,lon=0.0,alt=-3.28
INFO:root:Angle_optical:-15.970942718 Distance_optical:0.509336210745 Angle_gps:0.0 Distance_gps:0.0                  elapsed_time:0.136347055435
INFO:root:sl:0.00397047004022 sr:-0.0131740381196 heading:333 velocity:[0.0, 0.0, 0.0] position:LocationGlobalRelative:lat=0.0,lon=0.0,alt=-3.28
INFO:root:Angle_optical:-15.9823176549 Distance_optical:0.514822709533 Angle_gps:0.0 Distance_gps:0.0                  elapsed_time:0.14742898941
INFO:root:sl:0.00273852147252 sr:-0.00895833857564 heading:333 velocity:[0.0, 0.0, 0.0] position:LocationGlobalRelative:lat=0.0,lon=0.0,alt=-3.28
INFO:root:Angle_optical:-15.9900229544 Distance_optical:0.518606881283 Angle_gps:0.0 Distance_gps:0.0                  elapsed_time:0.136553049088
INFO:root:sl:0.00433302218754 sr:-0.0139008652551 heading:333 velocity:[0.0, 0.0, 0.0] position:LocationGlobalRelative:lat=0.0,lon=0.0,alt=-3.28
INFO:root:Angle_optical:-16.0019875591 Distance_optical:0.524594401004 Angle_gps:0.0 Distance_gps:0.0                  elapsed_time:0.151341915131
INFO:root:sl:0.00420904263922 sr:-0.0141031692191 heading:333 velocity:[0.0, 0.0, 0.0] position:LocationGlobalRelative:lat=0.0,lon=0.0,alt=-3.29
INFO:root:Angle_optical:-16.0133511832 Distance_optical:0.530410622776 Angle_gps:0.0 Distance_gps:0.0                  elapsed_time:0.134248018265
INFO:root:sl:0.00282014657482 sr:-0.00924059326245 heading:333 velocity:[0.0, 0.0, 0.0] position:LocationGlobalRelative:lat=0.0,lon=0.0,alt=-3.29
INFO:root:Angle_optical:-16.0208266363 Distance_optical:0.534307624355 Angle_gps:0.0 Distance_gps:0.0                  elapsed_time:0.134157896042
INFO:root:sl:0.00436813885874 sr:-0.0143790391982 heading:333 velocity:[0.0, 0.0, 0.0] position:LocationGlobalRelative:lat=0.0,lon=0.0,alt=-3.29
INFO:root:Angle_optical:-16.0321925512 Distance_optical:0.540343726708 Angle_gps:0.0 Distance_gps:0.0                  elapsed_time:0.133726119995
INFO:root:sl:0.00405778154989 sr:-0.0134488659064 heading:333 velocity:[0.0, 0.0, 0.0] position:LocationGlobalRelative:lat=0.0,lon=0.0,alt=-3.29
INFO:root:Angle_optical:-16.0425257404 Distance_optical:0.545950981053 Angle_gps:0.0 Distance_gps:0.0                  elapsed_time:0.133744955063
INFO:root:sl:0.00435370036469 sr:-0.0142401773171 heading:333 velocity:[0.0, 0.0, 0.0] position:LocationGlobalRelative:lat=0.0,lon=0.0,alt=-3.29
INFO:root:Angle_optical:-16.0533790241 Distance_optical:0.551967170641 Angle_gps:0.0 Distance_gps:0.0                  elapsed_time:0.15162396431
INFO:root:sl:0.00411786517378 sr:-0.0132840545202 heading:333 velocity:[0.0, 0.0, 0.0] position:LocationGlobalRelative:lat=0.0,lon=0.0,alt=-3.3
INFO:root:Angle_optical:-16.0634289044 Distance_optical:0.557657487512 Angle_gps:0.0 Distance_gps:0.0                  elapsed_time:0.181789159775
INFO:root:sl:0.00457665291147 sr:-0.015148259913 heading:333 velocity:[0.0, 0.0, 0.0] position:LocationGlobalRelative:lat=0.0,lon=0.0,alt=-3.3
INFO:root:Angle_optical:-16.0743605347 Distance_optical:0.563981804752 Angle_gps:0.0 Distance_gps:0.0                  elapsed_time:0.1319668293
INFO:root:sl:0.00326205461249 sr:-0.0106681229376 heading:333 velocity:[0.0, 0.0, 0.0] position:LocationGlobalRelative:lat=0.0,lon=0.0,alt=-3.3
INFO:root:Angle_optical:-16.0820037004 Distance_optical:0.568489536577 Angle_gps:0.0 Distance_gps:0.0                  elapsed_time:0.142848014832
INFO:root:sl:0.00385005245414 sr:-0.0127218341917 heading:333 velocity:[0.0, 0.0, 0.0] position:LocationGlobalRelative:lat=0.0,lon=0.0,alt=-3.31
INFO:root:Angle_optical:-16.0908700703 Distance_optical:0.57380981701 Angle_gps:0.0 Distance_gps:0.0                  elapsed_time:0.220903158188
INFO:root:sl:0.00292218999452 sr:-0.00963455426057 heading:333 velocity:[0.0, 0.0, 0.0] position:LocationGlobalRelative:lat=0.0,lon=0.0,alt=-3.31
INFO:root:Angle_optical:-16.0974906589 Distance_optical:0.577847919048 Angle_gps:0.0 Distance_gps:0.0                  elapsed_time:0.133615016937
INFO:root:sl:0.00394849504911 sr:-0.0131707830754 heading:333 velocity:[0.0, 0.0, 0.0] position:LocationGlobalRelative:lat=0.0,lon=0.0,alt=-3.31
INFO:root:Angle_optical:-16.1062908603 Distance_optical:0.583304258581 Angle_gps:0.0 Distance_gps:0.0                  elapsed_time:0.135083913803
INFO:root:sl:0.00421288709441 sr:-0.0142346193988 heading:333 velocity:[0.0, 0.0, 0.0] position:LocationGlobalRelative:lat=0.0,lon=0.0,alt=-3.31
INFO:root:Angle_optical:-16.1155005766 Distance_optical:0.589125970468 Angle_gps:0.0 Distance_gps:0.0                  elapsed_time:0.134696960449
INFO:root:sl:0.00277089303451 sr:-0.00925998918369 heading:333 velocity:[0.0, 0.0, 0.0] position:LocationGlobalRelative:lat=0.0,lon=0.0,alt=-3.31
INFO:root:Angle_optical:-16.1214593877 Distance_optical:0.592955025125 Angle_gps:0.0 Distance_gps:0.0                  elapsed_time:0.152272939682
INFO:root:sl:0.00441179939433 sr:-0.0146643271827 heading:333 velocity:[0.0, 0.0, 0.0] position:LocationGlobalRelative:lat=0.0,lon=0.0,alt=-3.3
INFO:root:Angle_optical:-16.1307897726 Distance_optical:0.599051636028 Angle_gps:0.0 Distance_gps:0.0                  elapsed_time:0.134336948395
INFO:root:sl:0.00284889488081 sr:-0.00953973394131 heading:333 velocity:[0.0, 0.0, 0.0] position:LocationGlobalRelative:lat=0.0,lon=0.0,alt=-3.3
INFO:root:Angle_optical:-16.136714563 Distance_optical:0.602988496762 Angle_gps:0.0 Distance_gps:0.0                  elapsed_time:0.132158041
INFO:root:sl:0.00400300338466 sr:-0.013331206508 heading:333 velocity:[0.0, 0.0, 0.0] position:LocationGlobalRelative:lat=0.0,lon=0.0,alt=-3.3
INFO:root:Angle_optical:-16.1449099941 Distance_optical:0.608520219658 Angle_gps:0.0 Distance_gps:0.0                  elapsed_time:0.133706092834
INFO:root:sl:0.00281592441495 sr:-0.00938381690799 heading:333 velocity:[0.0, 0.0, 0.0] position:LocationGlobalRelative:lat=0.0,lon=0.0,alt=-3.3
INFO:root:Angle_optical:-16.1505863881 Distance_optical:0.612411533531 Angle_gps:0.0 Distance_gps:0.0                  elapsed_time:0.13351392746
INFO:root:sl:0.00438447379004 sr:-0.0140371946541 heading:333 velocity:[0.0, 0.0, 0.0] position:LocationGlobalRelative:lat=0.0,lon=0.0,alt=-3.3
INFO:root:Angle_optical:-16.1592825003 Distance_optical:0.618470430687 Angle_gps:0.0 Distance_gps:0.0                  elapsed_time:0.135648012161
INFO:root:sl:0.00280085039741 sr:-0.00918805451752 heading:333 velocity:[0.0, 0.0, 0.0] position:LocationGlobalRelative:lat=0.0,lon=0.0,alt=-3.3
INFO:root:Angle_optical:-16.1647490412 Distance_optical:0.622340928513 Angle_gps:0.0 Distance_gps:0.0                  elapsed_time:0.206187963486
INFO:root:sl:0.00409069637631 sr:-0.013339977985 heading:333 velocity:[0.0, 0.0, 0.0] position:LocationGlobalRelative:lat=0.0,lon=0.0,alt=-3.3
INFO:root:Angle_optical:-16.1726119548 Distance_optical:0.627993875614 Angle_gps:0.0 Distance_gps:0.0                  elapsed_time:0.149609088898
INFO:root:sl:0.00281900514094 sr:-0.00914130678917 heading:333 velocity:[0.0, 0.0, 0.0] position:LocationGlobalRelative:lat=0.0,lon=0.0,alt=-3.3
INFO:root:Angle_optical:-16.1779486132 Distance_optical:0.631889475001 Angle_gps:0.0 Distance_gps:0.0                  elapsed_time:0.134089946747
INFO:root:sl:0.0043274120749 sr:-0.0139625961652 heading:333 velocity:[0.0, 0.0, 0.0] position:LocationGlobalRelative:lat=0.0,lon=0.0,alt=-3.3
INFO:root:Angle_optical:-16.186014003 Distance_optical:0.637869560942 Angle_gps:0.0 Distance_gps:0.0                  elapsed_time:0.132333993912
INFO:root:sl:0.00280927839804 sr:-0.00911097023484 heading:333 velocity:[0.0, 0.0, 0.0] position:LocationGlobalRelative:lat=0.0,lon=0.0,alt=-3.3
INFO:root:Angle_optical:-16.1911694461 Distance_optical:0.641751732174 Angle_gps:0.0 Distance_gps:0.0                  elapsed_time:0.13968205452
INFO:root:sl:0.00398435804376 sr:-0.013107540943 heading:333 velocity:[0.0, 0.0, 0.0] position:LocationGlobalRelative:lat=0.0,lon=0.0,alt=-3.3
INFO:root:Angle_optical:-16.1983752796 Distance_optical:0.647257766921 Angle_gps:0.0 Distance_gps:0.0                  elapsed_time:0.134957075119
INFO:root:sl:0.00400322090946 sr:-0.0130698964104 heading:333 velocity:[0.0, 0.0, 0.0] position:LocationGlobalRelative:lat=0.0,lon=0.0,alt=-3.3
INFO:root:Angle_optical:-16.2054928064 Distance_optical:0.65278987848 Angle_gps:0.0 Distance_gps:0.0                  elapsed_time:0.17570400238
INFO:root:sl:0.00269921433781 sr:-0.00882210189706 heading:333 velocity:[0.0, 0.0, 0.0] position:LocationGlobalRelative:lat=0.0,lon=0.0,alt=-3.3
INFO:root:Angle_optical:-16.2102241696 Distance_optical:0.65651996914 Angle_gps:0.0 Distance_gps:0.0                  elapsed_time:0.134804964066
INFO:root:sl:0.00439466394891 sr:-0.0144180810817 heading:333 velocity:[0.0, 0.0, 0.0] position:LocationGlobalRelative:lat=0.0,lon=0.0,alt=-3.3
INFO:root:Angle_optical:-16.2178134601 Distance_optical:0.662593040022 Angle_gps:0.0 Distance_gps:0.0                  elapsed_time:0.131333112717
INFO:root:sl:0.00400951449231 sr:-0.0122388838831 heading:333 velocity:[0.0, 0.0, 0.0] position:LocationGlobalRelative:lat=0.0,lon=0.0,alt=-3.3
INFO:root:Angle_optical:-16.2246172641 Distance_optical:0.668133875238 Angle_gps:0.0 Distance_gps:0.0                  elapsed_time:0.147618055344
INFO:root:sl:0.00277584819476 sr:-0.00886976671546 heading:333 velocity:[0.0, 0.0, 0.0] position:LocationGlobalRelative:lat=0.0,lon=0.0,alt=-3.29
INFO:root:Angle_optical:-16.2292619122 Distance_optical:0.671969885533 Angle_gps:0.0 Distance_gps:0.0                  elapsed_time:0.130447864532
INFO:root:sl:0.00471531807058 sr:-0.0152096624645 heading:333 velocity:[0.0, 0.0, 0.0] position:LocationGlobalRelative:lat=0.0,lon=0.0,alt=-3.29
INFO:root:Angle_optical:-16.2370313695 Distance_optical:0.678486104923 Angle_gps:0.0 Distance_gps:0.0                  elapsed_time:0.129703044891
INFO:root:sl:0.00287517018941 sr:-0.00907957826578 heading:333 velocity:[0.0, 0.0, 0.0] position:LocationGlobalRelative:lat=0.0,lon=0.0,alt=-3.29
INFO:root:Angle_optical:-16.2416959898 Distance_optical:0.682459382517 Angle_gps:0.0 Distance_gps:0.0                  elapsed_time:0.197004079819
INFO:root:sl:0.00419326275812 sr:-0.0134193873737 heading:333 velocity:[0.0, 0.0, 0.0] position:LocationGlobalRelative:lat=0.0,lon=0.0,alt=-3.28
INFO:root:Angle_optical:-16.2484025058 Distance_optical:0.688254176706 Angle_gps:0.0 Distance_gps:0.0                  elapsed_time:0.147968053818
INFO:root:sl:0.00447468785755 sr:-0.014668373615 heading:333 velocity:[0.0, 0.0, 0.0] position:LocationGlobalRelative:lat=0.0,lon=0.0,alt=-3.28
INFO:root:Angle_optical:-16.2554356754 Distance_optical:0.694437890607 Angle_gps:0.0 Distance_gps:0.0                  elapsed_time:0.137127876282
INFO:root:sl:0.00452680559024 sr:-0.014590347112 heading:333 velocity:[0.0, 0.0, 0.0] position:LocationGlobalRelative:lat=0.0,lon=0.0,alt=-3.28
INFO:root:Angle_optical:-16.2624244483 Distance_optical:0.70069363791 Angle_gps:0.0 Distance_gps:0.0                  elapsed_time:0.138115882874
INFO:root:sl:0.00311216319329 sr:-0.0117818983406 heading:333 velocity:[0.0, 0.0, 0.0] position:LocationGlobalRelative:lat=0.0,lon=0.0,alt=-3.28
INFO:root:Angle_optical:-16.2671572599 Distance_optical:0.704994448385 Angle_gps:0.0 Distance_gps:0.0                  elapsed_time:0.131437063217
INFO:root:sl:0.0050270686425 sr:-0.016556871743 heading:333 velocity:[0.0, 0.0, 0.0] position:LocationGlobalRelative:lat=0.0,lon=0.0,alt=-3.28
INFO:root:Angle_optical:-16.2746813773 Distance_optical:0.711941545491 Angle_gps:0.0 Distance_gps:0.0                  elapsed_time:0.134169101715
INFO:root:sl:0.00316650935651 sr:-0.0107322792989 heading:333 velocity:[0.0, 0.0, 0.0] position:LocationGlobalRelative:lat=0.0,lon=0.0,alt=-3.28
INFO:root:Angle_optical:-16.2793458412 Distance_optical:0.716317471112 Angle_gps:0.0 Distance_gps:0.0                  elapsed_time:0.174933195114
INFO:root:sl:0.00447245948324 sr:-0.0152974536239 heading:333 velocity:[0.0, 0.0, 0.0] position:LocationGlobalRelative:lat=0.0,lon=0.0,alt=-3.28
INFO:root:Angle_optical:-16.2858377892 Distance_optical:0.722498149103 Angle_gps:0.0 Distance_gps:0.0                  elapsed_time:0.139812231064
INFO:root:sl:0.00316650937056 sr:-0.0106466511665 heading:333 velocity:[0.0, 0.0, 0.0] position:LocationGlobalRelative:lat=0.0,lon=0.0,alt=-3.28
INFO:root:Angle_optical:-16.290367347 Distance_optical:0.72687408565 Angle_gps:0.0 Distance_gps:0.0                  elapsed_time:0.136585950851
INFO:root:sl:0.00434896827799 sr:-0.0149182062768 heading:333 velocity:[0.0, 0.0, 0.0] position:LocationGlobalRelative:lat=0.0,lon=0.0,alt=-3.28
INFO:root:Angle_optical:-16.2965002028 Distance_optical:0.732884120532 Angle_gps:0.0 Distance_gps:0.0                  elapsed_time:0.130693912506
INFO:root:sl:0.00299698428295 sr:-0.0102155777668 heading:333 velocity:[0.0, 0.0, 0.0] position:LocationGlobalRelative:lat=0.0,lon=0.0,alt=-3.28
INFO:root:Angle_optical:-16.300668297 Distance_optical:0.737025792616 Angle_gps:0.0 Distance_gps:0.0                  elapsed_time:0.140945911407
INFO:root:sl:0.00376181044619 sr:-0.0135929999472 heading:333 velocity:[0.0, 0.0, 0.0] position:LocationGlobalRelative:lat=0.0,lon=0.0,alt=-3.28
INFO:root:Angle_optical:-16.3058342459 Distance_optical:0.742224418885 Angle_gps:0.0 Distance_gps:0.0                  elapsed_time:0.131762981415
INFO:root:sl:0.00335285486959 sr:-0.0121903222639 heading:333 velocity:[0.0, 0.0, 0.0] position:LocationGlobalRelative:lat=0.0,lon=0.0,alt=-3.28
INFO:root:Angle_optical:-16.310377978 Distance_optical:0.746857894715 Angle_gps:0.0 Distance_gps:0.0                  elapsed_time:0.194614887238
INFO:root:sl:0.0027980989112 sr:-0.00999783652862 heading:333 velocity:[0.0, 0.0, 0.0] position:LocationGlobalRelative:lat=0.0,lon=0.0,alt=-3.28
INFO:root:Angle_optical:-16.3141269793 Distance_optical:0.750724729329 Angle_gps:0.0 Distance_gps:0.0                  elapsed_time:0.190861940384
INFO:root:sl:0.00331237520411 sr:-0.0119817869438 heading:333 velocity:[0.0, 0.0, 0.0] position:LocationGlobalRelative:lat=0.0,lon=0.0,alt=-3.29
INFO:root:Angle_optical:-16.3185154104 Distance_optical:0.755302272395 Angle_gps:0.0 Distance_gps:0.0                  elapsed_time:0.137340068817
INFO:root:sl:0.0026319578796 sr:-0.00963034413775 heading:333 velocity:[0.0, 0.0, 0.0] position:LocationGlobalRelative:lat=0.0,lon=0.0,alt=-3.29
INFO:root:Angle_optical:-16.3219646416 Distance_optical:0.758939514511 Angle_gps:0.0 Distance_gps:0.0                  elapsed_time:0.135943174362
INFO:root:sl:0.00218560799872 sr:-0.00790249190255 heading:333 velocity:[0.0, 0.0, 0.0] position:LocationGlobalRelative:lat=0.0,lon=0.0,alt=-3.29
INFO:root:Angle_optical:-16.3248038962 Distance_optical:0.761959924077 Angle_gps:0.0 Distance_gps:0.0                  elapsed_time:0.138896942139
INFO:root:sl:0.00232774658306 sr:-0.0102607888145 heading:333 velocity:[0.0, 0.0, 0.0] position:LocationGlobalRelative:lat=0.0,lon=0.0,alt=-3.29
INFO:root:Angle_optical:-16.3278031498 Distance_optical:0.765176764598 Angle_gps:0.0 Distance_gps:0.0                  elapsed_time:0.145711898804
INFO:root:sl:0.0022044826693 sr:-0.005695303101 heading:333 velocity:[0.0, 0.0, 0.0] position:LocationGlobalRelative:lat=0.0,lon=0.0,alt=-3.29
INFO:root:Angle_optical:-16.3306204226 Distance_optical:0.768223261824 Angle_gps:0.0 Distance_gps:0.0                  elapsed_time:0.189414024353
INFO:root:sl:0.00167945931277 sr:-0.00596464595451 heading:333 velocity:[0.0, 0.0, 0.0] position:LocationGlobalRelative:lat=0.0,lon=0.0,alt=-3.28
INFO:root:Angle_optical:-16.3327517784 Distance_optical:0.770544201269 Angle_gps:0.0 Distance_gps:0.0                  elapsed_time:0.131860017776
INFO:root:sl:0.0028729097312 sr:-0.00980520616501 heading:333 velocity:[0.0, 0.0, 0.0] position:LocationGlobalRelative:lat=0.0,lon=0.0,alt=-3.28
INFO:root:Angle_optical:-16.3363680948 Distance_optical:0.774514439462 Angle_gps:0.0 Distance_gps:0.0                  elapsed_time:0.182593822479
INFO:root:sl:0.00320844292915 sr:-0.0104636104559 heading:333 velocity:[0.0, 0.0, 0.0] position:LocationGlobalRelative:lat=0.0,lon=0.0,alt=-3.28
INFO:root:Angle_optical:-16.3403631951 Distance_optical:0.778948373656 Angle_gps:0.0 Distance_gps:0.0                  elapsed_time:0.153917074203
INFO:root:sl:0.00194020299328 sr:-0.00655836564385 heading:333 velocity:[0.0, 0.0, 0.0] position:LocationGlobalRelative:lat=0.0,lon=0.0,alt=-3.28
INFO:root:Angle_optical:-16.342757112 Distance_optical:0.781629654962 Angle_gps:0.0 Distance_gps:0.0                  elapsed_time:0.136909008026
INFO:root:sl:0.00314720276084 sr:-0.0106115142387 heading:333 velocity:[0.0, 0.0, 0.0] position:LocationGlobalRelative:lat=0.0,lon=0.0,alt=-3.28
INFO:root:Angle_optical:-16.3466055494 Distance_optical:0.785978963439 Angle_gps:0.0 Distance_gps:0.0                  elapsed_time:0.193403959274
