INFO:root:sl:0.0821770249579 sr:0.0726562831464 heading:158 velocity:[None, None, None] position:LocationGlobalRelative:lat=None,lon=None,alt=None
INFO:root:Angle_optical:-161.819124814 Distance_optical:0.0485083344377 Angle_gps:0.0 Distance_gps:0.0                  elapsed_time:0.0620100498199
INFO:root:sl:0.0214683802882 sr:0.017002279248 heading:158 velocity:[None, None, None] position:LocationGlobalRelative:lat=None,lon=None,alt=None
INFO:root:Angle_optical:-162.293140147 Distance_optical:0.0582252399279 Angle_gps:0.0 Distance_gps:0.0                  elapsed_time:0.0804719924927
INFO:root:sl:0.0260413101384 sr:0.0216808297034 heading:158 velocity:[None, None, None] position:LocationGlobalRelative:lat=None,lon=None,alt=None
INFO:root:Angle_optical:-162.720510019 Distance_optical:0.0860347836337 Angle_gps:0.0 Distance_gps:0.0                  elapsed_time:0.113559007645
INFO:root:sl:0.0309019243945 sr:0.0237526642151 heading:159 velocity:[None, None, None] position:LocationGlobalRelative:lat=None,lon=None,alt=None
INFO:root:Angle_optical:-163.533821166 Distance_optical:0.114782817935 Angle_gps:0.0 Distance_gps:0.0                  elapsed_time:0.10932302475
INFO:root:sl:0.0122256400055 sr:0.0200987788218 heading:159 velocity:[None, None, None] position:LocationGlobalRelative:lat=None,lon=None,alt=None
INFO:root:Angle_optical:-160.327516296 Distance_optical:0.140815247718 Angle_gps:0.0 Distance_gps:0.0                  elapsed_time:0.128676891327
INFO:root:sl:0.0183871606062 sr:0.0161964680309 heading:159 velocity:[None, None, None] position:LocationGlobalRelative:lat=None,lon=None,alt=None
INFO:root:Angle_optical:-160.774863952 Distance_optical:0.16834317281 Angle_gps:0.0 Distance_gps:0.0                  elapsed_time:0.12140417099
INFO:root:sl:0.0171934906467 sr:0.0155141908861 heading:159 velocity:[None, None, None] position:LocationGlobalRelative:lat=None,lon=None,alt=None
INFO:root:Angle_optical:-161.132091097 Distance_optical:0.199418030803 Angle_gps:0.0 Distance_gps:0.0                  elapsed_time:0.106920003891
INFO:root:sl:0.0093094815357 sr:0.0159036857637 heading:159 velocity:[None, None, None] position:LocationGlobalRelative:lat=None,lon=None,alt=None
INFO:root:Angle_optical:-159.364103362 Distance_optical:0.22295383599 Angle_gps:0.0 Distance_gps:0.0                  elapsed_time:0.087583065033
INFO:root:sl:0.0119676764228 sr:0.0123413532396 heading:159 velocity:[None, None, None] position:LocationGlobalRelative:lat=None,lon=None,alt=None
INFO:root:Angle_optical:-159.30206271 Distance_optical:0.246871562139 Angle_gps:0.0 Distance_gps:0.0                  elapsed_time:0.115705013275
INFO:root:sl:0.00904447553967 sr:0.00901379729713 heading:159 velocity:[None, None, None] position:LocationGlobalRelative:lat=None,lon=None,alt=None
INFO:root:Angle_optical:-159.310127669 Distance_optical:0.264447715929 Angle_gps:0.0 Distance_gps:0.0                  elapsed_time:0.115700960159
INFO:root:sl:0.00613957177975 sr:0.00896361363721 heading:159 velocity:[None, None, None] position:LocationGlobalRelative:lat=None,lon=None,alt=None
INFO:root:Angle_optical:-158.743544242 Distance_optical:0.279343894479 Angle_gps:0.0 Distance_gps:0.0                  elapsed_time:0.136080026627
INFO:root:sl:0.00817760908271 sr:0.00841520502107 heading:159 velocity:[None, None, None] position:LocationGlobalRelative:lat=None,lon=None,alt=None
INFO:root:Angle_optical:-158.729212703 Distance_optical:0.29561528428 Angle_gps:0.0 Distance_gps:0.0                  elapsed_time:0.0855958461761
INFO:root:sl:0.00426861041697 sr:0.0054398094366 heading:159 velocity:[None, None, None] position:LocationGlobalRelative:lat=None,lon=None,alt=None
INFO:root:Angle_optical:-158.5316197 Distance_optical:0.305179592778 Angle_gps:0.0 Distance_gps:0.0                  elapsed_time:0.0936508178711
INFO:root:sl:0.00605731541841 sr:0.00459575019129 heading:159 velocity:[None, None, None] position:LocationGlobalRelative:lat=None,lon=None,alt=None
INFO:root:Angle_optical:-158.81779069 Distance_optical:0.315626514363 Angle_gps:0.0 Distance_gps:0.0                  elapsed_time:0.112981081009
INFO:root:sl:0.00293075954925 sr:0.00365606137841 heading:159 velocity:[None, None, None] position:LocationGlobalRelative:lat=None,lon=None,alt=None
INFO:root:Angle_optical:-158.700903264 Distance_optical:0.322108924115 Angle_gps:0.0 Distance_gps:0.0                  elapsed_time:0.132420063019
INFO:root:sl:0.00442464635235 sr:0.00566445321286 heading:159 velocity:[None, None, None] position:LocationGlobalRelative:lat=None,lon=None,alt=None
INFO:root:Angle_optical:-158.508755514 Distance_optical:0.33203697681 Angle_gps:0.0 Distance_gps:0.0                  elapsed_time:0.0973808765411
INFO:root:sl:0.00437462518063 sr:0.0028930982793 heading:159 velocity:[None, None, None] position:LocationGlobalRelative:lat=None,lon=None,alt=None
INFO:root:Angle_optical:-158.771590954 Distance_optical:0.339163160389 Angle_gps:0.0 Distance_gps:0.0                  elapsed_time:0.0996310710907
INFO:root:sl:0.00195710875835 sr:0.00163164896125 heading:159 velocity:[None, None, None] position:LocationGlobalRelative:lat=None,lon=None,alt=None
INFO:root:Angle_optical:-158.830575808 Distance_optical:0.342687104462 Angle_gps:0.0 Distance_gps:0.0                  elapsed_time:0.116438865662
INFO:root:sl:-6.78864974051e-05 sr:0.000461740409724 heading:159 velocity:[None, None, None] position:LocationGlobalRelative:lat=None,lon=None,alt=None
INFO:root:Angle_optical:-158.755433465 Distance_optical:0.34314498926 Angle_gps:0.0 Distance_gps:0.0                  elapsed_time:0.100629091263
INFO:root:sl:0.00150741221946 sr:0.00127941330561 heading:159 velocity:[None, None, None] position:LocationGlobalRelative:lat=None,lon=None,alt=None
INFO:root:Angle_optical:-158.796920716 Distance_optical:0.345881702242 Angle_gps:0.0 Distance_gps:0.0                  elapsed_time:0.0973410606384
INFO:root:sl:0.00130917388686 sr:0.00246547424397 heading:159 velocity:[None, None, None] position:LocationGlobalRelative:lat=None,lon=None,alt=None
INFO:root:Angle_optical:-158.61609637 Distance_optical:0.349603278873 Angle_gps:0.0 Distance_gps:0.0                  elapsed_time:0.118974924088
INFO:root:sl:-0.00122464266319 sr:-0.00160787683575 heading:159 velocity:[None, None, None] position:LocationGlobalRelative:lat=None,lon=None,alt=None
INFO:root:Angle_optical:-158.61609637 Distance_optical:0.349603278873 Angle_gps:0.0 Distance_gps:0.0                  elapsed_time:0.120796918869
INFO:root:sl:0.00240715830231 sr:0.00116950006294 heading:159 velocity:[None, None, None] position:LocationGlobalRelative:lat=None,lon=None,alt=None
INFO:root:Angle_optical:-158.820342311 Distance_optical:0.353105824329 Angle_gps:0.0 Distance_gps:0.0                  elapsed_time:0.115962982178
INFO:root:sl:-0.00315518180843 sr:-0.000907450132576 heading:159 velocity:[None, None, None] position:LocationGlobalRelative:lat=None,lon=None,alt=None
INFO:root:Angle_optical:-158.820342311 Distance_optical:0.353105824329 Angle_gps:0.0 Distance_gps:0.0                  elapsed_time:0.0851390361786
INFO:root:sl:0.00404403424766 sr:-0.00198498446485 heading:159 velocity:[None, None, None] position:LocationGlobalRelative:lat=None,lon=None,alt=None
INFO:root:Angle_optical:-159.463521726 Distance_optical:0.357068961647 Angle_gps:0.0 Distance_gps:0.0                  elapsed_time:0.0938618183136
INFO:root:sl:-0.000644338615804 sr:-0.0010127175545 heading:159 velocity:[None, None, None] position:LocationGlobalRelative:lat=None,lon=None,alt=None
INFO:root:Angle_optical:-159.463521726 Distance_optical:0.357068961647 Angle_gps:0.0 Distance_gps:0.0                  elapsed_time:0.0869851112366
INFO:root:sl:0.00110252326205 sr:-0.00252739952364 heading:159 velocity:[None, None, None] position:LocationGlobalRelative:lat=None,lon=None,alt=None
INFO:root:Angle_optical:-159.63639487 Distance_optical:0.35815712508 Angle_gps:0.0 Distance_gps:0.0                  elapsed_time:0.0820398330688
INFO:root:sl:0.00110500185987 sr:-0.00177314574249 heading:159 velocity:[None, None, None] position:LocationGlobalRelative:lat=None,lon=None,alt=None
INFO:root:Angle_optical:-159.808604186 Distance_optical:0.359250986024 Angle_gps:0.0 Distance_gps:0.0                  elapsed_time:0.0777549743652
INFO:root:sl:0.0027432816375 sr:-0.00251620104095 heading:159 velocity:[None, None, None] position:LocationGlobalRelative:lat=None,lon=None,alt=None
INFO:root:Angle_optical:-160.23161931 Distance_optical:0.361980491526 Angle_gps:0.0 Distance_gps:0.0                  elapsed_time:0.0784499645233
INFO:root:sl:-0.00183220782807 sr:-0.00205294634529 heading:159 velocity:[None, None, None] position:LocationGlobalRelative:lat=None,lon=None,alt=None
INFO:root:Angle_optical:-160.23161931 Distance_optical:0.361980491526 Angle_gps:0.0 Distance_gps:0.0                  elapsed_time:0.0771720409393
INFO:root:sl:0.0022959480047 sr:-0.000198235717576 heading:159 velocity:[None, None, None] position:LocationGlobalRelative:lat=None,lon=None,alt=None
INFO:root:Angle_optical:-160.5807669 Distance_optical:0.364279867771 Angle_gps:0.0 Distance_gps:0.0                  elapsed_time:0.0787470340729
INFO:root:sl:-0.00229853372065 sr:-0.0023044596204 heading:159 velocity:[None, None, None] position:LocationGlobalRelative:lat=None,lon=None,alt=None
INFO:root:Angle_optical:-160.5807669 Distance_optical:0.364279867771 Angle_gps:0.0 Distance_gps:0.0                  elapsed_time:0.0794188976288
INFO:root:sl:0.00181538100203 sr:-0.00371849368676 heading:159 velocity:[None, None, None] position:LocationGlobalRelative:lat=None,lon=None,alt=None
INFO:root:Angle_optical:-160.853721459 Distance_optical:0.366107427983 Angle_gps:0.0 Distance_gps:0.0                  elapsed_time:0.077898979187
INFO:root:sl:-0.000545350922167 sr:0.0042161496869 heading:159 velocity:[None, None, None] position:LocationGlobalRelative:lat=None,lon=None,alt=None
INFO:root:Angle_optical:-160.195243613 Distance_optical:0.370162285615 Angle_gps:0.0 Distance_gps:0.0                  elapsed_time:0.0780379772186
INFO:root:sl:-0.000884650683214 sr:-0.00345775717205 heading:159 velocity:[None, None, None] position:LocationGlobalRelative:lat=None,lon=None,alt=None
INFO:root:Angle_optical:-160.195243613 Distance_optical:0.370162285615 Angle_gps:0.0 Distance_gps:0.0                  elapsed_time:0.0786418914795
INFO:root:sl:0.00132629446556 sr:0.00225658215419 heading:159 velocity:[None, None, None] position:LocationGlobalRelative:lat=None,lon=None,alt=None
INFO:root:Angle_optical:-160.04670161 Distance_optical:0.373670289911 Angle_gps:0.0 Distance_gps:0.0                  elapsed_time:0.0772478580475
INFO:root:sl:0.000702310564307 sr:-0.000472722056602 heading:159 velocity:[None, None, None] position:LocationGlobalRelative:lat=None,lon=None,alt=None
INFO:root:Angle_optical:-160.150969553 Distance_optical:0.374370004955 Angle_gps:0.0 Distance_gps:0.0                  elapsed_time:0.0812079906464
INFO:root:sl:0.00113697130386 sr:-0.000745754942736 heading:159 velocity:[None, None, None] position:LocationGlobalRelative:lat=None,lon=None,alt=None
INFO:root:Angle_optical:-160.318944255 Distance_optical:0.375505389779 Angle_gps:0.0 Distance_gps:0.0                  elapsed_time:0.0779490470886
INFO:root:sl:0.00205834774122 sr:0.00150597504612 heading:159 velocity:[None, None, None] position:LocationGlobalRelative:lat=None,lon=None,alt=None
INFO:root:Angle_optical:-160.391651086 Distance_optical:0.379017833909 Angle_gps:0.0 Distance_gps:0.0                  elapsed_time:0.0815360546112
INFO:root:sl:-0.000240126478771 sr:0.000191427711616 heading:159 velocity:[None, None, None] position:LocationGlobalRelative:lat=None,lon=None,alt=None
INFO:root:Angle_optical:-160.362691243 Distance_optical:0.379202428646 Angle_gps:0.0 Distance_gps:0.0                  elapsed_time:0.0774168968201
INFO:root:sl:0.00295239519996 sr:0.004405574567 heading:159 velocity:[None, None, None] position:LocationGlobalRelative:lat=None,lon=None,alt=None
INFO:root:Angle_optical:-160.131207435 Distance_optical:0.386409643383 Angle_gps:0.0 Distance_gps:0.0                  elapsed_time:0.0797960758209
INFO:root:sl:0.0016642382272 sr:-0.00282116433074 heading:159 velocity:[None, None, None] position:LocationGlobalRelative:lat=None,lon=None,alt=None
INFO:root:Angle_optical:-160.369202847 Distance_optical:0.388071989311 Angle_gps:0.0 Distance_gps:0.0                  elapsed_time:0.0792410373688
INFO:root:sl:-0.000599621867159 sr:0.00185855714922 heading:159 velocity:[None, None, None] position:LocationGlobalRelative:lat=None,lon=None,alt=None
INFO:root:Angle_optical:-160.095828625 Distance_optical:0.389868901957 Angle_gps:0.0 Distance_gps:0.0                  elapsed_time:0.0783331394196
INFO:root:sl:0.00608662770447 sr:0.00439350346327 heading:159 velocity:[None, None, None] position:LocationGlobalRelative:lat=None,lon=None,alt=None
INFO:root:Angle_optical:-160.313758571 Distance_optical:0.400193839997 Angle_gps:0.0 Distance_gps:0.0                  elapsed_time:0.0800530910492
INFO:root:sl:0.000748125504491 sr:-0.00327150112154 heading:159 velocity:[None, None, None] position:LocationGlobalRelative:lat=None,lon=None,alt=None
INFO:root:Angle_optical:-160.416970057 Distance_optical:0.400942565342 Angle_gps:0.0 Distance_gps:0.0                  elapsed_time:0.0782070159912
INFO:root:sl:-6.58604312163e-05 sr:0.000166056818564 heading:159 velocity:[None, None, None] position:LocationGlobalRelative:lat=None,lon=None,alt=None
INFO:root:Angle_optical:-160.393209948 Distance_optical:0.401102613773 Angle_gps:0.0 Distance_gps:0.0                  elapsed_time:0.0780389308929
INFO:root:sl:0.00307574800249 sr:0.00458249173968 heading:159 velocity:[None, None, None] position:LocationGlobalRelative:lat=None,lon=None,alt=None
INFO:root:Angle_optical:-160.165596506 Distance_optical:0.408603128264 Angle_gps:0.0 Distance_gps:0.0                  elapsed_time:0.0789411067963
INFO:root:sl:0.0016123207957 sr:-0.00130541514994 heading:159 velocity:[None, None, None] position:LocationGlobalRelative:lat=None,lon=None,alt=None
INFO:root:Angle_optical:-160.383586934 Distance_optical:0.410214278303 Angle_gps:0.0 Distance_gps:0.0                  elapsed_time:0.0792849063873
INFO:root:sl:0.00128758755357 sr:-0.00053782977687 heading:159 velocity:[None, None, None] position:LocationGlobalRelative:lat=None,lon=None,alt=None
INFO:root:Angle_optical:-160.55644464 Distance_optical:0.411505165339 Angle_gps:0.0 Distance_gps:0.0                  elapsed_time:0.0802710056305
INFO:root:sl:-5.17382744077e-06 sr:0.00168603405895 heading:159 velocity:[None, None, None] position:LocationGlobalRelative:lat=None,lon=None,alt=None
INFO:root:Angle_optical:-160.321674206 Distance_optical:0.413129196075 Angle_gps:0.0 Distance_gps:0.0                  elapsed_time:0.0788490772247
INFO:root:sl:0.00111186439517 sr:-0.000741778898374 heading:159 velocity:[None, None, None] position:LocationGlobalRelative:lat=None,lon=None,alt=None
INFO:root:Angle_optical:-160.470121049 Distance_optical:0.414242523747 Angle_gps:0.0 Distance_gps:0.0                  elapsed_time:0.0792009830475
INFO:root:sl:-0.000261264328459 sr:0.000484848650855 heading:159 velocity:[None, None, None] position:LocationGlobalRelative:lat=None,lon=None,alt=None
INFO:root:Angle_optical:-160.402963224 Distance_optical:0.414709562699 Angle_gps:0.0 Distance_gps:0.0                  elapsed_time:0.0787119865417
INFO:root:sl:0.00182963857332 sr:0.00106855288464 heading:159 velocity:[None, None, None] position:LocationGlobalRelative:lat=None,lon=None,alt=None
INFO:root:Angle_optical:-160.498108534 Distance_optical:0.417572330276 Angle_gps:0.0 Distance_gps:0.0                  elapsed_time:0.0783958435059
INFO:root:sl:0.000955761862703 sr:-0.00057359856272 heading:159 velocity:[None, None, None] position:LocationGlobalRelative:lat=None,lon=None,alt=None
INFO:root:Angle_optical:-160.624002489 Distance_optical:0.418532001552 Angle_gps:0.0 Distance_gps:0.0                  elapsed_time:0.0872731208801
INFO:root:sl:-0.00377403648156 sr:-0.00136181931213 heading:159 velocity:[None, None, None] position:LocationGlobalRelative:lat=None,lon=None,alt=None
INFO:root:Angle_optical:-160.624002489 Distance_optical:0.418532001552 Angle_gps:0.0 Distance_gps:0.0                  elapsed_time:0.0786881446838
INFO:root:sl:-0.000648042905371 sr:-0.000966516146825 heading:159 velocity:[None, None, None] position:LocationGlobalRelative:lat=None,lon=None,alt=None
INFO:root:Angle_optical:-160.624002489 Distance_optical:0.418532001552 Angle_gps:0.0 Distance_gps:0.0                  elapsed_time:0.0782680511475
INFO:root:sl:-0.00118256123934 sr:0.000614904780209 heading:159 velocity:[None, None, None] position:LocationGlobalRelative:lat=None,lon=None,alt=None
INFO:root:Angle_optical:-160.539509988 Distance_optical:0.419122755933 Angle_gps:0.0 Distance_gps:0.0                  elapsed_time:0.082640171051
INFO:root:sl:-0.00482106112299 sr:-0.0047784063114 heading:159 velocity:[None, None, None] position:LocationGlobalRelative:lat=None,lon=None,alt=None
INFO:root:Angle_optical:-160.539509988 Distance_optical:0.419122755933 Angle_gps:0.0 Distance_gps:0.0                  elapsed_time:0.0769879817963
INFO:root:sl:0.00291679037068 sr:0.00226757905522 heading:159 velocity:[None, None, None] position:LocationGlobalRelative:lat=None,lon=None,alt=None
INFO:root:Angle_optical:-160.610869064 Distance_optical:0.424230947944 Angle_gps:0.0 Distance_gps:0.0                  elapsed_time:0.0785689353943
INFO:root:sl:-0.00241355430217 sr:0.000850233448118 heading:159 velocity:[None, None, None] position:LocationGlobalRelative:lat=None,lon=None,alt=None
INFO:root:Angle_optical:-160.495694505 Distance_optical:0.425048212955 Angle_gps:0.0 Distance_gps:0.0                  elapsed_time:0.0838539600372
INFO:root:sl:0.00102141481929 sr:-0.000100070988572 heading:159 velocity:[None, None, None] position:LocationGlobalRelative:lat=None,lon=None,alt=None
INFO:root:Angle_optical:-160.627860662 Distance_optical:0.426073818153 Angle_gps:0.0 Distance_gps:0.0                  elapsed_time:0.0772879123688
INFO:root:sl:0.000324536028368 sr:-0.00204910047456 heading:159 velocity:[None, None, None] position:LocationGlobalRelative:lat=None,lon=None,alt=None
INFO:root:Angle_optical:-160.669720883 Distance_optical:0.426400158704 Angle_gps:0.0 Distance_gps:0.0                  elapsed_time:0.0786089897156
INFO:root:sl:-0.00062944904345 sr:-0.000754440780259 heading:159 velocity:[None, None, None] position:LocationGlobalRelative:lat=None,lon=None,alt=None
INFO:root:Angle_optical:-160.669720883 Distance_optical:0.426400158704 Angle_gps:0.0 Distance_gps:0.0                  elapsed_time:0.0785570144653
INFO:root:sl:-0.000769698323867 sr:-0.000717036310347 heading:159 velocity:[None, None, None] position:LocationGlobalRelative:lat=None,lon=None,alt=None
INFO:root:Angle_optical:-160.669720883 Distance_optical:0.426400158704 Angle_gps:0.0 Distance_gps:0.0                  elapsed_time:0.0774300098419
INFO:root:sl:0.00325247404534 sr:-0.00168650615531 heading:159 velocity:[None, None, None] position:LocationGlobalRelative:lat=None,lon=None,alt=None
INFO:root:Angle_optical:-161.085720281 Distance_optical:0.429683182619 Angle_gps:0.0 Distance_gps:0.0                  elapsed_time:0.0794341564178
INFO:root:sl:-0.000840892063769 sr:7.8392143406e-05 heading:159 velocity:[None, None, None] position:LocationGlobalRelative:lat=None,lon=None,alt=None
INFO:root:Angle_optical:-161.075134673 Distance_optical:0.429757807734 Angle_gps:0.0 Distance_gps:0.0                  elapsed_time:0.0799980163574
INFO:root:sl:0.000341166515512 sr:-0.00219557601641 heading:159 velocity:[None, None, None] position:LocationGlobalRelative:lat=None,lon=None,alt=None
INFO:root:Angle_optical:-161.11840312 Distance_optical:0.430103420303 Angle_gps:0.0 Distance_gps:0.0                  elapsed_time:0.0788397789001
INFO:root:sl:-0.00135214701661 sr:0.00289711682593 heading:159 velocity:[None, None, None] position:LocationGlobalRelative:lat=None,lon=None,alt=None
INFO:root:Angle_optical:-160.729794652 Distance_optical:0.432869331229 Angle_gps:0.0 Distance_gps:0.0                  elapsed_time:0.0812201499939
INFO:root:sl:8.25662132442e-06 sr:-0.00399325876557 heading:159 velocity:[None, None, None] position:LocationGlobalRelative:lat=None,lon=None,alt=None
INFO:root:Angle_optical:-160.730841738 Distance_optical:0.432877645024 Angle_gps:0.0 Distance_gps:0.0                  elapsed_time:0.0778331756592
INFO:root:sl:0.000708146503828 sr:0.000811682430688 heading:159 velocity:[None, None, None] position:LocationGlobalRelative:lat=None,lon=None,alt=None
INFO:root:Angle_optical:-160.712529311 Distance_optical:0.434368402853 Angle_gps:0.0 Distance_gps:0.0                  elapsed_time:0.0896661281586
INFO:root:sl:-0.00201986256541 sr:-0.000738162869684 heading:159 velocity:[None, None, None] position:LocationGlobalRelative:lat=None,lon=None,alt=None
INFO:root:Angle_optical:-160.712529311 Distance_optical:0.434368402853 Angle_gps:0.0 Distance_gps:0.0                  elapsed_time:0.0774059295654
INFO:root:sl:-0.000603302435852 sr:-0.00298407352164 heading:159 velocity:[None, None, None] position:LocationGlobalRelative:lat=None,lon=None,alt=None
INFO:root:Angle_optical:-160.712529311 Distance_optical:0.434368402853 Angle_gps:0.0 Distance_gps:0.0                  elapsed_time:0.0779168605804
INFO:root:sl:0.00129648762415 sr:0.00107600571056 heading:159 velocity:[None, None, None] position:LocationGlobalRelative:lat=None,lon=None,alt=None
INFO:root:Angle_optical:-160.733449929 Distance_optical:0.436704787256 Angle_gps:0.0 Distance_gps:0.0                  elapsed_time:0.0791189670563
INFO:root:sl:-0.000723531884596 sr:-0.000874793902113 heading:159 velocity:[None, None, None] position:LocationGlobalRelative:lat=None,lon=None,alt=None
INFO:root:Angle_optical:-160.733449929 Distance_optical:0.436704787256 Angle_gps:0.0 Distance_gps:0.0                  elapsed_time:0.0807769298553
INFO:root:sl:-0.000872021259204 sr:-0.000945612667915 heading:159 velocity:[None, None, None] position:LocationGlobalRelative:lat=None,lon=None,alt=None
INFO:root:Angle_optical:-160.733449929 Distance_optical:0.436704787256 Angle_gps:0.0 Distance_gps:0.0                  elapsed_time:0.0809419155121
INFO:root:sl:-1.30150704151e-05 sr:-0.0017999626693 heading:159 velocity:[None, None, None] position:LocationGlobalRelative:lat=None,lon=None,alt=None
INFO:root:Angle_optical:-160.733449929 Distance_optical:0.436704787256 Angle_gps:0.0 Distance_gps:0.0                  elapsed_time:0.0772669315338
INFO:root:sl:0.00142131862055 sr:-0.00214652686155 heading:159 velocity:[None, None, None] position:LocationGlobalRelative:lat=None,lon=None,alt=None
INFO:root:Angle_optical:-160.911522622 Distance_optical:0.4381381384 Angle_gps:0.0 Distance_gps:0.0                  elapsed_time:0.0787198543549
INFO:root:sl:6.0114540034e-05 sr:-0.0017590244108 heading:159 velocity:[None, None, None] position:LocationGlobalRelative:lat=None,lon=None,alt=None
INFO:root:Angle_optical:-160.919028499 Distance_optical:0.438198854821 Angle_gps:0.0 Distance_gps:0.0                  elapsed_time:0.0777451992035
INFO:root:sl:-0.000104628639313 sr:0.00186408151022 heading:159 velocity:[None, None, None] position:LocationGlobalRelative:lat=None,lon=None,alt=None
INFO:root:Angle_optical:-160.673836216 Distance_optical:0.439982700139 Angle_gps:0.0 Distance_gps:0.0                  elapsed_time:0.0834879875183
INFO:root:sl:0.00115763737444 sr:-0.00144459059639 heading:159 velocity:[None, None, None] position:LocationGlobalRelative:lat=None,lon=None,alt=None
INFO:root:Angle_optical:-160.818040683 Distance_optical:0.441148656912 Angle_gps:0.0 Distance_gps:0.0                  elapsed_time:0.0893828868866
INFO:root:sl:-0.00081494638679 sr:-0.00536027240503 heading:159 velocity:[None, None, None] position:LocationGlobalRelative:lat=None,lon=None,alt=None
INFO:root:Angle_optical:-160.818040683 Distance_optical:0.441148656912 Angle_gps:0.0 Distance_gps:0.0                  elapsed_time:0.0815789699554
INFO:root:sl:0.00194818944183 sr:-0.000696481936791 heading:159 velocity:[None, None, None] position:LocationGlobalRelative:lat=None,lon=None,alt=None
INFO:root:Angle_optical:-161.059006401 Distance_optical:0.443117111052 Angle_gps:0.0 Distance_gps:0.0                  elapsed_time:0.0800309181213
INFO:root:sl:0.00356525365729 sr:0.00246460325488 heading:159 velocity:[None, None, None] position:LocationGlobalRelative:lat=None,lon=None,alt=None
INFO:root:Angle_optical:-161.173847499 Distance_optical:0.449074594575 Angle_gps:0.0 Distance_gps:0.0                  elapsed_time:0.0789749622345
INFO:root:sl:0.00285495487715 sr:-0.000260077064514 heading:159 velocity:[None, None, None] position:LocationGlobalRelative:lat=None,lon=None,alt=None
INFO:root:Angle_optical:-161.517773113 Distance_optical:0.451978549804 Angle_gps:0.0 Distance_gps:0.0                  elapsed_time:0.0810379981995
INFO:root:sl:0.00366394329635 sr:-0.000265566645361 heading:159 velocity:[None, None, None] position:LocationGlobalRelative:lat=None,lon=None,alt=None
INFO:root:Angle_optical:-161.952711259 Distance_optical:0.455728891825 Angle_gps:0.0 Distance_gps:0.0                  elapsed_time:0.0791699886322
INFO:root:sl:0.0032295620893 sr:0.00202806901213 heading:159 velocity:[None, None, None] position:LocationGlobalRelative:lat=None,lon=None,alt=None
INFO:root:Angle_optical:-162.069692818 Distance_optical:0.460946169484 Angle_gps:0.0 Distance_gps:0.0                  elapsed_time:0.0769381523132
INFO:root:sl:0.000206986412509 sr:-0.00171032652446 heading:159 velocity:[None, None, None] position:LocationGlobalRelative:lat=None,lon=None,alt=None
INFO:root:Angle_optical:-162.093720328 Distance_optical:0.461159208321 Angle_gps:0.0 Distance_gps:0.0                  elapsed_time:0.0791280269623
INFO:root:sl:-0.00132593351093 sr:0.00159902246292 heading:159 velocity:[None, None, None] position:LocationGlobalRelative:lat=None,lon=None,alt=None
INFO:root:Angle_optical:-161.889865953 Distance_optical:0.462655443626 Angle_gps:0.0 Distance_gps:0.0                  elapsed_time:0.0780251026154
INFO:root:sl:0.0011319067365 sr:0.0002344093883 heading:159 velocity:[None, None, None] position:LocationGlobalRelative:lat=None,lon=None,alt=None
INFO:root:Angle_optical:-161.991197683 Distance_optical:0.464037396248 Angle_gps:0.0 Distance_gps:0.0                  elapsed_time:0.0827071666718
INFO:root:sl:-0.000568876827368 sr:0.00191748784876 heading:159 velocity:[None, None, None] position:LocationGlobalRelative:lat=None,lon=None,alt=None
INFO:root:Angle_optical:-161.748806385 Distance_optical:0.465835811825 Angle_gps:0.0 Distance_gps:0.0                  elapsed_time:0.0803699493408
INFO:root:sl:-0.00052634540837 sr:-0.000932838665309 heading:159 velocity:[None, None, None] position:LocationGlobalRelative:lat=None,lon=None,alt=None
INFO:root:Angle_optical:-161.748806385 Distance_optical:0.465835811825 Angle_gps:0.0 Distance_gps:0.0                  elapsed_time:0.0798389911652
INFO:root:sl:0.00238208496937 sr:0.00126123041307 heading:159 velocity:[None, None, None] position:LocationGlobalRelative:lat=None,lon=None,alt=None
INFO:root:Angle_optical:-161.864515412 Distance_optical:0.469461179939 Angle_gps:0.0 Distance_gps:0.0                  elapsed_time:0.0833230018616
INFO:root:sl:4.94265639008e-05 sr:0.00124437252643 heading:159 velocity:[None, None, None] position:LocationGlobalRelative:lat=None,lon=None,alt=None
INFO:root:Angle_optical:-161.714790074 Distance_optical:0.470680702496 Angle_gps:0.0 Distance_gps:0.0                  elapsed_time:0.0824570655823
INFO:root:sl:0.00132896511893 sr:0.00122022921542 heading:159 velocity:[None, None, None] position:LocationGlobalRelative:lat=None,lon=None,alt=None
INFO:root:Angle_optical:-161.714976521 Distance_optical:0.47318838903 Angle_gps:0.0 Distance_gps:0.0                  elapsed_time:0.0798358917236
INFO:root:sl:0.000903318508862 sr:0.00161996544408 heading:159 velocity:[None, None, None] position:LocationGlobalRelative:lat=None,lon=None,alt=None
INFO:root:Angle_optical:-161.617657344 Distance_optical:0.47563724334 Angle_gps:0.0 Distance_gps:0.0                  elapsed_time:0.0817980766296
INFO:root:sl:0.000340994727824 sr:-0.00367539111432 heading:159 velocity:[None, None, None] position:LocationGlobalRelative:lat=None,lon=None,alt=None
INFO:root:Angle_optical:-161.656339936 Distance_optical:0.475985726182 Angle_gps:0.0 Distance_gps:0.0                  elapsed_time:0.0837509632111
INFO:root:sl:0.000575600132794 sr:0.0039737338856 heading:159 velocity:[None, None, None] position:LocationGlobalRelative:lat=None,lon=None,alt=None
INFO:root:Angle_optical:-161.236430537 Distance_optical:0.480329187621 Angle_gps:0.0 Distance_gps:0.0                  elapsed_time:0.086061000824
INFO:root:sl:0.000164487787443 sr:-0.00040652651947 heading:159 velocity:[None, None, None] position:LocationGlobalRelative:lat=None,lon=None,alt=None
INFO:root:Angle_optical:-161.255047862 Distance_optical:0.480496225407 Angle_gps:0.0 Distance_gps:0.0                  elapsed_time:0.0778560638428
INFO:root:sl:-4.88900775217e-05 sr:-0.00101726403342 heading:159 velocity:[None, None, None] position:LocationGlobalRelative:lat=None,lon=None,alt=None
INFO:root:Angle_optical:-161.255047862 Distance_optical:0.480496225407 Angle_gps:0.0 Distance_gps:0.0                  elapsed_time:0.0784449577332
INFO:root:sl:-0.00049133193483 sr:-0.00328977381352 heading:159 velocity:[None, None, None] position:LocationGlobalRelative:lat=None,lon=None,alt=None
INFO:root:Angle_optical:-161.255047862 Distance_optical:0.480496225407 Angle_gps:0.0 Distance_gps:0.0                  elapsed_time:0.0837409496307
