INFO:root:Resolution: 320*240
INFO:root:sl:-0.0188078471305 sr:-0.0445691419248 heading:334 velocity:[0.0, 0.0, 0.0] position:LocationGlobalRelative:lat=0.0,lon=0.0,alt=-1.94
INFO:root:Angle_optical:0.0 Distance_optical:0.0 Angle_gps:0.0 Distance_gps:0.0                  elapsed_time:0.130554914474
INFO:root:sl:-0.00509585548063 sr:-0.00888964359579 heading:334 velocity:[0.0, 0.0, 0.0] position:LocationGlobalRelative:lat=0.0,lon=0.0,alt=-1.94
INFO:root:Angle_optical:0.0 Distance_optical:0.0 Angle_gps:0.0 Distance_gps:0.0                  elapsed_time:0.296394824982
INFO:root:sl:-0.00597592565279 sr:-0.0133646963802 heading:334 velocity:[0.0, 0.0, 0.0] position:LocationGlobalRelative:lat=0.0,lon=0.0,alt=-1.94
INFO:root:Angle_optical:0.0 Distance_optical:0.0 Angle_gps:0.0 Distance_gps:0.0                  elapsed_time:0.0976800918579
INFO:root:sl:-0.00845083552078 sr:-0.0117069515168 heading:334 velocity:[0.0, 0.0, 0.0] position:LocationGlobalRelative:lat=0.0,lon=0.0,alt=-1.94
INFO:root:Angle_optical:0.0 Distance_optical:0.0 Angle_gps:0.0 Distance_gps:0.0                  elapsed_time:0.129500865936
INFO:root:sl:-0.00553355885293 sr:-0.0041633697778 heading:334 velocity:[0.0, 0.0, 0.0] position:LocationGlobalRelative:lat=0.0,lon=0.0,alt=-1.94
INFO:root:Angle_optical:0.0 Distance_optical:0.0 Angle_gps:0.0 Distance_gps:0.0                  elapsed_time:0.0707969665527
INFO:root:sl:-0.00396250702809 sr:-0.00569295976717 heading:334 velocity:[0.0, 0.0, 0.0] position:LocationGlobalRelative:lat=0.0,lon=0.0,alt=-1.94
INFO:root:Angle_optical:0.0 Distance_optical:0.0 Angle_gps:0.0 Distance_gps:0.0                  elapsed_time:0.100692033768
INFO:root:sl:-0.00427959149797 sr:-0.0056390956237 heading:334 velocity:[0.0, 0.0, 0.0] position:LocationGlobalRelative:lat=0.0,lon=0.0,alt=-1.94
INFO:root:Angle_optical:0.0 Distance_optical:0.0 Angle_gps:0.0 Distance_gps:0.0                  elapsed_time:0.0990169048309
INFO:root:sl:-0.00344391434475 sr:-0.00387385629217 heading:334 velocity:[0.0, 0.0, 0.0] position:LocationGlobalRelative:lat=0.0,lon=0.0,alt=-1.94
INFO:root:Angle_optical:0.0 Distance_optical:0.0 Angle_gps:0.0 Distance_gps:0.0                  elapsed_time:0.09792304039
INFO:root:sl:-0.0029215032177 sr:-0.00380147792076 heading:334 velocity:[0.0, 0.0, 0.0] position:LocationGlobalRelative:lat=0.0,lon=0.0,alt=-1.94
INFO:root:Angle_optical:0.0 Distance_optical:0.0 Angle_gps:0.0 Distance_gps:0.0                  elapsed_time:0.106928110123
INFO:root:sl:-0.00370005569543 sr:0.00412073506726 heading:334 velocity:[0.0, 0.0, 0.0] position:LocationGlobalRelative:lat=0.0,lon=0.0,alt=-1.94
INFO:root:Angle_optical:71.7825574854 Distance_optical:0.00565247862139 Angle_gps:0.0 Distance_gps:0.0                  elapsed_time:0.098906993866
INFO:root:sl:-0.00251636831447 sr:-0.000888649786417 heading:334 velocity:[0.0, 0.0, 0.0] position:LocationGlobalRelative:lat=0.0,lon=0.0,alt=-1.94
INFO:root:Angle_optical:71.7825574854 Distance_optical:0.00565247862139 Angle_gps:0.0 Distance_gps:0.0                  elapsed_time:0.0987830162048
INFO:root:sl:-0.00392220674558 sr:0.00802322163762 heading:334 velocity:[0.0, 0.0, 0.0] position:LocationGlobalRelative:lat=0.0,lon=0.0,alt=-1.94
INFO:root:Angle_optical:71.74737672 Distance_optical:0.0167400109009 Angle_gps:0.0 Distance_gps:0.0                  elapsed_time:0.0970830917358
INFO:root:sl:-0.00253465768887 sr:0.00281382672962 heading:334 velocity:[0.0, 0.0, 0.0] position:LocationGlobalRelative:lat=0.0,lon=0.0,alt=-1.94
INFO:root:Angle_optical:71.7539307663 Distance_optical:0.0206423329903 Angle_gps:0.0 Distance_gps:0.0                  elapsed_time:0.128997802734
INFO:root:sl:-0.00224330818723 sr:0.0024870996452 heading:334 velocity:[0.0, 0.0, 0.0] position:LocationGlobalRelative:lat=0.0,lon=0.0,alt=-1.94
INFO:root:Angle_optical:71.75037443 Distance_optical:0.0240854440794 Angle_gps:0.0 Distance_gps:0.0                  elapsed_time:0.285969018936
INFO:root:sl:-0.00217504315542 sr:0.00333103700311 heading:334 velocity:[0.0, 0.0, 0.0] position:LocationGlobalRelative:lat=0.0,lon=0.0,alt=-1.94
INFO:root:Angle_optical:71.7501329884 Distance_optical:0.0287018865623 Angle_gps:0.0 Distance_gps:0.0                  elapsed_time:0.101963043213
INFO:root:sl:-0.00173825225788 sr:0.00215799084448 heading:334 velocity:[0.0, 0.0, 0.0] position:LocationGlobalRelative:lat=0.0,lon=0.0,alt=-1.94
INFO:root:Angle_optical:71.7485406874 Distance_optical:0.0316908710839 Angle_gps:0.0 Distance_gps:0.0                  elapsed_time:0.081298828125
INFO:root:sl:-0.00153915090013 sr:0.0019940318732 heading:334 velocity:[0.0, 0.0, 0.0] position:LocationGlobalRelative:lat=0.0,lon=0.0,alt=-1.94
INFO:root:Angle_optical:71.7478734931 Distance_optical:0.0344537008634 Angle_gps:0.0 Distance_gps:0.0                  elapsed_time:0.101320028305
INFO:root:sl:-0.00136311157836 sr:0.0018707649302 heading:334 velocity:[0.0, 0.0, 0.0] position:LocationGlobalRelative:lat=0.0,lon=0.0,alt=-1.94
INFO:root:Angle_optical:71.7470068201 Distance_optical:0.0370452472955 Angle_gps:0.0 Distance_gps:0.0                  elapsed_time:0.099277973175
INFO:root:sl:-0.00193500245153 sr:0.00757497997314 heading:334 velocity:[0.0, 0.0, 0.0] position:LocationGlobalRelative:lat=0.0,lon=0.0,alt=-1.94
INFO:root:Angle_optical:71.744982001 Distance_optical:0.0475399069666 Angle_gps:0.0 Distance_gps:0.0                  elapsed_time:0.131702899933
INFO:root:sl:-0.0012093162325 sr:0.00285994419413 heading:334 velocity:[0.0, 0.0, 0.0] position:LocationGlobalRelative:lat=0.0,lon=0.0,alt=-1.94
INFO:root:Angle_optical:71.7443192266 Distance_optical:0.0515019388434 Angle_gps:0.0 Distance_gps:0.0                  elapsed_time:0.273209095001
INFO:root:sl:-0.0011268575656 sr:0.00307642227437 heading:334 velocity:[0.0, 0.0, 0.0] position:LocationGlobalRelative:lat=0.0,lon=0.0,alt=-1.94
INFO:root:Angle_optical:71.7437705481 Distance_optical:0.0557640169507 Angle_gps:0.0 Distance_gps:0.0                  elapsed_time:0.098953962326
INFO:root:sl:-0.00106779406241 sr:0.00337783661041 heading:334 velocity:[0.0, 0.0, 0.0] position:LocationGlobalRelative:lat=0.0,lon=0.0,alt=-1.94
INFO:root:Angle_optical:71.7432215058 Distance_optical:0.0604435832259 Angle_gps:0.0 Distance_gps:0.0                  elapsed_time:0.0974190235138
INFO:root:sl:-0.000273349591276 sr:-0.000573530805209 heading:334 velocity:[0.0, 0.0, 0.0] position:LocationGlobalRelative:lat=0.0,lon=0.0,alt=-1.94
INFO:root:Angle_optical:71.7432215058 Distance_optical:0.0604435832259 Angle_gps:0.0 Distance_gps:0.0                  elapsed_time:0.0990960597992
INFO:root:sl:-0.00116772113808 sr:0.00539953503732 heading:334 velocity:[0.0, 0.0, 0.0] position:LocationGlobalRelative:lat=0.0,lon=0.0,alt=-1.92
INFO:root:Angle_optical:71.7425125481 Distance_optical:0.0679239935551 Angle_gps:0.0 Distance_gps:0.0                  elapsed_time:0.138231992722
INFO:root:sl:-0.000627216197941 sr:0.00205096021063 heading:334 velocity:[0.0, 0.0, 0.0] position:LocationGlobalRelative:lat=0.0,lon=0.0,alt=-1.92
INFO:root:Angle_optical:71.7422857959 Distance_optical:0.0707653638418 Angle_gps:0.0 Distance_gps:0.0                  elapsed_time:0.290341854095
INFO:root:sl:-0.000759203407394 sr:0.004470716169 heading:334 velocity:[0.0, 0.0, 0.0] position:LocationGlobalRelative:lat=0.0,lon=0.0,alt=-1.92
INFO:root:Angle_optical:71.7418457922 Distance_optical:0.0769590161932 Angle_gps:0.0 Distance_gps:0.0                  elapsed_time:0.2898478508
INFO:root:sl:-0.000638535185853 sr:0.00298030285424 heading:334 velocity:[0.0, 0.0, 0.0] position:LocationGlobalRelative:lat=0.0,lon=0.0,alt=-1.92
INFO:root:Angle_optical:71.7415911428 Distance_optical:0.0810878805726 Angle_gps:0.0 Distance_gps:0.0                  elapsed_time:0.0815989971161
INFO:root:sl:0.000219857143991 sr:-0.000783511987545 heading:334 velocity:[0.0, 0.0, 0.0] position:LocationGlobalRelative:lat=0.0,lon=0.0,alt=-1.92
INFO:root:Angle_optical:71.5263747695 Distance_optical:0.0810884273109 Angle_gps:0.0 Distance_gps:0.0                  elapsed_time:0.100955963135
INFO:root:sl:-0.000683277626118 sr:0.00701855698864 heading:334 velocity:[0.0, 0.0, 0.0] position:LocationGlobalRelative:lat=0.0,lon=0.0,alt=-1.92
INFO:root:Angle_optical:71.5489094477 Distance_optical:0.0908117637197 Angle_gps:0.0 Distance_gps:0.0                  elapsed_time:0.0999329090118
INFO:root:sl:-0.000766018380346 sr:0.00395368248459 heading:334 velocity:[0.0, 0.0, 0.0] position:LocationGlobalRelative:lat=0.0,lon=0.0,alt=-1.94
INFO:root:Angle_optical:71.5595994031 Distance_optical:0.0962891023444 Angle_gps:0.0 Distance_gps:0.0                  elapsed_time:0.0978910923004
INFO:root:sl:-0.00103839419576 sr:0.00707832757457 heading:334 velocity:[0.0, 0.0, 0.0] position:LocationGlobalRelative:lat=0.0,lon=0.0,alt=-1.94
INFO:root:Angle_optical:71.5759810475 Distance_optical:0.10609525896 Angle_gps:0.0 Distance_gps:0.0                  elapsed_time:0.131135940552
INFO:root:sl:-0.000621922550555 sr:0.00451264176195 heading:334 velocity:[0.0, 0.0, 0.0] position:LocationGlobalRelative:lat=0.0,lon=0.0,alt=-1.94
INFO:root:Angle_optical:71.5849319996 Distance_optical:0.112346975294 Angle_gps:0.0 Distance_gps:0.0                  elapsed_time:0.07182097435
INFO:root:sl:0.000256663741585 sr:0.00635664721216 heading:334 velocity:[0.0, 0.0, 0.0] position:LocationGlobalRelative:lat=0.0,lon=0.0,alt=-1.94
INFO:root:Angle_optical:71.4278160814 Distance_optical:0.121154737236 Angle_gps:0.0 Distance_gps:0.0                  elapsed_time:0.0997359752655
INFO:root:sl:0.000120107741315 sr:0.00721931167515 heading:334 velocity:[0.0, 0.0, 0.0] position:LocationGlobalRelative:lat=0.0,lon=0.0,alt=-1.94
INFO:root:Angle_optical:71.3786919982 Distance_optical:0.13115705295 Angle_gps:0.0 Distance_gps:0.0                  elapsed_time:0.098531961441
INFO:root:sl:-0.000687164743042 sr:0.010768483578 heading:334 velocity:[0.0, 0.0, 0.0] position:LocationGlobalRelative:lat=0.0,lon=0.0,alt=-1.94
INFO:root:Angle_optical:71.4152684498 Distance_optical:0.146075271116 Angle_gps:0.0 Distance_gps:0.0                  elapsed_time:0.0985929965973
INFO:root:sl:-7.75983150354e-05 sr:0.00608611061632 heading:334 velocity:[0.0, 0.0, 0.0] position:LocationGlobalRelative:lat=0.0,lon=0.0,alt=-1.94
INFO:root:Angle_optical:71.4328165768 Distance_optical:0.154506742843 Angle_gps:0.0 Distance_gps:0.0                  elapsed_time:0.129218101501
INFO:root:sl:-0.000304098335802 sr:0.00844978699304 heading:334 velocity:[0.0, 0.0, 0.0] position:LocationGlobalRelative:lat=0.0,lon=0.0,alt=-1.94
INFO:root:Angle_optical:71.4542281724 Distance_optical:0.1662127851 Angle_gps:0.0 Distance_gps:0.0                  elapsed_time:0.289650917053
INFO:root:sl:-0.00026721534847 sr:0.00632609529684 heading:334 velocity:[0.0, 0.0, 0.0] position:LocationGlobalRelative:lat=0.0,lon=0.0,alt=-1.94
INFO:root:Angle_optical:71.4683830438 Distance_optical:0.174976751713 Angle_gps:0.0 Distance_gps:0.0                  elapsed_time:0.322450876236
INFO:root:sl:-0.00053485908822 sr:0.0078696994901 heading:334 velocity:[0.0, 0.0, 0.0] position:LocationGlobalRelative:lat=0.0,lon=0.0,alt=-1.94
INFO:root:Angle_optical:71.4841287437 Distance_optical:0.185879190551 Angle_gps:0.0 Distance_gps:0.0                  elapsed_time:0.284778118134
INFO:root:sl:-0.000276543193123 sr:0.00566139544499 heading:334 velocity:[0.0, 0.0, 0.0] position:LocationGlobalRelative:lat=0.0,lon=0.0,alt=-1.94
INFO:root:Angle_optical:71.4943599745 Distance_optical:0.193722320837 Angle_gps:0.0 Distance_gps:0.0                  elapsed_time:0.0765030384064
INFO:root:sl:-0.00126615776368 sr:0.00986583868443 heading:334 velocity:[0.0, 0.0, 0.0] position:LocationGlobalRelative:lat=0.0,lon=0.0,alt=-1.94
INFO:root:Angle_optical:71.5103401266 Distance_optical:0.2073901758 Angle_gps:0.0 Distance_gps:0.0                  elapsed_time:0.130447864532
INFO:root:sl:-0.000208536273922 sr:0.00443893191412 heading:334 velocity:[0.0, 0.0, 0.0] position:LocationGlobalRelative:lat=0.0,lon=0.0,alt=-1.95
INFO:root:Angle_optical:71.5168628083 Distance_optical:0.213539751691 Angle_gps:0.0 Distance_gps:0.0                  elapsed_time:0.312119960785
INFO:root:sl:-0.000927829933163 sr:0.00768571153668 heading:334 velocity:[0.0, 0.0, 0.0] position:LocationGlobalRelative:lat=0.0,lon=0.0,alt=-1.95
INFO:root:Angle_optical:71.5273102221 Distance_optical:0.224187333923 Angle_gps:0.0 Distance_gps:0.0                  elapsed_time:0.281008005142
INFO:root:sl:-0.000806713533557 sr:0.00750741728073 heading:334 velocity:[0.0, 0.0, 0.0] position:LocationGlobalRelative:lat=0.0,lon=0.0,alt=-1.95
INFO:root:Angle_optical:71.5365996341 Distance_optical:0.234587918349 Angle_gps:0.0 Distance_gps:0.0                  elapsed_time:0.0735731124878
INFO:root:sl:-0.00128427101633 sr:0.00912180365726 heading:334 velocity:[0.0, 0.0, 0.0] position:LocationGlobalRelative:lat=0.0,lon=0.0,alt=-1.95
INFO:root:Angle_optical:71.5468348461 Distance_optical:0.247225039743 Angle_gps:0.0 Distance_gps:0.0                  elapsed_time:0.132041931152
INFO:root:sl:-0.0011188324004 sr:0.0081954032682 heading:334 velocity:[0.0, 0.0, 0.0] position:LocationGlobalRelative:lat=0.0,lon=0.0,alt=-1.95
INFO:root:Angle_optical:71.5551774007 Distance_optical:0.258578754769 Angle_gps:0.0 Distance_gps:0.0                  elapsed_time:0.316159009933
INFO:root:sl:-0.000544164848877 sr:0.00495869391584 heading:334 velocity:[0.0, 0.0, 0.0] position:LocationGlobalRelative:lat=0.0,lon=0.0,alt=-1.95
INFO:root:Angle_optical:71.559878595 Distance_optical:0.265448412681 Angle_gps:0.0 Distance_gps:0.0                  elapsed_time:0.287368059158
INFO:root:sl:-0.000736817066402 sr:0.00556897521032 heading:334 velocity:[0.0, 0.0, 0.0] position:LocationGlobalRelative:lat=0.0,lon=0.0,alt=-1.95
INFO:root:Angle_optical:71.5648764788 Distance_optical:0.273163541843 Angle_gps:0.0 Distance_gps:0.0                  elapsed_time:0.292052984238
INFO:root:sl:-0.000965653384208 sr:0.00722053501761 heading:334 velocity:[0.0, 0.0, 0.0] position:LocationGlobalRelative:lat=0.0,lon=0.0,alt=-1.95
INFO:root:Angle_optical:71.5709510835 Distance_optical:0.283166706387 Angle_gps:0.0 Distance_gps:0.0                  elapsed_time:0.27414393425
INFO:root:sl:-0.000561658824872 sr:0.00443705103594 heading:334 velocity:[0.0, 0.0, 0.0] position:LocationGlobalRelative:lat=0.0,lon=0.0,alt=-1.95
INFO:root:Angle_optical:71.5744755764 Distance_optical:0.289313697084 Angle_gps:0.0 Distance_gps:0.0                  elapsed_time:0.0988340377808
INFO:root:sl:-0.000563926368917 sr:0.00522139101573 heading:334 velocity:[0.0, 0.0, 0.0] position:LocationGlobalRelative:lat=0.0,lon=0.0,alt=-1.95
INFO:root:Angle_optical:71.5784359532 Distance_optical:0.296547295974 Angle_gps:0.0 Distance_gps:0.0                  elapsed_time:0.130456924438
INFO:root:sl:-0.000522809644499 sr:0.00421974426732 heading:334 velocity:[0.0, 0.0, 0.0] position:LocationGlobalRelative:lat=0.0,lon=0.0,alt=-1.96
INFO:root:Angle_optical:71.5814981508 Distance_optical:0.302393236657 Angle_gps:0.0 Distance_gps:0.0                  elapsed_time:0.286293029785
INFO:root:sl:-0.00072006108844 sr:0.00558834135993 heading:334 velocity:[0.0, 0.0, 0.0] position:LocationGlobalRelative:lat=0.0,lon=0.0,alt=-1.96
INFO:root:Angle_optical:71.5853758377 Distance_optical:0.310135202726 Angle_gps:0.0 Distance_gps:0.0                  elapsed_time:0.284132957458
INFO:root:sl:0.000269095788316 sr:0.000438317377041 heading:334 velocity:[0.0, 0.0, 0.0] position:LocationGlobalRelative:lat=0.0,lon=0.0,alt=-1.96
INFO:root:Angle_optical:71.5169339626 Distance_optical:0.310743645283 Angle_gps:0.0 Distance_gps:0.0                  elapsed_time:0.10192990303
INFO:root:sl:-0.00139929572926 sr:0.0086733533088 heading:334 velocity:[0.0, 0.0, 0.0] position:LocationGlobalRelative:lat=0.0,lon=0.0,alt=-1.96
INFO:root:Angle_optical:71.5251205303 Distance_optical:0.322759477075 Angle_gps:0.0 Distance_gps:0.0                  elapsed_time:0.0975689888
INFO:root:sl:-0.00123058100548 sr:0.00890183942835 heading:334 velocity:[0.0, 0.0, 0.0] position:LocationGlobalRelative:lat=0.0,lon=0.0,alt=-1.96
INFO:root:Angle_optical:71.5329122395 Distance_optical:0.335091853402 Angle_gps:0.0 Distance_gps:0.0                  elapsed_time:0.0992820262909
INFO:root:sl:-0.000590195236604 sr:0.00450337752855 heading:334 velocity:[0.0, 0.0, 0.0] position:LocationGlobalRelative:lat=0.0,lon=0.0,alt=-1.96
INFO:root:Angle_optical:71.5366395432 Distance_optical:0.341330717336 Angle_gps:0.0 Distance_gps:0.0                  elapsed_time:0.129391908646
INFO:root:sl:-0.000980310955685 sr:0.00706273269135 heading:334 velocity:[0.0, 0.0, 0.0] position:LocationGlobalRelative:lat=0.0,lon=0.0,alt=-1.95
INFO:root:Angle_optical:71.5422183742 Distance_optical:0.351115248953 Angle_gps:0.0 Distance_gps:0.0                  elapsed_time:0.290136098862
INFO:root:sl:-0.000700271799441 sr:0.00511698741206 heading:334 velocity:[0.0, 0.0, 0.0] position:LocationGlobalRelative:lat=0.0,lon=0.0,alt=-1.95
INFO:root:Angle_optical:71.5460698689 Distance_optical:0.358204195986 Angle_gps:0.0 Distance_gps:0.0                  elapsed_time:0.286118030548
INFO:root:sl:-0.00212930427797 sr:0.0108275984922 heading:334 velocity:[0.0, 0.0, 0.0] position:LocationGlobalRelative:lat=0.0,lon=0.0,alt=-1.95
INFO:root:Angle_optical:71.5537372964 Distance_optical:0.373204486061 Angle_gps:0.0 Distance_gps:0.0                  elapsed_time:0.0976848602295
INFO:root:sl:-0.00196797777231 sr:0.0127805487331 heading:334 velocity:[0.0, 0.0, 0.0] position:LocationGlobalRelative:lat=0.0,lon=0.0,alt=-1.95
INFO:root:Angle_optical:71.562030458 Distance_optical:0.390910352656 Angle_gps:0.0 Distance_gps:0.0                  elapsed_time:0.0975549221039
INFO:root:sl:-0.00119938846243 sr:0.00718128365935 heading:334 velocity:[0.0, 0.0, 0.0] position:LocationGlobalRelative:lat=0.0,lon=0.0,alt=-1.95
INFO:root:Angle_optical:71.5663688363 Distance_optical:0.40085913424 Angle_gps:0.0 Distance_gps:0.0                  elapsed_time:0.129096031189
INFO:root:sl:-0.00132416762818 sr:0.00769735772118 heading:334 velocity:[0.0, 0.0, 0.0] position:LocationGlobalRelative:lat=0.0,lon=0.0,alt=-1.95
INFO:root:Angle_optical:71.5707860651 Distance_optical:0.411522874776 Angle_gps:0.0 Distance_gps:0.0                  elapsed_time:0.0727729797363
INFO:root:sl:0.000235662295608 sr:0.009797655967 heading:334 velocity:[0.0, 0.0, 0.0] position:LocationGlobalRelative:lat=0.0,lon=0.0,alt=-1.95
INFO:root:Angle_optical:71.5320839449 Distance_optical:0.425097363845 Angle_gps:0.0 Distance_gps:0.0                  elapsed_time:0.0997829437256
INFO:root:sl:-0.00158782279762 sr:0.00743859297116 heading:334 velocity:[0.0, 0.0, 0.0] position:LocationGlobalRelative:lat=0.0,lon=0.0,alt=-1.95
INFO:root:Angle_optical:71.5369300176 Distance_optical:0.435402597081 Angle_gps:0.0 Distance_gps:0.0                  elapsed_time:0.103667020798
INFO:root:sl:-0.00186147545158 sr:0.0122445617724 heading:334 velocity:[0.0, 0.0, 0.0] position:LocationGlobalRelative:lat=0.0,lon=0.0,alt=-1.95
INFO:root:Angle_optical:71.5444262072 Distance_optical:0.452365900078 Angle_gps:0.0 Distance_gps:0.0                  elapsed_time:0.0982420444489
INFO:root:sl:-0.000803408988399 sr:0.00737020267763 heading:334 velocity:[0.0, 0.0, 0.0] position:LocationGlobalRelative:lat=0.0,lon=0.0,alt=-1.95
INFO:root:Angle_optical:71.5486732233 Distance_optical:0.462576393562 Angle_gps:0.0 Distance_gps:0.0                  elapsed_time:0.0991778373718
INFO:root:sl:-0.00170584708489 sr:0.0121560949635 heading:334 velocity:[0.0, 0.0, 0.0] position:LocationGlobalRelative:lat=0.0,lon=0.0,alt=-1.95
INFO:root:Angle_optical:71.5552828123 Distance_optical:0.4794171463 Angle_gps:0.0 Distance_gps:0.0                  elapsed_time:0.0959310531616
INFO:root:sl:-0.0015394046841 sr:0.0101468501635 heading:334 velocity:[0.0, 0.0, 0.0] position:LocationGlobalRelative:lat=0.0,lon=0.0,alt=-1.95
INFO:root:Angle_optical:71.5604544729 Distance_optical:0.493474344846 Angle_gps:0.0 Distance_gps:0.0                  elapsed_time:0.130120038986
INFO:root:sl:-0.00101216518935 sr:0.00741828695115 heading:334 velocity:[0.0, 0.0, 0.0] position:LocationGlobalRelative:lat=0.0,lon=0.0,alt=-1.95
INFO:root:Angle_optical:71.5640527883 Distance_optical:0.503751460455 Angle_gps:0.0 Distance_gps:0.0                  elapsed_time:0.28761100769
INFO:root:sl:-0.00135338962791 sr:0.00984561471184 heading:334 velocity:[0.0, 0.0, 0.0] position:LocationGlobalRelative:lat=0.0,lon=0.0,alt=-1.93
INFO:root:Angle_optical:71.5686077365 Distance_optical:0.517391339612 Angle_gps:0.0 Distance_gps:0.0                  elapsed_time:0.295617818832
INFO:root:sl:-0.000976239875338 sr:0.00685268795663 heading:334 velocity:[0.0, 0.0, 0.0] position:LocationGlobalRelative:lat=0.0,lon=0.0,alt=-1.93
INFO:root:Angle_optical:71.5716388465 Distance_optical:0.526884891021 Angle_gps:0.0 Distance_gps:0.0                  elapsed_time:0.10005903244
INFO:root:sl:-0.00272501487603 sr:0.014415385973 heading:334 velocity:[0.0, 0.0, 0.0] position:LocationGlobalRelative:lat=0.0,lon=0.0,alt=-1.93
INFO:root:Angle_optical:71.5776715631 Distance_optical:0.546855628271 Angle_gps:0.0 Distance_gps:0.0                  elapsed_time:0.0865700244904
INFO:root:sl:-0.00162738984383 sr:0.0120964346327 heading:334 velocity:[0.0, 0.0, 0.0] position:LocationGlobalRelative:lat=0.0,lon=0.0,alt=-1.93
INFO:root:Angle_optical:71.5824039194 Distance_optical:0.563613747839 Angle_gps:0.0 Distance_gps:0.0                  elapsed_time:0.130567789078
INFO:root:sl:-0.0013321611488 sr:0.00834112714057 heading:334 velocity:[0.0, 0.0, 0.0] position:LocationGlobalRelative:lat=0.0,lon=0.0,alt=-1.93
INFO:root:Angle_optical:71.5855064861 Distance_optical:0.575169353043 Angle_gps:0.0 Distance_gps:0.0                  elapsed_time:0.28883099556
INFO:root:sl:-0.00167697884975 sr:0.0110820995324 heading:334 velocity:[-0.01, 0.0, 0.0] position:LocationGlobalRelative:lat=0.0,lon=0.0,alt=-1.93
INFO:root:Angle_optical:71.5894407468 Distance_optical:0.590522239752 Angle_gps:0.0 Distance_gps:0.0                  elapsed_time:0.297171115875
INFO:root:sl:-0.0011591324606 sr:0.00787991532641 heading:334 velocity:[-0.01, 0.0, 0.0] position:LocationGlobalRelative:lat=0.0,lon=0.0,alt=-1.93
INFO:root:Angle_optical:71.5921160083 Distance_optical:0.601438894808 Angle_gps:0.0 Distance_gps:0.0                  elapsed_time:0.088830947876
INFO:root:sl:-0.000983374785152 sr:0.00833929025742 heading:334 velocity:[-0.01, 0.0, 0.0] position:LocationGlobalRelative:lat=0.0,lon=0.0,alt=-1.93
INFO:root:Angle_optical:71.5948434451 Distance_optical:0.612991958184 Angle_gps:0.0 Distance_gps:0.0                  elapsed_time:0.0983808040619
INFO:root:sl:-0.000954871523875 sr:0.00682532627906 heading:334 velocity:[-0.01, 0.0, 0.0] position:LocationGlobalRelative:lat=0.0,lon=0.0,alt=-1.93
INFO:root:Angle_optical:71.5970003808 Distance_optical:0.622447610762 Angle_gps:0.0 Distance_gps:0.0                  elapsed_time:0.0982179641724
INFO:root:sl:-0.000774344692406 sr:0.00576113296572 heading:334 velocity:[-0.01, 0.0, 0.0] position:LocationGlobalRelative:lat=0.0,lon=0.0,alt=-1.93
INFO:root:Angle_optical:71.5987706521 Distance_optical:0.630428954333 Angle_gps:0.0 Distance_gps:0.0                  elapsed_time:0.104127168655
INFO:root:sl:-0.000678147750358 sr:0.00523143737555 heading:334 velocity:[-0.01, 0.0, 0.0] position:LocationGlobalRelative:lat=0.0,lon=0.0,alt=-1.93
INFO:root:Angle_optical:71.6003397678 Distance_optical:0.637676469825 Angle_gps:0.0 Distance_gps:0.0                  elapsed_time:0.0980339050293
INFO:root:sl:-0.0017366646373 sr:0.0101702194755 heading:334 velocity:[-0.01, 0.0, 0.0] position:LocationGlobalRelative:lat=0.0,lon=0.0,alt=-1.93
INFO:root:Angle_optical:71.6032903524 Distance_optical:0.651766063354 Angle_gps:0.0 Distance_gps:0.0                  elapsed_time:0.102498054504
INFO:root:sl:-0.000797289270016 sr:0.00529069745419 heading:334 velocity:[-0.01, 0.0, 0.0] position:LocationGlobalRelative:lat=0.0,lon=0.0,alt=-1.93
INFO:root:Angle_optical:71.6047754054 Distance_optical:0.659095676982 Angle_gps:0.0 Distance_gps:0.0                  elapsed_time:0.100816011429
INFO:root:sl:-0.00148237743303 sr:0.00985561706322 heading:334 velocity:[-0.01, 0.0, 0.0] position:LocationGlobalRelative:lat=0.0,lon=0.0,alt=-1.93
INFO:root:Angle_optical:71.6074555033 Distance_optical:0.672749428286 Angle_gps:0.0 Distance_gps:0.0                  elapsed_time:0.099867105484
INFO:root:sl:-0.00100408283509 sr:0.00632913349822 heading:334 velocity:[-0.01, 0.0, 0.0] position:LocationGlobalRelative:lat=0.0,lon=0.0,alt=-1.93
INFO:root:Angle_optical:71.6091199954 Distance_optical:0.681517668417 Angle_gps:0.0 Distance_gps:0.0                  elapsed_time:0.0994598865509
INFO:root:sl:-0.000820937384532 sr:0.00536886200391 heading:334 velocity:[0.0, 0.0, 0.0] position:LocationGlobalRelative:lat=0.0,lon=0.0,alt=-1.92
INFO:root:Angle_optical:71.6104987321 Distance_optical:0.688955569994 Angle_gps:0.0 Distance_gps:0.0                  elapsed_time:0.101527929306
INFO:root:sl:-0.000826849413161 sr:0.00538840314134 heading:334 velocity:[0.0, 0.0, 0.0] position:LocationGlobalRelative:lat=0.0,lon=0.0,alt=-1.92
INFO:root:Angle_optical:71.6118528741 Distance_optical:0.696420543519 Angle_gps:0.0 Distance_gps:0.0                  elapsed_time:0.312944173813
INFO:root:sl:-0.00128895351987 sr:0.00657417853892 heading:334 velocity:[0.0, 0.0, 0.0] position:LocationGlobalRelative:lat=0.0,lon=0.0,alt=-1.92
INFO:root:Angle_optical:71.6134661992 Distance_optical:0.705528263933 Angle_gps:0.0 Distance_gps:0.0                  elapsed_time:0.297860145569
INFO:root:sl:-0.000734185079391 sr:0.00433286092104 heading:334 velocity:[0.0, 0.0, 0.0] position:LocationGlobalRelative:lat=0.0,lon=0.0,alt=-1.92
INFO:root:Angle_optical:71.6145069157 Distance_optical:0.711530912926 Angle_gps:0.0 Distance_gps:0.0                  elapsed_time:0.0881218910217
INFO:root:sl:-0.000712497003106 sr:0.00407386065032 heading:334 velocity:[0.0, 0.0, 0.0] position:LocationGlobalRelative:lat=0.0,lon=0.0,alt=-1.92
INFO:root:Angle_optical:71.6154695312 Distance_optical:0.717174748741 Angle_gps:0.0 Distance_gps:0.0                  elapsed_time:0.0993618965149
INFO:root:sl:-0.00136678929495 sr:0.00878940884956 heading:334 velocity:[0.0, 0.0, 0.0] position:LocationGlobalRelative:lat=0.0,lon=0.0,alt=-1.92
INFO:root:Angle_optical:71.6174956397 Distance_optical:0.72935140007 Angle_gps:0.0 Distance_gps:0.0                  elapsed_time:0.104712963104
INFO:root:sl:-0.000808530787102 sr:0.00593938747376 heading:334 velocity:[0.0, 0.0, 0.0] position:LocationGlobalRelative:lat=0.0,lon=0.0,alt=-1.91
INFO:root:Angle_optical:71.6188268909 Distance_optical:0.737579695262 Angle_gps:0.0 Distance_gps:0.0                  elapsed_time:0.0988831520081
INFO:root:sl:-0.000721954271289 sr:0.00470066424341 heading:334 velocity:[0.0, 0.0, 0.0] position:LocationGlobalRelative:lat=0.0,lon=0.0,alt=-1.91
INFO:root:Angle_optical:71.619859622 Distance_optical:0.744091890864 Angle_gps:0.0 Distance_gps:0.0                  elapsed_time:0.101682901382
INFO:root:sl:-0.000853295801661 sr:0.00616711710741 heading:334 velocity:[0.0, 0.0, 0.0] position:LocationGlobalRelative:lat=0.0,lon=0.0,alt=-1.91
INFO:root:Angle_optical:71.6211874255 Distance_optical:0.752635677604 Angle_gps:0.0 Distance_gps:0.0                  elapsed_time:0.100229978561
INFO:root:sl:-0.000595945215013 sr:0.00420179220615 heading:334 velocity:[0.0, 0.0, 0.0] position:LocationGlobalRelative:lat=0.0,lon=0.0,alt=-1.91
INFO:root:Angle_optical:71.6220749521 Distance_optical:0.758456746961 Angle_gps:0.0 Distance_gps:0.0                  elapsed_time:0.102076053619
INFO:root:sl:-0.000542798821991 sr:0.00376739338924 heading:334 velocity:[0.0, 0.0, 0.0] position:LocationGlobalRelative:lat=0.0,lon=0.0,alt=-1.91
INFO:root:Angle_optical:71.6228592174 Distance_optical:0.763676009851 Angle_gps:0.0 Distance_gps:0.0                  elapsed_time:0.0985851287842
INFO:root:sl:0.000154830769172 sr:0.000332884351524 heading:334 velocity:[0.0, 0.0, 0.0] position:LocationGlobalRelative:lat=0.0,lon=0.0,alt=-1.91
INFO:root:Angle_optical:71.6068446123 Distance_optical:0.76413763696 Angle_gps:0.0 Distance_gps:0.0                  elapsed_time:0.0978119373322
INFO:root:sl:-0.000813654739537 sr:0.00709785616164 heading:334 velocity:[0.0, 0.0, 0.0] position:LocationGlobalRelative:lat=0.0,lon=0.0,alt=-1.91
INFO:root:Angle_optical:71.6084960302 Distance_optical:0.773970842928 Angle_gps:0.0 Distance_gps:0.0                  elapsed_time:0.0976440906525
INFO:root:sl:-0.000300405698089 sr:0.0027995334756 heading:334 velocity:[0.0, 0.0, 0.0] position:LocationGlobalRelative:lat=0.0,lon=0.0,alt=-1.91
INFO:root:Angle_optical:71.6091358992 Distance_optical:0.77784925195 Angle_gps:0.0 Distance_gps:0.0                  elapsed_time:0.0981559753418
INFO:root:sl:-0.00101938020257 sr:0.00845926358719 heading:334 velocity:[0.0, 0.0, 0.0] position:LocationGlobalRelative:lat=0.0,lon=0.0,alt=-1.91
INFO:root:Angle_optical:71.611031174 Distance_optical:0.789568520374 Angle_gps:0.0 Distance_gps:0.0                  elapsed_time:0.101955890656
INFO:root:sl:-0.000533360160049 sr:0.00458916330611 heading:334 velocity:[0.0, 0.0, 0.0] position:LocationGlobalRelative:lat=0.0,lon=0.0,alt=-1.91
INFO:root:Angle_optical:71.6120360098 Distance_optical:0.795926241239 Angle_gps:0.0 Distance_gps:0.0                  elapsed_time:0.102609872818
INFO:root:sl:-0.00194720588154 sr:0.0100918720773 heading:334 velocity:[0.0, 0.0, 0.0] position:LocationGlobalRelative:lat=0.0,lon=0.0,alt=-1.91
INFO:root:Angle_optical:71.614190215 Distance_optical:0.80990728771 Angle_gps:0.0 Distance_gps:0.0                  elapsed_time:0.0977489948273
INFO:root:sl:-0.000455866904285 sr:0.00311992321528 heading:334 velocity:[0.0, 0.0, 0.0] position:LocationGlobalRelative:lat=0.0,lon=0.0,alt=-1.91
INFO:root:Angle_optical:71.6148412202 Distance_optical:0.814229557243 Angle_gps:0.0 Distance_gps:0.0                  elapsed_time:0.100629091263
INFO:root:sl:-0.00218640069769 sr:0.0121567602896 heading:334 velocity:[0.0, 0.0, 0.0] position:LocationGlobalRelative:lat=0.0,lon=0.0,alt=-1.91
INFO:root:Angle_optical:71.6173132553 Distance_optical:0.831071251888 Angle_gps:0.0 Distance_gps:0.0                  elapsed_time:0.102494955063
INFO:root:sl:-0.00114736837088 sr:0.00634213889554 heading:334 velocity:[0.0, 0.0, 0.0] position:LocationGlobalRelative:lat=0.0,lon=0.0,alt=-1.91
INFO:root:Angle_optical:71.6185635509 Distance_optical:0.839857504349 Angle_gps:0.0 Distance_gps:0.0                  elapsed_time:0.100203037262
INFO:root:sl:-0.000947408993213 sr:0.0054047056001 heading:334 velocity:[0.0, 0.0, 0.0] position:LocationGlobalRelative:lat=0.0,lon=0.0,alt=-1.91
INFO:root:Angle_optical:71.619608575 Distance_optical:0.847345058324 Angle_gps:0.0 Distance_gps:0.0                  elapsed_time:0.0974161624908
INFO:root:sl:-0.00172819531328 sr:0.0111870523056 heading:334 velocity:[0.0, 0.0, 0.0] position:LocationGlobalRelative:lat=0.0,lon=0.0,alt=-1.91
INFO:root:Angle_optical:71.6217140135 Distance_optical:0.862843341202 Angle_gps:0.0 Distance_gps:0.0                  elapsed_time:0.099601984024
INFO:root:sl:-0.00300936981968 sr:0.0140121307636 heading:334 velocity:[0.0, 0.0, 0.0] position:LocationGlobalRelative:lat=0.0,lon=0.0,alt=-1.91
INFO:root:Angle_optical:71.6242467821 Distance_optical:0.882255421554 Angle_gps:0.0 Distance_gps:0.0                  elapsed_time:0.0977749824524
INFO:root:sl:-0.00142124353154 sr:0.00765097216733 heading:334 velocity:[0.0, 0.0, 0.0] position:LocationGlobalRelative:lat=0.0,lon=0.0,alt=-1.91
INFO:root:Angle_optical:71.6255832471 Distance_optical:0.892854900211 Angle_gps:0.0 Distance_gps:0.0                  elapsed_time:0.0996191501617
INFO:root:sl:-0.00242916360492 sr:0.0140435883403 heading:334 velocity:[0.0, 0.0, 0.0] position:LocationGlobalRelative:lat=0.0,lon=0.0,alt=-1.91
INFO:root:Angle_optical:71.6279555454 Distance_optical:0.912310559604 Angle_gps:0.0 Distance_gps:0.0                  elapsed_time:0.102996110916
INFO:root:sl:-0.000765810578118 sr:0.00522043790707 heading:334 velocity:[0.0, 0.0, 0.0] position:LocationGlobalRelative:lat=0.0,lon=0.0,alt=-1.91
INFO:root:Angle_optical:71.6288118055 Distance_optical:0.919542832092 Angle_gps:0.0 Distance_gps:0.0                  elapsed_time:0.101532936096
INFO:root:sl:-0.000710502272848 sr:0.00407249541699 heading:334 velocity:[0.0, 0.0, 0.0] position:LocationGlobalRelative:lat=0.0,lon=0.0,alt=-1.91
INFO:root:Angle_optical:71.6294704832 Distance_optical:0.925184771802 Angle_gps:0.0 Distance_gps:0.0                  elapsed_time:0.0972938537598
INFO:root:sl:-0.000976369113973 sr:0.00583413041608 heading:334 velocity:[0.0, 0.0, 0.0] position:LocationGlobalRelative:lat=0.0,lon=0.0,alt=-1.91
INFO:root:Angle_optical:71.6304002066 Distance_optical:0.933267239161 Angle_gps:0.0 Distance_gps:0.0                  elapsed_time:0.10346698761
INFO:root:sl:-0.00099226960854 sr:0.0102094714842 heading:334 velocity:[0.0, 0.0, 0.0] position:LocationGlobalRelative:lat=0.0,lon=0.0,alt=-1.91
INFO:root:Angle_optical:71.6319890082 Distance_optical:0.947411200778 Angle_gps:0.0 Distance_gps:0.0                  elapsed_time:0.0998039245605
INFO:root:sl:-0.000151037849845 sr:0.00228837687459 heading:334 velocity:[0.0, 0.0, 0.0] position:LocationGlobalRelative:lat=0.0,lon=0.0,alt=-1.91
INFO:root:Angle_optical:71.6323386391 Distance_optical:0.950581464161 Angle_gps:0.0 Distance_gps:0.0                  elapsed_time:0.100626945496
INFO:root:sl:-0.0017881874398 sr:0.0113563028541 heading:334 velocity:[0.0, 0.0, 0.0] position:LocationGlobalRelative:lat=0.0,lon=0.0,alt=-1.91
INFO:root:Angle_optical:71.6340397721 Distance_optical:0.966314217857 Angle_gps:0.0 Distance_gps:0.0                  elapsed_time:0.0996589660645
INFO:root:sl:-0.000732873724545 sr:0.00596353780322 heading:334 velocity:[0.0, 0.0, 0.0] position:LocationGlobalRelative:lat=0.0,lon=0.0,alt=-1.91
INFO:root:Angle_optical:71.6349110919 Distance_optical:0.974575961832 Angle_gps:0.0 Distance_gps:0.0                  elapsed_time:0.0975630283356
INFO:root:sl:-0.000668024753547 sr:0.00490205438298 heading:334 velocity:[0.0, 0.0, 0.0] position:LocationGlobalRelative:lat=0.0,lon=0.0,alt=-1.91
INFO:root:Angle_optical:71.6356163332 Distance_optical:0.981367151603 Angle_gps:0.0 Distance_gps:0.0                  elapsed_time:0.0971739292145
INFO:root:sl:-0.00161838412366 sr:0.0112650714247 heading:334 velocity:[0.0, 0.0, 0.0] position:LocationGlobalRelative:lat=0.0,lon=0.0,alt=-1.91
INFO:root:Angle_optical:71.6372005855 Distance_optical:0.996973513331 Angle_gps:0.0 Distance_gps:0.0                  elapsed_time:0.0993928909302
INFO:root:sl:-0.000754820650439 sr:0.00553266590272 heading:334 velocity:[0.0, 0.0, 0.0] position:LocationGlobalRelative:lat=0.0,lon=0.0,alt=-1.91
INFO:root:Angle_optical:71.6379606409 Distance_optical:1.00463833652 Angle_gps:0.0 Distance_gps:0.0                  elapsed_time:0.101348161697
INFO:root:sl:-0.000760307381913 sr:0.0054249479276 heading:334 velocity:[0.0, 0.0, 0.0] position:LocationGlobalRelative:lat=0.0,lon=0.0,alt=-1.91
INFO:root:Angle_optical:71.6386947194 Distance_optical:1.01215392951 Angle_gps:0.0 Distance_gps:0.0                  elapsed_time:0.100383996964
INFO:root:sl:-0.00189040360015 sr:0.011122803037 heading:334 velocity:[0.0, 0.0, 0.0] position:LocationGlobalRelative:lat=0.0,lon=0.0,alt=-1.91
INFO:root:Angle_optical:71.6401662219 Distance_optical:1.02756319368 Angle_gps:0.0 Distance_gps:0.0                  elapsed_time:0.100373029709
INFO:root:sl:-0.00227576616075 sr:0.0131790166447 heading:334 velocity:[0.0, 0.0, 0.0] position:LocationGlobalRelative:lat=0.0,lon=0.0,alt=-1.91
INFO:root:Angle_optical:71.6418536171 Distance_optical:1.04582108516 Angle_gps:0.0 Distance_gps:0.0                  elapsed_time:0.094141960144
INFO:root:sl:-0.0012316192857 sr:0.00743169190231 heading:334 velocity:[0.0, 0.0, 0.0] position:LocationGlobalRelative:lat=0.0,lon=0.0,alt=-1.91
INFO:root:Angle_optical:71.6427794152 Distance_optical:1.05611677089 Angle_gps:0.0 Distance_gps:0.0                  elapsed_time:0.0989570617676
INFO:root:sl:-0.00134944726165 sr:0.00793337789599 heading:334 velocity:[0.0, 0.0, 0.0] position:LocationGlobalRelative:lat=0.0,lon=0.0,alt=-1.91
INFO:root:Angle_optical:71.643747993 Distance_optical:1.06710747955 Angle_gps:0.0 Distance_gps:0.0                  elapsed_time:0.100188016891
INFO:root:sl:-0.00247204010023 sr:0.0126764620623 heading:334 velocity:[0.0, 0.0, 0.0] position:LocationGlobalRelative:lat=0.0,lon=0.0,alt=-1.91
INFO:root:Angle_optical:71.6452549024 Distance_optical:1.0846691401 Angle_gps:0.0 Distance_gps:0.0                  elapsed_time:0.100963115692
INFO:root:sl:-0.00126327666189 sr:0.00701038296516 heading:334 velocity:[0.0, 0.0, 0.0] position:LocationGlobalRelative:lat=0.0,lon=0.0,alt=-1.91
INFO:root:Angle_optical:71.6460674869 Distance_optical:1.09438115242 Angle_gps:0.0 Distance_gps:0.0                  elapsed_time:0.097785949707
INFO:root:sl:-0.00127119100594 sr:0.00690505573087 heading:334 velocity:[0.0, 0.0, 0.0] position:LocationGlobalRelative:lat=0.0,lon=0.0,alt=-1.91
INFO:root:Angle_optical:71.6468538833 Distance_optical:1.1039472464 Angle_gps:0.0 Distance_gps:0.0                  elapsed_time:0.100687026978
INFO:root:sl:-0.00125162694202 sr:0.00664797518958 heading:334 velocity:[0.0, 0.0, 0.0] position:LocationGlobalRelative:lat=0.0,lon=0.0,alt=-1.91
INFO:root:Angle_optical:71.6475982287 Distance_optical:1.11315718677 Angle_gps:0.0 Distance_gps:0.0                  elapsed_time:0.101580142975
INFO:root:sl:-0.000946523652463 sr:0.0051408534714 heading:334 velocity:[0.0, 0.0, 0.0] position:LocationGlobalRelative:lat=0.0,lon=0.0,alt=-1.91
INFO:root:Angle_optical:71.6481654351 Distance_optical:1.12027919762 Angle_gps:0.0 Distance_gps:0.0                  elapsed_time:0.097904920578
INFO:root:sl:-0.000342018424609 sr:0.00164209165031 heading:334 velocity:[0.0, 0.0, 0.0] position:LocationGlobalRelative:lat=0.0,lon=0.0,alt=-1.91
INFO:root:Angle_optical:71.6483450953 Distance_optical:1.12255411058 Angle_gps:0.0 Distance_gps:0.0                  elapsed_time:0.0991089344025
INFO:root:sl:-0.00117193005236 sr:0.00812730374361 heading:334 velocity:[0.0, 0.0, 0.0] position:LocationGlobalRelative:lat=0.0,lon=0.0,alt=-1.91
INFO:root:Angle_optical:71.649223682 Distance_optical:1.13381347468 Angle_gps:0.0 Distance_gps:0.0                  elapsed_time:0.129700899124
INFO:root:sl:-0.000723817380847 sr:0.00534740622232 heading:334 velocity:[0.0, 0.0, 0.0] position:LocationGlobalRelative:lat=0.0,lon=0.0,alt=-1.91
INFO:root:Angle_optical:71.6497922955 Distance_optical:1.14122163754 Angle_gps:0.0 Distance_gps:0.0                  elapsed_time:0.0776541233063
INFO:root:sl:-0.00124645138667 sr:0.00668731836346 heading:334 velocity:[0.0, 0.0, 0.0] position:LocationGlobalRelative:lat=0.0,lon=0.0,alt=-1.91
INFO:root:Angle_optical:71.6504930807 Distance_optical:1.15048608065 Angle_gps:0.0 Distance_gps:0.0                  elapsed_time:0.23743891716
INFO:root:sl:-0.000785549704971 sr:0.00504050708235 heading:334 velocity:[0.0, 0.0, 0.0] position:LocationGlobalRelative:lat=0.0,lon=0.0,alt=-1.91
INFO:root:Angle_optical:71.6510138753 Distance_optical:1.15746907232 Angle_gps:0.0 Distance_gps:0.0                  elapsed_time:0.28333902359
INFO:root:sl:-0.000688954618123 sr:0.00426880791703 heading:334 velocity:[0.0, 0.0, 0.0] position:LocationGlobalRelative:lat=0.0,lon=0.0,alt=-1.91
INFO:root:Angle_optical:71.651450046 Distance_optical:1.16338297111 Angle_gps:0.0 Distance_gps:0.0                  elapsed_time:0.0717308521271
INFO:root:sl:-0.000680238927442 sr:0.00399915834071 heading:334 velocity:[0.0, 0.0, 0.0] position:LocationGlobalRelative:lat=0.0,lon=0.0,alt=-1.91
INFO:root:Angle_optical:71.6518546601 Distance_optical:1.16892330395 Angle_gps:0.0 Distance_gps:0.0                  elapsed_time:0.103598117828
INFO:root:sl:-5.64107838579e-05 sr:0.000672230676656 heading:334 velocity:[0.0, 0.0, 0.0] position:LocationGlobalRelative:lat=0.0,lon=0.0,alt=-1.91
INFO:root:Angle_optical:71.6519222965 Distance_optical:1.16985459531 Angle_gps:0.0 Distance_gps:0.0                  elapsed_time:0.102057933807
INFO:root:sl:-0.000910479443418 sr:0.00419821743997 heading:334 velocity:[0.0, 0.0, 0.0] position:LocationGlobalRelative:lat=0.0,lon=0.0,alt=-1.91
INFO:root:Angle_optical:71.6523422753 Distance_optical:1.17567069932 Angle_gps:0.0 Distance_gps:0.0                  elapsed_time:0.0977499485016
INFO:root:sl:-0.00133426911461 sr:0.00701357731195 heading:334 velocity:[0.0, 0.0, 0.0] position:LocationGlobalRelative:lat=0.0,lon=0.0,alt=-1.91
INFO:root:Angle_optical:71.6530346998 Distance_optical:1.18538713096 Angle_gps:0.0 Distance_gps:0.0                  elapsed_time:0.130177021027
INFO:root:sl:-0.00067416867382 sr:0.00411083212309 heading:334 velocity:[0.0, 0.0, 0.0] position:LocationGlobalRelative:lat=0.0,lon=0.0,alt=-1.91
INFO:root:Angle_optical:71.6534352946 Distance_optical:1.19108217291 Angle_gps:0.0 Distance_gps:0.0                  elapsed_time:0.275925159454
INFO:root:sl:-0.000729729307961 sr:0.00383065671875 heading:334 velocity:[0.0, 0.0, 0.0] position:LocationGlobalRelative:lat=0.0,lon=0.0,alt=-1.92
INFO:root:Angle_optical:71.6538051531 Distance_optical:1.19638906678 Angle_gps:0.0 Distance_gps:0.0                  elapsed_time:0.0977671146393
INFO:root:sl:-0.000684541774097 sr:0.00373876653845 heading:334 velocity:[0.0, 0.0, 0.0] position:LocationGlobalRelative:lat=0.0,lon=0.0,alt=-1.92
INFO:root:Angle_optical:71.6541629882 Distance_optical:1.20156865813 Angle_gps:0.0 Distance_gps:0.0                  elapsed_time:0.0995650291443
INFO:root:sl:0.000179630359201 sr:0.000815763925297 heading:334 velocity:[0.0, 0.0, 0.0] position:LocationGlobalRelative:lat=0.0,lon=0.0,alt=-1.92
INFO:root:Angle_optical:71.6423852889 Distance_optical:1.20269918103 Angle_gps:0.0 Distance_gps:0.0                  elapsed_time:0.0999789237976
INFO:root:sl:-0.000308660180714 sr:0.00209629679562 heading:334 velocity:[0.0, 0.0, 0.0] position:LocationGlobalRelative:lat=0.0,lon=0.0,alt=-1.92
INFO:root:Angle_optical:71.6426127615 Distance_optical:1.20560333585 Angle_gps:0.0 Distance_gps:0.0                  elapsed_time:0.0993850231171
INFO:root:sl:-0.000203392898903 sr:0.00166270681484 heading:334 velocity:[0.0, 0.0, 0.0] position:LocationGlobalRelative:lat=0.0,lon=0.0,alt=-1.92
INFO:root:Angle_optical:71.6427924065 Distance_optical:1.2079068064 Angle_gps:0.0 Distance_gps:0.0                  elapsed_time:0.0970590114594
INFO:root:sl:-8.3105680104e-05 sr:0.00114369188394 heading:334 velocity:[0.0, 0.0, 0.0] position:LocationGlobalRelative:lat=0.0,lon=0.0,alt=-1.92
INFO:root:Angle_optical:71.6429155779 Distance_optical:1.20949124721 Angle_gps:0.0 Distance_gps:0.0                  elapsed_time:0.107090950012
INFO:root:sl:0.000456889185737 sr:-0.00167862083855 heading:334 velocity:[0.0, 0.0, 0.0] position:LocationGlobalRelative:lat=0.0,lon=0.0,alt=-1.92
INFO:root:Angle_optical:71.6129308689 Distance_optical:1.20949245039 Angle_gps:0.0 Distance_gps:0.0                  elapsed_time:0.0996329784393
INFO:root:sl:0.000448798019006 sr:-0.0022737342895 heading:334 velocity:[0.0, 0.0, 0.0] position:LocationGlobalRelative:lat=0.0,lon=0.0,alt=-1.92
INFO:root:Angle_optical:71.5834772327 Distance_optical:1.20949395478 Angle_gps:0.0 Distance_gps:0.0                  elapsed_time:0.104636907578
INFO:root:sl:0.00020564538116 sr:-0.000702165811027 heading:334 velocity:[0.0, 0.0, 0.0] position:LocationGlobalRelative:lat=0.0,lon=0.0,alt=-1.92
INFO:root:Angle_optical:71.5699812005 Distance_optical:1.20949475089 Angle_gps:0.0 Distance_gps:0.0                  elapsed_time:0.0979199409485
INFO:root:sl:0.000277833146476 sr:-0.00116363023477 heading:334 velocity:[0.0, 0.0, 0.0] position:LocationGlobalRelative:lat=0.0,lon=0.0,alt=-1.92
INFO:root:Angle_optical:71.5517476815 Distance_optical:1.20949593303 Angle_gps:0.0 Distance_gps:0.0                  elapsed_time:0.0983710289001
INFO:root:sl:-0.000886059816179 sr:0.00537678416484 heading:334 velocity:[0.0, 0.0, 0.0] position:LocationGlobalRelative:lat=0.0,lon=0.0,alt=-1.92
INFO:root:Angle_optical:71.5528804729 Distance_optical:1.2169447602 Angle_gps:0.0 Distance_gps:0.0                  elapsed_time:0.0939390659332
INFO:root:sl:-0.000538462268986 sr:0.00587463673767 heading:334 velocity:[0.0, 0.0, 0.0] position:LocationGlobalRelative:lat=0.0,lon=0.0,alt=-1.92
INFO:root:Angle_optical:71.5541024035 Distance_optical:1.22508329654 Angle_gps:0.0 Distance_gps:0.0                  elapsed_time:0.0976338386536
INFO:root:sl:-0.000286672234672 sr:0.00252194766694 heading:334 velocity:[0.0, 0.0, 0.0] position:LocationGlobalRelative:lat=0.0,lon=0.0,alt=-1.92
INFO:root:Angle_optical:71.554622004 Distance_optical:1.22857712323 Angle_gps:0.0 Distance_gps:0.0                  elapsed_time:0.131094932556
INFO:root:sl:-0.000427798579959 sr:0.00344334214236 heading:334 velocity:[0.0, 0.0, 0.0] position:LocationGlobalRelative:lat=0.0,lon=0.0,alt=-1.93
INFO:root:Angle_optical:71.5553266865 Distance_optical:1.2333474207 Angle_gps:0.0 Distance_gps:0.0                  elapsed_time:0.283941984177
INFO:root:sl:-0.000736993620974 sr:0.0116616808393 heading:334 velocity:[0.0, 0.0, 0.0] position:LocationGlobalRelative:lat=0.0,lon=0.0,alt=-1.93
INFO:root:Angle_optical:71.5576732845 Distance_optical:1.24950314483 Angle_gps:0.0 Distance_gps:0.0                  elapsed_time:0.0829410552979
INFO:root:sl:-0.000362866108901 sr:0.00440674266214 heading:334 velocity:[0.0, 0.0, 0.0] position:LocationGlobalRelative:lat=0.0,lon=0.0,alt=-1.93
INFO:root:Angle_optical:71.5585442995 Distance_optical:1.25560810673 Angle_gps:0.0 Distance_gps:0.0                  elapsed_time:0.0992610454559
INFO:root:sl:-0.000671946606621 sr:0.00901798472514 heading:334 velocity:[0.0, 0.0, 0.0] position:LocationGlobalRelative:lat=0.0,lon=0.0,alt=-1.92
INFO:root:Angle_optical:71.5603006048 Distance_optical:1.26810133728 Angle_gps:0.0 Distance_gps:0.0                  elapsed_time:0.130791187286
INFO:root:sl:0.000830636975542 sr:0.00714498945662 heading:334 velocity:[0.0, 0.0, 0.0] position:LocationGlobalRelative:lat=0.0,lon=0.0,alt=-1.92
INFO:root:Angle_optical:71.5100772393 Distance_optical:1.27800381541 Angle_gps:0.0 Distance_gps:0.0                  elapsed_time:0.283079862595
INFO:root:sl:0.000383320364254 sr:0.00228659831119 heading:334 velocity:[0.0, 0.0, 0.0] position:LocationGlobalRelative:lat=0.0,lon=0.0,alt=-1.92
INFO:root:Angle_optical:71.4868889793 Distance_optical:1.28117379277 Angle_gps:0.0 Distance_gps:0.0                  elapsed_time:0.0980250835419
INFO:root:sl:-0.000226285101025 sr:0.0117036182567 heading:334 velocity:[0.0, 0.0, 0.0] position:LocationGlobalRelative:lat=0.0,lon=0.0,alt=-1.92
INFO:root:Angle_optical:71.4900123579 Distance_optical:1.29738753593 Angle_gps:0.0 Distance_gps:0.0                  elapsed_time:0.101235866547
INFO:root:sl:0.000246918059693 sr:0.00528380150613 heading:334 velocity:[0.0, 0.0, 0.0] position:LocationGlobalRelative:lat=0.0,lon=0.0,alt=-1.92
INFO:root:Angle_optical:71.4763750194 Distance_optical:1.30470902213 Angle_gps:0.0 Distance_gps:0.0                  elapsed_time:0.088898897171
INFO:root:sl:0.000431819339184 sr:0.00597085487645 heading:334 velocity:[0.0, 0.0, 0.0] position:LocationGlobalRelative:lat=0.0,lon=0.0,alt=-1.92
INFO:root:Angle_optical:71.4519103465 Distance_optical:1.31298364491 Angle_gps:0.0 Distance_gps:0.0                  elapsed_time:0.129920005798
