INFO:root:Resolution: 320*240
INFO:root:sl:-0.0204464656271 sr:-0.0477867496941 heading:334 velocity:[0.0, 0.0, 0.0] position:LocationGlobalRelative:lat=0.0,lon=0.0,alt=-1.44
INFO:root:Angle_optical:0.0 Distance_optical:0.0 Angle_gps:0.0 Distance_gps:0.0                  elapsed_time:0.11754989624
INFO:root:sl:-0.00530485528388 sr:-0.0103675958483 heading:334 velocity:[0.0, 0.0, 0.0] position:LocationGlobalRelative:lat=0.0,lon=0.0,alt=-1.44
INFO:root:Angle_optical:0.0 Distance_optical:0.0 Angle_gps:0.0 Distance_gps:0.0                  elapsed_time:0.183450937271
INFO:root:sl:-0.00406960143211 sr:-0.014181512329 heading:334 velocity:[0.0, 0.0, 0.0] position:LocationGlobalRelative:lat=0.0,lon=0.0,alt=-1.44
INFO:root:Angle_optical:0.0 Distance_optical:0.0 Angle_gps:0.0 Distance_gps:0.0                  elapsed_time:0.233326196671
INFO:root:sl:-0.00745523058576 sr:-0.0180839644679 heading:334 velocity:[0.0, 0.0, 0.0] position:LocationGlobalRelative:lat=0.0,lon=0.0,alt=-1.44
INFO:root:Angle_optical:0.0 Distance_optical:0.0 Angle_gps:0.0 Distance_gps:0.0                  elapsed_time:0.215887784958
INFO:root:sl:-0.00420742182544 sr:-0.0106582681613 heading:334 velocity:[0.0, 0.0, 0.0] position:LocationGlobalRelative:lat=0.0,lon=0.0,alt=-1.46
INFO:root:Angle_optical:0.0 Distance_optical:0.0 Angle_gps:0.0 Distance_gps:0.0                  elapsed_time:0.241275072098
INFO:root:sl:-0.00393306346083 sr:-0.0107309362395 heading:334 velocity:[0.0, 0.0, 0.0] position:LocationGlobalRelative:lat=0.0,lon=0.0,alt=-1.46
INFO:root:Angle_optical:0.0 Distance_optical:0.0 Angle_gps:0.0 Distance_gps:0.0                  elapsed_time:0.187486171722
INFO:root:sl:-0.00105797188454 sr:-0.00949911511904 heading:334 velocity:[0.0, 0.0, 0.0] position:LocationGlobalRelative:lat=0.0,lon=0.0,alt=-1.46
INFO:root:Angle_optical:0.0 Distance_optical:0.0 Angle_gps:0.0 Distance_gps:0.0                  elapsed_time:0.189794063568
INFO:root:sl:-0.0022996142927 sr:-0.00772207987997 heading:334 velocity:[0.0, 0.0, 0.0] position:LocationGlobalRelative:lat=0.0,lon=0.0,alt=-1.46
INFO:root:Angle_optical:0.0 Distance_optical:0.0 Angle_gps:0.0 Distance_gps:0.0                  elapsed_time:0.252449035645
INFO:root:sl:-0.00182266240952 sr:-0.00698803280964 heading:334 velocity:[0.0, 0.0, 0.0] position:LocationGlobalRelative:lat=0.0,lon=0.0,alt=-1.45
INFO:root:Angle_optical:0.0 Distance_optical:0.0 Angle_gps:0.0 Distance_gps:0.0                  elapsed_time:0.229643106461
INFO:root:sl:-0.00129506214669 sr:-0.00605230695216 heading:334 velocity:[0.0, 0.0, 0.0] position:LocationGlobalRelative:lat=0.0,lon=0.0,alt=-1.45
INFO:root:Angle_optical:0.0 Distance_optical:0.0 Angle_gps:0.0 Distance_gps:0.0                  elapsed_time:0.180721998215
INFO:root:sl:-0.00135433471223 sr:-0.00519060491044 heading:334 velocity:[0.0, 0.0, 0.0] position:LocationGlobalRelative:lat=0.0,lon=0.0,alt=-1.45
INFO:root:Angle_optical:0.0 Distance_optical:0.0 Angle_gps:0.0 Distance_gps:0.0                  elapsed_time:0.230830907822
INFO:root:sl:-0.00111801481711 sr:-0.00455773616806 heading:334 velocity:[0.0, 0.0, 0.0] position:LocationGlobalRelative:lat=0.0,lon=0.0,alt=-1.45
INFO:root:Angle_optical:0.0 Distance_optical:0.0 Angle_gps:0.0 Distance_gps:0.0                  elapsed_time:0.23937702179
INFO:root:sl:-0.000941852919007 sr:-0.00395016200766 heading:334 velocity:[0.0, 0.0, 0.0] position:LocationGlobalRelative:lat=0.0,lon=0.0,alt=-1.45
INFO:root:Angle_optical:0.0 Distance_optical:0.0 Angle_gps:0.0 Distance_gps:0.0                  elapsed_time:0.229525089264
INFO:root:sl:-0.000853550612086 sr:-0.00342462577154 heading:334 velocity:[0.0, 0.0, 0.0] position:LocationGlobalRelative:lat=0.0,lon=0.0,alt=-1.44
INFO:root:Angle_optical:0.0 Distance_optical:0.0 Angle_gps:0.0 Distance_gps:0.0                  elapsed_time:0.180448055267
INFO:root:sl:-0.00072835458705 sr:-0.00298313098682 heading:334 velocity:[0.0, 0.0, 0.0] position:LocationGlobalRelative:lat=0.0,lon=0.0,alt=-1.44
INFO:root:Angle_optical:0.0 Distance_optical:0.0 Angle_gps:0.0 Distance_gps:0.0                  elapsed_time:0.180270910263
INFO:root:sl:-0.000101440559596 sr:-0.00459764398129 heading:334 velocity:[0.0, 0.0, 0.0] position:LocationGlobalRelative:lat=0.0,lon=0.0,alt=-1.44
INFO:root:Angle_optical:0.0 Distance_optical:0.0 Angle_gps:0.0 Distance_gps:0.0                  elapsed_time:0.217651844025
INFO:root:sl:0.00241877993893 sr:-0.00238332790135 heading:334 velocity:[0.0, 0.0, 0.0] position:LocationGlobalRelative:lat=0.0,lon=0.0,alt=-1.44
INFO:root:Angle_optical:-18.2597795044 Distance_optical:0.00335133927833 Angle_gps:0.0 Distance_gps:0.0                  elapsed_time:0.17951798439
INFO:root:sl:0.000397246198071 sr:-0.00249102571736 heading:334 velocity:[0.0, 0.0, 0.0] position:LocationGlobalRelative:lat=0.0,lon=0.0,alt=-1.44
INFO:root:Angle_optical:-18.2604474531 Distance_optical:0.00390163930536 Angle_gps:0.0 Distance_gps:0.0                  elapsed_time:0.232370853424
INFO:root:sl:0.000678646394351 sr:-0.0023679994 heading:334 velocity:[0.0, 0.0, 0.0] position:LocationGlobalRelative:lat=0.0,lon=0.0,alt=-1.45
INFO:root:Angle_optical:-18.2607810563 Distance_optical:0.00484186133756 Angle_gps:0.0 Distance_gps:0.0                  elapsed_time:0.183925867081
INFO:root:sl:0.000873668132838 sr:-0.00181058825468 heading:334 velocity:[0.0, 0.0, 0.0] position:LocationGlobalRelative:lat=0.0,lon=0.0,alt=-1.45
INFO:root:Angle_optical:-18.261351455 Distance_optical:0.0060522000095 Angle_gps:0.0 Distance_gps:0.0                  elapsed_time:0.275414943695
INFO:root:sl:0.000487390181315 sr:-0.00166740334301 heading:334 velocity:[0.0, 0.0, 0.0] position:LocationGlobalRelative:lat=0.0,lon=0.0,alt=-1.45
INFO:root:Angle_optical:-18.2615028185 Distance_optical:0.00672743080478 Angle_gps:0.0 Distance_gps:0.0                  elapsed_time:0.183495044708
INFO:root:sl:0.000509926177126 sr:-0.00146149774942 heading:334 velocity:[0.0, 0.0, 0.0] position:LocationGlobalRelative:lat=0.0,lon=0.0,alt=-1.45
INFO:root:Angle_optical:-18.2616756097 Distance_optical:0.00743386917455 Angle_gps:0.0 Distance_gps:0.0                  elapsed_time:0.184179067612
INFO:root:sl:0.00295558178397 sr:-0.00106245181288 heading:334 velocity:[0.0, 0.0, 0.0] position:LocationGlobalRelative:lat=0.0,lon=0.0,alt=-1.46
INFO:root:Angle_optical:-18.2621707055 Distance_optical:0.0115285001822 Angle_gps:0.0 Distance_gps:0.0                  elapsed_time:0.232237100601
INFO:root:sl:0.000988224535602 sr:-0.00104783822633 heading:334 velocity:[0.0, 0.0, 0.0] position:LocationGlobalRelative:lat=0.0,lon=0.0,alt=-1.46
INFO:root:Angle_optical:-18.2622816574 Distance_optical:0.0128975671719 Angle_gps:0.0 Distance_gps:0.0                  elapsed_time:0.256701946259
INFO:root:sl:0.00111343312417 sr:-0.000892946947156 heading:334 velocity:[0.0, 0.0, 0.0] position:LocationGlobalRelative:lat=0.0,lon=0.0,alt=-1.46
INFO:root:Angle_optical:-18.2623727858 Distance_optical:0.0144401011765 Angle_gps:0.0 Distance_gps:0.0                  elapsed_time:0.179263830185
INFO:root:sl:0.00126430986094 sr:-0.00075080924659 heading:334 velocity:[0.0, 0.0, 0.0] position:LocationGlobalRelative:lat=0.0,lon=0.0,alt=-1.46
INFO:root:Angle_optical:-18.2624602571 Distance_optical:0.0161916540911 Angle_gps:0.0 Distance_gps:0.0                  elapsed_time:0.232485055923
INFO:root:sl:0.000841491880178 sr:-0.000672898605018 heading:334 velocity:[0.0, 0.0, 0.0] position:LocationGlobalRelative:lat=0.0,lon=0.0,alt=-1.46
INFO:root:Angle_optical:-18.262506936 Distance_optical:0.0173574436477 Angle_gps:0.0 Distance_gps:0.0                  elapsed_time:0.180378198624
INFO:root:sl:0.000804808716322 sr:-0.000579163699691 heading:334 velocity:[0.0, 0.0, 0.0] position:LocationGlobalRelative:lat=0.0,lon=0.0,alt=-1.47
INFO:root:Angle_optical:-18.262546967 Distance_optical:0.0184724122106 Angle_gps:0.0 Distance_gps:0.0                  elapsed_time:0.281430959702
INFO:root:sl:0.000727652614359 sr:-0.000500717887825 heading:334 velocity:[0.0, 0.0, 0.0] position:LocationGlobalRelative:lat=0.0,lon=0.0,alt=-1.47
INFO:root:Angle_optical:-18.2625787822 Distance_optical:0.019480490365 Angle_gps:0.0 Distance_gps:0.0                  elapsed_time:0.180617809296
INFO:root:sl:0.0027489587237 sr:-0.000246884423222 heading:334 velocity:[0.0, 0.0, 0.0] position:LocationGlobalRelative:lat=0.0,lon=0.0,alt=-1.47
INFO:root:Angle_optical:-18.2626748966 Distance_optical:0.0232888524997 Angle_gps:0.0 Distance_gps:0.0                  elapsed_time:0.230037927628
INFO:root:sl:0.00107035501359 sr:-0.000331691502684 heading:334 velocity:[0.0, 0.0, 0.0] position:LocationGlobalRelative:lat=0.0,lon=0.0,alt=-1.47
INFO:root:Angle_optical:-18.2627041661 Distance_optical:0.024771704877 Angle_gps:0.0 Distance_gps:0.0                  elapsed_time:0.18532204628
INFO:root:sl:0.00113674158791 sr:-0.000269823453433 heading:334 velocity:[0.0, 0.0, 0.0] position:LocationGlobalRelative:lat=0.0,lon=0.0,alt=-1.47
INFO:root:Angle_optical:-18.2627317344 Distance_optical:0.0263465280271 Angle_gps:0.0 Distance_gps:0.0                  elapsed_time:0.290698051453
INFO:root:sl:0.0012390138313 sr:-0.000212099844835 heading:334 velocity:[0.0, 0.0, 0.0] position:LocationGlobalRelative:lat=0.0,lon=0.0,alt=-1.47
INFO:root:Angle_optical:-18.262758206 Distance_optical:0.0280630375291 Angle_gps:0.0 Distance_gps:0.0                  elapsed_time:0.181863069534
INFO:root:sl:0.000861527608202 sr:-0.000203403700238 heading:334 velocity:[0.0, 0.0, 0.0] position:LocationGlobalRelative:lat=0.0,lon=0.0,alt=-1.47
INFO:root:Angle_optical:-18.2627748018 Distance_optical:0.0292565837646 Angle_gps:0.0 Distance_gps:0.0                  elapsed_time:0.179839134216
INFO:root:sl:0.00296264976851 sr:-1.62512701991e-05 heading:334 velocity:[0.0, 0.0, 0.0] position:LocationGlobalRelative:lat=0.0,lon=0.0,alt=-1.47
INFO:root:Angle_optical:-18.2628227752 Distance_optical:0.0333609902685 Angle_gps:0.0 Distance_gps:0.0                  elapsed_time:0.237349033356
INFO:root:sl:0.001265797802 sr:-0.000107938703818 heading:334 velocity:[0.0, 0.0, 0.0] position:LocationGlobalRelative:lat=0.0,lon=0.0,alt=-1.47
INFO:root:Angle_optical:-18.2628398605 Distance_optical:0.0351146058148 Angle_gps:0.0 Distance_gps:0.0                  elapsed_time:0.259582996368
INFO:root:sl:0.00127249379468 sr:-8.18984185638e-05 heading:334 velocity:[0.0, 0.0, 0.0] position:LocationGlobalRelative:lat=0.0,lon=0.0,alt=-1.48
INFO:root:Angle_optical:-18.2628553941 Distance_optical:0.0368774978854 Angle_gps:0.0 Distance_gps:0.0                  elapsed_time:0.185615062714
INFO:root:sl:0.0013752353413 sr:-5.15220981453e-05 heading:334 velocity:[0.0, 0.0, 0.0] position:LocationGlobalRelative:lat=0.0,lon=0.0,alt=-1.48
INFO:root:Angle_optical:-18.2628705967 Distance_optical:0.0387827264077 Angle_gps:0.0 Distance_gps:0.0                  elapsed_time:0.186676979065
INFO:root:sl:0.00303725989118 sr:0.000366387055729 heading:334 velocity:[0.0, 0.0, 0.0] position:LocationGlobalRelative:lat=0.0,lon=0.0,alt=-1.48
INFO:root:Angle_optical:-17.5864424772 Distance_optical:0.0429934952983 Angle_gps:0.0 Distance_gps:0.0                  elapsed_time:0.23147892952
INFO:root:sl:0.00142124725679 sr:5.82416347549e-05 heading:334 velocity:[0.0, 0.0, 0.0] position:LocationGlobalRelative:lat=0.0,lon=0.0,alt=-1.48
INFO:root:Angle_optical:-17.5132653511 Distance_optical:0.044963320284 Angle_gps:0.0 Distance_gps:0.0                  elapsed_time:0.230086088181
INFO:root:sl:0.0038429592425 sr:0.00039726673431 heading:334 velocity:[0.0, 0.0, 0.0] position:LocationGlobalRelative:lat=0.0,lon=0.0,alt=-1.48
INFO:root:Angle_optical:-16.965728767 Distance_optical:0.0502963367886 Angle_gps:0.0 Distance_gps:0.0                  elapsed_time:0.232037067413
INFO:root:sl:0.00207536659762 sr:0.000205473856198 heading:334 velocity:[0.0, 0.0, 0.0] position:LocationGlobalRelative:lat=0.0,lon=0.0,alt=-1.47
INFO:root:Angle_optical:-16.7292454108 Distance_optical:0.0531776769471 Angle_gps:0.0 Distance_gps:0.0                  elapsed_time:0.188503026962
INFO:root:sl:0.00505280231482 sr:0.000628302000287 heading:334 velocity:[0.0, 0.0, 0.0] position:LocationGlobalRelative:lat=0.0,lon=0.0,alt=-1.47
INFO:root:Angle_optical:-16.0794507384 Distance_optical:0.0602024101674 Angle_gps:0.0 Distance_gps:0.0                  elapsed_time:0.184637069702
INFO:root:sl:0.00274278203873 sr:0.000307760647699 heading:334 velocity:[0.0, 0.0, 0.0] position:LocationGlobalRelative:lat=0.0,lon=0.0,alt=-1.47
INFO:root:Angle_optical:-15.8277081194 Distance_optical:0.0640163200808 Angle_gps:0.0 Distance_gps:0.0                  elapsed_time:0.218653917313
INFO:root:sl:0.00246773773779 sr:0.000285384126046 heading:334 velocity:[0.0, 0.0, 0.0] position:LocationGlobalRelative:lat=0.0,lon=0.0,alt=-1.47
INFO:root:Angle_optical:-15.615568511 Distance_optical:0.0674492584147 Angle_gps:0.0 Distance_gps:0.0                  elapsed_time:0.180219888687
INFO:root:sl:0.00256583052284 sr:0.000305361693508 heading:334 velocity:[0.0, 0.0, 0.0] position:LocationGlobalRelative:lat=0.0,lon=0.0,alt=-1.47
INFO:root:Angle_optical:-15.407109488 Distance_optical:0.0710201351206 Angle_gps:0.0 Distance_gps:0.0                  elapsed_time:0.238389015198
INFO:root:sl:0.00194408757484 sr:0.000224626616813 heading:334 velocity:[0.0, 0.0, 0.0] position:LocationGlobalRelative:lat=0.0,lon=0.0,alt=-1.48
INFO:root:Angle_optical:-15.2698588046 Distance_optical:0.0737258141026 Angle_gps:0.0 Distance_gps:0.0                  elapsed_time:0.201735973358
INFO:root:sl:0.00294509770169 sr:-0.000483467676173 heading:334 velocity:[0.0, 0.0, 0.0] position:LocationGlobalRelative:lat=0.0,lon=0.0,alt=-1.48
INFO:root:Angle_optical:-15.4267652338 Distance_optical:0.0778006292003 Angle_gps:0.0 Distance_gps:0.0                  elapsed_time:0.249165058136
INFO:root:sl:0.00186375394984 sr:1.1630158537e-05 heading:334 velocity:[0.0, 0.0, 0.0] position:LocationGlobalRelative:lat=0.0,lon=0.0,alt=-1.48
INFO:root:Angle_optical:-15.5063693025 Distance_optical:0.0803803550173 Angle_gps:0.0 Distance_gps:0.0                  elapsed_time:0.181288003922
INFO:root:sl:0.00324809601191 sr:-0.00102341848335 heading:334 velocity:[0.0, 0.0, 0.0] position:LocationGlobalRelative:lat=0.0,lon=0.0,alt=-1.48
INFO:root:Angle_optical:-15.6524709536 Distance_optical:0.0848752821576 Angle_gps:0.0 Distance_gps:0.0                  elapsed_time:0.230041980743
INFO:root:sl:0.00201423691586 sr:-0.000373814000246 heading:334 velocity:[0.0, 0.0, 0.0] position:LocationGlobalRelative:lat=0.0,lon=0.0,alt=-1.48
INFO:root:Angle_optical:-15.7355459334 Distance_optical:0.0876629687906 Angle_gps:0.0 Distance_gps:0.0                  elapsed_time:0.18713593483
INFO:root:sl:0.00312425307748 sr:-0.00103050800574 heading:334 velocity:[0.0, 0.0, 0.0] position:LocationGlobalRelative:lat=0.0,lon=0.0,alt=-1.48
INFO:root:Angle_optical:-15.8544398627 Distance_optical:0.0919872447011 Angle_gps:0.0 Distance_gps:0.0                  elapsed_time:0.249999046326
INFO:root:sl:0.00428425855595 sr:-0.000442870054848 heading:334 velocity:[0.0, 0.0, 0.0] position:LocationGlobalRelative:lat=0.0,lon=0.0,alt=-1.48
INFO:root:Angle_optical:-16.0004034251 Distance_optical:0.0979176596991 Angle_gps:0.0 Distance_gps:0.0                  elapsed_time:0.231004953384
INFO:root:sl:0.00235568713732 sr:-0.000461798015208 heading:334 velocity:[0.0, 0.0, 0.0] position:LocationGlobalRelative:lat=0.0,lon=0.0,alt=-1.48
INFO:root:Angle_optical:-16.0733700804 Distance_optical:0.101178727344 Angle_gps:0.0 Distance_gps:0.0                  elapsed_time:0.17995095253
INFO:root:sl:0.00244104969269 sr:-0.000483794018948 heading:334 velocity:[0.0, 0.0, 0.0] position:LocationGlobalRelative:lat=0.0,lon=0.0,alt=-1.48
INFO:root:Angle_optical:-16.1441787883 Distance_optical:0.104558127751 Angle_gps:0.0 Distance_gps:0.0                  elapsed_time:0.18973493576
INFO:root:sl:0.00512929390577 sr:-0.000112736944494 heading:334 velocity:[0.0, 0.0, 0.0] position:LocationGlobalRelative:lat=0.0,lon=0.0,alt=-1.49
INFO:root:Angle_optical:-16.2790008619 Distance_optical:0.11165961725 Angle_gps:0.0 Distance_gps:0.0                  elapsed_time:0.218163967133
INFO:root:sl:0.00316049090696 sr:-0.000273945960998 heading:334 velocity:[0.0, 0.0, 0.0] position:LocationGlobalRelative:lat=0.0,lon=0.0,alt=-1.49
INFO:root:Angle_optical:-16.3538564619 Distance_optical:0.116035583242 Angle_gps:0.0 Distance_gps:0.0                  elapsed_time:0.203047990799
INFO:root:sl:0.00285553521033 sr:-0.00224694292956 heading:334 velocity:[0.0, 0.0, 0.0] position:LocationGlobalRelative:lat=0.0,lon=0.0,alt=-1.49
INFO:root:Angle_optical:-16.4167940698 Distance_optical:0.11998947085 Angle_gps:0.0 Distance_gps:0.0                  elapsed_time:0.184324026108
INFO:root:sl:0.00560689097182 sr:-0.000387427855745 heading:334 velocity:[0.0, 0.0, 0.0] position:LocationGlobalRelative:lat=0.0,lon=0.0,alt=-1.49
INFO:root:Angle_optical:-16.5290382454 Distance_optical:0.12775337762 Angle_gps:0.0 Distance_gps:0.0                  elapsed_time:0.185331821442
INFO:root:sl:0.00331841997062 sr:-0.00241450845305 heading:334 velocity:[0.0, 0.0, 0.0] position:LocationGlobalRelative:lat=0.0,lon=0.0,alt=-1.49
INFO:root:Angle_optical:-16.5892659824 Distance_optical:0.132348629656 Angle_gps:0.0 Distance_gps:0.0                  elapsed_time:0.224452018738
INFO:root:sl:0.00294521153819 sr:-0.00126221980959 heading:334 velocity:[0.0, 0.0, 0.0] position:LocationGlobalRelative:lat=0.0,lon=0.0,alt=-1.47
INFO:root:Angle_optical:-16.6393216353 Distance_optical:0.136427188132 Angle_gps:0.0 Distance_gps:0.0                  elapsed_time:0.183698892593
INFO:root:sl:0.00568707288874 sr:-0.000697437327544 heading:334 velocity:[0.0, 0.0, 0.0] position:LocationGlobalRelative:lat=0.0,lon=0.0,alt=-1.47
INFO:root:Angle_optical:-16.7279697942 Distance_optical:0.144302973901 Angle_gps:0.0 Distance_gps:0.0                  elapsed_time:0.18715596199
INFO:root:sl:0.00298767609939 sr:-0.00109354139754 heading:334 velocity:[0.0, 0.0, 0.0] position:LocationGlobalRelative:lat=0.0,lon=0.0,alt=-1.47
INFO:root:Angle_optical:-16.7707716418 Distance_optical:0.148440606849 Angle_gps:0.0 Distance_gps:0.0                  elapsed_time:0.231165885925
