INFO:root:Resolotion:324,243
INFO:root:sl:0.00508581337129 sr:0.00484568433486 heading:356 velocity:[0.14, 0.28, 1.29] position:LocationGlobalRelative:lat=55.9408307,lon=-3.1929883,alt=3.75
INFO:root:Angle_optical:0.778484183751 Distance_optical:0.00343808705551 Angle_gps:47.1635421904 Distance_gps:0.0354048295409                  elapsed_time:0.0930330753326
INFO:root:sl:0.00127145334282 sr:0.00121142108372 heading:356 velocity:[0.14, 0.28, 1.29] position:LocationGlobalRelative:lat=55.9408307,lon=-3.1929883,alt=3.75
INFO:root:Angle_optical:0.978312086571 Distance_optical:0.00411249135821 Angle_gps:47.6992774375 Distance_gps:0.0631861608125                  elapsed_time:0.077761888504
INFO:root:sl:0.00158931667853 sr:0.00151427635464 heading:356 velocity:[0.54, 1.14, 0.47] position:LocationGlobalRelative:lat=55.9408352,lon=-3.1929782,alt=4.67
INFO:root:Angle_optical:0.790147859481 Distance_optical:0.00618966110233 Angle_gps:46.9710208207 Distance_gps:0.336518083553                  elapsed_time:0.0791189670563
INFO:root:sl:0.00198664584816 sr:0.00189284544331 heading:356 velocity:[0.54, 1.14, 0.47] position:LocationGlobalRelative:lat=55.9408352,lon=-3.1929782,alt=4.67
INFO:root:Angle_optical:0.982316672361 Distance_optical:0.00852821966314 Angle_gps:47.3533618228 Distance_gps:0.582693574133                  elapsed_time:0.0709519386292
INFO:root:sl:-0.00153851099693 sr:0.00362247958833 heading:356 velocity:[0.54, 1.14, 0.47] position:LocationGlobalRelative:lat=55.9408352,lon=-3.1929782,alt=4.67
INFO:root:Angle_optical:16.7447532359 Distance_optical:0.0122527694344 Angle_gps:47.0382303764 Distance_gps:0.954398106801                  elapsed_time:0.0710310935974
INFO:root:sl:-0.00885298759359 sr:-0.0170152654389 heading:302 velocity:[0.54, 1.14, 0.47] position:LocationGlobalRelative:lat=55.9408352,lon=-3.1929782,alt=4.67
INFO:root:Angle_optical:16.7447532359 Distance_optical:0.0122527694344 Angle_gps:48.7610979974 Distance_gps:1.02423644808                  elapsed_time:0.0805480480194
INFO:root:sl:0.0211470124064 sr:-0.00596511336058 heading:302 velocity:[0.54, 1.14, 0.47] position:LocationGlobalRelative:lat=55.9408352,lon=-3.1929782,alt=4.67
INFO:root:Angle_optical:4.11234754971 Distance_optical:0.0400954015184 Angle_gps:51.7886177574 Distance_gps:1.09489725496                  elapsed_time:0.0829918384552
INFO:root:sl:0.00154667612916 sr:0.0197198501257 heading:302 velocity:[0.54, 1.14, 0.47] position:LocationGlobalRelative:lat=55.9408352,lon=-3.1929782,alt=4.67
INFO:root:Angle_optical:35.5761579038 Distance_optical:0.0486440839858 Angle_gps:54.7479600216 Distance_gps:1.15915332016                  elapsed_time:0.0730490684509
INFO:root:sl:-0.0284533238708 sr:0.0497198501257 heading:302 velocity:[0.54, 1.14, 0.47] position:LocationGlobalRelative:lat=55.9408352,lon=-3.1929782,alt=4.67
INFO:root:Angle_optical:72.387622588 Distance_optical:0.10037601153 Angle_gps:57.6842962362 Distance_gps:1.22818126156                  elapsed_time:0.077033996582
INFO:root:sl:-0.0584533238708 sr:0.0797198501257 heading:302 velocity:[0.54, 1.14, 0.47] position:LocationGlobalRelative:lat=55.9408352,lon=-3.1929782,alt=4.67
INFO:root:Angle_optical:86.5816836037 Distance_optical:0.20131106594 Angle_gps:60.3691745013 Distance_gps:1.29655610692                  elapsed_time:0.0750739574432
INFO:root:sl:-0.0775356098092 sr:0.109719850126 heading:302 velocity:[0.54, 1.14, 0.47] position:LocationGlobalRelative:lat=55.9408352,lon=-3.1929782,alt=4.67
INFO:root:Angle_optical:92.3862766137 Distance_optical:0.348875307851 Angle_gps:62.84093004 Distance_gps:1.36862515342                  elapsed_time:0.0732340812683
INFO:root:sl:-0.0926324085708 sr:0.139719850126 heading:302 velocity:[0.54, 1.14, 0.47] position:LocationGlobalRelative:lat=55.9408352,lon=-3.1929782,alt=4.67
INFO:root:Angle_optical:95.3471772564 Distance_optical:0.536953846493 Angle_gps:65.0761446379 Distance_gps:1.44178407798                  elapsed_time:0.0737421512604
INFO:root:sl:-0.0902491137667 sr:0.109870659806 heading:302 velocity:[0.54, 1.14, 0.47] position:LocationGlobalRelative:lat=55.9408352,lon=-3.1929782,alt=4.67
INFO:root:Angle_optical:96.5366849745 Distance_optical:0.686323576422 Angle_gps:67.1048095382 Distance_gps:1.51741912124                  elapsed_time:0.0744001865387
INFO:root:sl:-0.114174800273 sr:0.0853784795205 heading:302 velocity:[0.54, 1.14, 0.47] position:LocationGlobalRelative:lat=55.9408352,lon=-3.1929782,alt=4.67
INFO:root:Angle_optical:97.1792286206 Distance_optical:0.802131783178 Angle_gps:68.9418542467 Distance_gps:1.5943695324                  elapsed_time:0.0709230899811
INFO:root:sl:-0.144174800273 sr:0.0556735509057 heading:302 velocity:[0.54, 1.14, 0.47] position:LocationGlobalRelative:lat=55.9408352,lon=-3.1929782,alt=4.67
INFO:root:Angle_optical:97.505250987 Distance_optical:0.877859624939 Angle_gps:70.610468291 Distance_gps:1.67300344621                  elapsed_time:0.0798320770264
INFO:root:sl:-0.174174800273 sr:0.0582751222525 heading:302 velocity:[0.54, 1.14, 0.47] position:LocationGlobalRelative:lat=55.9408352,lon=-3.1929782,alt=4.67
INFO:root:Angle_optical:97.795363838 Distance_optical:0.957051230819 Angle_gps:72.1288174795 Distance_gps:1.75278898154                  elapsed_time:0.0728650093079
INFO:root:sl:-0.204174800273 sr:0.0420791062594 heading:302 velocity:[0.43, 1.42, 0.09] position:LocationGlobalRelative:lat=55.94084,lon=-3.1929584,alt=4.96
INFO:root:Angle_optical:97.9759766266 Distance_optical:1.01429207586 Angle_gps:72.6548881467 Distance_gps:1.78255601698                  elapsed_time:0.0731060504913
INFO:root:sl:-0.213130381966 sr:0.0436384746905 heading:302 velocity:[0.43, 1.42, 0.09] position:LocationGlobalRelative:lat=55.94084,lon=-3.1929584,alt=4.96
INFO:root:Angle_optical:98.1438048853 Distance_optical:1.07363629416 Angle_gps:73.1636934478 Distance_gps:1.81245033721                  elapsed_time:0.0789828300476
INFO:root:sl:-0.227878727199 sr:0.0211420835406 heading:302 velocity:[0.43, 1.42, 0.09] position:LocationGlobalRelative:lat=55.94084,lon=-3.1929584,alt=4.96
INFO:root:Angle_optical:98.2184682572 Distance_optical:1.10239868995 Angle_gps:73.6559776954 Distance_gps:1.84249301333                  elapsed_time:0.0749580860138
INFO:root:sl:-0.211217710114 sr:0.0368278722431 heading:302 velocity:[0.43, 1.42, 0.09] position:LocationGlobalRelative:lat=55.94084,lon=-3.1929584,alt=4.96
INFO:root:Angle_optical:98.3398498077 Distance_optical:1.15249635952 Angle_gps:74.1324458977 Distance_gps:1.87266093036                  elapsed_time:0.0721011161804
INFO:root:sl:-0.191992755158 sr:0.0222196167251 heading:350 velocity:[0.43, 1.42, 0.09] position:LocationGlobalRelative:lat=55.94084,lon=-3.1929584,alt=4.96
INFO:root:Angle_optical:97.7463901944 Distance_optical:1.17902263214 Angle_gps:74.0366892514 Distance_gps:2.25522681455                  elapsed_time:0.0758638381958
INFO:root:sl:-0.185690512619 sr:0.0209108181649 heading:350 velocity:[0.43, 1.42, 0.09] position:LocationGlobalRelative:lat=55.94084,lon=-3.1929584,alt=4.96
INFO:root:Angle_optical:96.9321415899 Distance_optical:1.20194019783 Angle_gps:72.0796669876 Distance_gps:2.64370033647                  elapsed_time:0.0781090259552
INFO:root:sl:-0.165684159472 sr:0.0127951081362 heading:350 velocity:[0.43, 1.42, 0.09] position:LocationGlobalRelative:lat=55.94084,lon=-3.1929584,alt=4.96
INFO:root:Angle_optical:96.4056192616 Distance_optical:1.2152056334 Angle_gps:70.1026355589 Distance_gps:3.02581388278                  elapsed_time:0.071634054184
INFO:root:sl:-0.170950496867 sr:0.00577223680008 heading:350 velocity:[0.43, 1.42, 0.09] position:LocationGlobalRelative:lat=55.94084,lon=-3.1929584,alt=4.96
INFO:root:Angle_optical:96.1596461142 Distance_optical:1.22105225162 Angle_gps:68.3074734948 Distance_gps:3.40918622888                  elapsed_time:0.0709500312805
INFO:root:sl:-0.140950496867 sr:0.00742898906158 heading:350 velocity:[0.43, 1.42, 0.09] position:LocationGlobalRelative:lat=55.94084,lon=-3.1929584,alt=4.96
INFO:root:Angle_optical:95.8431018331 Distance_optical:1.22847270972 Angle_gps:66.7988586434 Distance_gps:3.79191657947                  elapsed_time:0.0785942077637
INFO:root:sl:-0.118458860361 sr:0.00701114808879 heading:350 velocity:[0.43, 1.42, 0.09] position:LocationGlobalRelative:lat=55.94084,lon=-3.1929584,alt=4.96
INFO:root:Angle_optical:95.5444583545 Distance_optical:1.23546682238 Angle_gps:65.5190650405 Distance_gps:4.1767647409                  elapsed_time:0.0709319114685
INFO:root:sl:-0.131300460505 sr:0.0183549502997 heading:350 velocity:[0.43, 1.42, 0.09] position:LocationGlobalRelative:lat=55.94084,lon=-3.1929584,alt=4.96
INFO:root:Angle_optical:94.7773783564 Distance_optical:1.25384966399 Angle_gps:64.4431339131 Distance_gps:4.56239018527                  elapsed_time:0.0721440315247
INFO:root:sl:-0.117540839747 sr:0.0255387372654 heading:350 velocity:[0.43, 1.42, 0.09] position:LocationGlobalRelative:lat=55.94084,lon=-3.1929584,alt=4.96
INFO:root:Angle_optical:93.7437943669 Distance_optical:1.27976163187 Angle_gps:63.5251954689 Distance_gps:4.94951897902                  elapsed_time:0.0726089477539
INFO:root:sl:-0.126255705097 sr:0.0212348716754 heading:350 velocity:[0.43, 1.42, 0.09] position:LocationGlobalRelative:lat=55.94084,lon=-3.1929584,alt=4.96
INFO:root:Angle_optical:92.9159315768 Distance_optical:1.301587686 Angle_gps:62.7387473721 Distance_gps:5.3374369393                  elapsed_time:0.0731520652771
INFO:root:sl:-0.120460889749 sr:0.0377984895832 heading:350 velocity:[0.43, 1.42, 0.09] position:LocationGlobalRelative:lat=55.94084,lon=-3.1929584,alt=4.96
INFO:root:Angle_optical:91.5082905273 Distance_optical:1.34107627598 Angle_gps:62.0567676209 Distance_gps:5.7263075667                  elapsed_time:0.071624994278
INFO:root:sl:-0.126075412631 sr:0.057591852156 heading:350 velocity:[0.45, 1.35, 0.05] position:LocationGlobalRelative:lat=55.9408432,lon=-3.1929378,alt=5.12
INFO:root:Angle_optical:89.5181335295 Distance_optical:1.40266932528 Angle_gps:61.4727797412 Distance_gps:6.1078427625                  elapsed_time:0.0794110298157
INFO:root:sl:-0.118519530758 sr:0.0845495361676 heading:350 velocity:[0.45, 1.35, 0.05] position:LocationGlobalRelative:lat=55.9408432,lon=-3.1929378,alt=5.12
INFO:root:Angle_optical:86.8975300718 Distance_optical:1.49584679342 Angle_gps:60.9569937294 Distance_gps:6.48997014707                  elapsed_time:0.0746438503265
INFO:root:sl:-0.131544963175 sr:0.114549536168 heading:350 velocity:[0.45, 1.35, 0.05] position:LocationGlobalRelative:lat=55.9408432,lon=-3.1929378,alt=5.12
INFO:root:Angle_optical:83.8352985401 Distance_optical:1.62638374673 Angle_gps:60.4986256771 Distance_gps:6.87252410632                  elapsed_time:0.0724849700928
INFO:root:sl:-0.138665127896 sr:0.144549536168 heading:350 velocity:[0.45, 1.35, 0.05] position:LocationGlobalRelative:lat=55.9408432,lon=-3.1929378,alt=5.12
INFO:root:Angle_optical:80.6175118479 Distance_optical:1.79663934345 Angle_gps:60.0884917076 Distance_gps:7.2554792895                  elapsed_time:0.0751709938049
INFO:root:sl:-0.15706427576 sr:0.174549536168 heading:37 velocity:[0.45, 1.35, 0.05] position:LocationGlobalRelative:lat=55.9408432,lon=-3.1929378,alt=5.12
INFO:root:Angle_optical:75.1224129275 Distance_optical:1.93938388362 Angle_gps:57.6380179427 Distance_gps:7.59722266757                  elapsed_time:0.0749871730804
INFO:root:sl:-0.18706427576 sr:0.204549536168 heading:37 velocity:[0.45, 1.35, 0.05] position:LocationGlobalRelative:lat=55.9408432,lon=-3.1929378,alt=5.12
INFO:root:Angle_optical:68.4307103766 Distance_optical:2.08818832423 Angle_gps:54.7960792661 Distance_gps:7.89106739522                  elapsed_time:0.0700778961182
INFO:root:sl:-0.21706427576 sr:0.234549536168 heading:37 velocity:[0.45, 1.35, 0.05] position:LocationGlobalRelative:lat=55.9408432,lon=-3.1929378,alt=5.12
INFO:root:Angle_optical:61.6190999344 Distance_optical:2.26923850667 Angle_gps:52.0359003904 Distance_gps:8.17316430316                  elapsed_time:0.0720980167389
INFO:root:sl:-0.214686986322 sr:0.233059157212 heading:37 velocity:[0.45, 1.35, 0.05] position:LocationGlobalRelative:lat=55.9408432,lon=-3.1929378,alt=5.12
INFO:root:Angle_optical:55.6842976132 Distance_optical:2.46817494823 Angle_gps:49.3686147639 Distance_gps:8.45987845135                  elapsed_time:0.0699808597565
INFO:root:sl:-0.193524409968 sr:0.204892548896 heading:37 velocity:[0.45, 1.35, 0.05] position:LocationGlobalRelative:lat=55.9408432,lon=-3.1929378,alt=5.12
INFO:root:Angle_optical:51.1985037025 Distance_optical:2.65771859212 Angle_gps:46.8644973296 Distance_gps:8.75635580657                  elapsed_time:0.0720810890198
INFO:root:sl:-0.175467949025 sr:0.179890878541 heading:37 velocity:[0.45, 1.35, 0.05] position:LocationGlobalRelative:lat=55.9408432,lon=-3.1929378,alt=5.12
INFO:root:Angle_optical:47.7312025856 Distance_optical:2.83481608136 Angle_gps:44.5050222249 Distance_gps:9.06592401519                  elapsed_time:0.0700290203094
INFO:root:sl:-0.145467949025 sr:0.149890878541 heading:37 velocity:[0.45, 1.35, 0.05] position:LocationGlobalRelative:lat=55.9408432,lon=-3.1929378,alt=5.12
INFO:root:Angle_optical:45.1587586225 Distance_optical:2.98869991455 Angle_gps:42.3027358595 Distance_gps:9.38802163384                  elapsed_time:0.0743410587311
INFO:root:sl:-0.115467949025 sr:0.119890878541 heading:37 velocity:[0.45, 1.35, 0.05] position:LocationGlobalRelative:lat=55.9408432,lon=-3.1929378,alt=5.12
INFO:root:Angle_optical:43.2800775829 Distance_optical:3.11564254396 Angle_gps:40.2430601205 Distance_gps:9.7226388926                  elapsed_time:0.0725719928741
INFO:root:sl:-0.0854679490252 sr:0.0898908785412 heading:37 velocity:[0.45, 1.35, 0.05] position:LocationGlobalRelative:lat=55.9408432,lon=-3.1929378,alt=5.12
INFO:root:Angle_optical:41.9697105817 Distance_optical:3.21274540716 Angle_gps:38.3228373688 Distance_gps:10.0684869115                  elapsed_time:0.0712978839874
INFO:root:sl:-0.0554679490252 sr:0.0598908785412 heading:37 velocity:[0.45, 1.35, 0.05] position:LocationGlobalRelative:lat=55.9408432,lon=-3.1929378,alt=5.12
INFO:root:Angle_optical:41.1390802032 Distance_optical:3.27832783587 Angle_gps:36.5302593214 Distance_gps:10.4248375442                  elapsed_time:0.0763421058655
INFO:root:sl:-0.0254679490252 sr:0.0298908785412 heading:37 velocity:[0.45, 1.35, 0.05] position:LocationGlobalRelative:lat=55.9408432,lon=-3.1929378,alt=5.12
INFO:root:Angle_optical:40.7369162907 Distance_optical:3.31129761431 Angle_gps:34.8579301657 Distance_gps:10.790558839                  elapsed_time:0.0741341114044
INFO:root:sl:0.00453205097484 sr:0.0114617221531 heading:37 velocity:[0.45, 1.35, 0.05] position:LocationGlobalRelative:lat=55.9408432,lon=-3.1929378,alt=5.12
INFO:root:Angle_optical:40.4981336892 Distance_optical:3.32051023307 Angle_gps:33.2959763432 Distance_gps:11.1648629558                  elapsed_time:0.0702030658722
INFO:root:sl:0.0345320509748 sr:0.0102061940791 heading:37 velocity:[1.45, 0.59, -1.14] position:LocationGlobalRelative:lat=55.9408551,lon=-3.1929278,alt=5.11
INFO:root:Angle_optical:39.6990086753 Distance_optical:3.30571698616 Angle_gps:30.6010059627 Distance_gps:11.2022037452                  elapsed_time:0.0782940387726
INFO:root:sl:0.0645320509748 sr:0.0402061940791 heading:37 velocity:[1.45, 0.59, -1.14] position:LocationGlobalRelative:lat=55.9408551,lon=-3.1929278,alt=5.11
INFO:root:Angle_optical:37.9229734993 Distance_optical:3.30391495418 Angle_gps:27.9296455274 Distance_gps:11.2641098975                  elapsed_time:0.0733509063721
INFO:root:sl:0.0945320509748 sr:0.0702061940791 heading:37 velocity:[1.45, 0.59, -1.14] position:LocationGlobalRelative:lat=55.9408551,lon=-3.1929278,alt=5.11
INFO:root:Angle_optical:35.192675922 Distance_optical:3.32028643101 Angle_gps:25.2932630647 Distance_gps:11.3501960929                  elapsed_time:0.0727970600128
INFO:root:sl:0.124532050975 sr:0.100206194079 heading:37 velocity:[1.45, 0.59, -1.14] position:LocationGlobalRelative:lat=55.9408551,lon=-3.1929278,alt=5.11
INFO:root:Angle_optical:31.5707232423 Distance_optical:3.36257820432 Angle_gps:22.7019139565 Distance_gps:11.4599143059                  elapsed_time:0.0708990097046
INFO:root:sl:0.107854717601 sr:0.130206194079 heading:340 velocity:[1.45, 0.59, -1.14] position:LocationGlobalRelative:lat=55.9408551,lon=-3.1929278,alt=5.11
INFO:root:Angle_optical:29.5926229638 Distance_optical:3.5399407398 Angle_gps:23.1445231751 Distance_gps:11.9457614385                  elapsed_time:0.07639503479
INFO:root:sl:0.12169551548 sr:0.160206194079 heading:340 velocity:[1.45, 0.59, -1.14] position:LocationGlobalRelative:lat=55.9408551,lon=-3.1929278,alt=5.11
INFO:root:Angle_optical:28.5878380796 Distance_optical:3.80240764421 Angle_gps:24.2273911068 Distance_gps:12.4179554352                  elapsed_time:0.0707099437714
