INFO:root:sl:0.0010309987023 sr:0.000955598866053 heading:151 velocity:[None, None, None] position:LocationGlobalRelative:lat=None,lon=None,alt=None
INFO:root:Angle_optical:-2.173575493 Distance_optical:0.000691775194806 Angle_gps:0.0 Distance_gps:0.0                  elapsed_time:0.0972721576691
INFO:root:sl:0.00135655877248 sr:0.00148069234944 heading:151 velocity:[None, None, None] position:LocationGlobalRelative:lat=None,lon=None,alt=None
INFO:root:Angle_optical:0.298355143082 Distance_optical:0.00146538955048 Angle_gps:0.0 Distance_gps:0.0                  elapsed_time:0.0821089744568
INFO:root:sl:0.00461401925989 sr:0.0048402810394 heading:151 velocity:[None, None, None] position:LocationGlobalRelative:lat=None,lon=None,alt=None
INFO:root:Angle_optical:1.17042488669 Distance_optical:0.00783783190415 Angle_gps:0.0 Distance_gps:0.0                  elapsed_time:0.0800821781158
INFO:root:sl:-2.59420681012e-10 sr:-1.05085529427e-09 heading:151 velocity:[None, None, None] position:LocationGlobalRelative:lat=None,lon=None,alt=None
INFO:root:Angle_optical:1.17042488669 Distance_optical:0.00783783190415 Angle_gps:0.0 Distance_gps:0.0                  elapsed_time:0.121270179749
INFO:root:sl:0.0128132305637 sr:0.0125844695973 heading:151 velocity:[None, None, None] position:LocationGlobalRelative:lat=None,lon=None,alt=None
INFO:root:Angle_optical:-0.0902607042878 Distance_optical:0.0310396170978 Angle_gps:0.0 Distance_gps:0.0                  elapsed_time:0.095762014389
INFO:root:sl:0.00015531528354 sr:6.26210198236e-05 heading:151 velocity:[None, None, None] position:LocationGlobalRelative:lat=None,lon=None,alt=None
INFO:root:Angle_optical:-0.234349845613 Distance_optical:0.031225150908 Angle_gps:0.0 Distance_gps:0.0                  elapsed_time:0.086040019989
INFO:root:sl:0.00173366598142 sr:0.00196998080763 heading:151 velocity:[None, None, None] position:LocationGlobalRelative:lat=None,lon=None,alt=None
INFO:root:Angle_optical:0.164952178206 Distance_optical:0.034796707767 Angle_gps:0.0 Distance_gps:0.0                  elapsed_time:0.0825629234314
INFO:root:sl:0.000182567730944 sr:0.000161800545942 heading:151 velocity:[None, None, None] position:LocationGlobalRelative:lat=None,lon=None,alt=None
INFO:root:Angle_optical:0.132259936444 Distance_optical:0.0351137548315 Angle_gps:0.0 Distance_gps:0.0                  elapsed_time:0.079845905304
INFO:root:sl:0.000532871344809 sr:0.000250164139796 heading:151 velocity:[None, None, None] position:LocationGlobalRelative:lat=None,lon=None,alt=None
INFO:root:Angle_optical:-0.303414752685 Distance_optical:0.0358647160627 Angle_gps:0.0 Distance_gps:0.0                  elapsed_time:0.0832378864288
INFO:root:sl:0.00142745683859 sr:0.00140360990415 heading:151 velocity:[None, None, None] position:LocationGlobalRelative:lat=None,lon=None,alt=None
INFO:root:Angle_optical:-0.315780149558 Distance_optical:0.0385230203251 Angle_gps:0.0 Distance_gps:0.0                  elapsed_time:0.112581014633
INFO:root:sl:0.000831724135987 sr:0.000719649900325 heading:151 velocity:[None, None, None] position:LocationGlobalRelative:lat=None,lon=None,alt=None
INFO:root:Angle_optical:-0.457030911366 Distance_optical:0.0400015464 Angle_gps:0.0 Distance_gps:0.0                  elapsed_time:0.0666840076447
INFO:root:sl:0.000261874123184 sr:0.000440048216823 heading:151 velocity:[None, None, None] position:LocationGlobalRelative:lat=None,lon=None,alt=None
INFO:root:Angle_optical:-0.212425046625 Distance_optical:0.0406636391657 Angle_gps:0.0 Distance_gps:0.0                  elapsed_time:0.077269077301
INFO:root:sl:0.000559587848451 sr:0.000551136667849 heading:151 velocity:[None, None, None] position:LocationGlobalRelative:lat=None,lon=None,alt=None
INFO:root:Angle_optical:-0.218077440731 Distance_optical:0.0417186496789 Angle_gps:0.0 Distance_gps:0.0                  elapsed_time:0.0850269794464
INFO:root:sl:0.000496792863928 sr:0.000357664871109 heading:151 velocity:[None, None, None] position:LocationGlobalRelative:lat=None,lon=None,alt=None
INFO:root:Angle_optical:-0.391377024548 Distance_optical:0.0425282558538 Angle_gps:0.0 Distance_gps:0.0                  elapsed_time:0.0823431015015
INFO:root:sl:0.000754180128247 sr:0.000682836626695 heading:151 velocity:[None, None, None] position:LocationGlobalRelative:lat=None,lon=None,alt=None
INFO:root:Angle_optical:-0.467569507803 Distance_optical:0.0438919840688 Angle_gps:0.0 Distance_gps:0.0                  elapsed_time:0.0825078487396
INFO:root:sl:6.26734199153e-05 sr:0.000392883773841 heading:151 velocity:[None, None, None] position:LocationGlobalRelative:lat=None,lon=None,alt=None
INFO:root:Angle_optical:-0.0585874228199 Distance_optical:0.0443221675648 Angle_gps:0.0 Distance_gps:0.0                  elapsed_time:0.0854001045227
INFO:root:sl:0.00164986411327 sr:0.00113504401883 heading:151 velocity:[None, None, None] position:LocationGlobalRelative:lat=None,lon=None,alt=None
INFO:root:Angle_optical:-0.650834398512 Distance_optical:0.0469658768491 Angle_gps:0.0 Distance_gps:0.0                  elapsed_time:0.0917890071869
INFO:root:sl:2.20986403369e-05 sr:0.000206188615977 heading:151 velocity:[None, None, None] position:LocationGlobalRelative:lat=None,lon=None,alt=None
INFO:root:Angle_optical:-0.435986669682 Distance_optical:0.0471805716298 Angle_gps:0.0 Distance_gps:0.0                  elapsed_time:0.0839447975159
INFO:root:sl:0.00195977299365 sr:0.00137126477627 heading:151 velocity:[None, None, None] position:LocationGlobalRelative:lat=None,lon=None,alt=None
INFO:root:Angle_optical:-1.04358560004 Distance_optical:0.0503455191124 Angle_gps:0.0 Distance_gps:0.0                  elapsed_time:0.0839371681213
INFO:root:sl:8.27720896152e-05 sr:7.6084911185e-05 heading:151 velocity:[None, None, None] position:LocationGlobalRelative:lat=None,lon=None,alt=None
INFO:root:Angle_optical:-1.04766474135 Distance_optical:0.0504961838172 Angle_gps:0.0 Distance_gps:0.0                  elapsed_time:0.0733571052551
INFO:root:sl:0.000667843394178 sr:0.00064499043707 heading:151 velocity:[None, None, None] position:LocationGlobalRelative:lat=None,lon=None,alt=None
INFO:root:Angle_optical:-1.04645233222 Distance_optical:0.0517409027625 Angle_gps:0.0 Distance_gps:0.0                  elapsed_time:0.0892059803009
