INFO:root:sl:0.0483331625569 sr:0.0886667641103 heading:-131, velocity:[None, None, None]
INFO:root:sl:0.102607065252 sr:0.179684875271 heading:-131, velocity:[None, None, None]
INFO:root:sl:0.0 sr:0.0 heading:-131, velocity:[None, None, None]
INFO:root:sl:0.0 sr:0.0 heading:-131, velocity:[None, None, None]
INFO:root:sl:-0.0808270992674 sr:0.0746895325191 heading:-131, velocity:[None, None, None]
INFO:root:sl:0.137539010777 sr:-0.0311899171632 heading:-131, velocity:[None, None, None]
INFO:root:sl:0.0 sr:0.0 heading:-131, velocity:[None, None, None]
INFO:root:sl:0.108090785995 sr:-0.01054125883 heading:-131, velocity:[None, None, None]
INFO:root:sl:0.0 sr:0.0 heading:-131, velocity:[None, None, None]
INFO:root:sl:0.0 sr:0.0 heading:-131, velocity:[None, None, None]
INFO:root:sl:0.0 sr:0.0 heading:-131, velocity:[None, None, None]
INFO:root:sl:0.0 sr:0.0 heading:-131, velocity:[None, None, None]
INFO:root:sl:0.0 sr:0.0 heading:-131, velocity:[None, None, None]
INFO:root:sl:0.0 sr:0.0 heading:-131, velocity:[None, None, None]
INFO:root:sl:0.0 sr:0.0 heading:-131, velocity:[None, None, None]
INFO:root:sl:0.0 sr:0.0 heading:-131, velocity:[None, None, None]
INFO:root:sl:0.0 sr:0.0 heading:-131, velocity:[None, None, None]
INFO:root:sl:0.0 sr:0.0 heading:-131, velocity:[None, None, None]
INFO:root:sl:-0.080895265822 sr:0.0164730924607 heading:-131, velocity:[None, None, None]
INFO:root:sl:0.0 sr:0.0 heading:-131, velocity:[None, None, None]
INFO:root:sl:0.0 sr:0.0 heading:-131, velocity:[None, None, None]
INFO:root:sl:0.100986120741 sr:-0.0179012273225 heading:-131, velocity:[None, None, None]
INFO:root:sl:0.0 sr:0.0 heading:-131, velocity:[None, None, None]
INFO:root:sl:0.0 sr:0.0 heading:-131, velocity:[None, None, None]
INFO:root:sl:0.0590816598506 sr:-0.0122864270812 heading:-131, velocity:[None, None, None]
INFO:root:sl:0.0 sr:0.0 heading:-131, velocity:[None, None, None]
INFO:root:sl:0.0 sr:0.0 heading:-131, velocity:[None, None, None]
INFO:root:sl:0.152849964278 sr:-0.0292449170258 heading:-131, velocity:[None, None, None]
INFO:root:sl:0.226139462648 sr:-0.0474765961869 heading:-131, velocity:[None, None, None]
INFO:root:sl:0.0 sr:0.0 heading:-131, velocity:[None, None, None]
INFO:root:sl:0.0 sr:0.0 heading:-131, velocity:[None, None, None]
INFO:root:sl:0.0 sr:0.0 heading:-131, velocity:[None, None, None]
INFO:root:sl:0.0 sr:0.0 heading:-131, velocity:[None, None, None]
INFO:root:sl:0.0 sr:0.0 heading:-131, velocity:[None, None, None]
INFO:root:sl:0.0 sr:0.0 heading:-131, velocity:[None, None, None]
INFO:root:sl:0.0 sr:0.0 heading:-131, velocity:[None, None, None]
INFO:root:sl:0.0 sr:0.0 heading:-131, velocity:[None, None, None]
INFO:root:sl:0.0 sr:0.0 heading:-131, velocity:[None, None, None]
INFO:root:sl:0.0 sr:0.0 heading:-131, velocity:[None, None, None]
INFO:root:sl:0.0 sr:0.0 heading:-131, velocity:[None, None, None]
INFO:root:sl:0.0 sr:0.0 heading:-131, velocity:[None, None, None]
INFO:root:sl:0.0 sr:0.0 heading:-131, velocity:[None, None, None]
INFO:root:sl:0.0 sr:0.0 heading:-131, velocity:[None, None, None]
INFO:root:sl:0.0 sr:0.0 heading:-131, velocity:[None, None, None]
INFO:root:sl:0.0 sr:0.0 heading:-131, velocity:[None, None, None]
INFO:root:sl:0.0 sr:0.0 heading:-131, velocity:[None, None, None]
INFO:root:sl:0.0 sr:0.0 heading:-131, velocity:[None, None, None]
INFO:root:sl:0.0 sr:0.0 heading:-131, velocity:[None, None, None]
INFO:root:sl:0.0 sr:0.0 heading:-131, velocity:[None, None, None]
INFO:root:sl:0.0 sr:0.0 heading:-131, velocity:[None, None, None]
INFO:root:sl:0.0 sr:0.0 heading:-131, velocity:[None, None, None]
INFO:root:sl:0.0 sr:0.0 heading:-131, velocity:[None, None, None]
INFO:root:sl:0.0 sr:0.0 heading:-131, velocity:[None, None, None]
INFO:root:sl:0.0 sr:0.0 heading:-131, velocity:[None, None, None]
INFO:root:sl:0.0 sr:0.0 heading:-131, velocity:[None, None, None]
INFO:root:sl:0.0 sr:0.0 heading:-131, velocity:[None, None, None]
INFO:root:sl:0.0 sr:0.0 heading:-131, velocity:[None, None, None]
INFO:root:sl:0.0 sr:0.0 heading:-131, velocity:[None, None, None]
INFO:root:sl:0.0 sr:0.0 heading:-131, velocity:[None, None, None]
INFO:root:sl:0.0 sr:0.0 heading:-131, velocity:[None, None, None]
INFO:root:sl:0.0 sr:0.0 heading:-131, velocity:[None, None, None]
INFO:root:sl:0.0 sr:0.0 heading:-131, velocity:[None, None, None]
INFO:root:sl:0.0 sr:0.0 heading:-131, velocity:[None, None, None]
INFO:root:sl:0.0 sr:0.0 heading:-131, velocity:[None, None, None]
INFO:root:sl:0.0 sr:0.0 heading:-131, velocity:[None, None, None]
INFO:root:sl:0.0 sr:0.0 heading:-131, velocity:[None, None, None]
INFO:root:sl:0.0 sr:0.0 heading:-131, velocity:[None, None, None]
INFO:root:sl:0.0 sr:0.0 heading:-131, velocity:[None, None, None]
INFO:root:sl:0.0 sr:0.0 heading:-131, velocity:[None, None, None]
INFO:root:sl:0.0 sr:0.0 heading:-131, velocity:[None, None, None]
INFO:root:sl:0.0 sr:0.0 heading:-131, velocity:[None, None, None]
INFO:root:sl:0.0 sr:0.0 heading:-131, velocity:[None, None, None]
INFO:root:sl:0.0 sr:0.0 heading:-131, velocity:[None, None, None]
INFO:root:sl:0.0 sr:0.0 heading:-131, velocity:[None, None, None]
INFO:root:sl:0.0 sr:0.0 heading:-131, velocity:[None, None, None]
INFO:root:sl:-0.213018294379 sr:0.0517020835149 heading:-131, velocity:[None, None, None]
INFO:root:sl:0.0 sr:0.0 heading:-131, velocity:[None, None, None]
INFO:root:sl:0.0 sr:0.0 heading:-131, velocity:[None, None, None]
INFO:root:sl:0.123733878117 sr:-0.0271142178548 heading:-131, velocity:[None, None, None]
INFO:root:sl:0.0 sr:0.0 heading:-131, velocity:[None, None, None]
INFO:root:sl:0.0 sr:0.0 heading:-131, velocity:[None, None, None]
INFO:root:sl:0.0 sr:0.0 heading:-131, velocity:[None, None, None]
INFO:root:sl:0.0 sr:0.0 heading:-131, velocity:[None, None, None]
INFO:root:sl:0.0 sr:0.0 heading:-131, velocity:[None, None, None]
INFO:root:sl:0.0 sr:0.0 heading:-131, velocity:[None, None, None]
INFO:root:sl:-0.0816093602673 sr:0.00604969444485 heading:-131, velocity:[None, None, None]
INFO:root:sl:0.062745663513 sr:-0.0100542640626 heading:-131, velocity:[None, None, None]
INFO:root:sl:0.0 sr:0.0 heading:-131, velocity:[None, None, None]
INFO:root:sl:0.137650624473 sr:-0.0643097464802 heading:-131, velocity:[None, None, None]
INFO:root:sl:0.139107662295 sr:0.0334386252184 heading:-131, velocity:[None, None, None]
INFO:root:sl:0.0532153526783 sr:0.0816955666382 heading:-131, velocity:[None, None, None]
INFO:root:sl:-0.159309282418 sr:-0.110590283364 heading:-131, velocity:[None, None, None]
INFO:root:sl:-0.0871999502038 sr:-0.116606983652 heading:-131, velocity:[None, None, None]
INFO:root:sl:0.15376142919 sr:-0.209599738852 heading:-131, velocity:[None, None, None]
INFO:root:sl:-0.0474603124411 sr:0.191545339558 heading:-131, velocity:[None, None, None]
INFO:root:sl:0.179517760944 sr:0.00306940429377 heading:-131, velocity:[None, None, None]
INFO:root:sl:-0.00313419468219 sr:-0.120760961157 heading:-131, velocity:[None, None, None]
INFO:root:sl:0.0781764864504 sr:-0.336127181452 heading:-131, velocity:[None, None, None]
INFO:root:sl:0.219974417569 sr:0.218253266349 heading:-131, velocity:[None, None, None]
INFO:root:sl:0.0131195410269 sr:0.00575360176571 heading:-131, velocity:[None, None, None]
INFO:root:Angle:156.147397781 Distance:2.83979570664
