INFO:root:sl:0.00181346820932 sr:0.00157359867355 heading:151 velocity:[None, None, None] position:LocationGlobalRelative:lat=None,lon=None,alt=None
INFO:root:Angle_optical:-4.05088094049 Distance_optical:0.00118155142454 Angle_gps:0.0 Distance_gps:0.0                  elapsed_time:0.0596539974213
INFO:root:sl:0.00297491482025 sr:0.00299356416641 heading:151 velocity:[None, None, None] position:LocationGlobalRelative:lat=None,lon=None,alt=None
INFO:root:Angle_optical:-1.59945070069 Distance_optical:0.0028080842575 Angle_gps:0.0 Distance_gps:0.0                  elapsed_time:0.0650510787964
INFO:root:sl:0.00026700182743 sr:0.000279277900694 heading:151 velocity:[None, None, None] position:LocationGlobalRelative:lat=None,lon=None,alt=None
INFO:root:Angle_optical:-1.26490018357 Distance_optical:0.00317587736874 Angle_gps:0.0 Distance_gps:0.0                  elapsed_time:0.107803821564
INFO:root:sl:5.37540631326e-05 sr:5.38059876401e-05 heading:151 velocity:[None, None, None] position:LocationGlobalRelative:lat=None,lon=None,alt=None
INFO:root:Angle_optical:-1.23886354023 Distance_optical:0.00324115474532 Angle_gps:0.0 Distance_gps:0.0                  elapsed_time:0.12840294838
INFO:root:sl:0.0110066415288 sr:0.0103766021839 heading:151 velocity:[None, None, None] position:LocationGlobalRelative:lat=None,lon=None,alt=None
INFO:root:Angle_optical:-1.62384089288 Distance_optical:0.0227853152165 Angle_gps:0.0 Distance_gps:0.0                  elapsed_time:0.0917069911957
INFO:root:sl:0.00099679675282 sr:0.00105475212555 heading:151 velocity:[None, None, None] position:LocationGlobalRelative:lat=None,lon=None,alt=None
INFO:root:Angle_optical:-1.39329951839 Distance_optical:0.0245278478034 Angle_gps:0.0 Distance_gps:0.0                  elapsed_time:0.0775370597839
INFO:root:sl:0.00070311088046 sr:0.000502801963525 heading:151 velocity:[None, None, None] position:LocationGlobalRelative:lat=None,lon=None,alt=None
INFO:root:Angle_optical:-1.76085259218 Distance_optical:0.0256956719565 Angle_gps:0.0 Distance_gps:0.0                  elapsed_time:0.0905859470367
INFO:root:sl:0.00217302521956 sr:0.00224467193812 heading:151 velocity:[None, None, None] position:LocationGlobalRelative:lat=None,lon=None,alt=None
INFO:root:Angle_optical:-1.39324620497 Distance_optical:0.0297601956318 Angle_gps:0.0 Distance_gps:0.0                  elapsed_time:0.0774509906769
INFO:root:sl:4.1322515992e-05 sr:0.000156400721968 heading:151 velocity:[None, None, None] position:LocationGlobalRelative:lat=None,lon=None,alt=None
INFO:root:Angle_optical:-1.17345467269 Distance_optical:0.0299471988242 Angle_gps:0.0 Distance_gps:0.0                  elapsed_time:0.0875010490417
INFO:root:sl:0.000289775162875 sr:0.000405969751181 heading:151 velocity:[None, None, None] position:LocationGlobalRelative:lat=None,lon=None,alt=None
INFO:root:Angle_optical:-0.94415344811 Distance_optical:0.0305983402732 Angle_gps:0.0 Distance_gps:0.0                  elapsed_time:0.0926740169525
INFO:root:sl:0.000476281897462 sr:0.000452582436598 heading:151 velocity:[None, None, None] position:LocationGlobalRelative:lat=None,lon=None,alt=None
INFO:root:Angle_optical:-0.958699404242 Distance_optical:0.0314834291164 Angle_gps:0.0 Distance_gps:0.0                  elapsed_time:0.0889701843262
INFO:root:sl:0.00113034120104 sr:0.00128931897856 heading:151 velocity:[None, None, None] position:LocationGlobalRelative:lat=None,lon=None,alt=None
INFO:root:Angle_optical:-0.639010394443 Distance_optical:0.0337669054881 Angle_gps:0.0 Distance_gps:0.0                  elapsed_time:0.0840191841125
INFO:root:sl:0.00139544512336 sr:0.00122179790431 heading:151 velocity:[None, None, None] position:LocationGlobalRelative:lat=None,lon=None,alt=None
INFO:root:Angle_optical:-0.855835364228 Distance_optical:0.0362547583802 Angle_gps:0.0 Distance_gps:0.0                  elapsed_time:0.0928330421448
INFO:root:sl:0.00157297805185 sr:0.00145801230177 heading:151 velocity:[None, None, None] position:LocationGlobalRelative:lat=None,lon=None,alt=None
INFO:root:Angle_optical:-0.952437112683 Distance_optical:0.0391255618234 Angle_gps:0.0 Distance_gps:0.0                  elapsed_time:0.0805020332336
INFO:root:sl:0.000124033256226 sr:0.000778995296018 heading:151 velocity:[None, None, None] position:LocationGlobalRelative:lat=None,lon=None,alt=None
INFO:root:Angle_optical:-0.0415862954409 Distance_optical:0.039976845445 Angle_gps:0.0 Distance_gps:0.0                  elapsed_time:0.0899310112
INFO:root:sl:0.00020621583841 sr:5.67299279265e-05 heading:151 velocity:[None, None, None] position:LocationGlobalRelative:lat=None,lon=None,alt=None
INFO:root:Angle_optical:-0.24306027221 Distance_optical:0.0402263272467 Angle_gps:0.0 Distance_gps:0.0                  elapsed_time:0.0904860496521
INFO:root:sl:0.00015770562069 sr:0.000162192834343 heading:151 velocity:[None, None, None] position:LocationGlobalRelative:lat=None,lon=None,alt=None
INFO:root:Angle_optical:-0.235226214929 Distance_optical:0.0405296405989 Angle_gps:0.0 Distance_gps:0.0                  elapsed_time:0.0733671188354
INFO:root:sl:0.00013955181731 sr:0.000106306894058 heading:151 velocity:[None, None, None] position:LocationGlobalRelative:lat=None,lon=None,alt=None
INFO:root:Angle_optical:-0.278168305632 Distance_optical:0.0407627915985 Angle_gps:0.0 Distance_gps:0.0                  elapsed_time:0.0870110988617
INFO:root:sl:0.00130595113999 sr:0.00210328922006 heading:151 velocity:[None, None, None] position:LocationGlobalRelative:lat=None,lon=None,alt=None
INFO:root:Angle_optical:0.726679777271 Distance_optical:0.0439979517584 Angle_gps:0.0 Distance_gps:0.0                  elapsed_time:0.0811910629272
INFO:root:sl:0.000244791153876 sr:0.000301302380591 heading:151 velocity:[None, None, None] position:LocationGlobalRelative:lat=None,lon=None,alt=None
INFO:root:Angle_optical:0.787166723898 Distance_optical:0.0445162341928 Angle_gps:0.0 Distance_gps:0.0                  elapsed_time:0.0902538299561
INFO:root:sl:0.00114355401991 sr:0.00137711599897 heading:151 velocity:[None, None, None] position:LocationGlobalRelative:lat=None,lon=None,alt=None
INFO:root:Angle_optical:1.0174813303 Distance_optical:0.0469089562847 Angle_gps:0.0 Distance_gps:0.0                  elapsed_time:0.0866701602936
INFO:root:sl:0.000460704345215 sr:0.000438420920407 heading:151 velocity:[None, None, None] position:LocationGlobalRelative:lat=None,lon=None,alt=None
INFO:root:Angle_optical:0.97399003561 Distance_optical:0.0477607435546 Angle_gps:0.0 Distance_gps:0.0                  elapsed_time:0.0785701274872
INFO:root:sl:0.000640147065446 sr:0.000494999431629 heading:151 velocity:[None, None, None] position:LocationGlobalRelative:lat=None,lon=None,alt=None
INFO:root:Angle_optical:0.7911206539 Distance_optical:0.0488345558102 Angle_gps:0.0 Distance_gps:0.0                  elapsed_time:0.0884020328522
INFO:root:sl:0.000553654247511 sr:0.000586927066811 heading:151 velocity:[None, None, None] position:LocationGlobalRelative:lat=None,lon=None,alt=None
INFO:root:Angle_optical:0.810185003524 Distance_optical:0.0499160696526 Angle_gps:0.0 Distance_gps:0.0                  elapsed_time:0.0934829711914
INFO:root:sl:0.000609669562988 sr:0.000636676866572 heading:151 velocity:[None, None, None] position:LocationGlobalRelative:lat=None,lon=None,alt=None
INFO:root:Angle_optical:0.82015661651 Distance_optical:0.0510977708783 Angle_gps:0.0 Distance_gps:0.0                  elapsed_time:0.0801630020142
INFO:root:sl:0.000446779104661 sr:9.379140539e-05 heading:151 velocity:[None, None, None] position:LocationGlobalRelative:lat=None,lon=None,alt=None
INFO:root:Angle_optical:0.440554272437 Distance_optical:0.0516064819797 Angle_gps:0.0 Distance_gps:0.0                  elapsed_time:0.0879781246185
INFO:root:sl:0.000146361293434 sr:0.000176460329284 heading:151 velocity:[None, None, None] position:LocationGlobalRelative:lat=None,lon=None,alt=None
INFO:root:Angle_optical:0.4694468421 Distance_optical:0.0519127118456 Angle_gps:0.0 Distance_gps:0.0                  elapsed_time:0.074450969696
INFO:root:sl:0.00407648439518 sr:0.00397955643266 heading:151 velocity:[None, None, None] position:LocationGlobalRelative:lat=None,lon=None,alt=None
INFO:root:Angle_optical:0.3208430944 Distance_optical:0.0595484485715 Angle_gps:0.0 Distance_gps:0.0                  elapsed_time:0.0874400138855
INFO:root:sl:0.000188269501799 sr:0.000222625578984 heading:151 velocity:[None, None, None] position:LocationGlobalRelative:lat=None,lon=None,alt=None
INFO:root:Angle_optical:0.349889119377 Distance_optical:0.0599381324729 Angle_gps:0.0 Distance_gps:0.0                  elapsed_time:0.089035987854
INFO:root:sl:0.000244218931236 sr:0.000302982728918 heading:151 velocity:[None, None, None] position:LocationGlobalRelative:lat=None,lon=None,alt=None
INFO:root:Angle_optical:0.399677236505 Distance_optical:0.0604571940178 Angle_gps:0.0 Distance_gps:0.0                  elapsed_time:0.0856430530548
INFO:root:sl:0.000773380566898 sr:0.000771095988051 heading:151 velocity:[None, None, None] position:LocationGlobalRelative:lat=None,lon=None,alt=None
INFO:root:Angle_optical:0.38822360251 Distance_optical:0.0619211998856 Angle_gps:0.0 Distance_gps:0.0                  elapsed_time:0.0879340171814
INFO:root:sl:0.000304469847378 sr:5.34822607969e-05 heading:151 velocity:[None, None, None] position:LocationGlobalRelative:lat=None,lon=None,alt=None
INFO:root:Angle_optical:0.167161676916 Distance_optical:0.0622593566795 Angle_gps:0.0 Distance_gps:0.0                  elapsed_time:0.0852601528168
INFO:root:sl:0.00081322069274 sr:0.000872714054141 heading:151 velocity:[None, None, None] position:LocationGlobalRelative:lat=None,lon=None,alt=None
INFO:root:Angle_optical:0.213578378896 Distance_optical:0.0638576827713 Angle_gps:0.0 Distance_gps:0.0                  elapsed_time:0.0835199356079
INFO:root:sl:4.73569091646e-05 sr:0.000208605360274 heading:151 velocity:[None, None, None] position:LocationGlobalRelative:lat=None,lon=None,alt=None
INFO:root:Angle_optical:0.349393725356 Distance_optical:0.064101065096 Angle_gps:0.0 Distance_gps:0.0                  elapsed_time:0.0845568180084
INFO:root:sl:0.000438320146139 sr:0.000933229526258 heading:151 velocity:[None, None, None] position:LocationGlobalRelative:lat=None,lon=None,alt=None
INFO:root:Angle_optical:0.753413187584 Distance_optical:0.0654056602035 Angle_gps:0.0 Distance_gps:0.0                  elapsed_time:0.0912909507751
INFO:root:sl:0.000376303605445 sr:0.000441146770628 heading:151 velocity:[None, None, None] position:LocationGlobalRelative:lat=None,lon=None,alt=None
INFO:root:Angle_optical:0.797801685308 Distance_optical:0.0661813065459 Angle_gps:0.0 Distance_gps:0.0                  elapsed_time:0.0861220359802
INFO:root:sl:0.000801399738599 sr:0.00222280523302 heading:151 velocity:[None, None, None] position:LocationGlobalRelative:lat=None,lon=None,alt=None
INFO:root:Angle_optical:1.88221191502 Distance_optical:0.0690788945556 Angle_gps:0.0 Distance_gps:0.0                  elapsed_time:0.0989029407501
INFO:root:sl:0.000351691514847 sr:0.000352340176581 heading:151 velocity:[None, None, None] position:LocationGlobalRelative:lat=None,lon=None,alt=None
INFO:root:Angle_optical:1.86470983328 Distance_optical:0.0697459302791 Angle_gps:0.0 Distance_gps:0.0                  elapsed_time:0.0750060081482
INFO:root:sl:0.000384635602049 sr:0.000286938618405 heading:151 velocity:[None, None, None] position:LocationGlobalRelative:lat=None,lon=None,alt=None
INFO:root:Angle_optical:1.77249205747 Distance_optical:0.0703792758068 Angle_gps:0.0 Distance_gps:0.0                  elapsed_time:0.0905950069427
INFO:root:sl:0.000817920643885 sr:0.000846876780958 heading:151 velocity:[None, None, None] position:LocationGlobalRelative:lat=None,lon=None,alt=None
INFO:root:Angle_optical:1.75547063571 Distance_optical:0.0719574833553 Angle_gps:0.0 Distance_gps:0.0                  elapsed_time:0.0803480148315
INFO:root:sl:0.0007861478736 sr:0.000865881754538 heading:151 velocity:[None, None, None] position:LocationGlobalRelative:lat=None,lon=None,alt=None
INFO:root:Angle_optical:1.77695789406 Distance_optical:0.0735250764291 Angle_gps:0.0 Distance_gps:0.0                  elapsed_time:0.0890309810638
INFO:root:sl:0.00110855322453 sr:0.00113096631949 heading:151 velocity:[None, None, None] position:LocationGlobalRelative:lat=None,lon=None,alt=None
INFO:root:Angle_optical:1.74318303261 Distance_optical:0.0756476339709 Angle_gps:0.0 Distance_gps:0.0                  elapsed_time:0.0829508304596
INFO:root:sl:0.000248471911372 sr:0.000263885562845 heading:151 velocity:[None, None, None] position:LocationGlobalRelative:lat=None,lon=None,alt=None
INFO:root:Angle_optical:1.74305520424 Distance_optical:0.0761335323952 Angle_gps:0.0 Distance_gps:0.0                  elapsed_time:0.0790731906891
INFO:root:sl:0.00178105514651 sr:0.00190179421502 heading:151 velocity:[None, None, None] position:LocationGlobalRelative:lat=None,lon=None,alt=None
INFO:root:Angle_optical:1.7489625345 Distance_optical:0.079626480039 Angle_gps:0.0 Distance_gps:0.0                  elapsed_time:0.0891950130463
INFO:root:sl:0.000389650985459 sr:0.000635888001934 heading:151 velocity:[None, None, None] position:LocationGlobalRelative:lat=None,lon=None,alt=None
INFO:root:Angle_optical:1.89371094139 Distance_optical:0.080605546901 Angle_gps:0.0 Distance_gps:0.0                  elapsed_time:0.089164018631
INFO:root:sl:0.000184254142836 sr:6.21631115288e-05 heading:151 velocity:[None, None, None] position:LocationGlobalRelative:lat=None,lon=None,alt=None
INFO:root:Angle_optical:1.80625287582 Distance_optical:0.0808352751915 Angle_gps:0.0 Distance_gps:0.0                  elapsed_time:0.0880799293518
INFO:root:sl:0.000136420465855 sr:0.000140094398259 heading:151 velocity:[None, None, None] position:LocationGlobalRelative:lat=None,lon=None,alt=None
INFO:root:Angle_optical:1.80287508902 Distance_optical:0.0810973714407 Angle_gps:0.0 Distance_gps:0.0                  elapsed_time:0.0898730754852
INFO:root:sl:0.00138172937932 sr:0.00157554479397 heading:151 velocity:[None, None, None] position:LocationGlobalRelative:lat=None,lon=None,alt=None
INFO:root:Angle_optical:1.8680465598 Distance_optical:0.0839051053419 Angle_gps:0.0 Distance_gps:0.0                  elapsed_time:0.0868000984192
INFO:root:sl:0.000900795630533 sr:0.00105851029159 heading:151 velocity:[None, None, None] position:LocationGlobalRelative:lat=None,lon=None,alt=None
INFO:root:Angle_optical:1.92742214246 Distance_optical:0.0857663215158 Angle_gps:0.0 Distance_gps:0.0                  elapsed_time:0.083909034729
INFO:root:sl:0.00157528415993 sr:0.0016923345971 heading:151 velocity:[None, None, None] position:LocationGlobalRelative:lat=None,lon=None,alt=None
INFO:root:Angle_optical:1.9317508942 Distance_optical:0.088865773098 Angle_gps:0.0 Distance_gps:0.0                  elapsed_time:0.0820500850677
INFO:root:sl:0.000113599930123 sr:0.000118275204335 heading:151 velocity:[None, None, None] position:LocationGlobalRelative:lat=None,lon=None,alt=None
INFO:root:Angle_optical:1.92983431043 Distance_optical:0.0890855988865 Angle_gps:0.0 Distance_gps:0.0                  elapsed_time:0.085676908493
INFO:root:sl:0.000464661448633 sr:0.000570697073749 heading:151 velocity:[None, None, None] position:LocationGlobalRelative:lat=None,lon=None,alt=None
INFO:root:Angle_optical:1.97271330537 Distance_optical:0.0900698991288 Angle_gps:0.0 Distance_gps:0.0                  elapsed_time:0.0830681324005
INFO:root:sl:0.000445315325766 sr:0.000534869239383 heading:151 velocity:[None, None, None] position:LocationGlobalRelative:lat=None,lon=None,alt=None
INFO:root:Angle_optical:2.00599218018 Distance_optical:0.0910014318317 Angle_gps:0.0 Distance_gps:0.0                  elapsed_time:0.0859830379486
INFO:root:sl:0.000421416966884 sr:0.000353061849038 heading:151 velocity:[None, None, None] position:LocationGlobalRelative:lat=None,lon=None,alt=None
INFO:root:Angle_optical:1.94949496432 Distance_optical:0.0917329096586 Angle_gps:0.0 Distance_gps:0.0                  elapsed_time:0.0903129577637
INFO:root:sl:0.000409575356325 sr:0.000448850668332 heading:151 velocity:[None, None, None] position:LocationGlobalRelative:lat=None,lon=None,alt=None
INFO:root:Angle_optical:1.95539300804 Distance_optical:0.0925474329644 Angle_gps:0.0 Distance_gps:0.0                  elapsed_time:0.0875251293182
INFO:root:sl:3.02787223444e-05 sr:6.10651711522e-06 heading:151 velocity:[None, None, None] position:LocationGlobalRelative:lat=None,lon=None,alt=None
INFO:root:Angle_optical:1.94049240497 Distance_optical:0.0925811248072 Angle_gps:0.0 Distance_gps:0.0                  elapsed_time:0.0803000926971
INFO:root:sl:0.000657803317226 sr:0.000854762631402 heading:151 velocity:[None, None, None] position:LocationGlobalRelative:lat=None,lon=None,alt=None
INFO:root:Angle_optical:2.02461695623 Distance_optical:0.0940205317323 Angle_gps:0.0 Distance_gps:0.0                  elapsed_time:0.0828418731689
INFO:root:sl:0.000138193571548 sr:0.000165726346859 heading:151 velocity:[None, None, None] position:LocationGlobalRelative:lat=None,lon=None,alt=None
INFO:root:Angle_optical:2.03427958516 Distance_optical:0.0943093699114 Angle_gps:0.0 Distance_gps:0.0                  elapsed_time:0.0900270938873
INFO:root:sl:0.0014336171637 sr:0.0017349768217 heading:151 velocity:[None, None, None] position:LocationGlobalRelative:lat=None,lon=None,alt=None
INFO:root:Angle_optical:2.13958385404 Distance_optical:0.0973213852258 Angle_gps:0.0 Distance_gps:0.0                  elapsed_time:0.0835938453674
INFO:root:sl:0.000104394685412 sr:7.84824189778e-05 heading:151 velocity:[None, None, None] position:LocationGlobalRelative:lat=None,lon=None,alt=None
INFO:root:Angle_optical:2.12135503054 Distance_optical:0.0974937068531 Angle_gps:0.0 Distance_gps:0.0                  elapsed_time:0.115055084229
INFO:root:sl:0.00303552353007 sr:0.00318606764591 heading:151 velocity:[None, None, None] position:LocationGlobalRelative:lat=None,lon=None,alt=None
INFO:root:Angle_optical:2.07940515941 Distance_optical:0.103392604401 Angle_gps:0.0 Distance_gps:0.0                  elapsed_time:0.0661041736603
INFO:root:sl:0.000212701930022 sr:0.000189469141891 heading:151 velocity:[None, None, None] position:LocationGlobalRelative:lat=None,lon=None,alt=None
INFO:root:Angle_optical:2.05961621698 Distance_optical:0.103772790243 Angle_gps:0.0 Distance_gps:0.0                  elapsed_time:0.0830669403076
INFO:root:sl:0.00185683627347 sr:0.00222951725909 heading:151 velocity:[None, None, None] position:LocationGlobalRelative:lat=None,lon=None,alt=None
INFO:root:Angle_optical:2.17342005673 Distance_optical:0.107656771354 Angle_gps:0.0 Distance_gps:0.0                  elapsed_time:0.0796248912811
INFO:root:sl:7.38785348002e-05 sr:4.3829888144e-05 heading:151 velocity:[None, None, None] position:LocationGlobalRelative:lat=None,lon=None,alt=None
INFO:root:Angle_optical:2.15603731577 Distance_optical:0.107767195087 Angle_gps:0.0 Distance_gps:0.0                  elapsed_time:0.0866289138794
INFO:root:sl:0.00116748495534 sr:0.00117103496845 heading:151 velocity:[None, None, None] position:LocationGlobalRelative:lat=None,lon=None,alt=None
INFO:root:Angle_optical:2.11434342864 Distance_optical:0.109982533331 Angle_gps:0.0 Distance_gps:0.0                  elapsed_time:0.0891602039337
INFO:root:sl:9.69967225429e-05 sr:0.000163028273559 heading:151 velocity:[None, None, None] position:LocationGlobalRelative:lat=None,lon=None,alt=None
INFO:root:Angle_optical:2.14212913576 Distance_optical:0.110231173132 Angle_gps:0.0 Distance_gps:0.0                  elapsed_time:0.0917000770569
INFO:root:sl:0.000952525865151 sr:0.00171814880718 heading:151 velocity:[None, None, None] position:LocationGlobalRelative:lat=None,lon=None,alt=None
INFO:root:Angle_optical:2.46247818547 Distance_optical:0.112789905693 Angle_gps:0.0 Distance_gps:0.0                  elapsed_time:0.0775198936462
INFO:root:sl:0.000220124029972 sr:0.000137912796096 heading:151 velocity:[None, None, None] position:LocationGlobalRelative:lat=None,lon=None,alt=None
INFO:root:Angle_optical:2.41565897077 Distance_optical:0.113125675403 Angle_gps:0.0 Distance_gps:0.0                  elapsed_time:0.089066028595
INFO:root:sl:0.00162236053051 sr:0.00201847799383 heading:151 velocity:[None, None, None] position:LocationGlobalRelative:lat=None,lon=None,alt=None
INFO:root:Angle_optical:2.52853638964 Distance_optical:0.116589919075 Angle_gps:0.0 Distance_gps:0.0                  elapsed_time:0.0819790363312
INFO:root:sl:0.000555562649757 sr:0.000509559370486 heading:151 velocity:[None, None, None] position:LocationGlobalRelative:lat=None,lon=None,alt=None
INFO:root:Angle_optical:2.48560789925 Distance_optical:0.117596705687 Angle_gps:0.0 Distance_gps:0.0                  elapsed_time:0.0811848640442
INFO:root:sl:0.000234273640239 sr:0.000334628255536 heading:151 velocity:[None, None, None] position:LocationGlobalRelative:lat=None,lon=None,alt=None
INFO:root:Angle_optical:2.52035790086 Distance_optical:0.118139624469 Angle_gps:0.0 Distance_gps:0.0                  elapsed_time:0.0910849571228
INFO:root:sl:0.00174663223415 sr:0.00196567348933 heading:151 velocity:[None, None, None] position:LocationGlobalRelative:lat=None,lon=None,alt=None
INFO:root:Angle_optical:2.5451708255 Distance_optical:0.121664366204 Angle_gps:0.0 Distance_gps:0.0                  elapsed_time:0.0846660137177
INFO:root:sl:2.45549798382e-05 sr:0.000154110252856 heading:151 velocity:[None, None, None] position:LocationGlobalRelative:lat=None,lon=None,alt=None
INFO:root:Angle_optical:2.59932913473 Distance_optical:0.121839069181 Angle_gps:0.0 Distance_gps:0.0                  elapsed_time:0.0953779220581
INFO:root:sl:0.000395820755967 sr:0.000224480053367 heading:151 velocity:[None, None, None] position:LocationGlobalRelative:lat=None,lon=None,alt=None
INFO:root:Angle_optical:2.51090977462 Distance_optical:0.122419245427 Angle_gps:0.0 Distance_gps:0.0                  elapsed_time:0.0830161571503
INFO:root:sl:0.000471486455292 sr:0.000440624403002 heading:151 velocity:[None, None, None] position:LocationGlobalRelative:lat=None,lon=None,alt=None
INFO:root:Angle_optical:2.47972218325 Distance_optical:0.12328176862 Angle_gps:0.0 Distance_gps:0.0                  elapsed_time:0.0838251113892
INFO:root:sl:0.000488357945607 sr:0.00068296075473 heading:151 velocity:[None, None, None] position:LocationGlobalRelative:lat=None,lon=None,alt=None
INFO:root:Angle_optical:2.54247983984 Distance_optical:0.124399112196 Angle_gps:0.0 Distance_gps:0.0                  elapsed_time:0.0868690013885
INFO:root:sl:0.000959211540876 sr:0.00128185526625 heading:151 velocity:[None, None, None] position:LocationGlobalRelative:lat=None,lon=None,alt=None
INFO:root:Angle_optical:2.6381599191 Distance_optical:0.12653513777 Angle_gps:0.0 Distance_gps:0.0                  elapsed_time:0.0832118988037
INFO:root:sl:0.00087024703541 sr:0.000462112053471 heading:151 velocity:[None, None, None] position:LocationGlobalRelative:lat=None,lon=None,alt=None
INFO:root:Angle_optical:2.43880045735 Distance_optical:0.127779747457 Angle_gps:0.0 Distance_gps:0.0                  elapsed_time:0.0811049938202
INFO:root:sl:0.000148256789963 sr:0.000189839291637 heading:151 velocity:[None, None, None] position:LocationGlobalRelative:lat=None,lon=None,alt=None
INFO:root:Angle_optical:2.45031490723 Distance_optical:0.128101628267 Angle_gps:0.0 Distance_gps:0.0                  elapsed_time:0.0884480476379
INFO:root:sl:0.00161389176197 sr:0.00161635690997 heading:151 velocity:[None, None, None] position:LocationGlobalRelative:lat=None,lon=None,alt=None
INFO:root:Angle_optical:2.39414784395 Distance_optical:0.13116103916 Angle_gps:0.0 Distance_gps:0.0                  elapsed_time:0.0825178623199
INFO:root:sl:0.000587696047174 sr:0.000890253326802 heading:151 velocity:[None, None, None] position:LocationGlobalRelative:lat=None,lon=None,alt=None
INFO:root:Angle_optical:2.49269774904 Distance_optical:0.132572984797 Angle_gps:0.0 Distance_gps:0.0                  elapsed_time:0.092080116272
INFO:root:sl:0.00113302723622 sr:0.0013983180789 heading:151 velocity:[None, None, None] position:LocationGlobalRelative:lat=None,lon=None,alt=None
INFO:root:Angle_optical:2.55504347088 Distance_optical:0.134981268092 Angle_gps:0.0 Distance_gps:0.0                  elapsed_time:0.0858159065247
INFO:root:sl:0.000678467982057 sr:0.000602612824621 heading:151 velocity:[None, None, None] position:LocationGlobalRelative:lat=None,lon=None,alt=None
INFO:root:Angle_optical:2.50204795056 Distance_optical:0.136191287765 Angle_gps:0.0 Distance_gps:0.0                  elapsed_time:0.0961639881134
INFO:root:sl:0.000349645854196 sr:0.000857352348419 heading:151 velocity:[None, None, None] position:LocationGlobalRelative:lat=None,lon=None,alt=None
INFO:root:Angle_optical:2.68177562961 Distance_optical:0.137356031739 Angle_gps:0.0 Distance_gps:0.0                  elapsed_time:0.0785629749298
INFO:root:sl:0.000409171432373 sr:0.000143476398799 heading:151 velocity:[None, None, None] position:LocationGlobalRelative:lat=None,lon=None,alt=None
INFO:root:Angle_optical:2.56703441691 Distance_optical:0.137867821366 Angle_gps:0.0 Distance_gps:0.0                  elapsed_time:0.0927178859711
INFO:root:sl:0.000391518095803 sr:0.00089757810188 heading:151 velocity:[None, None, None] position:LocationGlobalRelative:lat=None,lon=None,alt=None
INFO:root:Angle_optical:2.74187338138 Distance_optical:0.139110700297 Angle_gps:0.0 Distance_gps:0.0                  elapsed_time:0.080461025238
INFO:root:sl:0.00241817817698 sr:0.00254815627978 heading:151 velocity:[None, None, None] position:LocationGlobalRelative:lat=None,lon=None,alt=None
INFO:root:Angle_optical:2.70118506333 Distance_optical:0.1438189754 Angle_gps:0.0 Distance_gps:0.0                  elapsed_time:0.0791208744049
INFO:root:sl:0.000757202604736 sr:0.000767014247255 heading:151 velocity:[None, None, None] position:LocationGlobalRelative:lat=None,lon=None,alt=None
INFO:root:Angle_optical:2.67799217633 Distance_optical:0.145262670199 Angle_gps:0.0 Distance_gps:0.0                  elapsed_time:0.087503194809
INFO:root:sl:0.0020191602628 sr:0.00210622101919 heading:151 velocity:[None, None, None] position:LocationGlobalRelative:lat=None,lon=None,alt=None
INFO:root:Angle_optical:2.63947743204 Distance_optical:0.14917285922 Angle_gps:0.0 Distance_gps:0.0                  elapsed_time:0.0773620605469
INFO:root:sl:0.000115148912872 sr:7.43869094784e-05 heading:151 velocity:[None, None, None] position:LocationGlobalRelative:lat=None,lon=None,alt=None
INFO:root:Angle_optical:2.62149564637 Distance_optical:0.149350563141 Angle_gps:0.0 Distance_gps:0.0                  elapsed_time:0.0950899124146
INFO:root:sl:0.000545726947766 sr:0.00025169202771 heading:151 velocity:[None, None, None] position:LocationGlobalRelative:lat=None,lon=None,alt=None
INFO:root:Angle_optical:2.50201047011 Distance_optical:0.150093247106 Angle_gps:0.0 Distance_gps:0.0                  elapsed_time:0.0784201622009
INFO:root:sl:0.00157169422184 sr:0.00221827338256 heading:151 velocity:[None, None, None] position:LocationGlobalRelative:lat=None,lon=None,alt=None
INFO:root:Angle_optical:2.67179705586 Distance_optical:0.153709875085 Angle_gps:0.0 Distance_gps:0.0                  elapsed_time:0.0871520042419
INFO:root:sl:5.94038397926e-05 sr:8.56211531161e-05 heading:151 velocity:[None, None, None] position:LocationGlobalRelative:lat=None,lon=None,alt=None
INFO:root:Angle_optical:2.67865580948 Distance_optical:0.153848358675 Angle_gps:0.0 Distance_gps:0.0                  elapsed_time:0.0862579345703
INFO:root:sl:0.000871745229164 sr:0.00110515507821 heading:151 velocity:[None, None, None] position:LocationGlobalRelative:lat=None,lon=None,alt=None
INFO:root:Angle_optical:2.72774900653 Distance_optical:0.15573067041 Angle_gps:0.0 Distance_gps:0.0                  elapsed_time:0.084844827652
INFO:root:sl:0.00034526698156 sr:0.000169334333065 heading:151 velocity:[None, None, None] position:LocationGlobalRelative:lat=None,lon=None,alt=None
INFO:root:Angle_optical:2.65813378307 Distance_optical:0.156210102007 Angle_gps:0.0 Distance_gps:0.0                  elapsed_time:0.0852661132812
INFO:root:sl:0.000675148785716 sr:0.00070022182515 heading:151 velocity:[None, None, None] position:LocationGlobalRelative:lat=None,lon=None,alt=None
INFO:root:Angle_optical:2.64477620325 Distance_optical:0.157513559955 Angle_gps:0.0 Distance_gps:0.0                  elapsed_time:0.0880661010742
INFO:root:sl:0.000162531849863 sr:0.000264870645255 heading:151 velocity:[None, None, None] position:LocationGlobalRelative:lat=None,lon=None,alt=None
INFO:root:Angle_optical:2.67315207672 Distance_optical:0.157922771542 Angle_gps:0.0 Distance_gps:0.0                  elapsed_time:0.0953199863434
INFO:root:sl:6.7917617529e-05 sr:0.000150596871424 heading:151 velocity:[None, None, None] position:LocationGlobalRelative:lat=None,lon=None,alt=None
INFO:root:Angle_optical:2.69801787782 Distance_optical:0.158133352581 Angle_gps:0.0 Distance_gps:0.0                  elapsed_time:0.0733330249786
INFO:root:sl:0.000252823818606 sr:-2.53584515601e-05 heading:151 velocity:[None, None, None] position:LocationGlobalRelative:lat=None,lon=None,alt=None
INFO:root:Angle_optical:2.60732290379 Distance_optical:0.158361663238 Angle_gps:0.0 Distance_gps:0.0                  elapsed_time:0.0847160816193
INFO:root:sl:0.000879784050439 sr:0.000905426488572 heading:151 velocity:[None, None, None] position:LocationGlobalRelative:lat=None,lon=None,alt=None
INFO:root:Angle_optical:2.58845749922 Distance_optical:0.160053279307 Angle_gps:0.0 Distance_gps:0.0                  elapsed_time:0.0897510051727
INFO:root:sl:0.000951284850074 sr:0.000812519116148 heading:151 velocity:[None, None, None] position:LocationGlobalRelative:lat=None,lon=None,alt=None
INFO:root:Angle_optical:2.51514867139 Distance_optical:0.161717726778 Angle_gps:0.0 Distance_gps:0.0                  elapsed_time:0.0803070068359
INFO:root:sl:0.00113233431472 sr:0.000735411165767 heading:151 velocity:[None, None, None] position:LocationGlobalRelative:lat=None,lon=None,alt=None
INFO:root:Angle_optical:2.35616773466 Distance_optical:0.163470629892 Angle_gps:0.0 Distance_gps:0.0                  elapsed_time:0.0923779010773
INFO:root:sl:0.000192209150483 sr:0.000206915170836 heading:151 velocity:[None, None, None] position:LocationGlobalRelative:lat=None,lon=None,alt=None
INFO:root:Angle_optical:2.35559927297 Distance_optical:0.163849224813 Angle_gps:0.0 Distance_gps:0.0                  elapsed_time:0.0860979557037
INFO:root:sl:0.0002683858139 sr:0.000252165595913 heading:151 velocity:[None, None, None] position:LocationGlobalRelative:lat=None,lon=None,alt=None
INFO:root:Angle_optical:2.34317243059 Distance_optical:0.164341625722 Angle_gps:0.0 Distance_gps:0.0                  elapsed_time:0.0871620178223
INFO:root:sl:0.000505343811388 sr:0.000320931836145 heading:151 velocity:[None, None, None] position:LocationGlobalRelative:lat=None,lon=None,alt=None
INFO:root:Angle_optical:2.27145211777 Distance_optical:0.165117204115 Angle_gps:0.0 Distance_gps:0.0                  elapsed_time:0.0816118717194
INFO:root:sl:0.000917369118785 sr:0.00110933558065 heading:151 velocity:[None, None, None] position:LocationGlobalRelative:lat=None,lon=None,alt=None
INFO:root:Angle_optical:2.30770151584 Distance_optical:0.167044113153 Angle_gps:0.0 Distance_gps:0.0                  elapsed_time:0.0850341320038
INFO:root:sl:0.000201931498474 sr:0.000352810695352 heading:151 velocity:[None, None, None] position:LocationGlobalRelative:lat=None,lon=None,alt=None
INFO:root:Angle_optical:2.34932319396 Distance_optical:0.167575346288 Angle_gps:0.0 Distance_gps:0.0                  elapsed_time:0.0945949554443
INFO:root:sl:0.00265097141359 sr:0.00209623333082 heading:151 velocity:[None, None, None] position:LocationGlobalRelative:lat=None,lon=None,alt=None
INFO:root:Angle_optical:2.11292332105 Distance_optical:0.172051487496 Angle_gps:0.0 Distance_gps:0.0                  elapsed_time:0.0827820301056
INFO:root:sl:4.51125475431e-05 sr:0.000145560511266 heading:151 velocity:[None, None, None] position:LocationGlobalRelative:lat=None,lon=None,alt=None
INFO:root:Angle_optical:2.14235998795 Distance_optical:0.17223564252 Angle_gps:0.0 Distance_gps:0.0                  elapsed_time:0.0890300273895
INFO:root:sl:0.00100684108165 sr:0.000969948494553 heading:151 velocity:[None, None, None] position:LocationGlobalRelative:lat=None,lon=None,alt=None
INFO:root:Angle_optical:2.10780728653 Distance_optical:0.174106913985 Angle_gps:0.0 Distance_gps:0.0                  elapsed_time:0.0828950405121
INFO:root:sl:9.43798254008e-05 sr:0.000284520640623 heading:151 velocity:[None, None, None] position:LocationGlobalRelative:lat=None,lon=None,alt=None
INFO:root:Angle_optical:2.16261886958 Distance_optical:0.17447255089 Angle_gps:0.0 Distance_gps:0.0                  elapsed_time:0.0858330726624
INFO:root:sl:0.00153371699342 sr:0.00176617683047 heading:151 velocity:[None, None, None] position:LocationGlobalRelative:lat=None,lon=None,alt=None
INFO:root:Angle_optical:2.19557504373 Distance_optical:0.177606733878 Angle_gps:0.0 Distance_gps:0.0                  elapsed_time:0.0832898616791
INFO:root:sl:0.00158035398139 sr:0.00196132447393 heading:151 velocity:[None, None, None] position:LocationGlobalRelative:lat=None,lon=None,alt=None
INFO:root:Angle_optical:2.26910378309 Distance_optical:0.180975514521 Angle_gps:0.0 Distance_gps:0.0                  elapsed_time:0.0842978954315
INFO:root:sl:0.0011710003284 sr:0.000593410162584 heading:151 velocity:[None, None, None] position:LocationGlobalRelative:lat=None,lon=None,alt=None
INFO:root:Angle_optical:2.07668923898 Distance_optical:0.182626091676 Angle_gps:0.0 Distance_gps:0.0                  elapsed_time:0.0921709537506
INFO:root:sl:0.000342013649127 sr:0.000397338939787 heading:151 velocity:[None, None, None] position:LocationGlobalRelative:lat=None,lon=None,alt=None
INFO:root:Angle_optical:2.08513166062 Distance_optical:0.183328387826 Angle_gps:0.0 Distance_gps:0.0                  elapsed_time:0.0785319805145
INFO:root:sl:0.000450120488324 sr:0.000486359193378 heading:151 velocity:[None, None, None] position:LocationGlobalRelative:lat=None,lon=None,alt=None
INFO:root:Angle_optical:2.08576302769 Distance_optical:0.184216766508 Angle_gps:0.0 Distance_gps:0.0                  elapsed_time:0.0905590057373
INFO:root:sl:0.00016030282769 sr:0.000158219673981 heading:151 velocity:[None, None, None] position:LocationGlobalRelative:lat=None,lon=None,alt=None
INFO:root:Angle_optical:2.08173797882 Distance_optical:0.184518431884 Angle_gps:0.0 Distance_gps:0.0                  elapsed_time:0.0843689441681
INFO:root:sl:0.00165006898151 sr:0.000739398168583 heading:151 velocity:[None, None, None] position:LocationGlobalRelative:lat=None,lon=None,alt=None
INFO:root:Angle_optical:1.79182321032 Distance_optical:0.186753016044 Angle_gps:0.0 Distance_gps:0.0                  elapsed_time:0.0852429866791
INFO:root:sl:0.000171804955054 sr:9.2430867345e-05 heading:151 velocity:[None, None, None] position:LocationGlobalRelative:lat=None,lon=None,alt=None
INFO:root:Angle_optical:1.76638151802 Distance_optical:0.187001036254 Angle_gps:0.0 Distance_gps:0.0                  elapsed_time:0.10599899292
INFO:root:sl:0.00127115042324 sr:0.00128571646653 heading:151 velocity:[None, None, None] position:LocationGlobalRelative:lat=None,lon=None,alt=None
INFO:root:Angle_optical:1.74795823485 Distance_optical:0.189424049142 Angle_gps:0.0 Distance_gps:0.0                  elapsed_time:0.0776700973511
INFO:root:sl:0.00111066856854 sr:0.00133851159418 heading:151 velocity:[None, None, None] position:LocationGlobalRelative:lat=None,lon=None,alt=None
INFO:root:Angle_optical:1.79130300858 Distance_optical:0.191751261466 Angle_gps:0.0 Distance_gps:0.0                  elapsed_time:0.0752489566803
INFO:root:sl:0.00013722481629 sr:-6.62475722798e-05 heading:151 velocity:[None, None, None] position:LocationGlobalRelative:lat=None,lon=None,alt=None
INFO:root:Angle_optical:1.75126525338 Distance_optical:0.191877258021 Angle_gps:0.0 Distance_gps:0.0                  elapsed_time:0.091992855072
INFO:root:sl:0.000644222257717 sr:0.00133260420296 heading:151 velocity:[None, None, None] position:LocationGlobalRelative:lat=None,lon=None,alt=None
INFO:root:Angle_optical:1.92718960955 Distance_optical:0.193771129925 Angle_gps:0.0 Distance_gps:0.0                  elapsed_time:0.093013048172
INFO:root:sl:0.000618088318155 sr:0.000734992912566 heading:151 velocity:[None, None, None] position:LocationGlobalRelative:lat=None,lon=None,alt=None
INFO:root:Angle_optical:1.94705241876 Distance_optical:0.1950567683 Angle_gps:0.0 Distance_gps:0.0                  elapsed_time:0.0755970478058
INFO:root:sl:0.00127242828338 sr:0.00118407751067 heading:151 velocity:[None, None, None] position:LocationGlobalRelative:lat=None,lon=None,alt=None
INFO:root:Angle_optical:1.89978961136 Distance_optical:0.1973812395 Angle_gps:0.0 Distance_gps:0.0                  elapsed_time:0.0868120193481
INFO:root:sl:0.000391982030119 sr:0.000469421706297 heading:151 velocity:[None, None, None] position:LocationGlobalRelative:lat=None,lon=None,alt=None
INFO:root:Angle_optical:1.91317322891 Distance_optical:0.198199779531 Angle_gps:0.0 Distance_gps:0.0                  elapsed_time:0.0841279029846
INFO:root:sl:0.000251070562338 sr:0.00027075321206 heading:151 velocity:[None, None, None] position:LocationGlobalRelative:lat=None,lon=None,alt=None
INFO:root:Angle_optical:1.91378842206 Distance_optical:0.198694778768 Angle_gps:0.0 Distance_gps:0.0                  elapsed_time:0.0850658416748
INFO:root:sl:0.00036906575248 sr:0.00032229170856 heading:151 velocity:[None, None, None] position:LocationGlobalRelative:lat=None,lon=None,alt=None
INFO:root:Angle_optical:1.89476154828 Distance_optical:0.199348301522 Angle_gps:0.0 Distance_gps:0.0                  elapsed_time:0.0860860347748
INFO:root:sl:0.000528338980924 sr:0.0005576883956 heading:151 velocity:[None, None, None] position:LocationGlobalRelative:lat=None,lon=None,alt=None
INFO:root:Angle_optical:1.892979445 Distance_optical:0.200378135846 Angle_gps:0.0 Distance_gps:0.0                  elapsed_time:0.0856139659882
INFO:root:sl:0.00104670438011 sr:0.00135778560877 heading:151 velocity:[None, None, None] position:LocationGlobalRelative:lat=None,lon=None,alt=None
INFO:root:Angle_optical:1.95501488244 Distance_optical:0.202666038182 Angle_gps:0.0 Distance_gps:0.0                  elapsed_time:0.0888540744781
INFO:root:sl:0.000356072987557 sr:0.000377896371135 heading:151 velocity:[None, None, None] position:LocationGlobalRelative:lat=None,lon=None,alt=None
INFO:root:Angle_optical:1.95415262375 Distance_optical:0.203362090052 Angle_gps:0.0 Distance_gps:0.0                  elapsed_time:0.0879790782928
INFO:root:sl:0.000621749136219 sr:0.00118161271689 heading:151 velocity:[None, None, None] position:LocationGlobalRelative:lat=None,lon=None,alt=None
INFO:root:Angle_optical:2.0860462078 Distance_optical:0.205089196038 Angle_gps:0.0 Distance_gps:0.0                  elapsed_time:0.0920588970184
INFO:root:sl:0.000630143475083 sr:0.000732492993913 heading:151 velocity:[None, None, None] position:LocationGlobalRelative:lat=None,lon=None,alt=None
INFO:root:Angle_optical:2.09990992448 Distance_optical:0.206383560728 Angle_gps:0.0 Distance_gps:0.0                  elapsed_time:0.081248998642
INFO:root:sl:0.000600964254688 sr:0.000643443613421 heading:151 velocity:[None, None, None] position:LocationGlobalRelative:lat=None,lon=None,alt=None
INFO:root:Angle_optical:2.09908647777 Distance_optical:0.207563854804 Angle_gps:0.0 Distance_gps:0.0                  elapsed_time:0.0771820545197
INFO:root:sl:0.00253901623689 sr:0.00238458211686 heading:151 velocity:[None, None, None] position:LocationGlobalRelative:lat=None,lon=None,alt=None
INFO:root:Angle_optical:2.0134369972 Distance_optical:0.212222821429 Angle_gps:0.0 Distance_gps:0.0                  elapsed_time:0.0895750522614
INFO:root:sl:0.000672898613669 sr:0.00051340151858 heading:151 velocity:[None, None, None] position:LocationGlobalRelative:lat=None,lon=None,alt=None
INFO:root:Angle_optical:1.96224667 Distance_optical:0.213341429053 Angle_gps:0.0 Distance_gps:0.0                  elapsed_time:0.0847539901733
INFO:root:sl:7.49030692154e-05 sr:0.00031805018285 heading:151 velocity:[None, None, None] position:LocationGlobalRelative:lat=None,lon=None,alt=None
INFO:root:Angle_optical:2.02058127495 Distance_optical:0.213721705386 Angle_gps:0.0 Distance_gps:0.0                  elapsed_time:0.0842590332031
INFO:root:sl:0.000597791040467 sr:0.000296377198034 heading:151 velocity:[None, None, None] position:LocationGlobalRelative:lat=None,lon=None,alt=None
INFO:root:Angle_optical:1.93634974185 Distance_optical:0.214558944512 Angle_gps:0.0 Distance_gps:0.0                  elapsed_time:0.0834901332855
INFO:root:sl:0.000130659617454 sr:3.202673879e-05 heading:151 velocity:[None, None, None] position:LocationGlobalRelative:lat=None,lon=None,alt=None
INFO:root:Angle_optical:1.91002360814 Distance_optical:0.214709935094 Angle_gps:0.0 Distance_gps:0.0                  elapsed_time:0.0962498188019
INFO:root:sl:0.00121536587497 sr:0.00199317528526 heading:151 velocity:[None, None, None] position:LocationGlobalRelative:lat=None,lon=None,alt=None
INFO:root:Angle_optical:2.07722827348 Distance_optical:0.217775217372 Angle_gps:0.0 Distance_gps:0.0                  elapsed_time:0.083624124527
INFO:root:sl:0.000320939720407 sr:0.000381802894038 heading:151 velocity:[None, None, None] position:LocationGlobalRelative:lat=None,lon=None,alt=None
INFO:root:Angle_optical:2.08601777971 Distance_optical:0.218443023747 Angle_gps:0.0 Distance_gps:0.0                  elapsed_time:0.0804481506348
INFO:root:sl:0.000660654807008 sr:0.00100678926674 heading:151 velocity:[None, None, None] position:LocationGlobalRelative:lat=None,lon=None,alt=None
INFO:root:Angle_optical:2.15641780906 Distance_optical:0.220034704713 Angle_gps:0.0 Distance_gps:0.0                  elapsed_time:0.0905420780182
INFO:root:sl:0.000582993623346 sr:0.000524913759428 heading:151 velocity:[None, None, None] position:LocationGlobalRelative:lat=None,lon=None,alt=None
INFO:root:Angle_optical:2.13191834054 Distance_optical:0.221082127479 Angle_gps:0.0 Distance_gps:0.0                  elapsed_time:0.085755109787
INFO:root:sl:0.000385956154717 sr:0.000455942443557 heading:151 velocity:[None, None, None] position:LocationGlobalRelative:lat=None,lon=None,alt=None
INFO:root:Angle_optical:2.14137147524 Distance_optical:0.221882106429 Angle_gps:0.0 Distance_gps:0.0                  elapsed_time:0.08274102211
INFO:root:sl:0.000675881300227 sr:0.000768507321017 heading:151 velocity:[None, None, None] position:LocationGlobalRelative:lat=None,lon=None,alt=None
INFO:root:Angle_optical:2.15075983934 Distance_optical:0.223253612414 Angle_gps:0.0 Distance_gps:0.0                  elapsed_time:0.0875840187073
INFO:root:sl:0.000265259260937 sr:0.000414917100245 heading:151 velocity:[None, None, None] position:LocationGlobalRelative:lat=None,lon=None,alt=None
INFO:root:Angle_optical:2.18084491329 Distance_optical:0.223903272251 Angle_gps:0.0 Distance_gps:0.0                  elapsed_time:0.0894491672516
INFO:root:sl:0.00227980446249 sr:0.00162683500058 heading:151 velocity:[None, None, None] position:LocationGlobalRelative:lat=None,lon=None,alt=None
INFO:root:Angle_optical:1.98964794981 Distance_optical:0.227581521175 Angle_gps:0.0 Distance_gps:0.0                  elapsed_time:0.0837090015411
INFO:root:sl:0.000176064742961 sr:0.000224559279943 heading:151 velocity:[None, None, None] position:LocationGlobalRelative:lat=None,lon=None,alt=None
INFO:root:Angle_optical:1.99788096871 Distance_optical:0.227962653843 Angle_gps:0.0 Distance_gps:0.0                  elapsed_time:0.0809919834137
INFO:root:sl:0.000610467711394 sr:0.00168483929865 heading:151 velocity:[None, None, None] position:LocationGlobalRelative:lat=None,lon=None,alt=None
INFO:root:Angle_optical:2.23235622712 Distance_optical:0.230174552444 Angle_gps:0.0 Distance_gps:0.0                  elapsed_time:0.0878682136536
INFO:root:sl:0.000183865949649 sr:0.000103321290666 heading:151 velocity:[None, None, None] position:LocationGlobalRelative:lat=None,lon=None,alt=None
INFO:root:Angle_optical:2.21075086573 Distance_optical:0.230443621413 Angle_gps:0.0 Distance_gps:0.0                  elapsed_time:0.0897829532623
INFO:root:sl:5.38186908237e-05 sr:6.15198152659e-05 heading:151 velocity:[None, None, None] position:LocationGlobalRelative:lat=None,lon=None,alt=None
INFO:root:Angle_optical:2.21151557996 Distance_optical:0.230553154413 Angle_gps:0.0 Distance_gps:0.0                  elapsed_time:0.0820598602295
INFO:root:sl:0.00185598313275 sr:0.00281070587733 heading:151 velocity:[None, None, None] position:LocationGlobalRelative:lat=None,lon=None,alt=None
INFO:root:Angle_optical:2.39037654188 Distance_optical:0.235009619094 Angle_gps:0.0 Distance_gps:0.0                  elapsed_time:0.0948081016541
INFO:root:sl:0.000680832374238 sr:0.000994628655908 heading:151 velocity:[None, None, None] position:LocationGlobalRelative:lat=None,lon=None,alt=None
INFO:root:Angle_optical:2.44630360505 Distance_optical:0.23660897473 Angle_gps:0.0 Distance_gps:0.0                  elapsed_time:0.0794880390167
INFO:root:sl:0.00034436215478 sr:0.0002559069506 heading:151 velocity:[None, None, None] position:LocationGlobalRelative:lat=None,lon=None,alt=None
INFO:root:Angle_optical:2.42019876487 Distance_optical:0.237173914522 Angle_gps:0.0 Distance_gps:0.0                  elapsed_time:0.0919830799103
INFO:root:sl:0.00147310252278 sr:0.00171384137949 heading:151 velocity:[None, None, None] position:LocationGlobalRelative:lat=None,lon=None,alt=None
INFO:root:Angle_optical:2.44415439692 Distance_optical:0.2402018749 Angle_gps:0.0 Distance_gps:0.0                  elapsed_time:0.0791959762573
INFO:root:sl:0.000604900770619 sr:0.000387156289628 heading:151 velocity:[None, None, None] position:LocationGlobalRelative:lat=None,lon=None,alt=None
INFO:root:Angle_optical:2.38562545542 Distance_optical:0.24113274284 Angle_gps:0.0 Distance_gps:0.0                  elapsed_time:0.095664024353
INFO:root:sl:0.000557332539522 sr:0.000756864753479 heading:151 velocity:[None, None, None] position:LocationGlobalRelative:lat=None,lon=None,alt=None
INFO:root:Angle_optical:2.41803912217 Distance_optical:0.242385341114 Angle_gps:0.0 Distance_gps:0.0                  elapsed_time:0.0766220092773
INFO:root:sl:0.000277333723747 sr:0.000732995605877 heading:151 velocity:[None, None, None] position:LocationGlobalRelative:lat=None,lon=None,alt=None
INFO:root:Angle_optical:2.51012842458 Distance_optical:0.243360746915 Angle_gps:0.0 Distance_gps:0.0                  elapsed_time:0.0838139057159
INFO:root:sl:0.000884364797542 sr:0.000710012764657 heading:151 velocity:[None, None, None] position:LocationGlobalRelative:lat=None,lon=None,alt=None
INFO:root:Angle_optical:2.45600491775 Distance_optical:0.244863524922 Angle_gps:0.0 Distance_gps:0.0                  elapsed_time:0.0880181789398
INFO:root:sl:0.000112492117128 sr:7.82367915821e-05 heading:151 velocity:[None, None, None] position:LocationGlobalRelative:lat=None,lon=None,alt=None
INFO:root:Angle_optical:2.44660785629 Distance_optical:0.245042768182 Angle_gps:0.0 Distance_gps:0.0                  elapsed_time:0.084392786026
INFO:root:sl:0.00151993220925 sr:0.00210358616591 heading:151 velocity:[None, None, None] position:LocationGlobalRelative:lat=None,lon=None,alt=None
INFO:root:Angle_optical:2.54024860195 Distance_optical:0.248498426131 Angle_gps:0.0 Distance_gps:0.0                  elapsed_time:0.0902211666107
INFO:root:sl:0.00126063491919 sr:0.0010594351327 heading:151 velocity:[None, None, None] position:LocationGlobalRelative:lat=None,lon=None,alt=None
INFO:root:Angle_optical:2.47442258298 Distance_optical:0.250687239752 Angle_gps:0.0 Distance_gps:0.0                  elapsed_time:0.0840039253235
INFO:root:sl:0.000317781420884 sr:0.000867230534882 heading:151 velocity:[None, None, None] position:LocationGlobalRelative:lat=None,lon=None,alt=None
INFO:root:Angle_optical:2.58177725735 Distance_optical:0.251832428366 Angle_gps:0.0 Distance_gps:0.0                  elapsed_time:0.0832769870758
INFO:root:sl:0.000399662650369 sr:0.000763918744074 heading:151 velocity:[None, None, None] position:LocationGlobalRelative:lat=None,lon=None,alt=None
INFO:root:Angle_optical:2.6486553171 Distance_optical:0.252950027617 Angle_gps:0.0 Distance_gps:0.0                  elapsed_time:0.101557970047
INFO:root:sl:0.000638993761697 sr:0.000970546163406 heading:151 velocity:[None, None, None] position:LocationGlobalRelative:lat=None,lon=None,alt=None
INFO:root:Angle_optical:2.70346504098 Distance_optical:0.254488767818 Angle_gps:0.0 Distance_gps:0.0                  elapsed_time:0.0849611759186
INFO:root:sl:0.000834233238383 sr:0.00080580204983 heading:151 velocity:[None, None, None] position:LocationGlobalRelative:lat=None,lon=None,alt=None
INFO:root:Angle_optical:2.68103187968 Distance_optical:0.256040423488 Angle_gps:0.0 Distance_gps:0.0                  elapsed_time:0.0707361698151
INFO:root:sl:0.000725024155348 sr:0.000107706234292 heading:151 velocity:[None, None, None] position:LocationGlobalRelative:lat=None,lon=None,alt=None
INFO:root:Angle_optical:2.54237707271 Distance_optical:0.256802309008 Angle_gps:0.0 Distance_gps:0.0                  elapsed_time:0.0874829292297
INFO:root:sl:0.0011548230735 sr:0.00140099615391 heading:151 velocity:[None, None, None] position:LocationGlobalRelative:lat=None,lon=None,alt=None
INFO:root:Angle_optical:2.5701497237 Distance_optical:0.259233041862 Angle_gps:0.0 Distance_gps:0.0                  elapsed_time:0.0837190151215
INFO:root:sl:0.000214742986544 sr:0.000102524756077 heading:151 velocity:[None, None, None] position:LocationGlobalRelative:lat=None,lon=None,alt=None
INFO:root:Angle_optical:2.54371175943 Distance_optical:0.259528744226 Angle_gps:0.0 Distance_gps:0.0                  elapsed_time:0.0786039829254
INFO:root:sl:6.81592619757e-05 sr:0.000143171339147 heading:151 velocity:[None, None, None] position:LocationGlobalRelative:lat=None,lon=None,alt=None
INFO:root:Angle_optical:2.55742074258 Distance_optical:0.259732036538 Angle_gps:0.0 Distance_gps:0.0                  elapsed_time:0.0864510536194
INFO:root:sl:0.00318107437565 sr:0.00306079912861 heading:151 velocity:[None, None, None] position:LocationGlobalRelative:lat=None,lon=None,alt=None
INFO:root:Angle_optical:2.47590836531 Distance_optical:0.265638179624 Angle_gps:0.0 Distance_gps:0.0                  elapsed_time:0.0878689289093
INFO:root:sl:0.000318461018184 sr:0.000375453179147 heading:151 velocity:[None, None, None] position:LocationGlobalRelative:lat=None,lon=None,alt=None
INFO:root:Angle_optical:2.48140742856 Distance_optical:0.266297682207 Angle_gps:0.0 Distance_gps:0.0                  elapsed_time:0.0852589607239
INFO:root:sl:4.64412053358e-05 sr:2.32113398461e-05 heading:151 velocity:[None, None, None] position:LocationGlobalRelative:lat=None,lon=None,alt=None
INFO:root:Angle_optical:2.47606031728 Distance_optical:0.266362693772 Angle_gps:0.0 Distance_gps:0.0                  elapsed_time:0.0898990631104
INFO:root:sl:0.00179629335687 sr:0.00213467412616 heading:151 velocity:[None, None, None] position:LocationGlobalRelative:lat=None,lon=None,alt=None
INFO:root:Angle_optical:2.50989035307 Distance_optical:0.270099398542 Angle_gps:0.0 Distance_gps:0.0                  elapsed_time:0.0892210006714
INFO:root:sl:0.000410763650255 sr:0.000408611666569 heading:151 velocity:[None, None, None] position:LocationGlobalRelative:lat=None,lon=None,alt=None
INFO:root:Angle_optical:2.50226469979 Distance_optical:0.270875276349 Angle_gps:0.0 Distance_gps:0.0                  elapsed_time:0.0902018547058
INFO:root:sl:0.00120321617392 sr:0.00116452447297 heading:151 velocity:[None, None, None] position:LocationGlobalRelative:lat=None,lon=None,alt=None
INFO:root:Angle_optical:2.47402080502 Distance_optical:0.273116018852 Angle_gps:0.0 Distance_gps:0.0                  elapsed_time:0.0777549743652
INFO:root:sl:0.000313395061154 sr:0.000511322897357 heading:151 velocity:[None, None, None] position:LocationGlobalRelative:lat=None,lon=None,alt=None
INFO:root:Angle_optical:2.5061720018 Distance_optical:0.273905206525 Angle_gps:0.0 Distance_gps:0.0                  elapsed_time:0.0846190452576
INFO:root:sl:0.000320034000546 sr:0.000303513949194 heading:151 velocity:[None, None, None] position:LocationGlobalRelative:lat=None,lon=None,alt=None
INFO:root:Angle_optical:2.49751152004 Distance_optical:0.274495038903 Angle_gps:0.0 Distance_gps:0.0                  elapsed_time:0.106498003006
INFO:root:sl:0.000298342880462 sr:0.000323968450929 heading:151 velocity:[None, None, None] position:LocationGlobalRelative:lat=None,lon=None,alt=None
INFO:root:Angle_optical:2.49721208221 Distance_optical:0.275085444208 Angle_gps:0.0 Distance_gps:0.0                  elapsed_time:0.0749709606171
INFO:root:sl:0.00328947722705 sr:0.00294186522038 heading:151 velocity:[None, None, None] position:LocationGlobalRelative:lat=None,lon=None,alt=None
INFO:root:Angle_optical:2.37759998139 Distance_optical:0.280972961815 Angle_gps:0.0 Distance_gps:0.0                  elapsed_time:0.0783789157867
INFO:root:sl:8.90153163714e-05 sr:-4.97359681216e-05 heading:151 velocity:[None, None, None] position:LocationGlobalRelative:lat=None,lon=None,alt=None
INFO:root:Angle_optical:2.35969937302 Distance_optical:0.281053782599 Angle_gps:0.0 Distance_gps:0.0                  elapsed_time:0.0880789756775
INFO:root:sl:0.00083983173215 sr:0.000801839402626 heading:151 velocity:[None, None, None] position:LocationGlobalRelative:lat=None,lon=None,alt=None
INFO:root:Angle_optical:2.33941396401 Distance_optical:0.282607186039 Angle_gps:0.0 Distance_gps:0.0                  elapsed_time:0.0840170383453
INFO:root:sl:0.000310563320929 sr:0.00125190339643 heading:151 velocity:[None, None, None] position:LocationGlobalRelative:lat=None,lon=None,alt=None
INFO:root:Angle_optical:2.50701601307 Distance_optical:0.284124699017 Angle_gps:0.0 Distance_gps:0.0                  elapsed_time:0.0784900188446
INFO:root:sl:0.00047904838602 sr:0.000137078028403 heading:151 velocity:[None, None, None] position:LocationGlobalRelative:lat=None,lon=None,alt=None
INFO:root:Angle_optical:2.43669782296 Distance_optical:0.284694219204 Angle_gps:0.0 Distance_gps:0.0                  elapsed_time:0.0921459197998
INFO:root:sl:0.000317713994121 sr:0.00051052986214 heading:151 velocity:[None, None, None] position:LocationGlobalRelative:lat=None,lon=None,alt=None
INFO:root:Angle_optical:2.466647749 Distance_optical:0.285486435715 Angle_gps:0.0 Distance_gps:0.0                  elapsed_time:0.084105014801
INFO:root:sl:0.00015050845541 sr:0.000234224268188 heading:151 velocity:[None, None, None] position:LocationGlobalRelative:lat=None,lon=None,alt=None
INFO:root:Angle_optical:2.47939299351 Distance_optical:0.285854219617 Angle_gps:0.0 Distance_gps:0.0                  elapsed_time:0.0828948020935
INFO:root:sl:0.000844610064479 sr:0.000788473850377 heading:151 velocity:[None, None, None] position:LocationGlobalRelative:lat=None,lon=None,alt=None
INFO:root:Angle_optical:2.45544346873 Distance_optical:0.28739854154 Angle_gps:0.0 Distance_gps:0.0                  elapsed_time:0.0865051746368
INFO:root:sl:2.42231085288e-05 sr:9.81494284895e-06 heading:151 velocity:[None, None, None] position:LocationGlobalRelative:lat=None,lon=None,alt=None
INFO:root:Angle_optical:2.45244787155 Distance_optical:0.287430192834 Angle_gps:0.0 Distance_gps:0.0                  elapsed_time:0.0932099819183
INFO:root:sl:0.00129776539459 sr:0.00177446771375 heading:151 velocity:[None, None, None] position:LocationGlobalRelative:lat=None,lon=None,alt=None
INFO:root:Angle_optical:2.51694425234 Distance_optical:0.290359305096 Angle_gps:0.0 Distance_gps:0.0                  elapsed_time:0.0842051506042
INFO:root:sl:0.00163308004909 sr:0.00214557841177 heading:151 velocity:[None, None, None] position:LocationGlobalRelative:lat=None,lon=None,alt=None
INFO:root:Angle_optical:2.58088368945 Distance_optical:0.293959267859 Angle_gps:0.0 Distance_gps:0.0                  elapsed_time:0.0787410736084
INFO:root:sl:0.000629168930507 sr:0.000395195535352 heading:151 velocity:[None, None, None] position:LocationGlobalRelative:lat=None,lon=None,alt=None
INFO:root:Angle_optical:2.52934414983 Distance_optical:0.294919440121 Angle_gps:0.0 Distance_gps:0.0                  elapsed_time:0.093446969986
INFO:root:sl:0.000102915257115 sr:2.91858913061e-05 heading:151 velocity:[None, None, None] position:LocationGlobalRelative:lat=None,lon=None,alt=None
INFO:root:Angle_optical:2.51471182793 Distance_optical:0.29504146596 Angle_gps:0.0 Distance_gps:0.0                  elapsed_time:0.0886240005493
INFO:root:sl:0.00160986591049 sr:0.00141433372589 heading:151 velocity:[None, None, None] position:LocationGlobalRelative:lat=None,lon=None,alt=None
INFO:root:Angle_optical:2.45490511061 Distance_optical:0.297897462428 Angle_gps:0.0 Distance_gps:0.0                  elapsed_time:0.0818748474121
INFO:root:sl:0.00109367344346 sr:0.00101485653925 heading:151 velocity:[None, None, None] position:LocationGlobalRelative:lat=None,lon=None,alt=None
INFO:root:Angle_optical:2.42428729494 Distance_optical:0.299891207953 Angle_gps:0.0 Distance_gps:0.0                  elapsed_time:0.0868961811066
INFO:root:sl:0.00034863979895 sr:0.00021232976546 heading:151 velocity:[None, None, None] position:LocationGlobalRelative:lat=None,lon=None,alt=None
INFO:root:Angle_optical:2.39537600283 Distance_optical:0.300417064155 Angle_gps:0.0 Distance_gps:0.0                  elapsed_time:0.0845491886139
INFO:root:sl:0.00108594588752 sr:0.000961173240733 heading:151 velocity:[None, None, None] position:LocationGlobalRelative:lat=None,lon=None,alt=None
INFO:root:Angle_optical:2.35761291753 Distance_optical:0.302351014967 Angle_gps:0.0 Distance_gps:0.0                  elapsed_time:0.0837190151215
INFO:root:sl:0.000202272355336 sr:0.000162255663291 heading:151 velocity:[None, None, None] position:LocationGlobalRelative:lat=None,lon=None,alt=None
INFO:root:Angle_optical:2.34774820385 Distance_optical:0.302694713299 Angle_gps:0.0 Distance_gps:0.0                  elapsed_time:0.0892961025238
INFO:root:sl:0.000773397016764 sr:0.00122724924078 heading:151 velocity:[None, None, None] position:LocationGlobalRelative:lat=None,lon=None,alt=None
INFO:root:Angle_optical:2.41399051512 Distance_optical:0.304607419798 Angle_gps:0.0 Distance_gps:0.0                  elapsed_time:0.0873148441315
INFO:root:sl:0.000598310364585 sr:0.000515809839233 heading:151 velocity:[None, None, None] position:LocationGlobalRelative:lat=None,lon=None,alt=None
INFO:root:Angle_optical:2.39100577441 Distance_optical:0.305659320346 Angle_gps:0.0 Distance_gps:0.0                  elapsed_time:0.0823721885681
INFO:root:sl:0.000388848061639 sr:0.000303568323581 heading:151 velocity:[None, None, None] position:LocationGlobalRelative:lat=None,lon=None,alt=None
INFO:root:Angle_optical:2.37077599226 Distance_optical:0.30631175723 Angle_gps:0.0 Distance_gps:0.0                  elapsed_time:0.0895140171051
INFO:root:sl:0.000872871786664 sr:0.00104367147695 heading:151 velocity:[None, None, None] position:LocationGlobalRelative:lat=None,lon=None,alt=None
INFO:root:Angle_optical:2.38688172248 Distance_optical:0.308133659177 Angle_gps:0.0 Distance_gps:0.0                  elapsed_time:0.08735704422
INFO:root:sl:0.000430943980175 sr:0.000632103734148 heading:151 velocity:[None, None, None] position:LocationGlobalRelative:lat=None,lon=None,alt=None
INFO:root:Angle_optical:2.41441356755 Distance_optical:0.309148456036 Angle_gps:0.0 Distance_gps:0.0                  elapsed_time:0.0826790332794
INFO:root:sl:0.000386497070494 sr:0.000514864345451 heading:151 velocity:[None, None, None] position:LocationGlobalRelative:lat=None,lon=None,alt=None
INFO:root:Angle_optical:2.43023064332 Distance_optical:0.310007262321 Angle_gps:0.0 Distance_gps:0.0                  elapsed_time:0.0806760787964
INFO:root:sl:0.000441707911967 sr:0.000588646222736 heading:151 velocity:[None, None, None] position:LocationGlobalRelative:lat=None,lon=None,alt=None
INFO:root:Angle_optical:2.44823926705 Distance_optical:0.3109890082 Angle_gps:0.0 Distance_gps:0.0                  elapsed_time:0.0961651802063
INFO:root:sl:0.000655434258296 sr:0.000515128822982 heading:151 velocity:[None, None, None] position:LocationGlobalRelative:lat=None,lon=None,alt=None
INFO:root:Angle_optical:2.41514283891 Distance_optical:0.312091977078 Angle_gps:0.0 Distance_gps:0.0                  elapsed_time:0.0816609859467
INFO:root:sl:0.000998513181115 sr:0.00109797041833 heading:151 velocity:[None, None, None] position:LocationGlobalRelative:lat=None,lon=None,alt=None
INFO:root:Angle_optical:2.41704909435 Distance_optical:0.31408150292 Angle_gps:0.0 Distance_gps:0.0                  elapsed_time:0.0831878185272
INFO:root:sl:0.000393637507208 sr:0.000428992553524 heading:151 velocity:[None, None, None] position:LocationGlobalRelative:lat=None,lon=None,alt=None
INFO:root:Angle_optical:2.41715791107 Distance_optical:0.314862017622 Angle_gps:0.0 Distance_gps:0.0                  elapsed_time:0.0859220027924
