INFO:root:Initialisation failed! Mission cancelled.
INFO:root:sl:-0.00225247112366 sr:-0.012287008528 heading:-21, velocity:[None, None, None], position:LocationGlobalRelative:lat=None,lon=None,alt=None
INFO:root:Angle:0.0 Distance:0.0
INFO:root:sl:0.0 sr:0.0 heading:-21, velocity:[None, None, None], position:LocationGlobalRelative:lat=None,lon=None,alt=None
INFO:root:Angle:0.0 Distance:0.0
INFO:root:sl:0.0 sr:0.0 heading:-21, velocity:[None, None, None], position:LocationGlobalRelative:lat=None,lon=None,alt=None
INFO:root:Angle:0.0 Distance:0.0
INFO:root:sl:0.0 sr:0.0 heading:-21, velocity:[None, None, None], position:LocationGlobalRelative:lat=None,lon=None,alt=None
INFO:root:Angle:0.0 Distance:0.0
INFO:root:sl:-0.00425516694841 sr:-0.00467760097798 heading:-21, velocity:[None, None, None], position:LocationGlobalRelative:lat=None,lon=None,alt=None
INFO:root:Angle:0.0 Distance:0.0
INFO:root:sl:0.00609827765686 sr:0.00193496373264 heading:-21, velocity:[None, None, None], position:LocationGlobalRelative:lat=None,lon=None,alt=None
INFO:root:Angle:152.604064178 Distance:0.0076935028773
INFO:root:sl:0.0 sr:0.0 heading:-21, velocity:[None, None, None], position:LocationGlobalRelative:lat=None,lon=None,alt=None
INFO:root:Angle:152.604064178 Distance:0.0076935028773
INFO:root:sl:0.0 sr:0.0 heading:-21, velocity:[None, None, None], position:LocationGlobalRelative:lat=None,lon=None,alt=None
INFO:root:Angle:152.604064178 Distance:0.0076935028773
INFO:root:sl:0.0 sr:0.0 heading:-21, velocity:[None, None, None], position:LocationGlobalRelative:lat=None,lon=None,alt=None
INFO:root:Angle:152.604064178 Distance:0.0076935028773
INFO:root:sl:0.0 sr:0.0 heading:-21, velocity:[None, None, None], position:LocationGlobalRelative:lat=None,lon=None,alt=None
INFO:root:Angle:152.604064178 Distance:0.0076935028773
INFO:root:sl:0.0 sr:0.0 heading:-21, velocity:[None, None, None], position:LocationGlobalRelative:lat=None,lon=None,alt=None
INFO:root:Angle:152.604064178 Distance:0.0076935028773
INFO:root:sl:0.0 sr:0.0 heading:-21, velocity:[None, None, None], position:LocationGlobalRelative:lat=None,lon=None,alt=None
INFO:root:Angle:152.604064178 Distance:0.0076935028773
INFO:root:sl:0.0 sr:0.0 heading:-21, velocity:[None, None, None], position:LocationGlobalRelative:lat=None,lon=None,alt=None
INFO:root:Angle:152.604064178 Distance:0.0076935028773
INFO:root:sl:0.0 sr:0.0 heading:-21, velocity:[None, None, None], position:LocationGlobalRelative:lat=None,lon=None,alt=None
INFO:root:Angle:152.604064178 Distance:0.0076935028773
INFO:root:sl:0.0 sr:0.0 heading:-21, velocity:[None, None, None], position:LocationGlobalRelative:lat=None,lon=None,alt=None
INFO:root:Angle:152.604064178 Distance:0.0076935028773
INFO:root:sl:0.0 sr:0.0 heading:-21, velocity:[None, None, None], position:LocationGlobalRelative:lat=None,lon=None,alt=None
INFO:root:Angle:152.604064178 Distance:0.0076935028773
INFO:root:sl:0.0 sr:0.0 heading:-21, velocity:[None, None, None], position:LocationGlobalRelative:lat=None,lon=None,alt=None
INFO:root:Angle:152.604064178 Distance:0.0076935028773
INFO:root:sl:0.0 sr:0.0 heading:-21, velocity:[None, None, None], position:LocationGlobalRelative:lat=None,lon=None,alt=None
INFO:root:Angle:152.604064178 Distance:0.0076935028773
INFO:root:sl:0.0 sr:0.0 heading:-21, velocity:[None, None, None], position:LocationGlobalRelative:lat=None,lon=None,alt=None
INFO:root:Angle:152.604064178 Distance:0.0076935028773
INFO:root:sl:0.0 sr:0.0 heading:-21, velocity:[None, None, None], position:LocationGlobalRelative:lat=None,lon=None,alt=None
INFO:root:Angle:152.604064178 Distance:0.0076935028773
INFO:root:sl:0.0 sr:0.0 heading:-21, velocity:[None, None, None], position:LocationGlobalRelative:lat=None,lon=None,alt=None
INFO:root:Angle:152.604064178 Distance:0.0076935028773
INFO:root:sl:0.0 sr:0.0 heading:-21, velocity:[None, None, None], position:LocationGlobalRelative:lat=None,lon=None,alt=None
INFO:root:Angle:152.604064178 Distance:0.0076935028773
INFO:root:sl:0.0 sr:0.0 heading:-21, velocity:[None, None, None], position:LocationGlobalRelative:lat=None,lon=None,alt=None
INFO:root:Angle:152.604064178 Distance:0.0076935028773
INFO:root:sl:0.0 sr:0.0 heading:-21, velocity:[None, None, None], position:LocationGlobalRelative:lat=None,lon=None,alt=None
INFO:root:Angle:152.604064178 Distance:0.0076935028773
INFO:root:sl:0.0 sr:0.0 heading:-21, velocity:[None, None, None], position:LocationGlobalRelative:lat=None,lon=None,alt=None
INFO:root:Angle:152.604064178 Distance:0.0076935028773
INFO:root:sl:0.0 sr:0.0 heading:-21, velocity:[None, None, None], position:LocationGlobalRelative:lat=None,lon=None,alt=None
INFO:root:Angle:152.604064178 Distance:0.0076935028773
INFO:root:sl:0.00524914801677 sr:0.00145390230719 heading:-21, velocity:[None, None, None], position:LocationGlobalRelative:lat=None,lon=None,alt=None
INFO:root:Angle:151.570553799 Distance:0.0149927640207
INFO:root:sl:0.0 sr:0.0 heading:-21, velocity:[None, None, None], position:LocationGlobalRelative:lat=None,lon=None,alt=None
INFO:root:Angle:151.570553799 Distance:0.0149927640207
INFO:root:sl:0.0 sr:0.0 heading:-21, velocity:[None, None, None], position:LocationGlobalRelative:lat=None,lon=None,alt=None
INFO:root:Angle:151.570553799 Distance:0.0149927640207
INFO:root:sl:0.0 sr:0.0 heading:-21, velocity:[None, None, None], position:LocationGlobalRelative:lat=None,lon=None,alt=None
INFO:root:Angle:151.570553799 Distance:0.0149927640207
INFO:root:sl:0.0 sr:0.0 heading:-21, velocity:[None, None, None], position:LocationGlobalRelative:lat=None,lon=None,alt=None
INFO:root:Angle:151.570553799 Distance:0.0149927640207
INFO:root:sl:0.0 sr:0.0 heading:-21, velocity:[None, None, None], position:LocationGlobalRelative:lat=None,lon=None,alt=None
INFO:root:Angle:151.570553799 Distance:0.0149927640207
INFO:root:sl:0.0 sr:0.0 heading:-21, velocity:[None, None, None], position:LocationGlobalRelative:lat=None,lon=None,alt=None
INFO:root:Angle:151.570553799 Distance:0.0149927640207
INFO:root:sl:0.0 sr:0.0 heading:-21, velocity:[None, None, None], position:LocationGlobalRelative:lat=None,lon=None,alt=None
INFO:root:Angle:151.570553799 Distance:0.0149927640207
INFO:root:sl:0.0 sr:0.0 heading:-21, velocity:[None, None, None], position:LocationGlobalRelative:lat=None,lon=None,alt=None
INFO:root:Angle:151.570553799 Distance:0.0149927640207
INFO:root:sl:0.0 sr:0.0 heading:-21, velocity:[None, None, None], position:LocationGlobalRelative:lat=None,lon=None,alt=None
INFO:root:Angle:151.570553799 Distance:0.0149927640207
INFO:root:sl:0.0 sr:0.0 heading:-21, velocity:[None, None, None], position:LocationGlobalRelative:lat=None,lon=None,alt=None
INFO:root:Angle:151.570553799 Distance:0.0149927640207
INFO:root:sl:0.0 sr:0.0 heading:-21, velocity:[None, None, None], position:LocationGlobalRelative:lat=None,lon=None,alt=None
INFO:root:Angle:151.570553799 Distance:0.0149927640207
INFO:root:sl:0.0 sr:0.0 heading:-21, velocity:[None, None, None], position:LocationGlobalRelative:lat=None,lon=None,alt=None
INFO:root:Angle:151.570553799 Distance:0.0149927640207
INFO:root:sl:0.0 sr:0.0 heading:-21, velocity:[None, None, None], position:LocationGlobalRelative:lat=None,lon=None,alt=None
INFO:root:Angle:151.570553799 Distance:0.0149927640207
INFO:root:sl:0.0 sr:0.0 heading:-21, velocity:[None, None, None], position:LocationGlobalRelative:lat=None,lon=None,alt=None
INFO:root:Angle:151.570553799 Distance:0.0149927640207
INFO:root:sl:0.0 sr:0.0 heading:-21, velocity:[None, None, None], position:LocationGlobalRelative:lat=None,lon=None,alt=None
INFO:root:Angle:151.570553799 Distance:0.0149927640207
INFO:root:sl:0.0 sr:0.0 heading:-21, velocity:[None, None, None], position:LocationGlobalRelative:lat=None,lon=None,alt=None
INFO:root:Angle:151.570553799 Distance:0.0149927640207
INFO:root:sl:0.0 sr:0.0 heading:-21, velocity:[None, None, None], position:LocationGlobalRelative:lat=None,lon=None,alt=None
INFO:root:Angle:151.570553799 Distance:0.0149927640207
INFO:root:sl:0.0 sr:0.0 heading:-21, velocity:[None, None, None], position:LocationGlobalRelative:lat=None,lon=None,alt=None
INFO:root:Angle:151.570553799 Distance:0.0149927640207
INFO:root:sl:0.0 sr:0.0 heading:-21, velocity:[None, None, None], position:LocationGlobalRelative:lat=None,lon=None,alt=None
INFO:root:Angle:151.570553799 Distance:0.0149927640207
INFO:root:sl:0.0 sr:0.0 heading:-21, velocity:[None, None, None], position:LocationGlobalRelative:lat=None,lon=None,alt=None
INFO:root:Angle:151.570553799 Distance:0.0149927640207
INFO:root:sl:0.0 sr:0.0 heading:-21, velocity:[None, None, None], position:LocationGlobalRelative:lat=None,lon=None,alt=None
INFO:root:Angle:151.570553799 Distance:0.0149927640207
INFO:root:sl:0.0 sr:0.0 heading:-21, velocity:[None, None, None], position:LocationGlobalRelative:lat=None,lon=None,alt=None
INFO:root:Angle:151.570553799 Distance:0.0149927640207
INFO:root:sl:0.0 sr:0.0 heading:-21, velocity:[None, None, None], position:LocationGlobalRelative:lat=None,lon=None,alt=None
INFO:root:Angle:151.570553799 Distance:0.0149927640207
INFO:root:sl:0.0 sr:0.0 heading:-21, velocity:[None, None, None], position:LocationGlobalRelative:lat=None,lon=None,alt=None
INFO:root:Angle:151.570553799 Distance:0.0149927640207
INFO:root:sl:0.0 sr:0.0 heading:-21, velocity:[None, None, None], position:LocationGlobalRelative:lat=None,lon=None,alt=None
INFO:root:Angle:151.570553799 Distance:0.0149927640207
INFO:root:sl:0.0 sr:0.0 heading:-21, velocity:[None, None, None], position:LocationGlobalRelative:lat=None,lon=None,alt=None
INFO:root:Angle:151.570553799 Distance:0.0149927640207
INFO:root:sl:0.0 sr:0.0 heading:-21, velocity:[None, None, None], position:LocationGlobalRelative:lat=None,lon=None,alt=None
INFO:root:Angle:151.570553799 Distance:0.0149927640207
INFO:root:sl:0.0 sr:0.0 heading:-21, velocity:[None, None, None], position:LocationGlobalRelative:lat=None,lon=None,alt=None
INFO:root:Angle:151.570553799 Distance:0.0149927640207
INFO:root:sl:0.0 sr:0.0 heading:-21, velocity:[None, None, None], position:LocationGlobalRelative:lat=None,lon=None,alt=None
INFO:root:Angle:151.570553799 Distance:0.0149927640207
INFO:root:sl:0.00567466698419 sr:0.00208121040988 heading:-21, velocity:[None, None, None], position:LocationGlobalRelative:lat=None,lon=None,alt=None
INFO:root:Angle:152.822956119 Distance:0.0230853577439
INFO:root:sl:0.0 sr:0.0 heading:-21, velocity:[None, None, None], position:LocationGlobalRelative:lat=None,lon=None,alt=None
INFO:root:Angle:152.822956119 Distance:0.0230853577439
INFO:root:sl:0.0 sr:0.0 heading:-21, velocity:[None, None, None], position:LocationGlobalRelative:lat=None,lon=None,alt=None
INFO:root:Angle:152.822956119 Distance:0.0230853577439
INFO:root:sl:0.0 sr:0.0 heading:-21, velocity:[None, None, None], position:LocationGlobalRelative:lat=None,lon=None,alt=None
INFO:root:Angle:152.822956119 Distance:0.0230853577439
INFO:root:sl:0.0 sr:0.0 heading:-21, velocity:[None, None, None], position:LocationGlobalRelative:lat=None,lon=None,alt=None
INFO:root:Angle:152.822956119 Distance:0.0230853577439
INFO:root:sl:0.0 sr:0.0 heading:-21, velocity:[None, None, None], position:LocationGlobalRelative:lat=None,lon=None,alt=None
INFO:root:Angle:152.822956119 Distance:0.0230853577439
INFO:root:sl:0.0 sr:0.0 heading:-21, velocity:[None, None, None], position:LocationGlobalRelative:lat=None,lon=None,alt=None
INFO:root:Angle:152.822956119 Distance:0.0230853577439
INFO:root:sl:0.0 sr:0.0 heading:-21, velocity:[None, None, None], position:LocationGlobalRelative:lat=None,lon=None,alt=None
INFO:root:Angle:152.822956119 Distance:0.0230853577439
INFO:root:sl:0.0 sr:0.0 heading:-21, velocity:[None, None, None], position:LocationGlobalRelative:lat=None,lon=None,alt=None
INFO:root:Angle:152.822956119 Distance:0.0230853577439
INFO:root:sl:0.0 sr:0.0 heading:-21, velocity:[None, None, None], position:LocationGlobalRelative:lat=None,lon=None,alt=None
INFO:root:Angle:152.822956119 Distance:0.0230853577439
INFO:root:sl:0.0 sr:0.0 heading:-21, velocity:[None, None, None], position:LocationGlobalRelative:lat=None,lon=None,alt=None
INFO:root:Angle:152.822956119 Distance:0.0230853577439
INFO:root:sl:0.0 sr:0.0 heading:-21, velocity:[None, None, None], position:LocationGlobalRelative:lat=None,lon=None,alt=None
INFO:root:Angle:152.822956119 Distance:0.0230853577439
INFO:root:sl:0.0 sr:0.0 heading:-21, velocity:[None, None, None], position:LocationGlobalRelative:lat=None,lon=None,alt=None
INFO:root:Angle:152.822956119 Distance:0.0230853577439
INFO:root:sl:0.0 sr:0.0 heading:-21, velocity:[None, None, None], position:LocationGlobalRelative:lat=None,lon=None,alt=None
INFO:root:Angle:152.822956119 Distance:0.0230853577439
INFO:root:sl:0.0 sr:0.0 heading:-21, velocity:[None, None, None], position:LocationGlobalRelative:lat=None,lon=None,alt=None
INFO:root:Angle:152.822956119 Distance:0.0230853577439
INFO:root:sl:0.0 sr:0.0 heading:-21, velocity:[None, None, None], position:LocationGlobalRelative:lat=None,lon=None,alt=None
INFO:root:Angle:152.822956119 Distance:0.0230853577439
INFO:root:sl:0.0 sr:0.0 heading:-21, velocity:[None, None, None], position:LocationGlobalRelative:lat=None,lon=None,alt=None
INFO:root:Angle:152.822956119 Distance:0.0230853577439
INFO:root:sl:0.0 sr:0.0 heading:-21, velocity:[None, None, None], position:LocationGlobalRelative:lat=None,lon=None,alt=None
INFO:root:Angle:152.822956119 Distance:0.0230853577439
INFO:root:sl:0.0 sr:0.0 heading:-21, velocity:[None, None, None], position:LocationGlobalRelative:lat=None,lon=None,alt=None
INFO:root:Angle:152.822956119 Distance:0.0230853577439
INFO:root:sl:0.0 sr:0.0 heading:-21, velocity:[None, None, None], position:LocationGlobalRelative:lat=None,lon=None,alt=None
INFO:root:Angle:152.822956119 Distance:0.0230853577439
INFO:root:sl:0.0 sr:0.0 heading:-21, velocity:[None, None, None], position:LocationGlobalRelative:lat=None,lon=None,alt=None
INFO:root:Angle:152.822956119 Distance:0.0230853577439
INFO:root:sl:0.0 sr:0.0 heading:-21, velocity:[None, None, None], position:LocationGlobalRelative:lat=None,lon=None,alt=None
INFO:root:Angle:152.822956119 Distance:0.0230853577439
INFO:root:sl:0.0 sr:0.0 heading:-21, velocity:[None, None, None], position:LocationGlobalRelative:lat=None,lon=None,alt=None
INFO:root:Angle:152.822956119 Distance:0.0230853577439
INFO:root:sl:0.0 sr:0.0 heading:-21, velocity:[None, None, None], position:LocationGlobalRelative:lat=None,lon=None,alt=None
INFO:root:Angle:152.822956119 Distance:0.0230853577439
INFO:root:sl:0.0 sr:0.0 heading:-21, velocity:[None, None, None], position:LocationGlobalRelative:lat=None,lon=None,alt=None
INFO:root:Angle:152.822956119 Distance:0.0230853577439
INFO:root:sl:0.0 sr:0.0 heading:-21, velocity:[None, None, None], position:LocationGlobalRelative:lat=None,lon=None,alt=None
INFO:root:Angle:152.822956119 Distance:0.0230853577439
INFO:root:sl:0.0 sr:0.0 heading:-21, velocity:[None, None, None], position:LocationGlobalRelative:lat=None,lon=None,alt=None
INFO:root:Angle:152.822956119 Distance:0.0230853577439
INFO:root:sl:0.00363180750169 sr:0.00216477722368 heading:-21, velocity:[None, None, None], position:LocationGlobalRelative:lat=None,lon=None,alt=None
INFO:root:Angle:155.369904906 Distance:0.0286369399543
INFO:root:sl:0.0 sr:0.0 heading:-21, velocity:[None, None, None], position:LocationGlobalRelative:lat=None,lon=None,alt=None
INFO:root:Angle:155.369904906 Distance:0.0286369399543
INFO:root:sl:0.0 sr:0.0 heading:-21, velocity:[None, None, None], position:LocationGlobalRelative:lat=None,lon=None,alt=None
INFO:root:Angle:155.369904906 Distance:0.0286369399543
INFO:root:sl:0.0 sr:0.0 heading:-21, velocity:[None, None, None], position:LocationGlobalRelative:lat=None,lon=None,alt=None
INFO:root:Angle:155.369904906 Distance:0.0286369399543
INFO:root:sl:0.0 sr:0.0 heading:-21, velocity:[None, None, None], position:LocationGlobalRelative:lat=None,lon=None,alt=None
INFO:root:Angle:155.369904906 Distance:0.0286369399543
INFO:root:sl:0.0 sr:0.0 heading:-21, velocity:[None, None, None], position:LocationGlobalRelative:lat=None,lon=None,alt=None
INFO:root:Angle:155.369904906 Distance:0.0286369399543
INFO:root:sl:0.0 sr:0.0 heading:-21, velocity:[None, None, None], position:LocationGlobalRelative:lat=None,lon=None,alt=None
INFO:root:Angle:155.369904906 Distance:0.0286369399543
INFO:root:sl:0.0 sr:0.0 heading:-21, velocity:[None, None, None], position:LocationGlobalRelative:lat=None,lon=None,alt=None
INFO:root:Angle:155.369904906 Distance:0.0286369399543
INFO:root:sl:0.0 sr:0.0 heading:-21, velocity:[None, None, None], position:LocationGlobalRelative:lat=None,lon=None,alt=None
INFO:root:Angle:155.369904906 Distance:0.0286369399543
INFO:root:sl:0.0 sr:0.0 heading:-21, velocity:[None, None, None], position:LocationGlobalRelative:lat=None,lon=None,alt=None
INFO:root:Angle:155.369904906 Distance:0.0286369399543
INFO:root:sl:0.0 sr:0.0 heading:-21, velocity:[None, None, None], position:LocationGlobalRelative:lat=None,lon=None,alt=None
INFO:root:Angle:155.369904906 Distance:0.0286369399543
INFO:root:sl:0.0 sr:0.0 heading:-21, velocity:[None, None, None], position:LocationGlobalRelative:lat=None,lon=None,alt=None
INFO:root:Angle:155.369904906 Distance:0.0286369399543
INFO:root:sl:0.0 sr:0.0 heading:-21, velocity:[None, None, None], position:LocationGlobalRelative:lat=None,lon=None,alt=None
INFO:root:Angle:155.369904906 Distance:0.0286369399543
INFO:root:sl:0.0 sr:0.0 heading:-21, velocity:[None, None, None], position:LocationGlobalRelative:lat=None,lon=None,alt=None
INFO:root:Angle:155.369904906 Distance:0.0286369399543
INFO:root:sl:0.0 sr:0.0 heading:-21, velocity:[None, None, None], position:LocationGlobalRelative:lat=None,lon=None,alt=None
INFO:root:Angle:155.369904906 Distance:0.0286369399543
INFO:root:sl:0.0 sr:0.0 heading:-21, velocity:[None, None, None], position:LocationGlobalRelative:lat=None,lon=None,alt=None
INFO:root:Angle:155.369904906 Distance:0.0286369399543
INFO:root:sl:0.0 sr:0.0 heading:-21, velocity:[None, None, None], position:LocationGlobalRelative:lat=None,lon=None,alt=None
INFO:root:Angle:155.369904906 Distance:0.0286369399543
INFO:root:sl:0.0 sr:0.0 heading:-21, velocity:[None, None, None], position:LocationGlobalRelative:lat=None,lon=None,alt=None
INFO:root:Angle:155.369904906 Distance:0.0286369399543
INFO:root:sl:0.0 sr:0.0 heading:-21, velocity:[None, None, None], position:LocationGlobalRelative:lat=None,lon=None,alt=None
INFO:root:Angle:155.369904906 Distance:0.0286369399543
INFO:root:sl:0.0 sr:0.0 heading:-21, velocity:[None, None, None], position:LocationGlobalRelative:lat=None,lon=None,alt=None
INFO:root:Angle:155.369904906 Distance:0.0286369399543
INFO:root:sl:0.0 sr:0.0 heading:-21, velocity:[None, None, None], position:LocationGlobalRelative:lat=None,lon=None,alt=None
INFO:root:Angle:155.369904906 Distance:0.0286369399543
INFO:root:sl:0.0 sr:0.0 heading:-21, velocity:[None, None, None], position:LocationGlobalRelative:lat=None,lon=None,alt=None
INFO:root:Angle:155.369904906 Distance:0.0286369399543
INFO:root:sl:0.0 sr:0.0 heading:-21, velocity:[None, None, None], position:LocationGlobalRelative:lat=None,lon=None,alt=None
INFO:root:Angle:155.369904906 Distance:0.0286369399543
INFO:root:sl:0.0 sr:0.0 heading:-21, velocity:[None, None, None], position:LocationGlobalRelative:lat=None,lon=None,alt=None
INFO:root:Angle:155.369904906 Distance:0.0286369399543
INFO:root:sl:0.0 sr:0.0 heading:-21, velocity:[None, None, None], position:LocationGlobalRelative:lat=None,lon=None,alt=None
INFO:root:Angle:155.369904906 Distance:0.0286369399543
INFO:root:sl:0.0 sr:0.0 heading:-21, velocity:[None, None, None], position:LocationGlobalRelative:lat=None,lon=None,alt=None
INFO:root:Angle:155.369904906 Distance:0.0286369399543
INFO:root:sl:0.0 sr:0.0 heading:-21, velocity:[None, None, None], position:LocationGlobalRelative:lat=None,lon=None,alt=None
INFO:root:Angle:155.369904906 Distance:0.0286369399543
INFO:root:sl:0.0 sr:0.0 heading:-21, velocity:[None, None, None], position:LocationGlobalRelative:lat=None,lon=None,alt=None
INFO:root:Angle:155.369904906 Distance:0.0286369399543
INFO:root:sl:0.0 sr:0.0 heading:-21, velocity:[None, None, None], position:LocationGlobalRelative:lat=None,lon=None,alt=None
INFO:root:Angle:155.369904906 Distance:0.0286369399543
INFO:root:sl:0.0 sr:0.0 heading:-21, velocity:[None, None, None], position:LocationGlobalRelative:lat=None,lon=None,alt=None
INFO:root:Angle:155.369904906 Distance:0.0286369399543
INFO:root:sl:0.0 sr:0.0 heading:-21, velocity:[None, None, None], position:LocationGlobalRelative:lat=None,lon=None,alt=None
INFO:root:Angle:155.369904906 Distance:0.0286369399543
INFO:root:sl:0.0 sr:0.0 heading:-21, velocity:[None, None, None], position:LocationGlobalRelative:lat=None,lon=None,alt=None
INFO:root:Angle:155.369904906 Distance:0.0286369399543
INFO:root:sl:0.0 sr:0.0 heading:-21, velocity:[None, None, None], position:LocationGlobalRelative:lat=None,lon=None,alt=None
INFO:root:Angle:155.369904906 Distance:0.0286369399543
INFO:root:sl:0.0 sr:0.0 heading:-21, velocity:[None, None, None], position:LocationGlobalRelative:lat=None,lon=None,alt=None
INFO:root:Angle:155.369904906 Distance:0.0286369399543
INFO:root:sl:0.0 sr:0.0 heading:-21, velocity:[None, None, None], position:LocationGlobalRelative:lat=None,lon=None,alt=None
INFO:root:Angle:155.369904906 Distance:0.0286369399543
INFO:root:sl:0.0 sr:0.0 heading:-21, velocity:[None, None, None], position:LocationGlobalRelative:lat=None,lon=None,alt=None
INFO:root:Angle:155.369904906 Distance:0.0286369399543
INFO:root:sl:0.0 sr:0.0 heading:-21, velocity:[None, None, None], position:LocationGlobalRelative:lat=None,lon=None,alt=None
INFO:root:Angle:155.369904906 Distance:0.0286369399543
INFO:root:sl:0.0 sr:0.0 heading:-21, velocity:[None, None, None], position:LocationGlobalRelative:lat=None,lon=None,alt=None
INFO:root:Angle:155.369904906 Distance:0.0286369399543
INFO:root:sl:0.0 sr:0.0 heading:-21, velocity:[None, None, None], position:LocationGlobalRelative:lat=None,lon=None,alt=None
INFO:root:Angle:155.369904906 Distance:0.0286369399543
INFO:root:sl:0.0 sr:0.0 heading:-21, velocity:[None, None, None], position:LocationGlobalRelative:lat=None,lon=None,alt=None
INFO:root:Angle:155.369904906 Distance:0.0286369399543
INFO:root:sl:0.0 sr:0.0 heading:-21, velocity:[None, None, None], position:LocationGlobalRelative:lat=None,lon=None,alt=None
INFO:root:Angle:155.369904906 Distance:0.0286369399543
INFO:root:sl:0.0 sr:0.0 heading:-21, velocity:[None, None, None], position:LocationGlobalRelative:lat=None,lon=None,alt=None
INFO:root:Angle:155.369904906 Distance:0.0286369399543
INFO:root:sl:0.0 sr:0.0 heading:-21, velocity:[None, None, None], position:LocationGlobalRelative:lat=None,lon=None,alt=None
INFO:root:Angle:155.369904906 Distance:0.0286369399543
INFO:root:sl:0.0 sr:0.0 heading:-21, velocity:[None, None, None], position:LocationGlobalRelative:lat=None,lon=None,alt=None
INFO:root:Angle:155.369904906 Distance:0.0286369399543
INFO:root:sl:0.0 sr:0.0 heading:-21, velocity:[None, None, None], position:LocationGlobalRelative:lat=None,lon=None,alt=None
INFO:root:Angle:155.369904906 Distance:0.0286369399543
INFO:root:sl:0.0 sr:0.0 heading:-21, velocity:[None, None, None], position:LocationGlobalRelative:lat=None,lon=None,alt=None
INFO:root:Angle:155.369904906 Distance:0.0286369399543
INFO:root:sl:0.0 sr:0.0 heading:-21, velocity:[None, None, None], position:LocationGlobalRelative:lat=None,lon=None,alt=None
INFO:root:Angle:155.369904906 Distance:0.0286369399543
INFO:root:sl:0.0 sr:0.0 heading:-21, velocity:[None, None, None], position:LocationGlobalRelative:lat=None,lon=None,alt=None
INFO:root:Angle:155.369904906 Distance:0.0286369399543
INFO:root:sl:0.0 sr:0.0 heading:-21, velocity:[None, None, None], position:LocationGlobalRelative:lat=None,lon=None,alt=None
INFO:root:Angle:155.369904906 Distance:0.0286369399543
INFO:root:sl:0.0 sr:0.0 heading:-21, velocity:[None, None, None], position:LocationGlobalRelative:lat=None,lon=None,alt=None
INFO:root:Angle:155.369904906 Distance:0.0286369399543
INFO:root:sl:0.0 sr:0.0 heading:-21, velocity:[None, None, None], position:LocationGlobalRelative:lat=None,lon=None,alt=None
INFO:root:Angle:155.369904906 Distance:0.0286369399543
INFO:root:sl:0.0 sr:0.0 heading:-21, velocity:[None, None, None], position:LocationGlobalRelative:lat=None,lon=None,alt=None
INFO:root:Angle:155.369904906 Distance:0.0286369399543
INFO:root:sl:0.0 sr:0.0 heading:-21, velocity:[None, None, None], position:LocationGlobalRelative:lat=None,lon=None,alt=None
INFO:root:Angle:155.369904906 Distance:0.0286369399543
INFO:root:sl:0.0 sr:0.0 heading:-21, velocity:[None, None, None], position:LocationGlobalRelative:lat=None,lon=None,alt=None
INFO:root:Angle:155.369904906 Distance:0.0286369399543
INFO:root:sl:0.0 sr:0.0 heading:-21, velocity:[None, None, None], position:LocationGlobalRelative:lat=None,lon=None,alt=None
INFO:root:Angle:155.369904906 Distance:0.0286369399543
INFO:root:sl:0.0 sr:0.0 heading:-21, velocity:[None, None, None], position:LocationGlobalRelative:lat=None,lon=None,alt=None
INFO:root:Angle:155.369904906 Distance:0.0286369399543
INFO:root:sl:0.0 sr:0.0 heading:-21, velocity:[None, None, None], position:LocationGlobalRelative:lat=None,lon=None,alt=None
INFO:root:Angle:155.369904906 Distance:0.0286369399543
INFO:root:sl:0.0 sr:0.0 heading:-21, velocity:[None, None, None], position:LocationGlobalRelative:lat=None,lon=None,alt=None
INFO:root:Angle:155.369904906 Distance:0.0286369399543
INFO:root:sl:0.0 sr:0.0 heading:-21, velocity:[None, None, None], position:LocationGlobalRelative:lat=None,lon=None,alt=None
INFO:root:Angle:155.369904906 Distance:0.0286369399543
INFO:root:sl:0.0 sr:0.0 heading:-21, velocity:[None, None, None], position:LocationGlobalRelative:lat=None,lon=None,alt=None
INFO:root:Angle:155.369904906 Distance:0.0286369399543
INFO:root:sl:0.0 sr:0.0 heading:-21, velocity:[None, None, None], position:LocationGlobalRelative:lat=None,lon=None,alt=None
INFO:root:Angle:155.369904906 Distance:0.0286369399543
INFO:root:sl:0.0 sr:0.0 heading:-21, velocity:[None, None, None], position:LocationGlobalRelative:lat=None,lon=None,alt=None
INFO:root:Angle:155.369904906 Distance:0.0286369399543
INFO:root:sl:0.0 sr:0.0 heading:-21, velocity:[None, None, None], position:LocationGlobalRelative:lat=None,lon=None,alt=None
INFO:root:Angle:155.369904906 Distance:0.0286369399543
INFO:root:sl:0.0 sr:0.0 heading:-21, velocity:[None, None, None], position:LocationGlobalRelative:lat=None,lon=None,alt=None
INFO:root:Angle:155.369904906 Distance:0.0286369399543
INFO:root:sl:0.0 sr:0.0 heading:-21, velocity:[None, None, None], position:LocationGlobalRelative:lat=None,lon=None,alt=None
INFO:root:Angle:155.369904906 Distance:0.0286369399543
INFO:root:sl:0.0 sr:0.0 heading:-21, velocity:[None, None, None], position:LocationGlobalRelative:lat=None,lon=None,alt=None
INFO:root:Angle:155.369904906 Distance:0.0286369399543
INFO:root:sl:0.0 sr:0.0 heading:-21, velocity:[None, None, None], position:LocationGlobalRelative:lat=None,lon=None,alt=None
INFO:root:Angle:155.369904906 Distance:0.0286369399543
INFO:root:sl:0.0 sr:0.0 heading:-21, velocity:[None, None, None], position:LocationGlobalRelative:lat=None,lon=None,alt=None
INFO:root:Angle:155.369904906 Distance:0.0286369399543
INFO:root:sl:0.0 sr:0.0 heading:-21, velocity:[None, None, None], position:LocationGlobalRelative:lat=None,lon=None,alt=None
INFO:root:Angle:155.369904906 Distance:0.0286369399543
INFO:root:sl:0.0 sr:0.0 heading:-21, velocity:[None, None, None], position:LocationGlobalRelative:lat=None,lon=None,alt=None
INFO:root:Angle:155.369904906 Distance:0.0286369399543
INFO:root:sl:0.0 sr:0.0 heading:-21, velocity:[None, None, None], position:LocationGlobalRelative:lat=None,lon=None,alt=None
INFO:root:Angle:155.369904906 Distance:0.0286369399543
INFO:root:sl:0.0 sr:0.0 heading:-21, velocity:[None, None, None], position:LocationGlobalRelative:lat=None,lon=None,alt=None
INFO:root:Angle:155.369904906 Distance:0.0286369399543
INFO:root:sl:0.0 sr:0.0 heading:-21, velocity:[None, None, None], position:LocationGlobalRelative:lat=None,lon=None,alt=None
INFO:root:Angle:155.369904906 Distance:0.0286369399543
INFO:root:sl:0.0 sr:0.0 heading:-21, velocity:[None, None, None], position:LocationGlobalRelative:lat=None,lon=None,alt=None
INFO:root:Angle:155.369904906 Distance:0.0286369399543
INFO:root:sl:0.0 sr:0.0 heading:-21, velocity:[None, None, None], position:LocationGlobalRelative:lat=None,lon=None,alt=None
INFO:root:Angle:155.369904906 Distance:0.0286369399543
INFO:root:sl:0.0 sr:0.0 heading:-21, velocity:[None, None, None], position:LocationGlobalRelative:lat=None,lon=None,alt=None
INFO:root:Angle:155.369904906 Distance:0.0286369399543
INFO:root:sl:0.0 sr:0.0 heading:-21, velocity:[None, None, None], position:LocationGlobalRelative:lat=None,lon=None,alt=None
INFO:root:Angle:155.369904906 Distance:0.0286369399543
INFO:root:sl:0.0 sr:0.0 heading:-21, velocity:[None, None, None], position:LocationGlobalRelative:lat=None,lon=None,alt=None
INFO:root:Angle:155.369904906 Distance:0.0286369399543
INFO:root:sl:0.0 sr:0.0 heading:-21, velocity:[None, None, None], position:LocationGlobalRelative:lat=None,lon=None,alt=None
INFO:root:Angle:155.369904906 Distance:0.0286369399543
INFO:root:sl:0.0 sr:0.0 heading:-21, velocity:[None, None, None], position:LocationGlobalRelative:lat=None,lon=None,alt=None
INFO:root:Angle:155.369904906 Distance:0.0286369399543
INFO:root:sl:0.0 sr:0.0 heading:-21, velocity:[None, None, None], position:LocationGlobalRelative:lat=None,lon=None,alt=None
INFO:root:Angle:155.369904906 Distance:0.0286369399543
INFO:root:sl:0.0 sr:0.0 heading:-21, velocity:[None, None, None], position:LocationGlobalRelative:lat=None,lon=None,alt=None
INFO:root:Angle:155.369904906 Distance:0.0286369399543
INFO:root:sl:0.0 sr:0.0 heading:-21, velocity:[None, None, None], position:LocationGlobalRelative:lat=None,lon=None,alt=None
INFO:root:Angle:155.369904906 Distance:0.0286369399543
INFO:root:sl:0.0 sr:0.0 heading:-21, velocity:[None, None, None], position:LocationGlobalRelative:lat=None,lon=None,alt=None
INFO:root:Angle:155.369904906 Distance:0.0286369399543
INFO:root:sl:0.0 sr:0.0 heading:-21, velocity:[None, None, None], position:LocationGlobalRelative:lat=None,lon=None,alt=None
INFO:root:Angle:155.369904906 Distance:0.0286369399543
INFO:root:sl:0.0 sr:0.0 heading:-21, velocity:[None, None, None], position:LocationGlobalRelative:lat=None,lon=None,alt=None
INFO:root:Angle:155.369904906 Distance:0.0286369399543
INFO:root:sl:0.0 sr:0.0 heading:-21, velocity:[None, None, None], position:LocationGlobalRelative:lat=None,lon=None,alt=None
INFO:root:Angle:155.369904906 Distance:0.0286369399543
INFO:root:sl:0.0 sr:0.0 heading:-21, velocity:[None, None, None], position:LocationGlobalRelative:lat=None,lon=None,alt=None
INFO:root:Angle:155.369904906 Distance:0.0286369399543
INFO:root:sl:0.0 sr:0.0 heading:-21, velocity:[None, None, None], position:LocationGlobalRelative:lat=None,lon=None,alt=None
INFO:root:Angle:155.369904906 Distance:0.0286369399543
INFO:root:sl:0.0 sr:0.0 heading:-21, velocity:[None, None, None], position:LocationGlobalRelative:lat=None,lon=None,alt=None
INFO:root:Angle:155.369904906 Distance:0.0286369399543
INFO:root:sl:0.0 sr:0.0 heading:-21, velocity:[None, None, None], position:LocationGlobalRelative:lat=None,lon=None,alt=None
INFO:root:Angle:155.369904906 Distance:0.0286369399543
INFO:root:sl:0.0 sr:0.0 heading:-21, velocity:[None, None, None], position:LocationGlobalRelative:lat=None,lon=None,alt=None
INFO:root:Angle:155.369904906 Distance:0.0286369399543
INFO:root:sl:0.0 sr:0.0 heading:-21, velocity:[None, None, None], position:LocationGlobalRelative:lat=None,lon=None,alt=None
INFO:root:Angle:155.369904906 Distance:0.0286369399543
INFO:root:sl:0.0 sr:0.0 heading:-21, velocity:[None, None, None], position:LocationGlobalRelative:lat=None,lon=None,alt=None
INFO:root:Angle:155.369904906 Distance:0.0286369399543
INFO:root:sl:0.0 sr:0.0 heading:-21, velocity:[None, None, None], position:LocationGlobalRelative:lat=None,lon=None,alt=None
INFO:root:Angle:155.369904906 Distance:0.0286369399543
INFO:root:sl:0.0 sr:0.0 heading:-21, velocity:[None, None, None], position:LocationGlobalRelative:lat=None,lon=None,alt=None
INFO:root:Angle:155.369904906 Distance:0.0286369399543
INFO:root:sl:0.0 sr:0.0 heading:-21, velocity:[None, None, None], position:LocationGlobalRelative:lat=None,lon=None,alt=None
INFO:root:Angle:155.369904906 Distance:0.0286369399543
INFO:root:sl:0.0 sr:0.0 heading:-21, velocity:[None, None, None], position:LocationGlobalRelative:lat=None,lon=None,alt=None
INFO:root:Angle:155.369904906 Distance:0.0286369399543
INFO:root:sl:0.0 sr:0.0 heading:-21, velocity:[None, None, None], position:LocationGlobalRelative:lat=None,lon=None,alt=None
INFO:root:Angle:155.369904906 Distance:0.0286369399543
INFO:root:sl:0.0 sr:0.0 heading:-21, velocity:[None, None, None], position:LocationGlobalRelative:lat=None,lon=None,alt=None
INFO:root:Angle:155.369904906 Distance:0.0286369399543
INFO:root:sl:0.0 sr:0.0 heading:-21, velocity:[None, None, None], position:LocationGlobalRelative:lat=None,lon=None,alt=None
INFO:root:Angle:155.369904906 Distance:0.0286369399543
INFO:root:sl:0.0 sr:0.0 heading:-21, velocity:[None, None, None], position:LocationGlobalRelative:lat=None,lon=None,alt=None
INFO:root:Angle:155.369904906 Distance:0.0286369399543
INFO:root:sl:0.0 sr:0.0 heading:-21, velocity:[None, None, None], position:LocationGlobalRelative:lat=None,lon=None,alt=None
INFO:root:Angle:155.369904906 Distance:0.0286369399543
INFO:root:sl:0.0 sr:0.0 heading:-21, velocity:[None, None, None], position:LocationGlobalRelative:lat=None,lon=None,alt=None
INFO:root:Angle:155.369904906 Distance:0.0286369399543
INFO:root:sl:0.0 sr:0.0 heading:-21, velocity:[None, None, None], position:LocationGlobalRelative:lat=None,lon=None,alt=None
INFO:root:Angle:155.369904906 Distance:0.0286369399543
INFO:root:sl:0.0 sr:0.0 heading:-21, velocity:[None, None, None], position:LocationGlobalRelative:lat=None,lon=None,alt=None
INFO:root:Angle:155.369904906 Distance:0.0286369399543
INFO:root:sl:0.0 sr:0.0 heading:-21, velocity:[None, None, None], position:LocationGlobalRelative:lat=None,lon=None,alt=None
INFO:root:Angle:155.369904906 Distance:0.0286369399543
INFO:root:sl:0.0 sr:0.0 heading:-21, velocity:[None, None, None], position:LocationGlobalRelative:lat=None,lon=None,alt=None
INFO:root:Angle:155.369904906 Distance:0.0286369399543
INFO:root:sl:0.0 sr:0.0 heading:-21, velocity:[None, None, None], position:LocationGlobalRelative:lat=None,lon=None,alt=None
INFO:root:Angle:155.369904906 Distance:0.0286369399543
INFO:root:sl:0.0 sr:0.0 heading:-21, velocity:[None, None, None], position:LocationGlobalRelative:lat=None,lon=None,alt=None
INFO:root:Angle:155.369904906 Distance:0.0286369399543
INFO:root:sl:0.0 sr:0.0 heading:-21, velocity:[None, None, None], position:LocationGlobalRelative:lat=None,lon=None,alt=None
INFO:root:Angle:155.369904906 Distance:0.0286369399543
INFO:root:sl:0.0 sr:0.0 heading:-21, velocity:[None, None, None], position:LocationGlobalRelative:lat=None,lon=None,alt=None
INFO:root:Angle:155.369904906 Distance:0.0286369399543
INFO:root:sl:0.0 sr:0.0 heading:-21, velocity:[None, None, None], position:LocationGlobalRelative:lat=None,lon=None,alt=None
INFO:root:Angle:155.369904906 Distance:0.0286369399543
INFO:root:sl:0.0 sr:0.0 heading:-21, velocity:[None, None, None], position:LocationGlobalRelative:lat=None,lon=None,alt=None
INFO:root:Angle:155.369904906 Distance:0.0286369399543
INFO:root:sl:0.0 sr:0.0 heading:-21, velocity:[None, None, None], position:LocationGlobalRelative:lat=None,lon=None,alt=None
INFO:root:Angle:155.369904906 Distance:0.0286369399543
INFO:root:sl:0.0 sr:0.0 heading:-21, velocity:[None, None, None], position:LocationGlobalRelative:lat=None,lon=None,alt=None
INFO:root:Angle:155.369904906 Distance:0.0286369399543
INFO:root:sl:0.0 sr:0.0 heading:-21, velocity:[None, None, None], position:LocationGlobalRelative:lat=None,lon=None,alt=None
INFO:root:Angle:155.369904906 Distance:0.0286369399543
INFO:root:sl:0.0 sr:0.0 heading:-21, velocity:[None, None, None], position:LocationGlobalRelative:lat=None,lon=None,alt=None
INFO:root:Angle:155.369904906 Distance:0.0286369399543
INFO:root:sl:0.00664510732037 sr:0.00126932919567 heading:-21, velocity:[None, None, None], position:LocationGlobalRelative:lat=None,lon=None,alt=None
INFO:root:Angle:153.075719107 Distance:0.0376105731036
INFO:root:sl:0.0 sr:0.0 heading:-21, velocity:[None, None, None], position:LocationGlobalRelative:lat=None,lon=None,alt=None
INFO:root:Angle:153.075719107 Distance:0.0376105731036
INFO:root:sl:0.0 sr:0.0 heading:-21, velocity:[None, None, None], position:LocationGlobalRelative:lat=None,lon=None,alt=None
INFO:root:Angle:153.075719107 Distance:0.0376105731036
INFO:root:sl:0.0 sr:0.0 heading:-21, velocity:[None, None, None], position:LocationGlobalRelative:lat=None,lon=None,alt=None
INFO:root:Angle:153.075719107 Distance:0.0376105731036
INFO:root:sl:0.0 sr:0.0 heading:-21, velocity:[None, None, None], position:LocationGlobalRelative:lat=None,lon=None,alt=None
INFO:root:Angle:153.075719107 Distance:0.0376105731036
INFO:root:sl:0.0 sr:0.0 heading:-21, velocity:[None, None, None], position:LocationGlobalRelative:lat=None,lon=None,alt=None
INFO:root:Angle:153.075719107 Distance:0.0376105731036
INFO:root:sl:0.0 sr:0.0 heading:-21, velocity:[None, None, None], position:LocationGlobalRelative:lat=None,lon=None,alt=None
INFO:root:Angle:153.075719107 Distance:0.0376105731036
INFO:root:sl:0.0 sr:0.0 heading:-21, velocity:[None, None, None], position:LocationGlobalRelative:lat=None,lon=None,alt=None
INFO:root:Angle:153.075719107 Distance:0.0376105731036
INFO:root:sl:0.0 sr:0.0 heading:-21, velocity:[None, None, None], position:LocationGlobalRelative:lat=None,lon=None,alt=None
INFO:root:Angle:153.075719107 Distance:0.0376105731036
INFO:root:sl:0.0 sr:0.0 heading:-21, velocity:[None, None, None], position:LocationGlobalRelative:lat=None,lon=None,alt=None
INFO:root:Angle:153.075719107 Distance:0.0376105731036
INFO:root:sl:0.0 sr:0.0 heading:-21, velocity:[None, None, None], position:LocationGlobalRelative:lat=None,lon=None,alt=None
INFO:root:Angle:153.075719107 Distance:0.0376105731036
INFO:root:sl:0.0 sr:0.0 heading:-21, velocity:[None, None, None], position:LocationGlobalRelative:lat=None,lon=None,alt=None
INFO:root:Angle:153.075719107 Distance:0.0376105731036
INFO:root:sl:0.00488956901113 sr:0.00229983722096 heading:-21, velocity:[None, None, None], position:LocationGlobalRelative:lat=None,lon=None,alt=None
INFO:root:Angle:154.222993643 Distance:0.0448074948135
INFO:root:sl:0.0 sr:0.0 heading:-21, velocity:[None, None, None], position:LocationGlobalRelative:lat=None,lon=None,alt=None
INFO:root:Angle:154.222993643 Distance:0.0448074948135
INFO:root:sl:0.0 sr:0.0 heading:-21, velocity:[None, None, None], position:LocationGlobalRelative:lat=None,lon=None,alt=None
INFO:root:Angle:154.222993643 Distance:0.0448074948135
INFO:root:sl:0.0 sr:0.0 heading:-21, velocity:[None, None, None], position:LocationGlobalRelative:lat=None,lon=None,alt=None
INFO:root:Angle:154.222993643 Distance:0.0448074948135
INFO:root:sl:0.0 sr:0.0 heading:-21, velocity:[None, None, None], position:LocationGlobalRelative:lat=None,lon=None,alt=None
INFO:root:Angle:154.222993643 Distance:0.0448074948135
INFO:root:sl:0.0 sr:0.0 heading:-21, velocity:[None, None, None], position:LocationGlobalRelative:lat=None,lon=None,alt=None
INFO:root:Angle:154.222993643 Distance:0.0448074948135
INFO:root:sl:0.0 sr:0.0 heading:-21, velocity:[None, None, None], position:LocationGlobalRelative:lat=None,lon=None,alt=None
INFO:root:Angle:154.222993643 Distance:0.0448074948135
INFO:root:sl:0.0 sr:0.0 heading:-21, velocity:[None, None, None], position:LocationGlobalRelative:lat=None,lon=None,alt=None
INFO:root:Angle:154.222993643 Distance:0.0448074948135
INFO:root:sl:0.0 sr:0.0 heading:-21, velocity:[None, None, None], position:LocationGlobalRelative:lat=None,lon=None,alt=None
INFO:root:Angle:154.222993643 Distance:0.0448074948135
INFO:root:sl:0.0 sr:0.0 heading:-21, velocity:[None, None, None], position:LocationGlobalRelative:lat=None,lon=None,alt=None
INFO:root:Angle:154.222993643 Distance:0.0448074948135
INFO:root:sl:0.0 sr:0.0 heading:-21, velocity:[None, None, None], position:LocationGlobalRelative:lat=None,lon=None,alt=None
INFO:root:Angle:154.222993643 Distance:0.0448074948135
INFO:root:sl:0.0 sr:0.0 heading:-21, velocity:[None, None, None], position:LocationGlobalRelative:lat=None,lon=None,alt=None
INFO:root:Angle:154.222993643 Distance:0.0448074948135
INFO:root:sl:0.0 sr:0.0 heading:-21, velocity:[None, None, None], position:LocationGlobalRelative:lat=None,lon=None,alt=None
INFO:root:Angle:154.222993643 Distance:0.0448074948135
INFO:root:sl:0.0 sr:0.0 heading:-21, velocity:[None, None, None], position:LocationGlobalRelative:lat=None,lon=None,alt=None
INFO:root:Angle:154.222993643 Distance:0.0448074948135
INFO:root:sl:0.0 sr:0.0 heading:-21, velocity:[None, None, None], position:LocationGlobalRelative:lat=None,lon=None,alt=None
INFO:root:Angle:154.222993643 Distance:0.0448074948135
INFO:root:sl:0.0 sr:0.0 heading:-21, velocity:[None, None, None], position:LocationGlobalRelative:lat=None,lon=None,alt=None
INFO:root:Angle:154.222993643 Distance:0.0448074948135
INFO:root:sl:0.0 sr:0.0 heading:-21, velocity:[None, None, None], position:LocationGlobalRelative:lat=None,lon=None,alt=None
INFO:root:Angle:154.222993643 Distance:0.0448074948135
INFO:root:sl:0.0 sr:0.0 heading:-21, velocity:[None, None, None], position:LocationGlobalRelative:lat=None,lon=None,alt=None
INFO:root:Angle:154.222993643 Distance:0.0448074948135
INFO:root:sl:0.0 sr:0.0 heading:-21, velocity:[None, None, None], position:LocationGlobalRelative:lat=None,lon=None,alt=None
INFO:root:Angle:154.222993643 Distance:0.0448074948135
INFO:root:sl:0.0 sr:0.0 heading:-21, velocity:[None, None, None], position:LocationGlobalRelative:lat=None,lon=None,alt=None
INFO:root:Angle:154.222993643 Distance:0.0448074948135
INFO:root:sl:0.0 sr:0.0 heading:-21, velocity:[None, None, None], position:LocationGlobalRelative:lat=None,lon=None,alt=None
INFO:root:Angle:154.222993643 Distance:0.0448074948135
INFO:root:sl:0.0 sr:0.0 heading:-21, velocity:[None, None, None], position:LocationGlobalRelative:lat=None,lon=None,alt=None
INFO:root:Angle:154.222993643 Distance:0.0448074948135
INFO:root:sl:0.0 sr:0.0 heading:-21, velocity:[None, None, None], position:LocationGlobalRelative:lat=None,lon=None,alt=None
INFO:root:Angle:154.222993643 Distance:0.0448074948135
INFO:root:sl:0.0 sr:0.0 heading:-21, velocity:[None, None, None], position:LocationGlobalRelative:lat=None,lon=None,alt=None
INFO:root:Angle:154.222993643 Distance:0.0448074948135
INFO:root:sl:0.0 sr:0.0 heading:-21, velocity:[None, None, None], position:LocationGlobalRelative:lat=None,lon=None,alt=None
INFO:root:Angle:154.222993643 Distance:0.0448074948135
INFO:root:sl:0.0 sr:0.0 heading:-21, velocity:[None, None, None], position:LocationGlobalRelative:lat=None,lon=None,alt=None
INFO:root:Angle:154.222993643 Distance:0.0448074948135
INFO:root:sl:0.0 sr:0.0 heading:-21, velocity:[None, None, None], position:LocationGlobalRelative:lat=None,lon=None,alt=None
INFO:root:Angle:154.222993643 Distance:0.0448074948135
INFO:root:sl:0.0 sr:0.0 heading:-21, velocity:[None, None, None], position:LocationGlobalRelative:lat=None,lon=None,alt=None
INFO:root:Angle:154.222993643 Distance:0.0448074948135
INFO:root:sl:0.0 sr:0.0 heading:-21, velocity:[None, None, None], position:LocationGlobalRelative:lat=None,lon=None,alt=None
INFO:root:Angle:154.222993643 Distance:0.0448074948135
INFO:root:sl:0.0 sr:0.0 heading:-21, velocity:[None, None, None], position:LocationGlobalRelative:lat=None,lon=None,alt=None
INFO:root:Angle:154.222993643 Distance:0.0448074948135
INFO:root:sl:0.0 sr:0.0 heading:-21, velocity:[None, None, None], position:LocationGlobalRelative:lat=None,lon=None,alt=None
INFO:root:Angle:154.222993643 Distance:0.0448074948135
INFO:root:sl:0.0 sr:0.0 heading:-21, velocity:[None, None, None], position:LocationGlobalRelative:lat=None,lon=None,alt=None
INFO:root:Angle:154.222993643 Distance:0.0448074948135
INFO:root:sl:0.0 sr:0.0 heading:-21, velocity:[None, None, None], position:LocationGlobalRelative:lat=None,lon=None,alt=None
INFO:root:Angle:154.222993643 Distance:0.0448074948135
INFO:root:sl:0.0 sr:0.0 heading:-21, velocity:[None, None, None], position:LocationGlobalRelative:lat=None,lon=None,alt=None
INFO:root:Angle:154.222993643 Distance:0.0448074948135
INFO:root:sl:0.0 sr:0.0 heading:-21, velocity:[None, None, None], position:LocationGlobalRelative:lat=None,lon=None,alt=None
INFO:root:Angle:154.222993643 Distance:0.0448074948135
INFO:root:sl:0.0 sr:0.0 heading:-21, velocity:[None, None, None], position:LocationGlobalRelative:lat=None,lon=None,alt=None
INFO:root:Angle:154.222993643 Distance:0.0448074948135
INFO:root:sl:0.0 sr:0.0 heading:-21, velocity:[None, None, None], position:LocationGlobalRelative:lat=None,lon=None,alt=None
INFO:root:Angle:154.222993643 Distance:0.0448074948135
INFO:root:sl:0.0 sr:0.0 heading:-21, velocity:[None, None, None], position:LocationGlobalRelative:lat=None,lon=None,alt=None
INFO:root:Angle:154.222993643 Distance:0.0448074948135
INFO:root:sl:0.0 sr:0.0 heading:-21, velocity:[None, None, None], position:LocationGlobalRelative:lat=None,lon=None,alt=None
INFO:root:Angle:154.222993643 Distance:0.0448074948135
INFO:root:sl:0.0 sr:0.0 heading:-21, velocity:[None, None, None], position:LocationGlobalRelative:lat=None,lon=None,alt=None
INFO:root:Angle:154.222993643 Distance:0.0448074948135
INFO:root:sl:0.0 sr:0.0 heading:-21, velocity:[None, None, None], position:LocationGlobalRelative:lat=None,lon=None,alt=None
INFO:root:Angle:154.222993643 Distance:0.0448074948135
INFO:root:sl:0.0 sr:0.0 heading:-21, velocity:[None, None, None], position:LocationGlobalRelative:lat=None,lon=None,alt=None
INFO:root:Angle:154.222993643 Distance:0.0448074948135
INFO:root:sl:0.0 sr:0.0 heading:-21, velocity:[None, None, None], position:LocationGlobalRelative:lat=None,lon=None,alt=None
INFO:root:Angle:154.222993643 Distance:0.0448074948135
INFO:root:sl:0.00477422328644 sr:0.000574233292809 heading:-21, velocity:[None, None, None], position:LocationGlobalRelative:lat=None,lon=None,alt=None
INFO:root:Angle:152.675777556 Distance:0.0511229426943
INFO:root:sl:0.0 sr:0.0 heading:-21, velocity:[None, None, None], position:LocationGlobalRelative:lat=None,lon=None,alt=None
INFO:root:Angle:152.675777556 Distance:0.0511229426943
INFO:root:sl:0.0 sr:0.0 heading:-21, velocity:[None, None, None], position:LocationGlobalRelative:lat=None,lon=None,alt=None
INFO:root:Angle:152.675777556 Distance:0.0511229426943
INFO:root:sl:0.0 sr:0.0 heading:-21, velocity:[None, None, None], position:LocationGlobalRelative:lat=None,lon=None,alt=None
INFO:root:Angle:152.675777556 Distance:0.0511229426943
INFO:root:sl:0.0 sr:0.0 heading:-21, velocity:[None, None, None], position:LocationGlobalRelative:lat=None,lon=None,alt=None
INFO:root:Angle:152.675777556 Distance:0.0511229426943
INFO:root:sl:0.0 sr:0.0 heading:-21, velocity:[None, None, None], position:LocationGlobalRelative:lat=None,lon=None,alt=None
INFO:root:Angle:152.675777556 Distance:0.0511229426943
INFO:root:sl:0.0 sr:0.0 heading:-21, velocity:[None, None, None], position:LocationGlobalRelative:lat=None,lon=None,alt=None
INFO:root:Angle:152.675777556 Distance:0.0511229426943
INFO:root:sl:0.0 sr:0.0 heading:-21, velocity:[None, None, None], position:LocationGlobalRelative:lat=None,lon=None,alt=None
INFO:root:Angle:152.675777556 Distance:0.0511229426943
INFO:root:sl:0.0 sr:0.0 heading:-21, velocity:[None, None, None], position:LocationGlobalRelative:lat=None,lon=None,alt=None
INFO:root:Angle:152.675777556 Distance:0.0511229426943
INFO:root:sl:0.0 sr:0.0 heading:-21, velocity:[None, None, None], position:LocationGlobalRelative:lat=None,lon=None,alt=None
INFO:root:Angle:152.675777556 Distance:0.0511229426943
INFO:root:sl:0.0 sr:0.0 heading:-21, velocity:[None, None, None], position:LocationGlobalRelative:lat=None,lon=None,alt=None
INFO:root:Angle:152.675777556 Distance:0.0511229426943
INFO:root:sl:0.0 sr:0.0 heading:-21, velocity:[None, None, None], position:LocationGlobalRelative:lat=None,lon=None,alt=None
INFO:root:Angle:152.675777556 Distance:0.0511229426943
INFO:root:sl:0.00523825114917 sr:0.0023087191614 heading:-21, velocity:[None, None, None], position:LocationGlobalRelative:lat=None,lon=None,alt=None
INFO:root:Angle:153.472185657 Distance:0.0587591028527
INFO:root:sl:0.0 sr:0.0 heading:-21, velocity:[None, None, None], position:LocationGlobalRelative:lat=None,lon=None,alt=None
INFO:root:Angle:153.472185657 Distance:0.0587591028527
INFO:root:sl:0.0 sr:0.0 heading:-21, velocity:[None, None, None], position:LocationGlobalRelative:lat=None,lon=None,alt=None
INFO:root:Angle:153.472185657 Distance:0.0587591028527
INFO:root:sl:0.0 sr:0.0 heading:-21, velocity:[None, None, None], position:LocationGlobalRelative:lat=None,lon=None,alt=None
INFO:root:Angle:153.472185657 Distance:0.0587591028527
INFO:root:sl:0.0 sr:0.0 heading:-21, velocity:[None, None, None], position:LocationGlobalRelative:lat=None,lon=None,alt=None
INFO:root:Angle:153.472185657 Distance:0.0587591028527
INFO:root:sl:0.0 sr:0.0 heading:-21, velocity:[None, None, None], position:LocationGlobalRelative:lat=None,lon=None,alt=None
INFO:root:Angle:153.472185657 Distance:0.0587591028527
INFO:root:sl:0.0 sr:0.0 heading:-21, velocity:[None, None, None], position:LocationGlobalRelative:lat=None,lon=None,alt=None
INFO:root:Angle:153.472185657 Distance:0.0587591028527
INFO:root:sl:0.0 sr:0.0 heading:-21, velocity:[None, None, None], position:LocationGlobalRelative:lat=None,lon=None,alt=None
INFO:root:Angle:153.472185657 Distance:0.0587591028527
INFO:root:sl:0.0 sr:0.0 heading:-21, velocity:[None, None, None], position:LocationGlobalRelative:lat=None,lon=None,alt=None
INFO:root:Angle:153.472185657 Distance:0.0587591028527
INFO:root:sl:0.0 sr:0.0 heading:-21, velocity:[None, None, None], position:LocationGlobalRelative:lat=None,lon=None,alt=None
INFO:root:Angle:153.472185657 Distance:0.0587591028527
INFO:root:sl:0.0 sr:0.0 heading:-21, velocity:[None, None, None], position:LocationGlobalRelative:lat=None,lon=None,alt=None
INFO:root:Angle:153.472185657 Distance:0.0587591028527
INFO:root:sl:0.0 sr:0.0 heading:-21, velocity:[None, None, None], position:LocationGlobalRelative:lat=None,lon=None,alt=None
INFO:root:Angle:153.472185657 Distance:0.0587591028527
INFO:root:sl:0.0 sr:0.0 heading:-21, velocity:[None, None, None], position:LocationGlobalRelative:lat=None,lon=None,alt=None
INFO:root:Angle:153.472185657 Distance:0.0587591028527
INFO:root:sl:0.0 sr:0.0 heading:-21, velocity:[None, None, None], position:LocationGlobalRelative:lat=None,lon=None,alt=None
INFO:root:Angle:153.472185657 Distance:0.0587591028527
INFO:root:sl:0.00365609145953 sr:0.00123938876444 heading:-21, velocity:[None, None, None], position:LocationGlobalRelative:lat=None,lon=None,alt=None
INFO:root:Angle:153.49275434 Distance:0.0639342800809
INFO:root:sl:0.0 sr:0.0 heading:-21, velocity:[None, None, None], position:LocationGlobalRelative:lat=None,lon=None,alt=None
INFO:root:Angle:153.49275434 Distance:0.0639342800809
INFO:root:sl:0.0 sr:0.0 heading:-21, velocity:[None, None, None], position:LocationGlobalRelative:lat=None,lon=None,alt=None
INFO:root:Angle:153.49275434 Distance:0.0639342800809
INFO:root:sl:0.0 sr:0.0 heading:-21, velocity:[None, None, None], position:LocationGlobalRelative:lat=None,lon=None,alt=None
INFO:root:Angle:153.49275434 Distance:0.0639342800809
INFO:root:sl:0.0 sr:0.0 heading:-21, velocity:[None, None, None], position:LocationGlobalRelative:lat=None,lon=None,alt=None
INFO:root:Angle:153.49275434 Distance:0.0639342800809
INFO:root:sl:0.0 sr:0.0 heading:-21, velocity:[None, None, None], position:LocationGlobalRelative:lat=None,lon=None,alt=None
INFO:root:Angle:153.49275434 Distance:0.0639342800809
INFO:root:sl:0.0 sr:0.0 heading:-21, velocity:[None, None, None], position:LocationGlobalRelative:lat=None,lon=None,alt=None
INFO:root:Angle:153.49275434 Distance:0.0639342800809
INFO:root:sl:0.0 sr:0.0 heading:-21, velocity:[None, None, None], position:LocationGlobalRelative:lat=None,lon=None,alt=None
INFO:root:Angle:153.49275434 Distance:0.0639342800809
INFO:root:sl:0.0 sr:0.0 heading:-21, velocity:[None, None, None], position:LocationGlobalRelative:lat=None,lon=None,alt=None
INFO:root:Angle:153.49275434 Distance:0.0639342800809
INFO:root:sl:0.0 sr:0.0 heading:-21, velocity:[None, None, None], position:LocationGlobalRelative:lat=None,lon=None,alt=None
INFO:root:Angle:153.49275434 Distance:0.0639342800809
INFO:root:sl:0.0 sr:0.0 heading:-21, velocity:[None, None, None], position:LocationGlobalRelative:lat=None,lon=None,alt=None
INFO:root:Angle:153.49275434 Distance:0.0639342800809
INFO:root:sl:0.0 sr:0.0 heading:-21, velocity:[None, None, None], position:LocationGlobalRelative:lat=None,lon=None,alt=None
INFO:root:Angle:153.49275434 Distance:0.0639342800809
INFO:root:sl:0.0 sr:0.0 heading:-21, velocity:[None, None, None], position:LocationGlobalRelative:lat=None,lon=None,alt=None
INFO:root:Angle:153.49275434 Distance:0.0639342800809
INFO:root:sl:0.0 sr:0.0 heading:-21, velocity:[None, None, None], position:LocationGlobalRelative:lat=None,lon=None,alt=None
INFO:root:Angle:153.49275434 Distance:0.0639342800809
INFO:root:sl:0.0 sr:0.0 heading:-21, velocity:[None, None, None], position:LocationGlobalRelative:lat=None,lon=None,alt=None
INFO:root:Angle:153.49275434 Distance:0.0639342800809
INFO:root:sl:0.0 sr:0.0 heading:-21, velocity:[None, None, None], position:LocationGlobalRelative:lat=None,lon=None,alt=None
INFO:root:Angle:153.49275434 Distance:0.0639342800809
INFO:root:sl:0.0 sr:0.0 heading:-21, velocity:[None, None, None], position:LocationGlobalRelative:lat=None,lon=None,alt=None
INFO:root:Angle:153.49275434 Distance:0.0639342800809
INFO:root:sl:0.0 sr:0.0 heading:-21, velocity:[None, None, None], position:LocationGlobalRelative:lat=None,lon=None,alt=None
INFO:root:Angle:153.49275434 Distance:0.0639342800809
INFO:root:sl:0.0 sr:0.0 heading:-21, velocity:[None, None, None], position:LocationGlobalRelative:lat=None,lon=None,alt=None
INFO:root:Angle:153.49275434 Distance:0.0639342800809
INFO:root:sl:0.0 sr:0.0 heading:-21, velocity:[None, None, None], position:LocationGlobalRelative:lat=None,lon=None,alt=None
INFO:root:Angle:153.49275434 Distance:0.0639342800809
INFO:root:sl:0.0 sr:0.0 heading:-21, velocity:[None, None, None], position:LocationGlobalRelative:lat=None,lon=None,alt=None
INFO:root:Angle:153.49275434 Distance:0.0639342800809
INFO:root:sl:0.0 sr:0.0 heading:-21, velocity:[None, None, None], position:LocationGlobalRelative:lat=None,lon=None,alt=None
INFO:root:Angle:153.49275434 Distance:0.0639342800809
