INFO:root:Initialisation failed! Mission cancelled.
INFO:root:sl:0.0 sr:0.0 heading:-21, velocity:[None, None, None]
INFO:root:sl:0.0 sr:0.0 heading:-21, velocity:[None, None, None]
INFO:root:sl:0.0 sr:0.0 heading:-21, velocity:[None, None, None]
INFO:root:sl:0.0 sr:0.0 heading:-21, velocity:[None, None, None]
INFO:root:sl:-0.00183781866073 sr:-0.00462980480705 heading:-21, velocity:[None, None, None]
INFO:root:sl:0.0 sr:0.0 heading:-21, velocity:[None, None, None]
INFO:root:sl:0.0 sr:0.0 heading:-21, velocity:[None, None, None]
INFO:root:sl:0.0 sr:0.0 heading:-21, velocity:[None, None, None]
INFO:root:sl:0.0 sr:0.0 heading:-21, velocity:[None, None, None]
INFO:root:sl:0.0 sr:0.0 heading:-21, velocity:[None, None, None]
INFO:root:sl:0.0 sr:0.0 heading:-21, velocity:[None, None, None]
INFO:root:sl:0.0 sr:0.0 heading:-21, velocity:[None, None, None]
INFO:root:sl:0.0 sr:0.0 heading:-21, velocity:[None, None, None]
INFO:root:sl:0.0 sr:0.0 heading:-21, velocity:[None, None, None]
INFO:root:sl:0.0 sr:0.0 heading:-21, velocity:[None, None, None]
INFO:root:sl:0.0 sr:0.0 heading:-21, velocity:[None, None, None]
INFO:root:sl:0.0 sr:0.0 heading:-21, velocity:[None, None, None]
INFO:root:sl:0.0 sr:0.0 heading:-21, velocity:[None, None, None]
INFO:root:sl:0.0 sr:0.0 heading:-21, velocity:[None, None, None]
INFO:root:sl:0.0 sr:0.0 heading:-21, velocity:[None, None, None]
INFO:root:sl:0.0 sr:0.0 heading:-21, velocity:[None, None, None]
INFO:root:sl:0.0 sr:0.0 heading:-21, velocity:[None, None, None]
INFO:root:sl:0.0 sr:0.0 heading:-21, velocity:[None, None, None]
INFO:root:sl:0.0 sr:0.0 heading:-21, velocity:[None, None, None]
INFO:root:sl:0.0 sr:0.0 heading:-21, velocity:[None, None, None]
INFO:root:sl:0.0 sr:0.0 heading:-21, velocity:[None, None, None]
INFO:root:sl:0.0 sr:0.0 heading:-21, velocity:[None, None, None]
INFO:root:sl:0.0 sr:0.0 heading:-21, velocity:[None, None, None]
INFO:root:sl:0.0 sr:0.0 heading:-21, velocity:[None, None, None]
INFO:root:sl:0.0 sr:0.0 heading:-21, velocity:[None, None, None]
INFO:root:sl:0.0 sr:0.0 heading:-21, velocity:[None, None, None]
INFO:root:sl:0.0 sr:0.0 heading:-21, velocity:[None, None, None]
INFO:root:sl:0.0 sr:0.0 heading:-21, velocity:[None, None, None]
INFO:root:sl:0.0 sr:0.0 heading:-21, velocity:[None, None, None]
INFO:root:sl:0.0 sr:0.0 heading:-21, velocity:[None, None, None]
INFO:root:sl:0.0 sr:0.0 heading:-21, velocity:[None, None, None]
INFO:root:sl:0.0 sr:0.0 heading:-21, velocity:[None, None, None]
INFO:root:sl:0.0 sr:0.0 heading:-21, velocity:[None, None, None]
INFO:root:sl:0.0 sr:0.0 heading:-21, velocity:[None, None, None]
INFO:root:sl:0.0 sr:0.0 heading:-21, velocity:[None, None, None]
INFO:root:sl:0.0 sr:0.0 heading:-21, velocity:[None, None, None]
INFO:root:sl:0.0 sr:0.0 heading:-21, velocity:[None, None, None]
INFO:root:sl:0.0 sr:0.0 heading:-21, velocity:[None, None, None]
INFO:root:sl:0.0 sr:0.0 heading:-21, velocity:[None, None, None]
INFO:root:sl:0.0 sr:0.0 heading:-21, velocity:[None, None, None]
INFO:root:sl:0.0 sr:0.0 heading:-21, velocity:[None, None, None]
INFO:root:sl:0.0 sr:0.0 heading:-21, velocity:[None, None, None]
INFO:root:sl:0.0 sr:0.0 heading:-21, velocity:[None, None, None]
INFO:root:sl:0.0 sr:0.0 heading:-21, velocity:[None, None, None]
INFO:root:sl:0.0 sr:0.0 heading:-21, velocity:[None, None, None]
INFO:root:sl:0.0 sr:0.0 heading:-21, velocity:[None, None, None]
INFO:root:sl:0.0 sr:0.0 heading:-21, velocity:[None, None, None]
INFO:root:sl:0.00417961150613 sr:-0.00189206264797 heading:-21, velocity:[None, None, None]
INFO:root:sl:-0.00418950704862 sr:0.00195372964778 heading:-21, velocity:[None, None, None]
INFO:root:sl:0.0 sr:0.0 heading:-21, velocity:[None, None, None]
INFO:root:sl:0.0 sr:0.0 heading:-21, velocity:[None, None, None]
INFO:root:sl:0.0 sr:0.0 heading:-21, velocity:[None, None, None]
INFO:root:sl:0.0 sr:0.0 heading:-21, velocity:[None, None, None]
INFO:root:sl:0.0 sr:0.0 heading:-21, velocity:[None, None, None]
INFO:root:sl:0.0 sr:0.0 heading:-21, velocity:[None, None, None]
INFO:root:sl:0.0 sr:0.0 heading:-21, velocity:[None, None, None]
INFO:root:sl:0.0 sr:0.0 heading:-21, velocity:[None, None, None]
INFO:root:sl:0.0 sr:0.0 heading:-21, velocity:[None, None, None]
INFO:root:sl:0.0 sr:0.0 heading:-21, velocity:[None, None, None]
INFO:root:sl:0.0 sr:0.0 heading:-21, velocity:[None, None, None]
INFO:root:sl:0.0 sr:0.0 heading:-21, velocity:[None, None, None]
INFO:root:sl:0.0 sr:0.0 heading:-21, velocity:[None, None, None]
INFO:root:sl:0.0 sr:0.0 heading:-21, velocity:[None, None, None]
INFO:root:sl:0.0 sr:0.0 heading:-21, velocity:[None, None, None]
INFO:root:sl:0.0 sr:0.0 heading:-21, velocity:[None, None, None]
INFO:root:sl:0.0 sr:0.0 heading:-21, velocity:[None, None, None]
INFO:root:sl:0.0 sr:0.0 heading:-21, velocity:[None, None, None]
INFO:root:sl:0.0 sr:0.0 heading:-21, velocity:[None, None, None]
INFO:root:sl:0.0 sr:0.0 heading:-21, velocity:[None, None, None]
INFO:root:sl:0.0 sr:0.0 heading:-21, velocity:[None, None, None]
INFO:root:sl:0.0 sr:0.0 heading:-21, velocity:[None, None, None]
INFO:root:sl:0.0 sr:0.0 heading:-21, velocity:[None, None, None]
INFO:root:sl:0.0 sr:0.0 heading:-21, velocity:[None, None, None]
INFO:root:sl:0.0 sr:0.0 heading:-21, velocity:[None, None, None]
INFO:root:sl:0.0 sr:0.0 heading:-21, velocity:[None, None, None]
INFO:root:sl:0.0 sr:0.0 heading:-21, velocity:[None, None, None]
INFO:root:sl:0.0 sr:0.0 heading:-21, velocity:[None, None, None]
INFO:root:sl:0.0 sr:0.0 heading:-21, velocity:[None, None, None]
INFO:root:sl:0.0 sr:0.0 heading:-21, velocity:[None, None, None]
INFO:root:sl:0.0 sr:0.0 heading:-21, velocity:[None, None, None]
INFO:root:sl:0.0 sr:0.0 heading:-21, velocity:[None, None, None]
INFO:root:sl:0.0 sr:0.0 heading:-21, velocity:[None, None, None]
INFO:root:sl:0.0 sr:0.0 heading:-21, velocity:[None, None, None]
INFO:root:sl:0.0 sr:0.0 heading:-21, velocity:[None, None, None]
INFO:root:sl:0.0 sr:0.0 heading:-21, velocity:[None, None, None]
INFO:root:sl:0.0 sr:0.0 heading:-21, velocity:[None, None, None]
INFO:root:sl:0.0 sr:0.0 heading:-21, velocity:[None, None, None]
INFO:root:sl:0.0 sr:0.0 heading:-21, velocity:[None, None, None]
INFO:root:sl:0.0 sr:0.0 heading:-21, velocity:[None, None, None]
INFO:root:sl:0.0 sr:0.0 heading:-21, velocity:[None, None, None]
INFO:root:sl:0.0 sr:0.0 heading:-21, velocity:[None, None, None]
INFO:root:sl:0.0 sr:0.0 heading:-21, velocity:[None, None, None]
INFO:root:sl:0.0 sr:0.0 heading:-21, velocity:[None, None, None]
INFO:root:sl:0.0 sr:0.0 heading:-21, velocity:[None, None, None]
INFO:root:sl:0.0 sr:0.0 heading:-21, velocity:[None, None, None]
INFO:root:Angle:160.053403118 Distance:0.00618500702614
