INFO:root:Initialisation failed! Mission cancelled.
INFO:root:sl:0.0164880826336 sr:0.0256697236461 heading:168 velocity:[None, None, None] position:LocationGlobalRelative:lat=None,lon=None,alt=None
INFO:root:Angle_optical:12.2867044783 Distance_optical:0.0150135614086 Angle_optical:0.0 Distance_optical:0.0                  elapsed_time:0.0996961593628
INFO:root:sl:-0.00880030912432 sr:-0.0192212360882 heading:168 velocity:[None, None, None] position:LocationGlobalRelative:lat=None,lon=None,alt=None
INFO:root:Angle_optical:12.2867044783 Distance_optical:0.0150135614086 Angle_optical:0.0 Distance_optical:0.0                  elapsed_time:0.149080038071
INFO:root:sl:-0.00156253090152 sr:-0.00438849260052 heading:168 velocity:[None, None, None] position:LocationGlobalRelative:lat=None,lon=None,alt=None
INFO:root:Angle_optical:12.2867044783 Distance_optical:0.0150135614086 Angle_optical:0.0 Distance_optical:0.0                  elapsed_time:0.236716032028
INFO:root:sl:-0.00285170162194 sr:-0.00627113740683 heading:168 velocity:[None, None, None] position:LocationGlobalRelative:lat=None,lon=None,alt=None
INFO:root:Angle_optical:12.2867044783 Distance_optical:0.0150135614086 Angle_optical:0.0 Distance_optical:0.0                  elapsed_time:0.219614982605
INFO:root:sl:-0.0118949739411 sr:-0.0308856232208 heading:168 velocity:[None, None, None] position:LocationGlobalRelative:lat=None,lon=None,alt=None
INFO:root:Angle_optical:12.2867044783 Distance_optical:0.0150135614086 Angle_optical:0.0 Distance_optical:0.0                  elapsed_time:0.126975059509
INFO:root:sl:-0.00225412578683 sr:-0.00788210613128 heading:168 velocity:[None, None, None] position:LocationGlobalRelative:lat=None,lon=None,alt=None
INFO:root:Angle_optical:12.2867044783 Distance_optical:0.0150135614086 Angle_optical:0.0 Distance_optical:0.0                  elapsed_time:0.220726966858
INFO:root:sl:-0.00275390917009 sr:-0.00559492241774 heading:168 velocity:[None, None, None] position:LocationGlobalRelative:lat=None,lon=None,alt=None
INFO:root:Angle_optical:12.2867044783 Distance_optical:0.0150135614086 Angle_optical:0.0 Distance_optical:0.0                  elapsed_time:0.211105108261
INFO:root:sl:-0.000610342482614 sr:-0.00647727579394 heading:168 velocity:[None, None, None] position:LocationGlobalRelative:lat=None,lon=None,alt=None
INFO:root:Angle_optical:12.2867044783 Distance_optical:0.0150135614086 Angle_optical:0.0 Distance_optical:0.0                  elapsed_time:0.12073302269
INFO:root:sl:-0.00289530156842 sr:-0.00548429279408 heading:168 velocity:[None, None, None] position:LocationGlobalRelative:lat=None,lon=None,alt=None
INFO:root:Angle_optical:12.2867044783 Distance_optical:0.0150135614086 Angle_optical:0.0 Distance_optical:0.0                  elapsed_time:0.215104103088
INFO:root:sl:-0.00297579681592 sr:-0.00632495346873 heading:168 velocity:[None, None, None] position:LocationGlobalRelative:lat=None,lon=None,alt=None
INFO:root:Angle_optical:12.2867044783 Distance_optical:0.0150135614086 Angle_optical:0.0 Distance_optical:0.0                  elapsed_time:0.200945138931
INFO:root:sl:-0.0033363836253 sr:-0.00569946464583 heading:168 velocity:[None, None, None] position:LocationGlobalRelative:lat=None,lon=None,alt=None
INFO:root:Angle_optical:12.2867044783 Distance_optical:0.0150135614086 Angle_optical:0.0 Distance_optical:0.0                  elapsed_time:0.183202981949
INFO:root:sl:0.000504322989059 sr:-0.000721548359201 heading:168 velocity:[None, None, None] position:LocationGlobalRelative:lat=None,lon=None,alt=None
INFO:root:Angle_optical:10.1754794952 Distance_optical:0.0153881301938 Angle_optical:0.0 Distance_optical:0.0                  elapsed_time:0.190025091171
INFO:root:sl:-0.00414049495008 sr:-0.00839988123885 heading:168 velocity:[None, None, None] position:LocationGlobalRelative:lat=None,lon=None,alt=None
INFO:root:Angle_optical:10.1754794952 Distance_optical:0.0153881301938 Angle_optical:0.0 Distance_optical:0.0                  elapsed_time:0.158790111542
INFO:root:sl:-0.00441479567545 sr:-0.00812534641461 heading:168 velocity:[None, None, None] position:LocationGlobalRelative:lat=None,lon=None,alt=None
INFO:root:Angle_optical:10.1754794952 Distance_optical:0.0153881301938 Angle_optical:0.0 Distance_optical:0.0                  elapsed_time:0.207170963287
INFO:root:sl:0.000444981833429 sr:-0.000414518132988 heading:168 velocity:[None, None, None] position:LocationGlobalRelative:lat=None,lon=None,alt=None
INFO:root:Angle_optical:8.39085792206 Distance_optical:0.0157366885346 Angle_optical:0.0 Distance_optical:0.0                  elapsed_time:0.164063930511
INFO:root:sl:-0.00619369204049 sr:-0.0112808713688 heading:168 velocity:[None, None, None] position:LocationGlobalRelative:lat=None,lon=None,alt=None
INFO:root:Angle_optical:8.39085792206 Distance_optical:0.0157366885346 Angle_optical:0.0 Distance_optical:0.0                  elapsed_time:0.153770923615
INFO:root:sl:-0.000252251288783 sr:-0.00103414059525 heading:168 velocity:[None, None, None] position:LocationGlobalRelative:lat=None,lon=None,alt=None
INFO:root:Angle_optical:8.39085792206 Distance_optical:0.0157366885346 Angle_optical:0.0 Distance_optical:0.0                  elapsed_time:0.229076862335
INFO:root:sl:-0.00170891272491 sr:-0.00353707190745 heading:168 velocity:[None, None, None] position:LocationGlobalRelative:lat=None,lon=None,alt=None
INFO:root:Angle_optical:8.39085792206 Distance_optical:0.0157366885346 Angle_optical:0.0 Distance_optical:0.0                  elapsed_time:0.215821027756
INFO:root:sl:-0.0032282654945 sr:-0.00687032741186 heading:168 velocity:[None, None, None] position:LocationGlobalRelative:lat=None,lon=None,alt=None
INFO:root:Angle_optical:8.39085792206 Distance_optical:0.0157366885346 Angle_optical:0.0 Distance_optical:0.0                  elapsed_time:0.165863990784
INFO:root:sl:-0.00291147894715 sr:-0.00629552659572 heading:168 velocity:[None, None, None] position:LocationGlobalRelative:lat=None,lon=None,alt=None
INFO:root:Angle_optical:8.39085792206 Distance_optical:0.0157366885346 Angle_optical:0.0 Distance_optical:0.0                  elapsed_time:0.177572011948
INFO:root:sl:-0.00127917986382 sr:-0.0040422414912 heading:168 velocity:[None, None, None] position:LocationGlobalRelative:lat=None,lon=None,alt=None
INFO:root:Angle_optical:8.39085792206 Distance_optical:0.0157366885346 Angle_optical:0.0 Distance_optical:0.0                  elapsed_time:0.177968978882
INFO:root:sl:-0.00371986093667 sr:-0.00739578487892 heading:168 velocity:[None, None, None] position:LocationGlobalRelative:lat=None,lon=None,alt=None
INFO:root:Angle_optical:8.39085792206 Distance_optical:0.0157366885346 Angle_optical:0.0 Distance_optical:0.0                  elapsed_time:0.138878107071
INFO:root:sl:-0.003142616459 sr:-0.00560253106829 heading:168 velocity:[None, None, None] position:LocationGlobalRelative:lat=None,lon=None,alt=None
INFO:root:Angle_optical:8.39085792206 Distance_optical:0.0157366885346 Angle_optical:0.0 Distance_optical:0.0                  elapsed_time:0.170930862427
INFO:root:sl:-0.00273994608402 sr:-0.00590273468674 heading:168 velocity:[None, None, None] position:LocationGlobalRelative:lat=None,lon=None,alt=None
INFO:root:Angle_optical:8.39085792206 Distance_optical:0.0157366885346 Angle_optical:0.0 Distance_optical:0.0                  elapsed_time:0.124931097031
INFO:root:sl:-0.00246779352054 sr:-0.00485833738358 heading:168 velocity:[None, None, None] position:LocationGlobalRelative:lat=None,lon=None,alt=None
INFO:root:Angle_optical:8.39085792206 Distance_optical:0.0157366885346 Angle_optical:0.0 Distance_optical:0.0                  elapsed_time:0.242164134979
INFO:root:sl:2.81439352235e-06 sr:-1.14873195496e-05 heading:168 velocity:[None, None, None] position:LocationGlobalRelative:lat=None,lon=None,alt=None
INFO:root:Angle_optical:8.37983272122 Distance_optical:0.0157389387992 Angle_optical:0.0 Distance_optical:0.0                  elapsed_time:0.203533172607
INFO:root:sl:-0.0045065230119 sr:-0.00920593406923 heading:168 velocity:[None, None, None] position:LocationGlobalRelative:lat=None,lon=None,alt=None
INFO:root:Angle_optical:8.37983272122 Distance_optical:0.0157389387992 Angle_optical:0.0 Distance_optical:0.0                  elapsed_time:0.137876987457
INFO:root:sl:-0.00165702351634 sr:-0.00603559681149 heading:168 velocity:[None, None, None] position:LocationGlobalRelative:lat=None,lon=None,alt=None
INFO:root:Angle_optical:8.37983272122 Distance_optical:0.0157389387992 Angle_optical:0.0 Distance_optical:0.0                  elapsed_time:0.213733911514
INFO:root:sl:-0.00112758293411 sr:-0.00285139663677 heading:168 velocity:[None, None, None] position:LocationGlobalRelative:lat=None,lon=None,alt=None
INFO:root:Angle_optical:8.37983272122 Distance_optical:0.0157389387992 Angle_optical:0.0 Distance_optical:0.0                  elapsed_time:0.188225984573
INFO:root:sl:-0.00569922551007 sr:-0.00983951530847 heading:168 velocity:[None, None, None] position:LocationGlobalRelative:lat=None,lon=None,alt=None
INFO:root:Angle_optical:8.37983272122 Distance_optical:0.0157389387992 Angle_optical:0.0 Distance_optical:0.0                  elapsed_time:0.121917009354
INFO:root:sl:-0.00300205514408 sr:-0.00771825999957 heading:168 velocity:[None, None, None] position:LocationGlobalRelative:lat=None,lon=None,alt=None
INFO:root:Angle_optical:8.37983272122 Distance_optical:0.0157389387992 Angle_optical:0.0 Distance_optical:0.0                  elapsed_time:0.181715011597
INFO:root:sl:-0.00181959161506 sr:-0.00343768017987 heading:168 velocity:[None, None, None] position:LocationGlobalRelative:lat=None,lon=None,alt=None
INFO:root:Angle_optical:8.37983272122 Distance_optical:0.0157389387992 Angle_optical:0.0 Distance_optical:0.0                  elapsed_time:0.201494932175
INFO:root:sl:-0.00152696949534 sr:-0.00274965819327 heading:168 velocity:[None, None, None] position:LocationGlobalRelative:lat=None,lon=None,alt=None
INFO:root:Angle_optical:8.37983272122 Distance_optical:0.0157389387992 Angle_optical:0.0 Distance_optical:0.0                  elapsed_time:0.133047103882
INFO:root:sl:-0.000795811518522 sr:-0.00188214406215 heading:168 velocity:[None, None, None] position:LocationGlobalRelative:lat=None,lon=None,alt=None
INFO:root:Angle_optical:8.37983272122 Distance_optical:0.0157389387992 Angle_optical:0.0 Distance_optical:0.0                  elapsed_time:0.204564094543
INFO:root:sl:-0.00368842693622 sr:-0.00789273196212 heading:168 velocity:[None, None, None] position:LocationGlobalRelative:lat=None,lon=None,alt=None
INFO:root:Angle_optical:8.37983272122 Distance_optical:0.0157389387992 Angle_optical:0.0 Distance_optical:0.0                  elapsed_time:0.199093818665
INFO:root:sl:-0.00265693974751 sr:-0.00747363780927 heading:168 velocity:[None, None, None] position:LocationGlobalRelative:lat=None,lon=None,alt=None
INFO:root:Angle_optical:8.37983272122 Distance_optical:0.0157389387992 Angle_optical:0.0 Distance_optical:0.0                  elapsed_time:0.154475927353
INFO:root:sl:-0.00216712710641 sr:-0.00395842497192 heading:168 velocity:[None, None, None] position:LocationGlobalRelative:lat=None,lon=None,alt=None
INFO:root:Angle_optical:8.37983272122 Distance_optical:0.0157389387992 Angle_optical:0.0 Distance_optical:0.0                  elapsed_time:0.184038877487
INFO:root:sl:-0.000943098986464 sr:-0.00172521620488 heading:168 velocity:[None, None, None] position:LocationGlobalRelative:lat=None,lon=None,alt=None
INFO:root:Angle_optical:8.37983272122 Distance_optical:0.0157389387992 Angle_optical:0.0 Distance_optical:0.0                  elapsed_time:0.236393928528
INFO:root:sl:-0.0040118775417 sr:-0.00788552414986 heading:168 velocity:[None, None, None] position:LocationGlobalRelative:lat=None,lon=None,alt=None
INFO:root:Angle_optical:8.37983272122 Distance_optical:0.0157389387992 Angle_optical:0.0 Distance_optical:0.0                  elapsed_time:0.241583824158
INFO:root:sl:-0.00121337899167 sr:-0.00213586709012 heading:168 velocity:[None, None, None] position:LocationGlobalRelative:lat=None,lon=None,alt=None
INFO:root:Angle_optical:8.37983272122 Distance_optical:0.0157389387992 Angle_optical:0.0 Distance_optical:0.0                  elapsed_time:0.243124008179
INFO:root:sl:-0.00361723736236 sr:-0.00861723677793 heading:168 velocity:[None, None, None] position:LocationGlobalRelative:lat=None,lon=None,alt=None
INFO:root:Angle_optical:8.37983272122 Distance_optical:0.0157389387992 Angle_optical:0.0 Distance_optical:0.0                  elapsed_time:0.124653816223
INFO:root:sl:-0.00170476369415 sr:-0.00349987524332 heading:168 velocity:[None, None, None] position:LocationGlobalRelative:lat=None,lon=None,alt=None
INFO:root:Angle_optical:8.37983272122 Distance_optical:0.0157389387992 Angle_optical:0.0 Distance_optical:0.0                  elapsed_time:0.19894695282
INFO:root:sl:-0.00153529176631 sr:-0.00273778812347 heading:168 velocity:[None, None, None] position:LocationGlobalRelative:lat=None,lon=None,alt=None
INFO:root:Angle_optical:8.37983272122 Distance_optical:0.0157389387992 Angle_optical:0.0 Distance_optical:0.0                  elapsed_time:0.226698875427
INFO:root:sl:-0.00771273150508 sr:-0.0144653363704 heading:168 velocity:[None, None, None] position:LocationGlobalRelative:lat=None,lon=None,alt=None
INFO:root:Angle_optical:8.37983272122 Distance_optical:0.0157389387992 Angle_optical:0.0 Distance_optical:0.0                  elapsed_time:0.149527072906
INFO:root:sl:-0.00167991453991 sr:-0.00363604857046 heading:168 velocity:[None, None, None] position:LocationGlobalRelative:lat=None,lon=None,alt=None
INFO:root:Angle_optical:8.37983272122 Distance_optical:0.0157389387992 Angle_optical:0.0 Distance_optical:0.0                  elapsed_time:0.195279121399
INFO:root:sl:-0.00122216612994 sr:-0.00262776950641 heading:168 velocity:[None, None, None] position:LocationGlobalRelative:lat=None,lon=None,alt=None
INFO:root:Angle_optical:8.37983272122 Distance_optical:0.0157389387992 Angle_optical:0.0 Distance_optical:0.0                  elapsed_time:0.273448944092
INFO:root:sl:-0.00184095226757 sr:-0.00399297422147 heading:168 velocity:[None, None, None] position:LocationGlobalRelative:lat=None,lon=None,alt=None
INFO:root:Angle_optical:8.37983272122 Distance_optical:0.0157389387992 Angle_optical:0.0 Distance_optical:0.0                  elapsed_time:0.20832490921
INFO:root:sl:-0.00199132232706 sr:-0.00403888617298 heading:168 velocity:[None, None, None] position:LocationGlobalRelative:lat=None,lon=None,alt=None
INFO:root:Angle_optical:8.37983272122 Distance_optical:0.0157389387992 Angle_optical:0.0 Distance_optical:0.0                  elapsed_time:0.236438989639
INFO:root:sl:-0.0034051034858 sr:-0.00608047157055 heading:168 velocity:[None, None, None] position:LocationGlobalRelative:lat=None,lon=None,alt=None
INFO:root:Angle_optical:8.37983272122 Distance_optical:0.0157389387992 Angle_optical:0.0 Distance_optical:0.0                  elapsed_time:0.198141098022
INFO:root:sl:-0.00392008249141 sr:-0.00814074196328 heading:168 velocity:[None, None, None] position:LocationGlobalRelative:lat=None,lon=None,alt=None
INFO:root:Angle_optical:8.37983272122 Distance_optical:0.0157389387992 Angle_optical:0.0 Distance_optical:0.0                  elapsed_time:0.120006084442
INFO:root:sl:-0.00279236365398 sr:-0.00548116716256 heading:168 velocity:[None, None, None] position:LocationGlobalRelative:lat=None,lon=None,alt=None
INFO:root:Angle_optical:8.37983272122 Distance_optical:0.0157389387992 Angle_optical:0.0 Distance_optical:0.0                  elapsed_time:0.236832141876
INFO:root:sl:-0.00360235359789 sr:-0.00751772780637 heading:168 velocity:[None, None, None] position:LocationGlobalRelative:lat=None,lon=None,alt=None
INFO:root:Angle_optical:8.37983272122 Distance_optical:0.0157389387992 Angle_optical:0.0 Distance_optical:0.0                  elapsed_time:0.189260005951
INFO:root:sl:-0.00108681748031 sr:-0.00149495851552 heading:168 velocity:[None, None, None] position:LocationGlobalRelative:lat=None,lon=None,alt=None
INFO:root:Angle_optical:8.37983272122 Distance_optical:0.0157389387992 Angle_optical:0.0 Distance_optical:0.0                  elapsed_time:0.187783956528
INFO:root:sl:-0.00261957245382 sr:-0.00615004392051 heading:168 velocity:[None, None, None] position:LocationGlobalRelative:lat=None,lon=None,alt=None
INFO:root:Angle_optical:8.37983272122 Distance_optical:0.0157389387992 Angle_optical:0.0 Distance_optical:0.0                  elapsed_time:0.183089971542
INFO:root:sl:-0.000990302485594 sr:-0.00233414101107 heading:168 velocity:[None, None, None] position:LocationGlobalRelative:lat=None,lon=None,alt=None
INFO:root:Angle_optical:8.37983272122 Distance_optical:0.0157389387992 Angle_optical:0.0 Distance_optical:0.0                  elapsed_time:0.198213815689
INFO:root:sl:-0.0040569271373 sr:-0.00790920223314 heading:168 velocity:[None, None, None] position:LocationGlobalRelative:lat=None,lon=None,alt=None
INFO:root:Angle_optical:8.37983272122 Distance_optical:0.0157389387992 Angle_optical:0.0 Distance_optical:0.0                  elapsed_time:0.180543899536
INFO:root:sl:-0.00223429414744 sr:-0.00471145666808 heading:168 velocity:[None, None, None] position:LocationGlobalRelative:lat=None,lon=None,alt=None
INFO:root:Angle_optical:8.37983272122 Distance_optical:0.0157389387992 Angle_optical:0.0 Distance_optical:0.0                  elapsed_time:0.17870593071
INFO:root:sl:-0.00601491671508 sr:-0.0114429954299 heading:168 velocity:[None, None, None] position:LocationGlobalRelative:lat=None,lon=None,alt=None
INFO:root:Angle_optical:8.37983272122 Distance_optical:0.0157389387992 Angle_optical:0.0 Distance_optical:0.0                  elapsed_time:0.17737197876
INFO:root:sl:0.000413664827533 sr:0.00156513530095 heading:168 velocity:[None, None, None] position:LocationGlobalRelative:lat=None,lon=None,alt=None
INFO:root:Angle_optical:10.9808071108 Distance_optical:0.0177720556647 Angle_optical:0.0 Distance_optical:0.0                  elapsed_time:0.138930082321
INFO:root:sl:-0.00221952813782 sr:-0.00558498673089 heading:168 velocity:[None, None, None] position:LocationGlobalRelative:lat=None,lon=None,alt=None
INFO:root:Angle_optical:10.9808071108 Distance_optical:0.0177720556647 Angle_optical:0.0 Distance_optical:0.0                  elapsed_time:0.205818891525
INFO:root:sl:-0.0020628086681 sr:-0.0041487514937 heading:168 velocity:[None, None, None] position:LocationGlobalRelative:lat=None,lon=None,alt=None
INFO:root:Angle_optical:10.9808071108 Distance_optical:0.0177720556647 Angle_optical:0.0 Distance_optical:0.0                  elapsed_time:0.161149978638
INFO:root:sl:-0.00481753239 sr:-0.00915676057354 heading:168 velocity:[None, None, None] position:LocationGlobalRelative:lat=None,lon=None,alt=None
INFO:root:Angle_optical:10.9808071108 Distance_optical:0.0177720556647 Angle_optical:0.0 Distance_optical:0.0                  elapsed_time:0.147412061691
INFO:root:sl:-0.00296463288751 sr:-0.00599849093437 heading:168 velocity:[None, None, None] position:LocationGlobalRelative:lat=None,lon=None,alt=None
INFO:root:Angle_optical:10.9808071108 Distance_optical:0.0177720556647 Angle_optical:0.0 Distance_optical:0.0                  elapsed_time:0.213029146194
INFO:root:sl:-0.000993139595639 sr:-0.00194751488944 heading:168 velocity:[None, None, None] position:LocationGlobalRelative:lat=None,lon=None,alt=None
INFO:root:Angle_optical:10.9808071108 Distance_optical:0.0177720556647 Angle_optical:0.0 Distance_optical:0.0                  elapsed_time:0.226555109024
INFO:root:sl:-0.0042922701195 sr:-0.00860128190983 heading:168 velocity:[None, None, None] position:LocationGlobalRelative:lat=None,lon=None,alt=None
INFO:root:Angle_optical:10.9808071108 Distance_optical:0.0177720556647 Angle_optical:0.0 Distance_optical:0.0                  elapsed_time:0.150777101517
INFO:root:sl:-0.00244479338949 sr:-0.00474130866847 heading:168 velocity:[None, None, None] position:LocationGlobalRelative:lat=None,lon=None,alt=None
INFO:root:Angle_optical:10.9808071108 Distance_optical:0.0177720556647 Angle_optical:0.0 Distance_optical:0.0                  elapsed_time:0.205116987228
INFO:root:sl:0.000632676450543 sr:0.000543209642626 heading:168 velocity:[None, None, None] position:LocationGlobalRelative:lat=None,lon=None,alt=None
INFO:root:Angle_optical:10.0824672026 Distance_optical:0.0188524674234 Angle_optical:0.0 Distance_optical:0.0                  elapsed_time:0.117434024811
INFO:root:sl:-0.00402984158175 sr:-0.00879442811629 heading:168 velocity:[None, None, None] position:LocationGlobalRelative:lat=None,lon=None,alt=None
INFO:root:Angle_optical:10.0824672026 Distance_optical:0.0188524674234 Angle_optical:0.0 Distance_optical:0.0                  elapsed_time:0.182235956192
INFO:root:sl:-5.64299573684e-05 sr:-2.69294974859e-05 heading:168 velocity:[None, None, None] position:LocationGlobalRelative:lat=None,lon=None,alt=None
INFO:root:Angle_optical:10.0824672026 Distance_optical:0.0188524674234 Angle_optical:0.0 Distance_optical:0.0                  elapsed_time:0.117777109146
INFO:root:sl:-0.00503996501351 sr:-0.0101147886143 heading:168 velocity:[None, None, None] position:LocationGlobalRelative:lat=None,lon=None,alt=None
INFO:root:Angle_optical:10.0824672026 Distance_optical:0.0188524674234 Angle_optical:0.0 Distance_optical:0.0                  elapsed_time:0.195774078369
INFO:root:sl:-0.000336795530732 sr:-0.00209167789096 heading:168 velocity:[None, None, None] position:LocationGlobalRelative:lat=None,lon=None,alt=None
INFO:root:Angle_optical:10.0824672026 Distance_optical:0.0188524674234 Angle_optical:0.0 Distance_optical:0.0                  elapsed_time:0.156340837479
INFO:root:sl:-0.00211178062883 sr:-0.00387738904444 heading:168 velocity:[None, None, None] position:LocationGlobalRelative:lat=None,lon=None,alt=None
INFO:root:Angle_optical:10.0824672026 Distance_optical:0.0188524674234 Angle_optical:0.0 Distance_optical:0.0                  elapsed_time:0.215214014053
INFO:root:sl:-0.000640941186426 sr:-0.00141655430453 heading:168 velocity:[None, None, None] position:LocationGlobalRelative:lat=None,lon=None,alt=None
INFO:root:Angle_optical:10.0824672026 Distance_optical:0.0188524674234 Angle_optical:0.0 Distance_optical:0.0                  elapsed_time:0.225446939468
INFO:root:sl:-0.0039219362239 sr:-0.00827465684939 heading:168 velocity:[None, None, None] position:LocationGlobalRelative:lat=None,lon=None,alt=None
INFO:root:Angle_optical:10.0824672026 Distance_optical:0.0188524674234 Angle_optical:0.0 Distance_optical:0.0                  elapsed_time:0.127953052521
INFO:root:sl:-0.0052346599248 sr:-0.0112449177128 heading:168 velocity:[None, None, None] position:LocationGlobalRelative:lat=None,lon=None,alt=None
INFO:root:Angle_optical:10.0824672026 Distance_optical:0.0188524674234 Angle_optical:0.0 Distance_optical:0.0                  elapsed_time:0.179875850677
INFO:root:sl:-0.000324044548583 sr:-0.00150962632059 heading:168 velocity:[None, None, None] position:LocationGlobalRelative:lat=None,lon=None,alt=None
INFO:root:Angle_optical:10.0824672026 Distance_optical:0.0188524674234 Angle_optical:0.0 Distance_optical:0.0                  elapsed_time:0.173356056213
INFO:root:sl:-0.00332480347547 sr:-0.00647774785297 heading:168 velocity:[None, None, None] position:LocationGlobalRelative:lat=None,lon=None,alt=None
INFO:root:Angle_optical:10.0824672026 Distance_optical:0.0188524674234 Angle_optical:0.0 Distance_optical:0.0                  elapsed_time:0.227486133575
INFO:root:sl:-0.000456751269824 sr:-0.0012079597542 heading:168 velocity:[None, None, None] position:LocationGlobalRelative:lat=None,lon=None,alt=None
INFO:root:Angle_optical:10.0824672026 Distance_optical:0.0188524674234 Angle_optical:0.0 Distance_optical:0.0                  elapsed_time:0.184780836105
INFO:root:sl:-0.00118563438266 sr:-0.00286257722784 heading:168 velocity:[None, None, None] position:LocationGlobalRelative:lat=None,lon=None,alt=None
INFO:root:Angle_optical:10.0824672026 Distance_optical:0.0188524674234 Angle_optical:0.0 Distance_optical:0.0                  elapsed_time:0.170644044876
INFO:root:sl:-0.000758721614514 sr:-0.0031114750783 heading:168 velocity:[None, None, None] position:LocationGlobalRelative:lat=None,lon=None,alt=None
INFO:root:Angle_optical:10.0824672026 Distance_optical:0.0188524674234 Angle_optical:0.0 Distance_optical:0.0                  elapsed_time:0.169757127762
INFO:root:sl:-0.00381485313325 sr:-0.00809983509719 heading:168 velocity:[None, None, None] position:LocationGlobalRelative:lat=None,lon=None,alt=None
INFO:root:Angle_optical:10.0824672026 Distance_optical:0.0188524674234 Angle_optical:0.0 Distance_optical:0.0                  elapsed_time:0.158028125763
INFO:root:sl:-0.0011663712205 sr:-0.0022792862717 heading:168 velocity:[None, None, None] position:LocationGlobalRelative:lat=None,lon=None,alt=None
INFO:root:Angle_optical:10.0824672026 Distance_optical:0.0188524674234 Angle_optical:0.0 Distance_optical:0.0                  elapsed_time:0.218159914017
INFO:root:sl:-0.00412449352874 sr:-0.00674491704301 heading:168 velocity:[None, None, None] position:LocationGlobalRelative:lat=None,lon=None,alt=None
INFO:root:Angle_optical:10.0824672026 Distance_optical:0.0188524674234 Angle_optical:0.0 Distance_optical:0.0                  elapsed_time:0.149882078171
INFO:root:sl:-0.00199917022733 sr:-0.00442560396782 heading:168 velocity:[None, None, None] position:LocationGlobalRelative:lat=None,lon=None,alt=None
INFO:root:Angle_optical:10.0824672026 Distance_optical:0.0188524674234 Angle_optical:0.0 Distance_optical:0.0                  elapsed_time:0.190984010696
INFO:root:sl:-0.000817278852569 sr:-0.00204684647364 heading:168 velocity:[None, None, None] position:LocationGlobalRelative:lat=None,lon=None,alt=None
INFO:root:Angle_optical:10.0824672026 Distance_optical:0.0188524674234 Angle_optical:0.0 Distance_optical:0.0                  elapsed_time:0.122043132782
INFO:root:sl:-0.00140013894956 sr:-0.00247772252814 heading:168 velocity:[None, None, None] position:LocationGlobalRelative:lat=None,lon=None,alt=None
INFO:root:Angle_optical:10.0824672026 Distance_optical:0.0188524674234 Angle_optical:0.0 Distance_optical:0.0                  elapsed_time:0.22145485878
INFO:root:sl:-0.00470453178249 sr:-0.0108979551214 heading:168 velocity:[None, None, None] position:LocationGlobalRelative:lat=None,lon=None,alt=None
INFO:root:Angle_optical:10.0824672026 Distance_optical:0.0188524674234 Angle_optical:0.0 Distance_optical:0.0                  elapsed_time:0.138172149658
INFO:root:sl:-0.00193077280121 sr:-0.00322125815033 heading:168 velocity:[None, None, None] position:LocationGlobalRelative:lat=None,lon=None,alt=None
INFO:root:Angle_optical:10.0824672026 Distance_optical:0.0188524674234 Angle_optical:0.0 Distance_optical:0.0                  elapsed_time:0.207112073898
INFO:root:sl:-0.0046256945357 sr:-0.00929630359689 heading:168 velocity:[None, None, None] position:LocationGlobalRelative:lat=None,lon=None,alt=None
INFO:root:Angle_optical:10.0824672026 Distance_optical:0.0188524674234 Angle_optical:0.0 Distance_optical:0.0                  elapsed_time:0.121203184128
INFO:root:sl:-0.00225693491893 sr:-0.00439059431464 heading:168 velocity:[None, None, None] position:LocationGlobalRelative:lat=None,lon=None,alt=None
INFO:root:Angle_optical:10.0824672026 Distance_optical:0.0188524674234 Angle_optical:0.0 Distance_optical:0.0                  elapsed_time:0.198092937469
INFO:root:sl:-0.00146675759774 sr:-0.00437655186236 heading:168 velocity:[None, None, None] position:LocationGlobalRelative:lat=None,lon=None,alt=None
INFO:root:Angle_optical:10.0824672026 Distance_optical:0.0188524674234 Angle_optical:0.0 Distance_optical:0.0                  elapsed_time:0.137969017029
